<?xml version="1.0" encoding="UTF-8"?>
<testsuites name="SmokeTest" time="267" tests="2" failures="0" errors="0">
   <testsuite name="SmokeTest" tests="2" failures="0" errors="0" time="267" timestamp="2019-05-30 11:30:15" hostname="Promantus Inc - G10PROLT021" id="Test Suites/SmokeTest">
      <properties>
         <property name="deviceName" value=""/>
         <property name="devicePlatform" value=""/>
         <property name="logFolder" value="C:\\Users\\Promantus Inc\\Katalon Studio\\Usgbc_LeedOnline_ScoreCard\\Reports\\SmokeTest\\20190530_113008"/>
         <property name="logFiles" value="C:\\Users\\Promantus Inc\\Katalon Studio\\Usgbc_LeedOnline_ScoreCard\\Reports\\SmokeTest\\20190530_113008\\execution0.log"/>
         <property name="attachments" value=""/>
         <property name="hostName" value="Promantus Inc - G10PROLT021"/>
         <property name="os" value="Windows 10 64bit"/>
         <property name="katalonVersion" value="6.0.5.4"/>
         <property name="browser" value="Chrome 74.0.3729.169"/>
         <property name="hostAddress" value="192.168.1.12"/>
         <property name="sessionId" value="eab45048f772584cd90c2546457a71c5"/>
         <property name="seleniumVersion" value="3.7.1"/>
         <property name="proxyInformation" value="ProxyInformation{proxyOption=NO_PROXY, proxyServerType=HTTP, password=, proxyServerAddress=, proxyServerPort=0}"/>
         <property name="platform" value="Windows 10"/>
      </properties>
      <testcase name="Test Cases/LightPollutionReduction/TC_NegativeCasesLPR" classname="Test Cases/LightPollutionReduction/TC_NegativeCasesLPR" status="PASSED">
         <system-out><![CDATA[2019-05-30 11:30:15 - [TEST_CASE][PASSED] - Test Cases/LightPollutionReduction/TC_NegativeCasesLPR: Test Cases/LightPollutionReduction/TC_NegativeCasesLPR

2019-05-30 11:30:15 - [TEST_STEP][PASSED] - runWithCucumberRunner(lightPollutionReductionForm.Runner_NegativeCasesLPR): Run with 'lightPollutionReductionForm.Runner_NegativeCasesLPR' was passed

2019-05-30 11:30:17 - [TEST_CASE][PASSED] - Test Cases/LightPollutionReduction/TC_NavigateToLPR: Test Cases/LightPollutionReduction/TC_NavigateToLPR

2019-05-30 11:30:17 - [TEST_STEP][PASSED] - runWithCucumberRunner(lightPollutionReductionForm.Runner_NavigateToLPR): Run with 'lightPollutionReductionForm.Runner_NavigateToLPR' was passed

2019-05-30 11:30:19 - [TEST_CASE][PASSED] - Test Cases/Login/TC_Login: Test Cases/Login/TC_Login

2019-05-30 11:30:19 - [TEST_STEP][PASSED] - runWithCucumberRunner(common.Runner_Login): Run with 'common.Runner_Login' was passed

2019-05-30 11:30:19 - [MESSAGE][INFO] - Starting 'Chrome (headless)' driver

2019-05-30 11:30:19 - [MESSAGE][INFO] - User set preference: ['args', '[--window-size=1920,1080]']

2019-05-30 11:30:19 - [MESSAGE][INFO] - Action delay is set to 0 seconds

2019-05-30 11:30:23 - [MESSAGE][PASSED] - Browser is opened with url: ''

2019-05-30 11:30:44 - [MESSAGE][PASSED] - Navigate to 'https://leedonline-stg.usgbc.org' successfully

2019-05-30 11:30:47 - [MESSAGE][PASSED] - Delayed 2 second(s)

2019-05-30 11:30:47 - [MESSAGE][PASSED] - Text 'jaypeejay@hotmail.com' is set on object 'Object Repository/Login/input_username'

2019-05-30 11:30:47 - [MESSAGE][PASSED] - Text 'initpass' is set on object 'Object Repository/Login/input_password'

2019-05-30 11:30:50 - [MESSAGE][PASSED] - Delayed 3 second(s)

2019-05-30 11:30:50 - [MESSAGE][PASSED] - Scroll to object 'Object Repository/Login/span_End User License Agreement' successfully

2019-05-30 11:30:50 - [MESSAGE][PASSED] - Object 'Object Repository/Login/span_End User License Agreement' is visible

2019-05-30 11:30:50 - [MESSAGE][PASSED] - Object 'Object Repository/Login/span_End User License Agreement' is checked

2019-05-30 11:30:51 - [MESSAGE][PASSED] - Delayed 1 second(s)

2019-05-30 11:30:51 - [MESSAGE][PASSED] - Object: 'Object Repository/Login/button_Log In' is clicked on

2019-05-30 11:31:02 - [MESSAGE][PASSED] - Object: '' is clicked on

2019-05-30 11:31:04 - [MESSAGE][PASSED] - Object: 'Object Repository/Login/a_Credits' is clicked on

2019-05-30 11:31:04 - [MESSAGE][PASSED] - Run with 'common.Runner_Login' was passed

2019-05-30 11:31:04 - [MESSAGE][PASSED] - Call Test Case 'Test Cases/Login/TC_Login' successfully

2019-05-30 11:31:04 - [MESSAGE][PASSED] - Scroll to object 'Object Repository/LightPollutionReduction/div_Light Pollution Reduction' successfully

2019-05-30 11:31:04 - [MESSAGE][PASSED] - Object 'Object Repository/LightPollutionReduction/div_Light Pollution Reduction' is present

2019-05-30 11:31:04 - [MESSAGE][PASSED] - Text of object 'Object Repository/LightPollutionReduction/h3_Status' is: 'ATTEMPTED'

2019-05-30 11:31:04 - [MESSAGE][PASSED] - Text of object 'Object Repository/Page_LEED Online/div_Attempted Im still working Im done Withdraw Attempt Open to update' is: 'ATTEMPTED'

2019-05-30 11:31:04 - [MESSAGE][PASSED] - Object: 'Object Repository/LightPollutionReduction/div_Light Pollution Reduction' is clicked on

2019-05-30 11:31:09 - [MESSAGE][PASSED] - Object: 'Object Repository/LightPollutionReduction/span_(V01)' is clicked on

2019-05-30 11:31:09 - [MESSAGE][PASSED] - Object 'Object Repository/LightPollutionReduction/div_LPRForm' is present

2019-05-30 11:31:09 - [MESSAGE][PASSED] - Run with 'lightPollutionReductionForm.Runner_NavigateToLPR' was passed

2019-05-30 11:31:09 - [MESSAGE][PASSED] - Call Test Case 'Test Cases/LightPollutionReduction/TC_NavigateToLPR' successfully

2019-05-30 11:31:09 - [MESSAGE][PASSED] - Object: 'Object Repository/LightPollutionReduction/FixtureShielding/input_Select one of the following_selectedOption' is clicked on

2019-05-30 11:31:11 - [MESSAGE][PASSED] - Delayed 2 second(s)

2019-05-30 11:31:11 - [MESSAGE][PASSED] - Scroll to object 'Object Repository/LightPollutionReduction/FixtureShielding/Saveform/btn_Save' successfully

2019-05-30 11:31:11 - [MESSAGE][PASSED] - Object: 'Object Repository/LightPollutionReduction/FixtureShielding/Saveform/btn_Save' is clicked on

2019-05-30 11:31:13 - [MESSAGE][PASSED] - Delayed 2 second(s)

2019-05-30 11:31:14 - [MESSAGE][PASSED] - Text 'Please fix the highlighted errors.' is present on page 

2019-05-30 11:31:16 - [MESSAGE][PASSED] - Delayed 2 second(s)

2019-05-30 11:31:16 - [MESSAGE][PASSED] - Object 'Object Repository/LightPollutionReduction/FixtureShielding/Upload_shielding information/p_Upload shielding information' is present

2019-05-30 11:31:16 - [MESSAGE][PASSED] - Scroll to object 'Object Repository/LightPollutionReduction/FixtureShielding/Upload_shielding information/p_Upload shielding information' successfully

2019-05-30 11:31:16 - [MESSAGE][PASSED] - Scroll to object 'Object Repository/LightPollutionReduction/FixtureShielding/Upload_shielding information/p_Upload shielding information' successfully

2019-05-30 11:31:16 - [MESSAGE][PASSED] - File 'C:/Users/Promantus Inc/Katalon Studio/Usgbc_LeedOnline_ScoreCard/Include/TestData/NegativeTestFiles/102MBfile.pdf' sent to object: 'Object Repository/LightPollutionReduction/FixtureShielding/Upload_shielding information/Addfile_shielding information/input_file'

2019-05-30 11:31:18 - [MESSAGE][PASSED] - Delayed 2 second(s)

2019-05-30 11:31:18 - [MESSAGE][PASSED] - Text 'Maximum allowed file size is 100 MB only.' is present on page 

2019-05-30 11:31:18 - [MESSAGE][PASSED] - Object 'Object Repository/LightPollutionReduction/FixtureShielding/Upload_shielding information/p_Upload shielding information' is present

2019-05-30 11:31:18 - [MESSAGE][PASSED] - Scroll to object 'Object Repository/LightPollutionReduction/FixtureShielding/Upload_shielding information/p_Upload shielding information' successfully

2019-05-30 11:31:20 - [MESSAGE][PASSED] - Delayed 2 second(s)

2019-05-30 11:31:20 - [MESSAGE][PASSED] - File 'C:/Users/Promantus Inc/Katalon Studio/Usgbc_LeedOnline_ScoreCard/Include/TestData/NegativeTestFiles/24MBfile.doc' sent to object: 'Object Repository/LightPollutionReduction/FixtureShielding/Upload_shielding information/Addfile_shielding information/input_file'

2019-05-30 11:31:20 - [MESSAGE][PASSED] - Scroll to object 'Object Repository/LightPollutionReduction/FixtureShielding/Saveform/btn_Save' successfully

2019-05-30 11:31:20 - [MESSAGE][PASSED] - Object: 'Object Repository/LightPollutionReduction/FixtureShielding/Saveform/btn_Save' is clicked on

2019-05-30 11:31:22 - [MESSAGE][PASSED] - Delayed 2 second(s)

2019-05-30 11:31:22 - [MESSAGE][PASSED] - Text 'Please wait running actions to complete.' is present on page 

2019-05-30 11:31:24 - [MESSAGE][PASSED] - Delayed 2 second(s)

2019-05-30 11:31:24 - [MESSAGE][PASSED] - Object 'Object Repository/LightPollutionReduction/FixtureShielding/Upload_siteplan/p_Upload a site plan with scal' is present

2019-05-30 11:31:25 - [MESSAGE][PASSED] - Scroll to object 'Object Repository/LightPollutionReduction/FixtureShielding/Upload_siteplan/p_Upload a site plan with scal' successfully

2019-05-30 11:31:25 - [MESSAGE][PASSED] - Scroll to object 'Object Repository/LightPollutionReduction/FixtureShielding/Upload_siteplan/p_Upload a site plan with scal' successfully

2019-05-30 11:31:25 - [MESSAGE][PASSED] - File 'C:/Users/Promantus Inc/Katalon Studio/Usgbc_LeedOnline_ScoreCard/Include/TestData/NegativeTestFiles/102MBfile.pdf' sent to object: 'Object Repository/LightPollutionReduction/FixtureShielding/Upload_siteplan/Addfile_siteplan/input_siteplan'

2019-05-30 11:31:27 - [MESSAGE][PASSED] - Delayed 2 second(s)

2019-05-30 11:31:27 - [MESSAGE][PASSED] - Text 'Maximum allowed file size is 100 MB only.' is present on page 

2019-05-30 11:31:27 - [MESSAGE][PASSED] - Object 'Object Repository/LightPollutionReduction/FixtureShielding/Upload_siteplan/p_Upload a site plan with scal' is present

2019-05-30 11:31:27 - [MESSAGE][PASSED] - Scroll to object 'Object Repository/LightPollutionReduction/FixtureShielding/Upload_siteplan/p_Upload a site plan with scal' successfully

2019-05-30 11:31:29 - [MESSAGE][PASSED] - Delayed 2 second(s)

2019-05-30 11:31:29 - [MESSAGE][PASSED] - File 'C:/Users/Promantus Inc/Katalon Studio/Usgbc_LeedOnline_ScoreCard/Include/TestData/NegativeTestFiles/24MBfile.doc' sent to object: 'Object Repository/LightPollutionReduction/FixtureShielding/Upload_siteplan/Addfile_siteplan/input_siteplan'

2019-05-30 11:31:29 - [MESSAGE][PASSED] - Scroll to object 'Object Repository/LightPollutionReduction/FixtureShielding/Saveform/btn_Save' successfully

2019-05-30 11:31:29 - [MESSAGE][PASSED] - Object: 'Object Repository/LightPollutionReduction/FixtureShielding/Saveform/btn_Save' is clicked on

2019-05-30 11:31:31 - [MESSAGE][PASSED] - Delayed 2 second(s)

2019-05-30 11:31:31 - [MESSAGE][PASSED] - Text 'Please wait running actions to complete.' is present on page 

2019-05-30 11:31:33 - [MESSAGE][PASSED] - Delayed 2 second(s)

2019-05-30 11:31:33 - [MESSAGE][PASSED] - Object 'Object Repository/LightPollutionReduction/FixtureShielding/Upload_SpecialCircumstances/p_Upload any additional docume' is present

2019-05-30 11:31:33 - [MESSAGE][PASSED] - Scroll to object 'Object Repository/LightPollutionReduction/FixtureShielding/Upload_SpecialCircumstances/p_Upload any additional docume' successfully

2019-05-30 11:31:34 - [MESSAGE][PASSED] - Scroll to object 'Object Repository/LightPollutionReduction/FixtureShielding/Upload_SpecialCircumstances/p_Upload any additional docume' successfully

2019-05-30 11:31:34 - [MESSAGE][PASSED] - File 'C:/Users/Promantus Inc/Katalon Studio/Usgbc_LeedOnline_ScoreCard/Include/TestData/NegativeTestFiles/102MBfile.pdf' sent to object: 'Object Repository/LightPollutionReduction/FixtureShielding/Upload_SpecialCircumstances/Addfile_SpecialCicumstances/input_additional'

2019-05-30 11:31:36 - [MESSAGE][PASSED] - Delayed 2 second(s)

2019-05-30 11:31:36 - [MESSAGE][PASSED] - Text 'Maximum allowed file size is 100 MB only.' is present on page 

2019-05-30 11:31:36 - [MESSAGE][PASSED] - Object 'Object Repository/LightPollutionReduction/FixtureShielding/Upload_SpecialCircumstances/p_Upload any additional docume' is present

2019-05-30 11:31:36 - [MESSAGE][PASSED] - Scroll to object 'Object Repository/LightPollutionReduction/FixtureShielding/Upload_SpecialCircumstances/p_Upload any additional docume' successfully

2019-05-30 11:31:38 - [MESSAGE][PASSED] - Delayed 2 second(s)

2019-05-30 11:31:38 - [MESSAGE][PASSED] - File 'C:/Users/Promantus Inc/Katalon Studio/Usgbc_LeedOnline_ScoreCard/Include/TestData/NegativeTestFiles/24MBfile.doc' sent to object: 'Object Repository/LightPollutionReduction/FixtureShielding/Upload_SpecialCircumstances/Addfile_SpecialCicumstances/input_additional'

2019-05-30 11:31:38 - [MESSAGE][PASSED] - Scroll to object 'Object Repository/LightPollutionReduction/FixtureShielding/Saveform/btn_Save' successfully

2019-05-30 11:31:38 - [MESSAGE][PASSED] - Object: 'Object Repository/LightPollutionReduction/FixtureShielding/Saveform/btn_Save' is clicked on

2019-05-30 11:31:40 - [MESSAGE][PASSED] - Delayed 2 second(s)

2019-05-30 11:31:40 - [MESSAGE][PASSED] - Text 'Please wait running actions to complete.' is present on page 

2019-05-30 11:31:42 - [MESSAGE][PASSED] - Delayed 2 second(s)

2019-05-30 11:31:43 - [MESSAGE][PASSED] - Delayed 1 second(s)

2019-05-30 11:31:44 - [MESSAGE][PASSED] - Object: 'Object Repository/LightPollutionReduction/FixtureShielding/a_Clear draft' is clicked on

2019-05-30 11:31:44 - [MESSAGE][PASSED] - Object: 'Object Repository/LightPollutionReduction/FixtureShielding/button_Yes' is clicked on

2019-05-30 11:31:46 - [MESSAGE][PASSED] - Delayed 2 second(s)

2019-05-30 11:31:46 - [MESSAGE][PASSED] - Run with 'lightPollutionReductionForm.Runner_NegativeCasesLPR' was passed]]></system-out>
         <system-err><![CDATA[]]></system-err>
      </testcase>
      <testcase name="Test Cases/LightPollutionReduction/TC_AutoSaveAsDraftLPR" classname="Test Cases/LightPollutionReduction/TC_AutoSaveAsDraftLPR" status="PASSED">
         <system-out><![CDATA[2019-05-30 11:31:46 - [TEST_CASE][PASSED] - Test Cases/LightPollutionReduction/TC_AutoSaveAsDraftLPR: Test Cases/LightPollutionReduction/TC_AutoSaveAsDraftLPR

2019-05-30 11:31:46 - [TEST_STEP][PASSED] - runWithCucumberRunner(lightPollutionReductionForm.Runner_AutoSaveAsDraftLPR): Run with 'lightPollutionReductionForm.Runner_AutoSaveAsDraftLPR' was passed

2019-05-30 11:31:46 - [TEST_CASE][PASSED] - Test Cases/LightPollutionReduction/TC_NavigateToLPR: Test Cases/LightPollutionReduction/TC_NavigateToLPR

2019-05-30 11:31:46 - [TEST_STEP][PASSED] - runWithCucumberRunner(lightPollutionReductionForm.Runner_NavigateToLPR): Run with 'lightPollutionReductionForm.Runner_NavigateToLPR' was passed

2019-05-30 11:31:47 - [TEST_CASE][PASSED] - Test Cases/Login/TC_Login: Test Cases/Login/TC_Login

2019-05-30 11:31:47 - [TEST_STEP][PASSED] - runWithCucumberRunner(common.Runner_Login): Run with 'common.Runner_Login' was passed

2019-05-30 11:31:47 - [MESSAGE][WARNING] - A browser is already opened. Closing browser and opening a new one

2019-05-30 11:31:47 - [MESSAGE][INFO] - Starting 'Chrome (headless)' driver

2019-05-30 11:31:47 - [MESSAGE][INFO] - User set preference: ['args', '[--window-size=1920,1080]']

2019-05-30 11:31:50 - [MESSAGE][PASSED] - Browser is opened with url: ''

2019-05-30 11:31:54 - [MESSAGE][PASSED] - Navigate to 'https://leedonline-stg.usgbc.org' successfully

2019-05-30 11:31:56 - [MESSAGE][PASSED] - Delayed 2 second(s)

2019-05-30 11:31:56 - [MESSAGE][PASSED] - Text 'jaypeejay@hotmail.com' is set on object 'Object Repository/Login/input_username'

2019-05-30 11:31:57 - [MESSAGE][PASSED] - Text 'initpass' is set on object 'Object Repository/Login/input_password'

2019-05-30 11:32:00 - [MESSAGE][PASSED] - Delayed 3 second(s)

2019-05-30 11:32:00 - [MESSAGE][PASSED] - Scroll to object 'Object Repository/Login/span_End User License Agreement' successfully

2019-05-30 11:32:00 - [MESSAGE][PASSED] - Object 'Object Repository/Login/span_End User License Agreement' is visible

2019-05-30 11:32:00 - [MESSAGE][PASSED] - Object 'Object Repository/Login/span_End User License Agreement' is checked

2019-05-30 11:32:01 - [MESSAGE][PASSED] - Delayed 1 second(s)

2019-05-30 11:32:01 - [MESSAGE][PASSED] - Object: 'Object Repository/Login/button_Log In' is clicked on

2019-05-30 11:32:08 - [MESSAGE][PASSED] - Object: '' is clicked on

2019-05-30 11:32:09 - [MESSAGE][PASSED] - Object: 'Object Repository/Login/a_Credits' is clicked on

2019-05-30 11:32:09 - [MESSAGE][PASSED] - Run with 'common.Runner_Login' was passed

2019-05-30 11:32:09 - [MESSAGE][PASSED] - Call Test Case 'Test Cases/Login/TC_Login' successfully

2019-05-30 11:32:09 - [MESSAGE][PASSED] - Scroll to object 'Object Repository/LightPollutionReduction/div_Light Pollution Reduction' successfully

2019-05-30 11:32:09 - [MESSAGE][PASSED] - Object 'Object Repository/LightPollutionReduction/div_Light Pollution Reduction' is present

2019-05-30 11:32:10 - [MESSAGE][PASSED] - Text of object 'Object Repository/LightPollutionReduction/h3_Status' is: 'ATTEMPTED'

2019-05-30 11:32:10 - [MESSAGE][PASSED] - Text of object 'Object Repository/Page_LEED Online/div_Attempted Im still working Im done Withdraw Attempt Open to update' is: 'ATTEMPTED'

2019-05-30 11:32:10 - [MESSAGE][PASSED] - Object: 'Object Repository/LightPollutionReduction/div_Light Pollution Reduction' is clicked on

2019-05-30 11:32:13 - [MESSAGE][PASSED] - Object: 'Object Repository/LightPollutionReduction/span_(V01)' is clicked on

2019-05-30 11:32:13 - [MESSAGE][PASSED] - Object 'Object Repository/LightPollutionReduction/div_LPRForm' is present

2019-05-30 11:32:13 - [MESSAGE][PASSED] - Run with 'lightPollutionReductionForm.Runner_NavigateToLPR' was passed

2019-05-30 11:32:13 - [MESSAGE][PASSED] - Call Test Case 'Test Cases/LightPollutionReduction/TC_NavigateToLPR' successfully

2019-05-30 11:32:23 - [MESSAGE][PASSED] - Delayed 10 second(s)

2019-05-30 11:32:23 - [MESSAGE][PASSED] - Web element with id: 'Object Repository/LightPollutionReduction/Autosave/span_Last draft saved on' located by 'By.xpath: //*[@id="credit-form"]/div[5]/div/span/span' is not present after '2' second(s)

2019-05-30 11:32:23 - [MESSAGE][PASSED] - Object: 'Object Repository/LightPollutionReduction/FixtureShielding/input_Select one of the following_selectedOption' is clicked on

2019-05-30 11:32:33 - [MESSAGE][PASSED] - Delayed 10 second(s)

2019-05-30 11:32:34 - [MESSAGE][PASSED] - Text of object 'Object Repository/LightPollutionReduction/Autosave/span_Last draft saved on' is: 'Last draft saved on: 30 May 2019 11:32:34 AM  Clear draft'

2019-05-30 11:32:34 - [MESSAGE][PASSED] - Scroll to object 'Object Repository/LightPollutionReduction/FixtureShielding/Upload_shielding information/Addfile_shielding information/input_file' successfully

2019-05-30 11:32:34 - [MESSAGE][PASSED] - File 'C:/Users/Promantus Inc/Katalon Studio/Usgbc_LeedOnline_ScoreCard/Include/TestData/MultipleFileDiffExt/ZZ.pdf' sent to object: 'Object Repository/LightPollutionReduction/FixtureShielding/Upload_shielding information/Addfile_shielding information/input_file'

2019-05-30 11:32:34 - [MESSAGE][PASSED] - File 'C:/Users/Promantus Inc/Katalon Studio/Usgbc_LeedOnline_ScoreCard/Include/TestData/MultipleFileDiffExt/ZZ.pdf' sent to object: 'Object Repository/LightPollutionReduction/FixtureShielding/Upload_siteplan/Addfile_siteplan/input_siteplan'

2019-05-30 11:32:49 - [MESSAGE][PASSED] - Delayed 15 second(s)

2019-05-30 11:32:49 - [MESSAGE][PASSED] - Object 'Object Repository/LightPollutionReduction/Autosave/span_Last draft saved on' is present

2019-05-30 11:32:49 - [MESSAGE][PASSED] - Text of object 'Object Repository/LightPollutionReduction/Autosave/span_Last draft saved on' is: 'Last draft saved on: 30 May 2019 11:32:34 AM  Clear draft'

2019-05-30 11:32:49 - [MESSAGE][PASSED] - Actual text 'Last draft saved on: 30 May 2019 11:32:34 AM  Clear draft' and expected text 'Last draft saved on: 30 May 2019 11:32:34 AM  Clear draft' are matched 

2019-05-30 11:32:49 - [MESSAGE][PASSED] - Object 'Object Repository/LightPollutionReduction/FixtureShielding/input_Option 1. Fixture Shielding_exteriorFixtures' is present

2019-05-30 11:32:49 - [MESSAGE][PASSED] - Object: 'Object Repository/LightPollutionReduction/FixtureShielding/input_Option 1. Fixture Shielding_exteriorFixtures' is clicked on

2019-05-30 11:33:01 - [MESSAGE][PASSED] - Delayed 12 second(s)

2019-05-30 11:33:01 - [MESSAGE][PASSED] - Object 'Object Repository/LightPollutionReduction/Autosave/span_Last draft saved on' is present

2019-05-30 11:33:01 - [MESSAGE][PASSED] - Text of object 'Object Repository/LightPollutionReduction/Autosave/span_Last draft saved on' is: 'Last draft saved on: 30 May 2019 11:32:54 AM  Clear draft'

2019-05-30 11:33:01 - [MESSAGE][PASSED] - Actual text 'Last draft saved on: 30 May 2019 11:32:34 AM  Clear draft' and expected text 'Last draft saved on: 30 May 2019 11:32:54 AM  Clear draft' are not matched 

2019-05-30 11:33:01 - [MESSAGE][PASSED] - Object 'Object Repository/LightPollutionReduction/FixtureShielding/Htmleditorbox_sc/p_Describe the circumstances l' is present

2019-05-30 11:33:02 - [MESSAGE][PASSED] - Text 'Test Data for Narrative' is set on object 'Object Repository/LightPollutionReduction/FixtureShielding/Htmleditorbox_sc/body_SC_Editor'

2019-05-30 11:33:12 - [MESSAGE][PASSED] - Delayed 10 second(s)

2019-05-30 11:33:12 - [MESSAGE][PASSED] - Object 'Object Repository/LightPollutionReduction/Autosave/span_Last draft saved on' is present

2019-05-30 11:33:12 - [MESSAGE][PASSED] - Text of object 'Object Repository/LightPollutionReduction/Autosave/span_Last draft saved on' is: 'Last draft saved on: 30 May 2019 11:33:04 AM  Clear draft'

2019-05-30 11:33:12 - [MESSAGE][PASSED] - Actual text 'Last draft saved on: 30 May 2019 11:32:54 AM  Clear draft' and expected text 'Last draft saved on: 30 May 2019 11:33:04 AM  Clear draft' are not matched 

2019-05-30 11:33:12 - [MESSAGE][PASSED] - Object 'Object Repository/LightPollutionReduction/FixtureShielding/input_PercentIncrease' is present

2019-05-30 11:33:12 - [MESSAGE][PASSED] - Text '67' is set on object 'Object Repository/LightPollutionReduction/FixtureShielding/input_PercentIncrease'

2019-05-30 11:33:22 - [MESSAGE][PASSED] - Delayed 10 second(s)

2019-05-30 11:33:22 - [MESSAGE][PASSED] - Object 'Object Repository/LightPollutionReduction/Autosave/span_Last draft saved on' is present

2019-05-30 11:33:22 - [MESSAGE][PASSED] - Text of object 'Object Repository/LightPollutionReduction/Autosave/span_Last draft saved on' is: 'Last draft saved on: 30 May 2019 11:33:14 AM  Clear draft'

2019-05-30 11:33:22 - [MESSAGE][PASSED] - Actual text 'Last draft saved on: 30 May 2019 11:33:04 AM  Clear draft' and expected text 'Last draft saved on: 30 May 2019 11:33:14 AM  Clear draft' are not matched 

2019-05-30 11:33:22 - [MESSAGE][PASSED] - Object 'Object Repository/LightPollutionReduction/Autosave/span_Last draft saved on' is present

2019-05-30 11:33:23 - [MESSAGE][PASSED] - Object 'Object Repository/LightPollutionReduction/FixtureShielding/Saveform/btn_Save' is present

2019-05-30 11:33:23 - [MESSAGE][PASSED] - Object: 'Object Repository/LightPollutionReduction/FixtureShielding/Saveform/btn_Save' is clicked on

2019-05-30 11:33:33 - [MESSAGE][PASSED] - Delayed 10 second(s)

2019-05-30 11:33:33 - [MESSAGE][PASSED] - Web element with id: 'Object Repository/LightPollutionReduction/Autosave/div_Form drafted and not yet saved' located by 'By.xpath: //div[@id='draftDataWarning']' is not present after '2' second(s)

2019-05-30 11:33:33 - [MESSAGE][PASSED] - Scroll to object 'Object Repository/LightPollutionReduction/FixtureShielding/Upload_siteplan/p_Upload a site plan with scal' successfully

2019-05-30 11:33:34 - [MESSAGE][PASSED] - Delayed 1 second(s)

2019-05-30 11:33:34 - [MESSAGE][PASSED] - Object: '' is clicked on

2019-05-30 11:33:36 - [MESSAGE][PASSED] - Delayed 2 second(s)

2019-05-30 11:33:36 - [MESSAGE][PASSED] - Object: 'Object Repository/LightPollutionReduction/FixtureShielding/button_Yes' is clicked on

2019-05-30 11:33:37 - [MESSAGE][PASSED] - Scroll to object 'Object Repository/LightPollutionReduction/FixtureShielding/Upload_shielding information/p_Upload shielding information' successfully

2019-05-30 11:33:38 - [MESSAGE][PASSED] - Delayed 1 second(s)

2019-05-30 11:33:38 - [MESSAGE][PASSED] - Object: '' is clicked on

2019-05-30 11:33:40 - [MESSAGE][PASSED] - Delayed 2 second(s)

2019-05-30 11:33:40 - [MESSAGE][PASSED] - Object: 'Object Repository/LightPollutionReduction/FixtureShielding/button_Yes' is clicked on

2019-05-30 11:33:45 - [MESSAGE][PASSED] - Delayed 5 second(s)

2019-05-30 11:33:45 - [MESSAGE][PASSED] - Object 'Object Repository/LightPollutionReduction/FixtureShielding/Htmleditorbox_sc/p_Describe the circumstances l' is present

2019-05-30 11:33:45 - [MESSAGE][PASSED] - Object: 'Object Repository/LightPollutionReduction/FixtureShielding/input_Select one of the following_selectedOption' is clicked on

2019-05-30 11:33:45 - [MESSAGE][PASSED] - Text 'Testing for ClearDraft' is set on object 'Object Repository/LightPollutionReduction/FixtureShielding/Htmleditorbox_sc/body_SC_Editor'

2019-05-30 11:33:55 - [MESSAGE][PASSED] - Delayed 10 second(s)

2019-05-30 11:33:55 - [MESSAGE][PASSED] - Object 'Object Repository/LightPollutionReduction/Autosave/a_Clear draft' is present

2019-05-30 11:33:56 - [MESSAGE][PASSED] - Object: 'Object Repository/LightPollutionReduction/Autosave/a_Clear draft' is clicked on

2019-05-30 11:33:56 - [MESSAGE][PASSED] - Object: 'Object Repository/LightPollutionReduction/FixtureShielding/button_Yes' is clicked on

2019-05-30 11:34:01 - [MESSAGE][PASSED] - Delayed 5 second(s)

2019-05-30 11:34:01 - [MESSAGE][PASSED] - Web element with id: 'Object Repository/LightPollutionReduction/Autosave/span_Last draft saved on' located by 'By.xpath: //*[@id="credit-form"]/div[5]/div/span/span' is not present after '2' second(s)

2019-05-30 11:34:01 - [MESSAGE][PASSED] - Object 'Object Repository/LightPollutionReduction/FixtureShielding/Htmleditorbox_sc/p_Describe the circumstances l' is present

2019-05-30 11:34:01 - [MESSAGE][PASSED] - Text 'Testing for Logout and Login' is set on object 'Object Repository/LightPollutionReduction/FixtureShielding/Htmleditorbox_sc/body_SC_Editor'

2019-05-30 11:34:11 - [MESSAGE][PASSED] - Delayed 10 second(s)

2019-05-30 11:34:11 - [MESSAGE][PASSED] - Text of object 'Object Repository/LightPollutionReduction/Autosave/span_Last draft saved on' is: 'Last draft saved on: 30 May 2019 11:34:10 AM  Clear draft'

2019-05-30 11:34:11 - [MESSAGE][PASSED] - Object: 'Object Repository/LightPollutionReduction/Autosave/div_Signout' is clicked on

2019-05-30 11:34:13 - [MESSAGE][PASSED] - Object: 'Object Repository/LightPollutionReduction/Autosave/a_Sign out' is clicked on

2019-05-30 11:34:13 - [MESSAGE][WARNING] - A browser is already opened. Closing browser and opening a new one

2019-05-30 11:34:13 - [MESSAGE][INFO] - Starting 'Chrome (headless)' driver

2019-05-30 11:34:13 - [MESSAGE][INFO] - User set preference: ['args', '[--window-size=1920,1080]']

2019-05-30 11:34:16 - [MESSAGE][PASSED] - Browser is opened with url: ''

2019-05-30 11:34:21 - [MESSAGE][PASSED] - Navigate to 'https://leedonline-stg.usgbc.org' successfully

2019-05-30 11:34:23 - [MESSAGE][PASSED] - Delayed 2 second(s)

2019-05-30 11:34:24 - [MESSAGE][PASSED] - Text 'jaypeejay@hotmail.com' is set on object 'Object Repository/Login/input_username'

2019-05-30 11:34:24 - [MESSAGE][PASSED] - Text 'initpass' is set on object 'Object Repository/Login/input_password'

2019-05-30 11:34:27 - [MESSAGE][PASSED] - Delayed 3 second(s)

2019-05-30 11:34:27 - [MESSAGE][PASSED] - Scroll to object 'Object Repository/Login/span_End User License Agreement' successfully

2019-05-30 11:34:27 - [MESSAGE][PASSED] - Object 'Object Repository/Login/span_End User License Agreement' is visible

2019-05-30 11:34:27 - [MESSAGE][PASSED] - Object 'Object Repository/Login/span_End User License Agreement' is checked

2019-05-30 11:34:28 - [MESSAGE][PASSED] - Delayed 1 second(s)

2019-05-30 11:34:28 - [MESSAGE][PASSED] - Object: 'Object Repository/Login/button_Log In' is clicked on

2019-05-30 11:34:36 - [MESSAGE][PASSED] - Object: '' is clicked on

2019-05-30 11:34:37 - [MESSAGE][PASSED] - Object: 'Object Repository/Login/a_Credits' is clicked on

2019-05-30 11:34:37 - [MESSAGE][PASSED] - Object: 'Object Repository/LightPollutionReduction/div_Light Pollution Reduction' is clicked on

2019-05-30 11:34:41 - [MESSAGE][PASSED] - Object: 'Object Repository/LightPollutionReduction/span_(V01)' is clicked on

2019-05-30 11:34:41 - [MESSAGE][PASSED] - Object 'Object Repository/LightPollutionReduction/Autosave/div_Form drafted and not yet saved' is present

2019-05-30 11:34:41 - [MESSAGE][PASSED] - Object 'Object Repository/LightPollutionReduction/Autosave/Last draft saved dateTime_warningDiv' is present

2019-05-30 11:34:41 - [MESSAGE][PASSED] - Text of object 'Object Repository/LightPollutionReduction/Autosave/Last draft saved dateTime_warningDiv' is: 'Last draft saved on: 30 May 2019 11:34:10 AM  Clear draft'

2019-05-30 11:34:41 - [MESSAGE][PASSED] - Actual text 'Last draft saved on: 30 May 2019 11:34:10 AM  Clear draft' and expected text 'Last draft saved on: 30 May 2019 11:34:10 AM  Clear draft' are matched 

2019-05-30 11:34:41 - [MESSAGE][PASSED] - Object: 'Object Repository/LightPollutionReduction/Autosave/a_Clear draft' is clicked on

2019-05-30 11:34:42 - [MESSAGE][PASSED] - Object: 'Object Repository/LightPollutionReduction/FixtureShielding/button_Yes' is clicked on

2019-05-30 11:34:42 - [MESSAGE][PASSED] - Run with 'lightPollutionReductionForm.Runner_AutoSaveAsDraftLPR' was passed]]></system-out>
         <system-err><![CDATA[]]></system-err>
      </testcase>
      <system-out><![CDATA[2019-05-30 11:30:15 - [TEST_SUITE][PASSED] - SmokeTest: Test Cases/LightPollutionReduction/TC_AutoSaveAsDraftLPR]]></system-out>
      <system-err><![CDATA[]]></system-err>
   </testsuite>
</testsuites>
