<?xml version="1.0" encoding="UTF-8"?>
<testsuites name="GCP_SmokeTest" time="149" tests="1" failures="0" errors="0">
   <testsuite name="GCP_SmokeTest" tests="1" failures="0" errors="0" time="149" timestamp="2019-06-07 15:03:09" hostname="promantus inc - G10PROLT025" id="Test Suites/GCP_SmokeTest">
      <properties>
         <property name="deviceName" value=""/>
         <property name="devicePlatform" value=""/>
         <property name="logFolder" value="H:\\Git Projects\\Usgbc_LeedOnline_ScoreCard\\Usgbc_LeedOnline_ScoreCard\\Reports\\GCP_SmokeTest\\20190607_150251"/>
         <property name="logFiles" value="H:\\Git Projects\\Usgbc_LeedOnline_ScoreCard\\Usgbc_LeedOnline_ScoreCard\\Reports\\GCP_SmokeTest\\20190607_150251\\execution0.log"/>
         <property name="attachments" value=""/>
         <property name="hostName" value="promantus inc - G10PROLT025"/>
         <property name="os" value="Windows 10 64bit"/>
         <property name="katalonVersion" value="6.1.3.3"/>
         <property name="browser" value="Chrome 74.0.3729.169"/>
         <property name="hostAddress" value="192.168.232.1"/>
         <property name="sessionId" value="2ede6e78f41199a2a0a4ef1be89f44f4"/>
         <property name="seleniumVersion" value="3.7.1"/>
         <property name="proxyInformation" value="ProxyInformation{proxyOption=NO_PROXY, proxyServerType=HTTP, password=, proxyServerAddress=, proxyServerPort=0}"/>
         <property name="platform" value="Windows 10"/>
      </properties>
      <testcase name="Test Cases/GreenCleaningPolicy/TC_GCP_CertifiedCleaningService" classname="Test Cases/GreenCleaningPolicy/TC_GCP_CertifiedCleaningService" status="PASSED">
         <system-out><![CDATA[2019-06-07 15:03:09 - [TEST_CASE][PASSED] - Test Cases/GreenCleaningPolicy/TC_GCP_CertifiedCleaningService: Test Cases/GreenCleaningPolicy/TC_GCP_CertifiedCleaningService

2019-06-07 15:03:10 - [TEST_STEP][PASSED] - runWithCucumberRunner(greenCleaningPolicyForm.Runner_CertifiedCleaningService): Run with 'greenCleaningPolicyForm.Runner_CertifiedCleaningService' was passed

2019-06-07 15:03:13 - [TEST_CASE][PASSED] - Test Cases/GreenCleaningPolicy/TC_NavigateToGCP: Test Cases/GreenCleaningPolicy/TC_NavigateToGCP

2019-06-07 15:03:13 - [TEST_STEP][PASSED] - runWithCucumberRunner(greenCleaningPolicyForm.Runner_NavigateToGCP): Run with 'greenCleaningPolicyForm.Runner_NavigateToGCP' was passed

2019-06-07 15:03:14 - [TEST_CASE][PASSED] - Test Cases/Login/TC_Login: Test Cases/Login/TC_Login

2019-06-07 15:03:14 - [TEST_STEP][PASSED] - runWithCucumberRunner(common.Runner_Login): Run with 'common.Runner_Login' was passed

2019-06-07 15:03:15 - [MESSAGE][INFO] - Starting 'Chrome' driver

2019-06-07 15:03:15 - [MESSAGE][INFO] - User set preference: ['args', '[--window-size=1920,1080]']

2019-06-07 15:03:15 - [MESSAGE][INFO] - Action delay is set to 0 seconds

2019-06-07 15:03:18 - [MESSAGE][PASSED] - Browser is opened with url: ''

2019-06-07 15:03:22 - [MESSAGE][PASSED] - Navigate to 'https://leedonline-stg.usgbc.org' successfully

2019-06-07 15:03:24 - [MESSAGE][PASSED] - Delayed 2 second(s)

2019-06-07 15:03:24 - [MESSAGE][PASSED] - Text 'jaypeejay@hotmail.com' is set on object 'Object Repository/Login/input_username'

2019-06-07 15:03:25 - [MESSAGE][PASSED] - Text 'initpass' is set on object 'Object Repository/Login/input_password'

2019-06-07 15:03:28 - [MESSAGE][PASSED] - Delayed 3 second(s)

2019-06-07 15:03:28 - [MESSAGE][PASSED] - Scroll to object 'Object Repository/Login/span_End User License Agreement' successfully

2019-06-07 15:03:28 - [MESSAGE][PASSED] - Object 'Object Repository/Login/span_End User License Agreement' is visible

2019-06-07 15:03:28 - [MESSAGE][PASSED] - Object 'Object Repository/Login/span_End User License Agreement' is checked

2019-06-07 15:03:29 - [MESSAGE][PASSED] - Delayed 1 second(s)

2019-06-07 15:03:29 - [MESSAGE][PASSED] - Object: 'Object Repository/Login/button_Log In' is clicked on

2019-06-07 15:03:40 - [MESSAGE][PASSED] - Object: '' is clicked on

2019-06-07 15:03:42 - [MESSAGE][PASSED] - Object: 'Object Repository/Login/a_Credits' is clicked on

2019-06-07 15:03:42 - [MESSAGE][PASSED] - Run with 'common.Runner_Login' was passed

2019-06-07 15:03:42 - [MESSAGE][PASSED] - Call Test Case 'Test Cases/Login/TC_Login' successfully

2019-06-07 15:03:42 - [MESSAGE][PASSED] - Scroll to object 'Object Repository/GreenCleaningPolicy/div_Green Cleaning Policy' successfully

2019-06-07 15:03:42 - [MESSAGE][PASSED] - Object 'Object Repository/GreenCleaningPolicy/div_Green Cleaning Policy' is present

2019-06-07 15:03:42 - [MESSAGE][PASSED] - Text of object 'Object Repository/GreenCleaningPolicy/h3_Status' is: 'ATTEMPTED'

2019-06-07 15:03:43 - [MESSAGE][PASSED] - Text of object 'Object Repository/GreenCleaningPolicy/divval' is: 'ATTEMPTED'

2019-06-07 15:03:43 - [MESSAGE][PASSED] - Text of object 'Object Repository/GreenCleaningPolicy/h3_Status' is: 'ATTEMPTED'

2019-06-07 15:03:43 - [MESSAGE][PASSED] - Object: 'Object Repository/GreenCleaningPolicy/div_Green Cleaning Policy' is clicked on

2019-06-07 15:03:48 - [MESSAGE][PASSED] - Object: 'Object Repository/GreenCleaningPolicy/a_Form (V01)' is clicked on

2019-06-07 15:03:48 - [MESSAGE][PASSED] - Object 'Object Repository/GreenCleaningPolicy/div_Green Cleaning Policy_Credit library' is present

2019-06-07 15:03:48 - [MESSAGE][PASSED] - Run with 'greenCleaningPolicyForm.Runner_NavigateToGCP' was passed

2019-06-07 15:03:48 - [MESSAGE][PASSED] - Call Test Case 'Test Cases/GreenCleaningPolicy/TC_NavigateToGCP' successfully

2019-06-07 15:03:48 - [MESSAGE][PASSED] - Object 'Object Repository/GreenCleaningPolicy/Option2_CertifiedCleanService/input_Option 2_RadioBtn' is present

2019-06-07 15:03:48 - [MESSAGE][PASSED] - Object: 'Object Repository/GreenCleaningPolicy/Option2_CertifiedCleanService/input_Option 2_RadioBtn' is clicked on

2019-06-07 15:03:53 - [MESSAGE][PASSED] - Delayed 5 second(s)

2019-06-07 15:03:53 - [MESSAGE][PASSED] - Text 'Option 2. Certified cleaning service' is present on page 

2019-06-07 15:03:53 - [MESSAGE][PASSED] - Object 'Object Repository/GreenCleaningPolicy/Option2_CertifiedCleanService/AddFile_UploadCleaningContract_Option2/p_Upload the Cleaning Contract' is present

2019-06-07 15:03:53 - [MESSAGE][PASSED] - Scroll to object 'Object Repository/GreenCleaningPolicy/Option2_CertifiedCleanService/AddFile_UploadCleaningContract_Option2/p_Upload the Cleaning Contract' successfully

2019-06-07 15:03:54 - [MESSAGE][PASSED] - Object 'Object Repository/GreenCleaningPolicy/Option2_CertifiedCleanService/AddFile_UploadCleaningContract_Option2/Button_UploadCleaningContract' has attribute 'class' with value 'tiny ui button'

2019-06-07 15:03:54 - [MESSAGE][PASSED] - File 'H:\Git Projects\Usgbc_LeedOnline_ScoreCard\Usgbc_LeedOnline_ScoreCard\Include\TestData\MultipleFileDiffExt\SampleGIFImage_350kbmb.gif' sent to object: 'Object Repository/GreenCleaningPolicy/Option2_CertifiedCleanService/AddFile_UploadCleaningContract_Option2/input_UploadCleaningContract'

2019-06-07 15:03:55 - [MESSAGE][PASSED] - Delayed 1 second(s)

2019-06-07 15:04:03 - [MESSAGE][PASSED] - Object 'Object Repository/GreenCleaningPolicy/Option2_CertifiedCleanService/AddFile_UploadCleaningContract_Option2/Button_UploadCleaningContract' has attribute 'class' with value 'tiny ui button'

2019-06-07 15:04:03 - [MESSAGE][PASSED] - File 'H:\Git Projects\Usgbc_LeedOnline_ScoreCard\Usgbc_LeedOnline_ScoreCard\Include\TestData\MultipleFileDiffExt\SamplePPTFile_1000kb.ppt' sent to object: 'Object Repository/GreenCleaningPolicy/Option2_CertifiedCleanService/AddFile_UploadCleaningContract_Option2/input_UploadCleaningContract'

2019-06-07 15:04:04 - [MESSAGE][PASSED] - Delayed 1 second(s)

2019-06-07 15:04:13 - [MESSAGE][PASSED] - Object 'Object Repository/GreenCleaningPolicy/Option2_CertifiedCleanService/AddFile_UploadCleaningContract_Option2/Button_UploadCleaningContract' has attribute 'class' with value 'tiny ui button'

2019-06-07 15:04:13 - [MESSAGE][PASSED] - File 'H:\Git Projects\Usgbc_LeedOnline_ScoreCard\Usgbc_LeedOnline_ScoreCard\Include\TestData\MultipleFileDiffExt\ZZ.pdf' sent to object: 'Object Repository/GreenCleaningPolicy/Option2_CertifiedCleanService/AddFile_UploadCleaningContract_Option2/input_UploadCleaningContract'

2019-06-07 15:04:14 - [MESSAGE][PASSED] - Delayed 1 second(s)

2019-06-07 15:04:14 - [MESSAGE][PASSED] - Object 'Object Repository/GreenCleaningPolicy/Option2_CertifiedCleanService/TextBox_Option2/input_TextBox_GreenCleaningService' is present

2019-06-07 15:04:14 - [MESSAGE][PASSED] - Text '1141' is set on object 'Object Repository/GreenCleaningPolicy/Option2_CertifiedCleanService/TextBox_Option2/input_TextBox_GreenCleaningService'

2019-06-07 15:04:17 - [MESSAGE][PASSED] - Delayed 3 second(s)

2019-06-07 15:04:17 - [MESSAGE][PASSED] - Attribute 'value' of object 'Object Repository/GreenCleaningPolicy/Option2_CertifiedCleanService/TextBox_Option2/input_TextBox_GreenCleaningService' is: '1141'

2019-06-07 15:04:17 - [MESSAGE][PASSED] - Actual text '1141' and expected text '1141' are matched 

2019-06-07 15:04:18 - [MESSAGE][PASSED] - Object 'Object Repository/GreenCleaningPolicy/Option2_CertifiedCleanService/AddFile_UploadInfoShowingContract_Option2/p_Upload the information showing the contractors' is present

2019-06-07 15:04:18 - [MESSAGE][PASSED] - Scroll to object 'Object Repository/GreenCleaningPolicy/Option2_CertifiedCleanService/AddFile_UploadInfoShowingContract_Option2/p_Upload the information showing the contractors' successfully

2019-06-07 15:04:18 - [MESSAGE][PASSED] - Object 'Object Repository/GreenCleaningPolicy/Option2_CertifiedCleanService/AddFile_UploadInfoShowingContract_Option2/Button_UploadInfoShowingContract' has attribute 'class' with value 'tiny ui button'

2019-06-07 15:04:18 - [MESSAGE][PASSED] - File 'H:\Git Projects\Usgbc_LeedOnline_ScoreCard\Usgbc_LeedOnline_ScoreCard\Include\TestData\MultipleFileDiffExt\SampleGIFImage_350kbmb.gif' sent to object: 'Object Repository/GreenCleaningPolicy/Option2_CertifiedCleanService/AddFile_UploadInfoShowingContract_Option2/input_UploadInfoShowingContract'

2019-06-07 15:04:19 - [MESSAGE][PASSED] - Delayed 1 second(s)

2019-06-07 15:04:27 - [MESSAGE][PASSED] - Object 'Object Repository/GreenCleaningPolicy/Option2_CertifiedCleanService/AddFile_UploadInfoShowingContract_Option2/Button_UploadInfoShowingContract' has attribute 'class' with value 'tiny ui button'

2019-06-07 15:04:27 - [MESSAGE][PASSED] - File 'H:\Git Projects\Usgbc_LeedOnline_ScoreCard\Usgbc_LeedOnline_ScoreCard\Include\TestData\MultipleFileDiffExt\SamplePPTFile_1000kb.ppt' sent to object: 'Object Repository/GreenCleaningPolicy/Option2_CertifiedCleanService/AddFile_UploadInfoShowingContract_Option2/input_UploadInfoShowingContract'

2019-06-07 15:04:28 - [MESSAGE][PASSED] - Delayed 1 second(s)

2019-06-07 15:04:38 - [MESSAGE][PASSED] - Object 'Object Repository/GreenCleaningPolicy/Option2_CertifiedCleanService/AddFile_UploadInfoShowingContract_Option2/Button_UploadInfoShowingContract' has attribute 'class' with value 'tiny ui button'

2019-06-07 15:04:38 - [MESSAGE][PASSED] - File 'H:\Git Projects\Usgbc_LeedOnline_ScoreCard\Usgbc_LeedOnline_ScoreCard\Include\TestData\MultipleFileDiffExt\ZZ.pdf' sent to object: 'Object Repository/GreenCleaningPolicy/Option2_CertifiedCleanService/AddFile_UploadInfoShowingContract_Option2/input_UploadInfoShowingContract'

2019-06-07 15:04:40 - [MESSAGE][PASSED] - Delayed 1 second(s)

2019-06-07 15:04:50 - [MESSAGE][PASSED] - Delayed 10 second(s)

2019-06-07 15:04:50 - [MESSAGE][PASSED] - Object 'Object Repository/GreenCleaningPolicy/button_Save' is visible

2019-06-07 15:04:50 - [MESSAGE][PASSED] - Object: 'Object Repository/GreenCleaningPolicy/button_Save' is clicked on

2019-06-07 15:04:52 - [MESSAGE][PASSED] - Delayed 2 second(s)

2019-06-07 15:04:52 - [MESSAGE][PASSED] - Text 'Form data saved successfully.' is present on page 

2019-06-07 15:04:52 - [MESSAGE][PASSED] - Scroll to object 'Object Repository/GreenCleaningPolicy/icon_pdf' successfully

2019-06-07 15:04:52 - [MESSAGE][PASSED] - Object 'Object Repository/GreenCleaningPolicy/icon_pdf' is present

2019-06-07 15:04:57 - [MESSAGE][PASSED] - Delayed 5 second(s)

2019-06-07 15:04:57 - [MESSAGE][PASSED] - Object: 'Object Repository/GreenCleaningPolicy/icon_pdf' is clicked on

2019-06-07 15:05:07 - [MESSAGE][PASSED] - Delayed 10 second(s)

2019-06-07 15:05:14 - [MESSAGE][PASSED] - Delayed 5 second(s)

2019-06-07 15:05:14 - [MESSAGE][PASSED] - Scroll to object 'Object Repository/GreenCleaningPolicy/Option2_CertifiedCleanService/AddFile_UploadCleaningContract_Option2/p_Upload the Cleaning Contract' successfully

2019-06-07 15:05:16 - [MESSAGE][PASSED] - Delayed 2 second(s)

2019-06-07 15:05:16 - [MESSAGE][PASSED] - Attribute 'value' of object 'Object Repository/GreenCleaningPolicy/Option2_CertifiedCleanService/TextBox_Option2/input_TextBox_GreenCleaningService' is: '1141'

2019-06-07 15:05:19 - [MESSAGE][PASSED] - Delayed 3 second(s)

2019-06-07 15:05:24 - [MESSAGE][PASSED] - Delayed 5 second(s)

2019-06-07 15:05:24 - [MESSAGE][PASSED] - Scroll to object 'Object Repository/GreenCleaningPolicy/Option2_CertifiedCleanService/AddFile_UploadInfoShowingContract_Option2/p_Upload the information showing the contractors' successfully

2019-06-07 15:05:27 - [MESSAGE][PASSED] - Delayed 2 second(s)

2019-06-07 15:05:29 - [MESSAGE][PASSED] - Delayed 2 second(s)

2019-06-07 15:05:30 - [MESSAGE][PASSED] - Navigate back successfully

2019-06-07 15:05:32 - [MESSAGE][PASSED] - Delayed 2 second(s)

2019-06-07 15:05:32 - [MESSAGE][PASSED] - Text of object 'Object Repository/GreenCleaningPolicy/h3_Status' is: 'ATTEMPTED'

2019-06-07 15:05:32 - [MESSAGE][PASSED] - Object: 'Object Repository/GreenCleaningPolicy/a_MarkReadyForReview' is clicked on

2019-06-07 15:05:37 - [MESSAGE][PASSED] - Delayed 5 second(s)

2019-06-07 15:05:37 - [MESSAGE][PASSED] - Text of object 'Object Repository/GreenCleaningPolicy/h3_Status' is: 'READY FOR REVIEW'

2019-06-07 15:05:37 - [MESSAGE][PASSED] - Run with 'greenCleaningPolicyForm.Runner_CertifiedCleaningService' was passed]]></system-out>
         <system-err><![CDATA[]]></system-err>
      </testcase>
      <system-out><![CDATA[2019-06-07 15:03:09 - [TEST_SUITE][PASSED] - GCP_SmokeTest: Test Cases/GreenCleaningPolicy/TC_GCP_CertifiedCleaningService]]></system-out>
      <system-err><![CDATA[]]></system-err>
   </testsuite>
</testsuites>
