<?xml version="1.0" encoding="UTF-8"?>
<testsuites name="GCP_SmokeTest" time="850" tests="8" failures="1" errors="0">
   <testsuite name="GCP_SmokeTest" tests="8" failures="1" errors="0" time="850" timestamp="2019-06-07 15:36:47" hostname="promantus inc - G10PROLT025" id="Test Suites/GCP_SmokeTest">
      <properties>
         <property name="deviceName" value=""/>
         <property name="devicePlatform" value=""/>
         <property name="logFolder" value="H:\\Git Projects\\Usgbc_LeedOnline_ScoreCard\\Usgbc_LeedOnline_ScoreCard\\Reports\\GCP_SmokeTest\\20190607_153631"/>
         <property name="logFiles" value="H:\\Git Projects\\Usgbc_LeedOnline_ScoreCard\\Usgbc_LeedOnline_ScoreCard\\Reports\\GCP_SmokeTest\\20190607_153631\\execution0.log"/>
         <property name="attachments" value=""/>
         <property name="hostName" value="promantus inc - G10PROLT025"/>
         <property name="os" value="Windows 10 64bit"/>
         <property name="katalonVersion" value="6.1.3.3"/>
         <property name="browser" value="Chrome 74.0.3729.169"/>
         <property name="hostAddress" value="192.168.232.1"/>
         <property name="sessionId" value="37274623a2b97eda59aacbd9b107ca0e"/>
         <property name="seleniumVersion" value="3.7.1"/>
         <property name="proxyInformation" value="ProxyInformation{proxyOption=NO_PROXY, proxyServerType=HTTP, password=, proxyServerAddress=, proxyServerPort=0}"/>
         <property name="platform" value="Windows 10"/>
      </properties>
      <testcase name="Test Cases/GreenCleaningPolicy/TC_GCP_In-house" classname="Test Cases/GreenCleaningPolicy/TC_GCP_In-house" status="PASSED">
         <system-out><![CDATA[2019-06-07 15:36:48 - [TEST_CASE][PASSED] - Test Cases/GreenCleaningPolicy/TC_GCP_In-house: Test Cases/GreenCleaningPolicy/TC_GCP_In-house

2019-06-07 15:36:48 - [TEST_STEP][PASSED] - runWithCucumberRunner(greenCleaningPolicyForm.Runner_In_house): Run with 'greenCleaningPolicyForm.Runner_In_house' was passed

2019-06-07 15:36:51 - [TEST_CASE][PASSED] - Test Cases/GreenCleaningPolicy/TC_NavigateToGCP: Test Cases/GreenCleaningPolicy/TC_NavigateToGCP

2019-06-07 15:36:51 - [TEST_STEP][PASSED] - runWithCucumberRunner(greenCleaningPolicyForm.Runner_NavigateToGCP): Run with 'greenCleaningPolicyForm.Runner_NavigateToGCP' was passed

2019-06-07 15:36:52 - [TEST_CASE][PASSED] - Test Cases/Login/TC_Login: Test Cases/Login/TC_Login

2019-06-07 15:36:52 - [TEST_STEP][PASSED] - runWithCucumberRunner(common.Runner_Login): Run with 'common.Runner_Login' was passed

2019-06-07 15:36:53 - [MESSAGE][INFO] - Starting 'Chrome (headless)' driver

2019-06-07 15:36:53 - [MESSAGE][INFO] - User set preference: ['args', '[--window-size=1920,1080]']

2019-06-07 15:36:53 - [MESSAGE][INFO] - Action delay is set to 0 seconds

2019-06-07 15:36:56 - [MESSAGE][PASSED] - Browser is opened with url: ''

2019-06-07 15:37:05 - [MESSAGE][PASSED] - Navigate to 'https://leedonline-stg.usgbc.org' successfully

2019-06-07 15:37:07 - [MESSAGE][PASSED] - Delayed 2 second(s)

2019-06-07 15:37:07 - [MESSAGE][PASSED] - Text 'jaypeejay@hotmail.com' is set on object 'Object Repository/Login/input_username'

2019-06-07 15:37:07 - [MESSAGE][PASSED] - Text 'initpass' is set on object 'Object Repository/Login/input_password'

2019-06-07 15:37:10 - [MESSAGE][PASSED] - Delayed 3 second(s)

2019-06-07 15:37:11 - [MESSAGE][PASSED] - Scroll to object 'Object Repository/Login/span_End User License Agreement' successfully

2019-06-07 15:37:11 - [MESSAGE][PASSED] - Object 'Object Repository/Login/span_End User License Agreement' is visible

2019-06-07 15:37:11 - [MESSAGE][PASSED] - Object 'Object Repository/Login/span_End User License Agreement' is checked

2019-06-07 15:37:12 - [MESSAGE][PASSED] - Delayed 1 second(s)

2019-06-07 15:37:12 - [MESSAGE][PASSED] - Object: 'Object Repository/Login/button_Log In' is clicked on

2019-06-07 15:37:17 - [MESSAGE][PASSED] - Object: '' is clicked on

2019-06-07 15:37:19 - [MESSAGE][PASSED] - Object: 'Object Repository/Login/a_Credits' is clicked on

2019-06-07 15:37:19 - [MESSAGE][PASSED] - Run with 'common.Runner_Login' was passed

2019-06-07 15:37:19 - [MESSAGE][PASSED] - Call Test Case 'Test Cases/Login/TC_Login' successfully

2019-06-07 15:37:19 - [MESSAGE][PASSED] - Scroll to object 'Object Repository/GreenCleaningPolicy/div_Green Cleaning Policy' successfully

2019-06-07 15:37:19 - [MESSAGE][PASSED] - Object 'Object Repository/GreenCleaningPolicy/div_Green Cleaning Policy' is present

2019-06-07 15:37:19 - [MESSAGE][PASSED] - Text of object 'Object Repository/GreenCleaningPolicy/h3_Status' is: 'ATTEMPTED'

2019-06-07 15:37:19 - [MESSAGE][PASSED] - Text of object 'Object Repository/GreenCleaningPolicy/divval' is: 'ATTEMPTED'

2019-06-07 15:37:19 - [MESSAGE][PASSED] - Text of object 'Object Repository/GreenCleaningPolicy/h3_Status' is: 'ATTEMPTED'

2019-06-07 15:37:20 - [MESSAGE][PASSED] - Object: 'Object Repository/GreenCleaningPolicy/div_Green Cleaning Policy' is clicked on

2019-06-07 15:37:23 - [MESSAGE][PASSED] - Object: 'Object Repository/GreenCleaningPolicy/a_Form (V01)' is clicked on

2019-06-07 15:37:23 - [MESSAGE][PASSED] - Object 'Object Repository/GreenCleaningPolicy/div_Green Cleaning Policy_Credit library' is present

2019-06-07 15:37:23 - [MESSAGE][PASSED] - Run with 'greenCleaningPolicyForm.Runner_NavigateToGCP' was passed

2019-06-07 15:37:23 - [MESSAGE][PASSED] - Call Test Case 'Test Cases/GreenCleaningPolicy/TC_NavigateToGCP' successfully

2019-06-07 15:37:24 - [MESSAGE][PASSED] - Object 'Object Repository/GreenCleaningPolicy/Option1_GreenCleanPlcy/input_Option1_Radiobtn' is present

2019-06-07 15:37:24 - [MESSAGE][PASSED] - Object: 'Object Repository/GreenCleaningPolicy/Option1_GreenCleanPlcy/input_Option1_Radiobtn' is clicked on

2019-06-07 15:37:26 - [MESSAGE][PASSED] - Delayed 2 second(s)

2019-06-07 15:37:26 - [MESSAGE][PASSED] - Text 'Option 1. In-house green cleaning policy' is present on page 

2019-06-07 15:37:26 - [MESSAGE][PASSED] - Object 'Object Repository/GreenCleaningPolicy/Option1_GreenCleanPlcy/AddFile_UploadGreenCleaningPlcy_Option1/p_Upload the Green Cleaning Policy' is present

2019-06-07 15:37:26 - [MESSAGE][PASSED] - Scroll to object 'Object Repository/GreenCleaningPolicy/Option1_GreenCleanPlcy/AddFile_UploadGreenCleaningPlcy_Option1/p_Upload the Green Cleaning Policy' successfully

2019-06-07 15:37:26 - [MESSAGE][PASSED] - Object 'Object Repository/GreenCleaningPolicy/Option1_GreenCleanPlcy/AddFile_UploadGreenCleaningPlcy_Option1/Button_UploadGreenCleaningPlcy' has attribute 'class' with value 'tiny ui button'

2019-06-07 15:37:26 - [MESSAGE][PASSED] - File 'H:\Git Projects\Usgbc_LeedOnline_ScoreCard\Usgbc_LeedOnline_ScoreCard\Include\TestData\MultipleFileDiffExt\SampleGIFImage_350kbmb.gif' sent to object: 'Object Repository/GreenCleaningPolicy/Option1_GreenCleanPlcy/AddFile_UploadGreenCleaningPlcy_Option1/input_UploadGreenCleaningPlcy'

2019-06-07 15:37:27 - [MESSAGE][PASSED] - Delayed 1 second(s)

2019-06-07 15:37:32 - [MESSAGE][PASSED] - Object 'Object Repository/GreenCleaningPolicy/Option1_GreenCleanPlcy/AddFile_UploadGreenCleaningPlcy_Option1/Button_UploadGreenCleaningPlcy' has attribute 'class' with value 'tiny ui button'

2019-06-07 15:37:32 - [MESSAGE][PASSED] - File 'H:\Git Projects\Usgbc_LeedOnline_ScoreCard\Usgbc_LeedOnline_ScoreCard\Include\TestData\MultipleFileDiffExt\SamplePPTFile_1000kb.ppt' sent to object: 'Object Repository/GreenCleaningPolicy/Option1_GreenCleanPlcy/AddFile_UploadGreenCleaningPlcy_Option1/input_UploadGreenCleaningPlcy'

2019-06-07 15:37:33 - [MESSAGE][PASSED] - Delayed 1 second(s)

2019-06-07 15:37:38 - [MESSAGE][PASSED] - Object 'Object Repository/GreenCleaningPolicy/Option1_GreenCleanPlcy/AddFile_UploadGreenCleaningPlcy_Option1/Button_UploadGreenCleaningPlcy' has attribute 'class' with value 'tiny ui button'

2019-06-07 15:37:38 - [MESSAGE][PASSED] - File 'H:\Git Projects\Usgbc_LeedOnline_ScoreCard\Usgbc_LeedOnline_ScoreCard\Include\TestData\MultipleFileDiffExt\ZZ.pdf' sent to object: 'Object Repository/GreenCleaningPolicy/Option1_GreenCleanPlcy/AddFile_UploadGreenCleaningPlcy_Option1/input_UploadGreenCleaningPlcy'

2019-06-07 15:37:39 - [MESSAGE][PASSED] - Delayed 1 second(s)

2019-06-07 15:37:39 - [MESSAGE][PASSED] - Scroll to object 'Object Repository/GreenCleaningPolicy/CleaningService_EditorBox/p_CleaningService' successfully

2019-06-07 15:37:39 - [MESSAGE][PASSED] - Object 'Object Repository/GreenCleaningPolicy/CleaningService_EditorBox/p_CleaningService' is present

2019-06-07 15:37:44 - [MESSAGE][PASSED] - Text 'Known that everybody have the personal aim. It is defferent . For example, there are some people think that the most important thing in them life is career. While there are other people think that is family. me too. The most important thing with my life is my small and big family. Because I see the mind is the most important. Let think that if you are verry rich while you alway are worry and sad, you will feel not happy. So I think we should spend many time for looking after our family. When we have a happy family, we will have power to try. At that time we will work better. How do you think. Anna and Henry go to the doctor. Anna has an ultrasound scan. 33GEZ' is set on object 'Object Repository/GreenCleaningPolicy/CleaningService_EditorBox/body_CS_EditorBox'

2019-06-07 15:37:47 - [MESSAGE][PASSED] - Delayed 3 second(s)

2019-06-07 15:37:47 - [MESSAGE][PASSED] - Text of object 'Object Repository/GreenCleaningPolicy/CleaningService_EditorBox/body_CS_EditorBox' is: 'Known that everybody have the personal aim. It is defferent . For example, there are some people think that the most important thing in them life is career. While there are other people think that is family. me too. The most important thing with my life is my small and big family. Because I see the mind is the most important. Let think that if you are verry rich while you alway are worry and sad, you will feel not happy. So I think we should spend many time for looking after our family. When we have a happy family, we will have power to try. At that time we will work better. How do you think. Anna and Henry go to the doctor. Anna has an ultrasound scan. 33GEZ'

2019-06-07 15:37:47 - [MESSAGE][PASSED] - Actual text 'Known that everybody have the personal aim. It is defferent . For example, there are some people think that the most important thing in them life is career. While there are other people think that is family. me too. The most important thing with my life is my small and big family. Because I see the mind is the most important. Let think that if you are verry rich while you alway are worry and sad, you will feel not happy. So I think we should spend many time for looking after our family. When we have a happy family, we will have power to try. At that time we will work better. How do you think. Anna and Henry go to the doctor. Anna has an ultrasound scan. 33GEZ' and expected text 'Known that everybody have the personal aim. It is defferent . For example, there are some people think that the most important thing in them life is career. While there are other people think that is family. me too. The most important thing with my life is my small and big family. Because I see the mind is the most important. Let think that if you are verry rich while you alway are worry and sad, you will feel not happy. So I think we should spend many time for looking after our family. When we have a happy family, we will have power to try. At that time we will work better. How do you think. Anna and Henry go to the doctor. Anna has an ultrasound scan. 33GEZ' are matched 

2019-06-07 15:37:47 - [MESSAGE][PASSED] - Object 'Object Repository/GreenCleaningPolicy/SpecialCircumstances/AddFile_UploadAddtionalDoc_SC/p_Upload any additional documentation that supports' is present

2019-06-07 15:37:47 - [MESSAGE][PASSED] - Scroll to object 'Object Repository/GreenCleaningPolicy/SpecialCircumstances/AddFile_UploadAddtionalDoc_SC/p_Upload any additional documentation that supports' successfully

2019-06-07 15:37:47 - [MESSAGE][PASSED] - Object 'Object Repository/GreenCleaningPolicy/SpecialCircumstances/AddFile_UploadAddtionalDoc_SC/Button_UploadAdditionalDoc_SC' has attribute 'class' with value 'tiny ui button'

2019-06-07 15:37:47 - [MESSAGE][PASSED] - File 'H:\Git Projects\Usgbc_LeedOnline_ScoreCard\Usgbc_LeedOnline_ScoreCard\Include\TestData\MultipleFileDiffExt\SampleGIFImage_350kbmb.gif' sent to object: 'Object Repository/GreenCleaningPolicy/SpecialCircumstances/AddFile_UploadAddtionalDoc_SC/input_UploadAdditionalDoc_SC'

2019-06-07 15:37:48 - [MESSAGE][PASSED] - Delayed 1 second(s)

2019-06-07 15:37:51 - [MESSAGE][PASSED] - Object 'Object Repository/GreenCleaningPolicy/SpecialCircumstances/AddFile_UploadAddtionalDoc_SC/Button_UploadAdditionalDoc_SC' has attribute 'class' with value 'tiny ui button'

2019-06-07 15:37:51 - [MESSAGE][PASSED] - File 'H:\Git Projects\Usgbc_LeedOnline_ScoreCard\Usgbc_LeedOnline_ScoreCard\Include\TestData\MultipleFileDiffExt\SamplePPTFile_1000kb.ppt' sent to object: 'Object Repository/GreenCleaningPolicy/SpecialCircumstances/AddFile_UploadAddtionalDoc_SC/input_UploadAdditionalDoc_SC'

2019-06-07 15:37:52 - [MESSAGE][PASSED] - Delayed 1 second(s)

2019-06-07 15:37:59 - [MESSAGE][PASSED] - Object 'Object Repository/GreenCleaningPolicy/SpecialCircumstances/AddFile_UploadAddtionalDoc_SC/Button_UploadAdditionalDoc_SC' has attribute 'class' with value 'tiny ui button'

2019-06-07 15:37:59 - [MESSAGE][PASSED] - File 'H:\Git Projects\Usgbc_LeedOnline_ScoreCard\Usgbc_LeedOnline_ScoreCard\Include\TestData\MultipleFileDiffExt\ZZ.pdf' sent to object: 'Object Repository/GreenCleaningPolicy/SpecialCircumstances/AddFile_UploadAddtionalDoc_SC/input_UploadAdditionalDoc_SC'

2019-06-07 15:38:00 - [MESSAGE][PASSED] - Delayed 1 second(s)

2019-06-07 15:38:00 - [MESSAGE][PASSED] - Scroll to object 'Object Repository/GreenCleaningPolicy/SpecialCircumstances/SC_EditorBox/p_Describe the circumstances limiting the project teams' successfully

2019-06-07 15:38:00 - [MESSAGE][PASSED] - Object 'Object Repository/GreenCleaningPolicy/SpecialCircumstances/SC_EditorBox/p_Describe the circumstances limiting the project teams' is present

2019-06-07 15:38:03 - [MESSAGE][PASSED] - Text 'Known that everybody have the personal aim. It is defferent . For example, there are some people think that the most important thing in them life is career. While there are other people think that is family. me too. The most important thing with my life is my small and big family. Because I see the mind is the most important. Let think that if you are verry rich while you alway are worry and sad, you will feel not happy. So I think we should spend many time for looking after our family. When we have a happy family, we will have power to try. At that time we will work better. How do you think. Anna and Henry go to the doctor. Anna has an ultrasound scan. 33GEZ' is set on object 'Object Repository/GreenCleaningPolicy/SpecialCircumstances/SC_EditorBox/body_SC_EditorBox'

2019-06-07 15:38:06 - [MESSAGE][PASSED] - Delayed 3 second(s)

2019-06-07 15:38:07 - [MESSAGE][PASSED] - Text of object 'Object Repository/GreenCleaningPolicy/SpecialCircumstances/SC_EditorBox/body_SC_EditorBox' is: 'Known that everybody have the personal aim. It is defferent . For example, there are some people think that the most important thing in them life is career. While there are other people think that is family. me too. The most important thing with my life is my small and big family. Because I see the mind is the most important. Let think that if you are verry rich while you alway are worry and sad, you will feel not happy. So I think we should spend many time for looking after our family. When we have a happy family, we will have power to try. At that time we will work better. How do you think. Anna and Henry go to the doctor. Anna has an ultrasound scan. 33GEZ'

2019-06-07 15:38:07 - [MESSAGE][PASSED] - Actual text 'Known that everybody have the personal aim. It is defferent . For example, there are some people think that the most important thing in them life is career. While there are other people think that is family. me too. The most important thing with my life is my small and big family. Because I see the mind is the most important. Let think that if you are verry rich while you alway are worry and sad, you will feel not happy. So I think we should spend many time for looking after our family. When we have a happy family, we will have power to try. At that time we will work better. How do you think. Anna and Henry go to the doctor. Anna has an ultrasound scan. 33GEZ' and expected text 'Known that everybody have the personal aim. It is defferent . For example, there are some people think that the most important thing in them life is career. While there are other people think that is family. me too. The most important thing with my life is my small and big family. Because I see the mind is the most important. Let think that if you are verry rich while you alway are worry and sad, you will feel not happy. So I think we should spend many time for looking after our family. When we have a happy family, we will have power to try. At that time we will work better. How do you think. Anna and Henry go to the doctor. Anna has an ultrasound scan. 33GEZ' are matched 

2019-06-07 15:38:17 - [MESSAGE][PASSED] - Delayed 10 second(s)

2019-06-07 15:38:17 - [MESSAGE][PASSED] - Object 'Object Repository/GreenCleaningPolicy/button_Save' is visible

2019-06-07 15:38:17 - [MESSAGE][PASSED] - Object: 'Object Repository/GreenCleaningPolicy/button_Save' is clicked on

2019-06-07 15:38:19 - [MESSAGE][PASSED] - Delayed 2 second(s)

2019-06-07 15:38:19 - [MESSAGE][PASSED] - Text 'Form data saved successfully.' is present on page 

2019-06-07 15:38:19 - [MESSAGE][PASSED] - Scroll to object 'Object Repository/GreenCleaningPolicy/icon_pdf' successfully

2019-06-07 15:38:19 - [MESSAGE][PASSED] - Object 'Object Repository/GreenCleaningPolicy/icon_pdf' is present

2019-06-07 15:38:24 - [MESSAGE][PASSED] - Delayed 5 second(s)

2019-06-07 15:38:24 - [MESSAGE][PASSED] - Object: 'Object Repository/GreenCleaningPolicy/icon_pdf' is clicked on

2019-06-07 15:38:34 - [MESSAGE][PASSED] - Delayed 10 second(s)

2019-06-07 15:38:40 - [MESSAGE][PASSED] - Delayed 5 second(s)

2019-06-07 15:38:40 - [MESSAGE][PASSED] - Scroll to object 'Object Repository/GreenCleaningPolicy/Option1_GreenCleanPlcy/AddFile_UploadGreenCleaningPlcy_Option1/p_Upload the Green Cleaning Policy' successfully

2019-06-07 15:38:42 - [MESSAGE][PASSED] - Delayed 2 second(s)

2019-06-07 15:38:48 - [MESSAGE][PASSED] - Delayed 5 second(s)

2019-06-07 15:38:48 - [MESSAGE][PASSED] - Scroll to object 'Object Repository/GreenCleaningPolicy/CleaningService_EditorBox/p_CleaningService' successfully

2019-06-07 15:38:48 - [MESSAGE][PASSED] - Text of object 'Object Repository/GreenCleaningPolicy/CleaningService_EditorBox/body_CS_EditorBox' is: 'Known that everybody have the personal aim. It is defferent . For example, there are some people think that the most important thing in them life is career. While there are other people think that is family. me too. The most important thing with my life is my small and big family. Because I see the mind is the most important. Let think that if you are verry rich while you alway are worry and sad, you will feel not happy. So I think we should spend many time for looking after our family. When we have a happy family, we will have power to try. At that time we will work better. How do you think. Anna and Henry go to the doctor. Anna has an ultrasound scan. 33GEZ'

2019-06-07 15:38:50 - [MESSAGE][PASSED] - Delayed 2 second(s)

2019-06-07 15:38:55 - [MESSAGE][PASSED] - Delayed 5 second(s)

2019-06-07 15:38:55 - [MESSAGE][PASSED] - Scroll to object 'Object Repository/GreenCleaningPolicy/SpecialCircumstances/SC_EditorBox/p_Describe the circumstances limiting the project teams' successfully

2019-06-07 15:38:55 - [MESSAGE][PASSED] - Text of object 'Object Repository/GreenCleaningPolicy/SpecialCircumstances/SC_EditorBox/body_SC_EditorBox' is: 'Known that everybody have the personal aim. It is defferent . For example, there are some people think that the most important thing in them life is career. While there are other people think that is family. me too. The most important thing with my life is my small and big family. Because I see the mind is the most important. Let think that if you are verry rich while you alway are worry and sad, you will feel not happy. So I think we should spend many time for looking after our family. When we have a happy family, we will have power to try. At that time we will work better. How do you think. Anna and Henry go to the doctor. Anna has an ultrasound scan. 33GEZ'

2019-06-07 15:38:57 - [MESSAGE][PASSED] - Delayed 2 second(s)

2019-06-07 15:39:02 - [MESSAGE][PASSED] - Delayed 5 second(s)

2019-06-07 15:39:02 - [MESSAGE][PASSED] - Scroll to object 'Object Repository/GreenCleaningPolicy/SpecialCircumstances/SC_EditorBox/p_Describe the circumstances limiting the project teams' successfully

2019-06-07 15:39:05 - [MESSAGE][PASSED] - Delayed 2 second(s)

2019-06-07 15:39:06 - [MESSAGE][PASSED] - Refresh successfully

2019-06-07 15:39:06 - [MESSAGE][PASSED] - Text of object 'Object Repository/GreenCleaningPolicy/CleaningService_EditorBox/body_CS_EditorBox' is: 'Known that everybody have the personal aim. It is defferent . For example, there are some people think that the most important thing in them life is career. While there are other people think that is family. me too. The most important thing with my life is my small and big family. Because I see the mind is the most important. Let think that if you are verry rich while you alway are worry and sad, you will feel not happy. So I think we should spend many time for looking after our family. When we have a happy family, we will have power to try. At that time we will work better. How do you think. Anna and Henry go to the doctor. Anna has an ultrasound scan. 33GEZ'

2019-06-07 15:39:06 - [MESSAGE][PASSED] - Actual text 'Known that everybody have the personal aim. It is defferent . For example, there are some people think that the most important thing in them life is career. While there are other people think that is family. me too. The most important thing with my life is my small and big family. Because I see the mind is the most important. Let think that if you are verry rich while you alway are worry and sad, you will feel not happy. So I think we should spend many time for looking after our family. When we have a happy family, we will have power to try. At that time we will work better. How do you think. Anna and Henry go to the doctor. Anna has an ultrasound scan. 33GEZ' and expected text 'Known that everybody have the personal aim. It is defferent . For example, there are some people think that the most important thing in them life is career. While there are other people think that is family. me too. The most important thing with my life is my small and big family. Because I see the mind is the most important. Let think that if you are verry rich while you alway are worry and sad, you will feel not happy. So I think we should spend many time for looking after our family. When we have a happy family, we will have power to try. At that time we will work better. How do you think. Anna and Henry go to the doctor. Anna has an ultrasound scan. 33GEZ' are matched 

2019-06-07 15:39:08 - [MESSAGE][PASSED] - Delayed 2 second(s)

2019-06-07 15:39:08 - [MESSAGE][PASSED] - Text of object 'Object Repository/GreenCleaningPolicy/CleaningService_EditorBox/body_CS_EditorBox' is: 'Known that everybody have the personal aim. It is defferent . For example, there are some people think that the most important thing in them life is career. While there are other people think that is family. me too. The most important thing with my life is my small and big family. Because I see the mind is the most important. Let think that if you are verry rich while you alway are worry and sad, you will feel not happy. So I think we should spend many time for looking after our family. When we have a happy family, we will have power to try. At that time we will work better. How do you think. Anna and Henry go to the doctor. Anna has an ultrasound scan. 33GEZ'

2019-06-07 15:39:08 - [MESSAGE][PASSED] - Actual text 'Known that everybody have the personal aim. It is defferent . For example, there are some people think that the most important thing in them life is career. While there are other people think that is family. me too. The most important thing with my life is my small and big family. Because I see the mind is the most important. Let think that if you are verry rich while you alway are worry and sad, you will feel not happy. So I think we should spend many time for looking after our family. When we have a happy family, we will have power to try. At that time we will work better. How do you think. Anna and Henry go to the doctor. Anna has an ultrasound scan. 33GEZ' and expected text 'Known that everybody have the personal aim. It is defferent . For example, there are some people think that the most important thing in them life is career. While there are other people think that is family. me too. The most important thing with my life is my small and big family. Because I see the mind is the most important. Let think that if you are verry rich while you alway are worry and sad, you will feel not happy. So I think we should spend many time for looking after our family. When we have a happy family, we will have power to try. At that time we will work better. How do you think. Anna and Henry go to the doctor. Anna has an ultrasound scan. 33GEZ' are matched 

2019-06-07 15:39:10 - [MESSAGE][PASSED] - Delayed 2 second(s)

2019-06-07 15:39:11 - [MESSAGE][PASSED] - Navigate back successfully

2019-06-07 15:39:13 - [MESSAGE][PASSED] - Delayed 2 second(s)

2019-06-07 15:39:13 - [MESSAGE][PASSED] - Text of object 'Object Repository/GreenCleaningPolicy/h3_Status' is: 'ATTEMPTED'

2019-06-07 15:39:13 - [MESSAGE][PASSED] - Object: 'Object Repository/GreenCleaningPolicy/a_MarkReadyForReview' is clicked on

2019-06-07 15:39:18 - [MESSAGE][PASSED] - Delayed 5 second(s)

2019-06-07 15:39:18 - [MESSAGE][PASSED] - Text of object 'Object Repository/GreenCleaningPolicy/h3_Status' is: 'READY FOR REVIEW'

2019-06-07 15:39:18 - [MESSAGE][PASSED] - Run with 'greenCleaningPolicyForm.Runner_In_house' was passed]]></system-out>
         <system-err><![CDATA[]]></system-err>
      </testcase>
      <testcase name="Test Cases/GreenCleaningPolicy/TC_GCP_VerifyUploadedFile_option1" classname="Test Cases/GreenCleaningPolicy/TC_GCP_VerifyUploadedFile_option1" status="PASSED">
         <system-out><![CDATA[2019-06-07 15:39:18 - [TEST_CASE][PASSED] - Test Cases/GreenCleaningPolicy/TC_GCP_VerifyUploadedFile_option1: Test Cases/GreenCleaningPolicy/TC_GCP_VerifyUploadedFile_option1

2019-06-07 15:39:19 - [TEST_STEP][PASSED] - runWithCucumberRunner(greenCleaningPolicyForm.Runner_VerifyUploadFile_option1): Run with 'greenCleaningPolicyForm.Runner_VerifyUploadFile_option1' was passed

2019-06-07 15:39:19 - [TEST_CASE][PASSED] - Test Cases/GreenCleaningPolicy/TC_NavigateToGCP: Test Cases/GreenCleaningPolicy/TC_NavigateToGCP

2019-06-07 15:39:19 - [TEST_STEP][PASSED] - runWithCucumberRunner(greenCleaningPolicyForm.Runner_NavigateToGCP): Run with 'greenCleaningPolicyForm.Runner_NavigateToGCP' was passed

2019-06-07 15:39:20 - [TEST_CASE][PASSED] - Test Cases/Login/TC_Login: Test Cases/Login/TC_Login

2019-06-07 15:39:20 - [TEST_STEP][PASSED] - runWithCucumberRunner(common.Runner_Login): Run with 'common.Runner_Login' was passed

2019-06-07 15:39:20 - [MESSAGE][WARNING] - A browser is already opened. Closing browser and opening a new one

2019-06-07 15:39:21 - [MESSAGE][INFO] - Starting 'Chrome (headless)' driver

2019-06-07 15:39:21 - [MESSAGE][INFO] - User set preference: ['args', '[--window-size=1920,1080]']

2019-06-07 15:39:23 - [MESSAGE][PASSED] - Browser is opened with url: ''

2019-06-07 15:39:26 - [MESSAGE][PASSED] - Navigate to 'https://leedonline-stg.usgbc.org' successfully

2019-06-07 15:39:28 - [MESSAGE][PASSED] - Delayed 2 second(s)

2019-06-07 15:39:28 - [MESSAGE][PASSED] - Text 'jaypeejay@hotmail.com' is set on object 'Object Repository/Login/input_username'

2019-06-07 15:39:28 - [MESSAGE][PASSED] - Text 'initpass' is set on object 'Object Repository/Login/input_password'

2019-06-07 15:39:31 - [MESSAGE][PASSED] - Delayed 3 second(s)

2019-06-07 15:39:31 - [MESSAGE][PASSED] - Scroll to object 'Object Repository/Login/span_End User License Agreement' successfully

2019-06-07 15:39:31 - [MESSAGE][PASSED] - Object 'Object Repository/Login/span_End User License Agreement' is visible

2019-06-07 15:39:31 - [MESSAGE][PASSED] - Object 'Object Repository/Login/span_End User License Agreement' is checked

2019-06-07 15:39:32 - [MESSAGE][PASSED] - Delayed 1 second(s)

2019-06-07 15:39:32 - [MESSAGE][PASSED] - Object: 'Object Repository/Login/button_Log In' is clicked on

2019-06-07 15:39:42 - [MESSAGE][PASSED] - Object: '' is clicked on

2019-06-07 15:39:44 - [MESSAGE][PASSED] - Object: 'Object Repository/Login/a_Credits' is clicked on

2019-06-07 15:39:44 - [MESSAGE][PASSED] - Run with 'common.Runner_Login' was passed

2019-06-07 15:39:44 - [MESSAGE][PASSED] - Call Test Case 'Test Cases/Login/TC_Login' successfully

2019-06-07 15:39:45 - [MESSAGE][PASSED] - Scroll to object 'Object Repository/GreenCleaningPolicy/div_Green Cleaning Policy' successfully

2019-06-07 15:39:45 - [MESSAGE][PASSED] - Object 'Object Repository/GreenCleaningPolicy/div_Green Cleaning Policy' is present

2019-06-07 15:39:45 - [MESSAGE][PASSED] - Text of object 'Object Repository/GreenCleaningPolicy/h3_Status' is: 'READY FOR REVIEW'

2019-06-07 15:39:45 - [MESSAGE][PASSED] - Text of object 'Object Repository/GreenCleaningPolicy/divval' is: 'READY FOR REVIEW'

2019-06-07 15:39:45 - [MESSAGE][PASSED] - Object: 'Object Repository/GreenCleaningPolicy/a_MarkReadyForReview' is clicked on

2019-06-07 15:39:50 - [MESSAGE][PASSED] - Delayed 5 second(s)

2019-06-07 15:39:50 - [MESSAGE][PASSED] - Text of object 'Object Repository/GreenCleaningPolicy/h3_Status' is: 'ATTEMPTED'

2019-06-07 15:39:50 - [MESSAGE][PASSED] - Object: 'Object Repository/GreenCleaningPolicy/div_Green Cleaning Policy' is clicked on

2019-06-07 15:39:54 - [MESSAGE][PASSED] - Object: 'Object Repository/GreenCleaningPolicy/a_Form (V01)' is clicked on

2019-06-07 15:39:54 - [MESSAGE][PASSED] - Object 'Object Repository/GreenCleaningPolicy/div_Green Cleaning Policy_Credit library' is present

2019-06-07 15:39:54 - [MESSAGE][PASSED] - Run with 'greenCleaningPolicyForm.Runner_NavigateToGCP' was passed

2019-06-07 15:39:54 - [MESSAGE][PASSED] - Call Test Case 'Test Cases/GreenCleaningPolicy/TC_NavigateToGCP' successfully

2019-06-07 15:39:54 - [MESSAGE][PASSED] - Object: 'Object Repository/GreenCleaningPolicy/Option1_GreenCleanPlcy/input_Option1_Radiobtn' is clicked on

2019-06-07 15:39:56 - [MESSAGE][PASSED] - Delayed 2 second(s)

2019-06-07 15:39:56 - [MESSAGE][PASSED] - Scroll to object 'Object Repository/GreenCleaningPolicy/Option1_GreenCleanPlcy/Table_UploadGreenCleaningPolicy' successfully

2019-06-07 15:39:56 - [MESSAGE][PASSED] - Object 'Object Repository/GreenCleaningPolicy/Option1_GreenCleanPlcy/Table_UploadGreenCleaningPolicy' is present

2019-06-07 15:39:56 - [MESSAGE][PASSED] - Text of object '' is: 'ZZ.pdf'

2019-06-07 15:39:57 - [MESSAGE][PASSED] - ZZ.pdf is equal to ZZ.pdf

2019-06-07 15:39:57 - [MESSAGE][PASSED] - Actual text 'ZZ.pdf' and expected text 'ZZ.pdf' are matched 

2019-06-07 15:39:57 - [MESSAGE][PASSED] - Text of object '' is: 'SampleGIFImage_350kbmb.gif'

2019-06-07 15:39:57 - [MESSAGE][PASSED] - SampleGIFImage_350kbmb.gif is equal to SampleGIFImage_350kbmb.gif

2019-06-07 15:39:57 - [MESSAGE][PASSED] - Actual text 'SampleGIFImage_350kbmb.gif' and expected text 'SampleGIFImage_350kbmb.gif' are matched 

2019-06-07 15:39:57 - [MESSAGE][PASSED] - Text of object '' is: 'SamplePPTFile_1000kb.ppt'

2019-06-07 15:39:57 - [MESSAGE][PASSED] - SamplePPTFile_1000kb.ppt is equal to SamplePPTFile_1000kb.ppt

2019-06-07 15:39:57 - [MESSAGE][PASSED] - Actual text 'SamplePPTFile_1000kb.ppt' and expected text 'SamplePPTFile_1000kb.ppt' are matched 

2019-06-07 15:39:57 - [MESSAGE][PASSED] - Text of object '' is: 'ZZ.pdf'

2019-06-07 15:39:57 - [MESSAGE][PASSED] - ZZ.pdf is equal to ZZ.pdf

2019-06-07 15:39:57 - [MESSAGE][PASSED] - Actual text 'ZZ.pdf' and expected text 'ZZ.pdf' are matched 

2019-06-07 15:39:57 - [MESSAGE][PASSED] - Scroll to object 'Object Repository/GreenCleaningPolicy/SpecialCircumstances/Table_SpecialCircum' successfully

2019-06-07 15:39:57 - [MESSAGE][PASSED] - Object 'Object Repository/GreenCleaningPolicy/SpecialCircumstances/Table_SpecialCircum' is present

2019-06-07 15:39:57 - [MESSAGE][PASSED] - Text of object '' is: 'ZZ.pdf'

2019-06-07 15:39:58 - [MESSAGE][PASSED] - ZZ.pdf is equal to ZZ.pdf

2019-06-07 15:39:58 - [MESSAGE][PASSED] - Actual text 'ZZ.pdf' and expected text 'ZZ.pdf' are matched 

2019-06-07 15:39:58 - [MESSAGE][PASSED] - Text of object '' is: 'SampleGIFImage_350kbmb.gif'

2019-06-07 15:39:58 - [MESSAGE][PASSED] - SampleGIFImage_350kbmb.gif is equal to SampleGIFImage_350kbmb.gif

2019-06-07 15:39:58 - [MESSAGE][PASSED] - Actual text 'SampleGIFImage_350kbmb.gif' and expected text 'SampleGIFImage_350kbmb.gif' are matched 

2019-06-07 15:39:58 - [MESSAGE][PASSED] - Text of object '' is: 'SamplePPTFile_1000kb.ppt'

2019-06-07 15:39:58 - [MESSAGE][PASSED] - SamplePPTFile_1000kb.ppt is equal to SamplePPTFile_1000kb.ppt

2019-06-07 15:39:58 - [MESSAGE][PASSED] - Actual text 'SamplePPTFile_1000kb.ppt' and expected text 'SamplePPTFile_1000kb.ppt' are matched 

2019-06-07 15:39:58 - [MESSAGE][PASSED] - Text of object '' is: 'ZZ.pdf'

2019-06-07 15:39:58 - [MESSAGE][PASSED] - ZZ.pdf is equal to ZZ.pdf

2019-06-07 15:39:58 - [MESSAGE][PASSED] - Actual text 'ZZ.pdf' and expected text 'ZZ.pdf' are matched 

2019-06-07 15:39:58 - [MESSAGE][PASSED] - Run with 'greenCleaningPolicyForm.Runner_VerifyUploadFile_option1' was passed]]></system-out>
         <system-err><![CDATA[]]></system-err>
      </testcase>
      <testcase name="Test Cases/GreenCleaningPolicy/TC_GCP_DownloadFiles_option1" classname="Test Cases/GreenCleaningPolicy/TC_GCP_DownloadFiles_option1" status="PASSED">
         <system-out><![CDATA[2019-06-07 15:39:58 - [TEST_CASE][PASSED] - Test Cases/GreenCleaningPolicy/TC_GCP_DownloadFiles_option1: Test Cases/GreenCleaningPolicy/TC_GCP_DownloadFiles_option1

2019-06-07 15:39:58 - [TEST_STEP][PASSED] - runWithCucumberRunner(greenCleaningPolicyForm.Runner_DownloadFiles_option1): Run with 'greenCleaningPolicyForm.Runner_DownloadFiles_option1' was passed

2019-06-07 15:39:59 - [TEST_CASE][PASSED] - Test Cases/GreenCleaningPolicy/TC_NavigateToGCP: Test Cases/GreenCleaningPolicy/TC_NavigateToGCP

2019-06-07 15:39:59 - [TEST_STEP][PASSED] - runWithCucumberRunner(greenCleaningPolicyForm.Runner_NavigateToGCP): Run with 'greenCleaningPolicyForm.Runner_NavigateToGCP' was passed

2019-06-07 15:39:59 - [TEST_CASE][PASSED] - Test Cases/Login/TC_Login: Test Cases/Login/TC_Login

2019-06-07 15:39:59 - [TEST_STEP][PASSED] - runWithCucumberRunner(common.Runner_Login): Run with 'common.Runner_Login' was passed

2019-06-07 15:39:59 - [MESSAGE][WARNING] - A browser is already opened. Closing browser and opening a new one

2019-06-07 15:40:00 - [MESSAGE][INFO] - Starting 'Chrome (headless)' driver

2019-06-07 15:40:00 - [MESSAGE][INFO] - User set preference: ['args', '[--window-size=1920,1080]']

2019-06-07 15:40:02 - [MESSAGE][PASSED] - Browser is opened with url: ''

2019-06-07 15:40:05 - [MESSAGE][PASSED] - Navigate to 'https://leedonline-stg.usgbc.org' successfully

2019-06-07 15:40:07 - [MESSAGE][PASSED] - Delayed 2 second(s)

2019-06-07 15:40:07 - [MESSAGE][PASSED] - Text 'jaypeejay@hotmail.com' is set on object 'Object Repository/Login/input_username'

2019-06-07 15:40:07 - [MESSAGE][PASSED] - Text 'initpass' is set on object 'Object Repository/Login/input_password'

2019-06-07 15:40:10 - [MESSAGE][PASSED] - Delayed 3 second(s)

2019-06-07 15:40:10 - [MESSAGE][PASSED] - Scroll to object 'Object Repository/Login/span_End User License Agreement' successfully

2019-06-07 15:40:11 - [MESSAGE][PASSED] - Object 'Object Repository/Login/span_End User License Agreement' is visible

2019-06-07 15:40:11 - [MESSAGE][PASSED] - Object 'Object Repository/Login/span_End User License Agreement' is checked

2019-06-07 15:40:12 - [MESSAGE][PASSED] - Delayed 1 second(s)

2019-06-07 15:40:12 - [MESSAGE][PASSED] - Object: 'Object Repository/Login/button_Log In' is clicked on

2019-06-07 15:40:21 - [MESSAGE][PASSED] - Object: '' is clicked on

2019-06-07 15:40:23 - [MESSAGE][PASSED] - Object: 'Object Repository/Login/a_Credits' is clicked on

2019-06-07 15:40:23 - [MESSAGE][PASSED] - Run with 'common.Runner_Login' was passed

2019-06-07 15:40:23 - [MESSAGE][PASSED] - Call Test Case 'Test Cases/Login/TC_Login' successfully

2019-06-07 15:40:23 - [MESSAGE][PASSED] - Scroll to object 'Object Repository/GreenCleaningPolicy/div_Green Cleaning Policy' successfully

2019-06-07 15:40:23 - [MESSAGE][PASSED] - Object 'Object Repository/GreenCleaningPolicy/div_Green Cleaning Policy' is present

2019-06-07 15:40:23 - [MESSAGE][PASSED] - Text of object 'Object Repository/GreenCleaningPolicy/h3_Status' is: 'ATTEMPTED'

2019-06-07 15:40:23 - [MESSAGE][PASSED] - Text of object 'Object Repository/GreenCleaningPolicy/divval' is: 'ATTEMPTED'

2019-06-07 15:40:23 - [MESSAGE][PASSED] - Text of object 'Object Repository/GreenCleaningPolicy/h3_Status' is: 'ATTEMPTED'

2019-06-07 15:40:23 - [MESSAGE][PASSED] - Object: 'Object Repository/GreenCleaningPolicy/div_Green Cleaning Policy' is clicked on

2019-06-07 15:40:27 - [MESSAGE][PASSED] - Object: 'Object Repository/GreenCleaningPolicy/a_Form (V01)' is clicked on

2019-06-07 15:40:27 - [MESSAGE][PASSED] - Object 'Object Repository/GreenCleaningPolicy/div_Green Cleaning Policy_Credit library' is present

2019-06-07 15:40:27 - [MESSAGE][PASSED] - Run with 'greenCleaningPolicyForm.Runner_NavigateToGCP' was passed

2019-06-07 15:40:27 - [MESSAGE][PASSED] - Call Test Case 'Test Cases/GreenCleaningPolicy/TC_NavigateToGCP' successfully

2019-06-07 15:40:27 - [MESSAGE][PASSED] - Object: 'Object Repository/GreenCleaningPolicy/Option1_GreenCleanPlcy/input_Option1_Radiobtn' is clicked on

2019-06-07 15:40:29 - [MESSAGE][PASSED] - Delayed 2 second(s)

2019-06-07 15:40:29 - [MESSAGE][PASSED] - Scroll to object 'Object Repository/GreenCleaningPolicy/Option1_GreenCleanPlcy/Table_UploadGreenCleaningPolicy' successfully

2019-06-07 15:40:29 - [MESSAGE][PASSED] - Object 'Object Repository/GreenCleaningPolicy/Option1_GreenCleanPlcy/Table_UploadGreenCleaningPolicy' is present

2019-06-07 15:40:29 - [MESSAGE][PASSED] - Scroll to object 'Object Repository/GreenCleaningPolicy/Option1_GreenCleanPlcy/AddFile_UploadGreenCleaningPlcy_Option1/p_Upload the Green Cleaning Policy' successfully

2019-06-07 15:40:31 - [MESSAGE][PASSED] - Delayed 2 second(s)

2019-06-07 15:40:32 - [MESSAGE][PASSED] - Object: 'Object Repository/GreenCleaningPolicy/Option1_GreenCleanPlcy/AddFile_UploadGreenCleaningPlcy_Option1/p_Upload the Green Cleaning Policy' is hovered

2019-06-07 15:40:32 - [MESSAGE][PASSED] - Object: '' is clicked on

2019-06-07 15:40:32 - [MESSAGE][PASSED] - Text of object '' is: 'ZZ.pdf'

2019-06-07 15:40:42 - [MESSAGE][PASSED] - Delayed 10 second(s)

2019-06-07 15:40:42 - [MESSAGE][PASSED] - Object: 'Object Repository/GreenCleaningPolicy/Option1_GreenCleanPlcy/AddFile_UploadGreenCleaningPlcy_Option1/p_Upload the Green Cleaning Policy' is hovered

2019-06-07 15:40:44 - [MESSAGE][PASSED] - Delayed 2 second(s)

2019-06-07 15:40:46 - [MESSAGE][PASSED] - Delayed 2 second(s)

2019-06-07 15:40:46 - [MESSAGE][PASSED] - Object: 'Object Repository/GreenCleaningPolicy/Option1_GreenCleanPlcy/AddFile_UploadGreenCleaningPlcy_Option1/p_Upload the Green Cleaning Policy' is hovered

2019-06-07 15:40:46 - [MESSAGE][PASSED] - Object: '' is clicked on

2019-06-07 15:40:46 - [MESSAGE][PASSED] - Text of object '' is: 'SamplePPTFile_1000kb.ppt'

2019-06-07 15:40:56 - [MESSAGE][PASSED] - Delayed 10 second(s)

2019-06-07 15:40:57 - [MESSAGE][PASSED] - Object: 'Object Repository/GreenCleaningPolicy/Option1_GreenCleanPlcy/AddFile_UploadGreenCleaningPlcy_Option1/p_Upload the Green Cleaning Policy' is hovered

2019-06-07 15:40:59 - [MESSAGE][PASSED] - Delayed 2 second(s)

2019-06-07 15:41:01 - [MESSAGE][PASSED] - Delayed 2 second(s)

2019-06-07 15:41:01 - [MESSAGE][PASSED] - Object: 'Object Repository/GreenCleaningPolicy/Option1_GreenCleanPlcy/AddFile_UploadGreenCleaningPlcy_Option1/p_Upload the Green Cleaning Policy' is hovered

2019-06-07 15:41:01 - [MESSAGE][PASSED] - Object: '' is clicked on

2019-06-07 15:41:01 - [MESSAGE][PASSED] - Text of object '' is: 'SampleGIFImage_350kbmb.gif'

2019-06-07 15:41:11 - [MESSAGE][PASSED] - Delayed 10 second(s)

2019-06-07 15:41:11 - [MESSAGE][PASSED] - Object: 'Object Repository/GreenCleaningPolicy/Option1_GreenCleanPlcy/AddFile_UploadGreenCleaningPlcy_Option1/p_Upload the Green Cleaning Policy' is hovered

2019-06-07 15:41:13 - [MESSAGE][PASSED] - Delayed 2 second(s)

2019-06-07 15:41:15 - [MESSAGE][PASSED] - Delayed 2 second(s)

2019-06-07 15:41:15 - [MESSAGE][PASSED] - Object: 'Object Repository/GreenCleaningPolicy/Option1_GreenCleanPlcy/AddFile_UploadGreenCleaningPlcy_Option1/p_Upload the Green Cleaning Policy' is hovered

2019-06-07 15:41:15 - [MESSAGE][PASSED] - Object: '' is clicked on

2019-06-07 15:41:15 - [MESSAGE][PASSED] - Text of object '' is: 'ZZ.pdf'

2019-06-07 15:41:16 - [MESSAGE][PASSED] - Object: 'Object Repository/GreenCleaningPolicy/Option1_GreenCleanPlcy/AddFile_UploadGreenCleaningPlcy_Option1/p_Upload the Green Cleaning Policy' is hovered

2019-06-07 15:41:18 - [MESSAGE][PASSED] - Delayed 2 second(s)

2019-06-07 15:41:21 - [MESSAGE][PASSED] - Delayed 3 second(s)

2019-06-07 15:41:23 - [MESSAGE][PASSED] - Delayed 2 second(s)

2019-06-07 15:41:24 - [MESSAGE][PASSED] - Delayed 1 second(s)

2019-06-07 15:41:24 - [MESSAGE][PASSED] - SampleGIFImage_350kbmb.gif exist in H:/Git Projects/Usgbc_LeedOnline_ScoreCard/Usgbc_LeedOnline_ScoreCard/Include/TestData/DownloadedFiles and was deleted

2019-06-07 15:41:24 - [MESSAGE][PASSED] - 

2019-06-07 15:41:24 - [MESSAGE][PASSED] - Actual text 'SampleGIFImage_350kbmb.gif' and expected text 'SampleGIFImage_350kbmb.gif' are matched 

2019-06-07 15:41:26 - [MESSAGE][PASSED] - Delayed 2 second(s)

2019-06-07 15:41:27 - [MESSAGE][PASSED] - Delayed 1 second(s)

2019-06-07 15:41:27 - [MESSAGE][PASSED] - SamplePPTFile_1000kb.ppt exist in H:/Git Projects/Usgbc_LeedOnline_ScoreCard/Usgbc_LeedOnline_ScoreCard/Include/TestData/DownloadedFiles and was deleted

2019-06-07 15:41:27 - [MESSAGE][PASSED] - 

2019-06-07 15:41:27 - [MESSAGE][PASSED] - Actual text 'SamplePPTFile_1000kb.ppt' and expected text 'SamplePPTFile_1000kb.ppt' are matched 

2019-06-07 15:41:29 - [MESSAGE][PASSED] - Delayed 2 second(s)

2019-06-07 15:41:30 - [MESSAGE][PASSED] - Delayed 1 second(s)

2019-06-07 15:41:30 - [MESSAGE][PASSED] - ZZ.pdf exist in H:/Git Projects/Usgbc_LeedOnline_ScoreCard/Usgbc_LeedOnline_ScoreCard/Include/TestData/DownloadedFiles and was deleted

2019-06-07 15:41:30 - [MESSAGE][PASSED] - 

2019-06-07 15:41:30 - [MESSAGE][PASSED] - Actual text 'ZZ.pdf' and expected text 'ZZ.pdf' are matched 

2019-06-07 15:41:30 - [MESSAGE][PASSED] - Scroll to object 'Object Repository/GreenCleaningPolicy/SpecialCircumstances/Table_SpecialCircum' successfully

2019-06-07 15:41:30 - [MESSAGE][PASSED] - Object 'Object Repository/GreenCleaningPolicy/SpecialCircumstances/Table_SpecialCircum' is present

2019-06-07 15:41:30 - [MESSAGE][PASSED] - Scroll to object 'Object Repository/GreenCleaningPolicy/SpecialCircumstances/SC_EditorBox/p_Describe the circumstances limiting the project teams' successfully

2019-06-07 15:41:32 - [MESSAGE][PASSED] - Delayed 2 second(s)

2019-06-07 15:41:32 - [MESSAGE][PASSED] - Object: 'Object Repository/GreenCleaningPolicy/SpecialCircumstances/SC_EditorBox/p_Describe the circumstances limiting the project teams' is hovered

2019-06-07 15:41:32 - [MESSAGE][PASSED] - Object: '' is clicked on

2019-06-07 15:41:32 - [MESSAGE][PASSED] - Text of object '' is: 'ZZ.pdf'

2019-06-07 15:41:42 - [MESSAGE][PASSED] - Delayed 10 second(s)

2019-06-07 15:41:43 - [MESSAGE][PASSED] - Object: 'Object Repository/GreenCleaningPolicy/SpecialCircumstances/SC_EditorBox/p_Describe the circumstances limiting the project teams' is hovered

2019-06-07 15:41:45 - [MESSAGE][PASSED] - Delayed 2 second(s)

2019-06-07 15:41:47 - [MESSAGE][PASSED] - Delayed 2 second(s)

2019-06-07 15:41:47 - [MESSAGE][PASSED] - Object: 'Object Repository/GreenCleaningPolicy/SpecialCircumstances/SC_EditorBox/p_Describe the circumstances limiting the project teams' is hovered

2019-06-07 15:41:47 - [MESSAGE][PASSED] - Object: '' is clicked on

2019-06-07 15:41:47 - [MESSAGE][PASSED] - Text of object '' is: 'SamplePPTFile_1000kb.ppt'

2019-06-07 15:41:57 - [MESSAGE][PASSED] - Delayed 10 second(s)

2019-06-07 15:41:57 - [MESSAGE][PASSED] - Object: 'Object Repository/GreenCleaningPolicy/SpecialCircumstances/SC_EditorBox/p_Describe the circumstances limiting the project teams' is hovered

2019-06-07 15:41:59 - [MESSAGE][PASSED] - Delayed 2 second(s)

2019-06-07 15:42:01 - [MESSAGE][PASSED] - Delayed 2 second(s)

2019-06-07 15:42:01 - [MESSAGE][PASSED] - Object: 'Object Repository/GreenCleaningPolicy/SpecialCircumstances/SC_EditorBox/p_Describe the circumstances limiting the project teams' is hovered

2019-06-07 15:42:01 - [MESSAGE][PASSED] - Object: '' is clicked on

2019-06-07 15:42:01 - [MESSAGE][PASSED] - Text of object '' is: 'SampleGIFImage_350kbmb.gif'

2019-06-07 15:42:11 - [MESSAGE][PASSED] - Delayed 10 second(s)

2019-06-07 15:42:11 - [MESSAGE][PASSED] - Object: 'Object Repository/GreenCleaningPolicy/SpecialCircumstances/SC_EditorBox/p_Describe the circumstances limiting the project teams' is hovered

2019-06-07 15:42:13 - [MESSAGE][PASSED] - Delayed 2 second(s)

2019-06-07 15:42:15 - [MESSAGE][PASSED] - Delayed 2 second(s)

2019-06-07 15:42:16 - [MESSAGE][PASSED] - Object: 'Object Repository/GreenCleaningPolicy/SpecialCircumstances/SC_EditorBox/p_Describe the circumstances limiting the project teams' is hovered

2019-06-07 15:42:16 - [MESSAGE][PASSED] - Object: '' is clicked on

2019-06-07 15:42:16 - [MESSAGE][PASSED] - Text of object '' is: 'ZZ.pdf'

2019-06-07 15:42:16 - [MESSAGE][PASSED] - Object: 'Object Repository/GreenCleaningPolicy/SpecialCircumstances/SC_EditorBox/p_Describe the circumstances limiting the project teams' is hovered

2019-06-07 15:42:18 - [MESSAGE][PASSED] - Delayed 2 second(s)

2019-06-07 15:42:21 - [MESSAGE][PASSED] - Delayed 3 second(s)

2019-06-07 15:42:23 - [MESSAGE][PASSED] - Delayed 2 second(s)

2019-06-07 15:42:24 - [MESSAGE][PASSED] - Delayed 1 second(s)

2019-06-07 15:42:24 - [MESSAGE][PASSED] - SampleGIFImage_350kbmb.gif exist in H:/Git Projects/Usgbc_LeedOnline_ScoreCard/Usgbc_LeedOnline_ScoreCard/Include/TestData/DownloadedFiles and was deleted

2019-06-07 15:42:24 - [MESSAGE][PASSED] - 

2019-06-07 15:42:24 - [MESSAGE][PASSED] - Actual text 'SampleGIFImage_350kbmb.gif' and expected text 'SampleGIFImage_350kbmb.gif' are matched 

2019-06-07 15:42:26 - [MESSAGE][PASSED] - Delayed 2 second(s)

2019-06-07 15:42:27 - [MESSAGE][PASSED] - Delayed 1 second(s)

2019-06-07 15:42:27 - [MESSAGE][PASSED] - SamplePPTFile_1000kb.ppt exist in H:/Git Projects/Usgbc_LeedOnline_ScoreCard/Usgbc_LeedOnline_ScoreCard/Include/TestData/DownloadedFiles and was deleted

2019-06-07 15:42:27 - [MESSAGE][PASSED] - 

2019-06-07 15:42:27 - [MESSAGE][PASSED] - Actual text 'SamplePPTFile_1000kb.ppt' and expected text 'SamplePPTFile_1000kb.ppt' are matched 

2019-06-07 15:42:29 - [MESSAGE][PASSED] - Delayed 2 second(s)

2019-06-07 15:42:30 - [MESSAGE][PASSED] - Delayed 1 second(s)

2019-06-07 15:42:30 - [MESSAGE][PASSED] - ZZ.pdf exist in H:/Git Projects/Usgbc_LeedOnline_ScoreCard/Usgbc_LeedOnline_ScoreCard/Include/TestData/DownloadedFiles and was deleted

2019-06-07 15:42:30 - [MESSAGE][PASSED] - 

2019-06-07 15:42:30 - [MESSAGE][PASSED] - Actual text 'ZZ.pdf' and expected text 'ZZ.pdf' are matched 

2019-06-07 15:42:30 - [MESSAGE][PASSED] - Run with 'greenCleaningPolicyForm.Runner_DownloadFiles_option1' was passed]]></system-out>
         <system-err><![CDATA[]]></system-err>
      </testcase>
      <testcase name="Test Cases/GreenCleaningPolicy/TC_GCP_DeleteUploadedFiles_option1" classname="Test Cases/GreenCleaningPolicy/TC_GCP_DeleteUploadedFiles_option1" status="PASSED">
         <system-out><![CDATA[2019-06-07 15:42:30 - [TEST_CASE][PASSED] - Test Cases/GreenCleaningPolicy/TC_GCP_DeleteUploadedFiles_option1: Test Cases/GreenCleaningPolicy/TC_GCP_DeleteUploadedFiles_option1

2019-06-07 15:42:30 - [TEST_STEP][PASSED] - runWithCucumberRunner(greenCleaningPolicyForm.Runner_DeleteUploadedFiles_option1): Run with 'greenCleaningPolicyForm.Runner_DeleteUploadedFiles_option1' was passed

2019-06-07 15:42:31 - [TEST_CASE][PASSED] - Test Cases/GreenCleaningPolicy/TC_NavigateToGCP: Test Cases/GreenCleaningPolicy/TC_NavigateToGCP

2019-06-07 15:42:31 - [TEST_STEP][PASSED] - runWithCucumberRunner(greenCleaningPolicyForm.Runner_NavigateToGCP): Run with 'greenCleaningPolicyForm.Runner_NavigateToGCP' was passed

2019-06-07 15:42:31 - [TEST_CASE][PASSED] - Test Cases/Login/TC_Login: Test Cases/Login/TC_Login

2019-06-07 15:42:31 - [TEST_STEP][PASSED] - runWithCucumberRunner(common.Runner_Login): Run with 'common.Runner_Login' was passed

2019-06-07 15:42:31 - [MESSAGE][WARNING] - A browser is already opened. Closing browser and opening a new one

2019-06-07 15:42:32 - [MESSAGE][INFO] - Starting 'Chrome (headless)' driver

2019-06-07 15:42:32 - [MESSAGE][INFO] - User set preference: ['args', '[--window-size=1920,1080]']

2019-06-07 15:42:34 - [MESSAGE][PASSED] - Browser is opened with url: ''

2019-06-07 15:42:37 - [MESSAGE][PASSED] - Navigate to 'https://leedonline-stg.usgbc.org' successfully

2019-06-07 15:42:39 - [MESSAGE][PASSED] - Delayed 2 second(s)

2019-06-07 15:42:40 - [MESSAGE][PASSED] - Text 'jaypeejay@hotmail.com' is set on object 'Object Repository/Login/input_username'

2019-06-07 15:42:40 - [MESSAGE][PASSED] - Text 'initpass' is set on object 'Object Repository/Login/input_password'

2019-06-07 15:42:43 - [MESSAGE][PASSED] - Delayed 3 second(s)

2019-06-07 15:42:43 - [MESSAGE][PASSED] - Scroll to object 'Object Repository/Login/span_End User License Agreement' successfully

2019-06-07 15:42:43 - [MESSAGE][PASSED] - Object 'Object Repository/Login/span_End User License Agreement' is visible

2019-06-07 15:42:43 - [MESSAGE][PASSED] - Object 'Object Repository/Login/span_End User License Agreement' is checked

2019-06-07 15:42:44 - [MESSAGE][PASSED] - Delayed 1 second(s)

2019-06-07 15:42:44 - [MESSAGE][PASSED] - Object: 'Object Repository/Login/button_Log In' is clicked on

2019-06-07 15:42:50 - [MESSAGE][PASSED] - Object: '' is clicked on

2019-06-07 15:42:52 - [MESSAGE][PASSED] - Object: 'Object Repository/Login/a_Credits' is clicked on

2019-06-07 15:42:52 - [MESSAGE][PASSED] - Run with 'common.Runner_Login' was passed

2019-06-07 15:42:52 - [MESSAGE][PASSED] - Call Test Case 'Test Cases/Login/TC_Login' successfully

2019-06-07 15:42:52 - [MESSAGE][PASSED] - Scroll to object 'Object Repository/GreenCleaningPolicy/div_Green Cleaning Policy' successfully

2019-06-07 15:42:52 - [MESSAGE][PASSED] - Object 'Object Repository/GreenCleaningPolicy/div_Green Cleaning Policy' is present

2019-06-07 15:42:52 - [MESSAGE][PASSED] - Text of object 'Object Repository/GreenCleaningPolicy/h3_Status' is: 'ATTEMPTED'

2019-06-07 15:42:52 - [MESSAGE][PASSED] - Text of object 'Object Repository/GreenCleaningPolicy/divval' is: 'ATTEMPTED'

2019-06-07 15:42:52 - [MESSAGE][PASSED] - Text of object 'Object Repository/GreenCleaningPolicy/h3_Status' is: 'ATTEMPTED'

2019-06-07 15:42:52 - [MESSAGE][PASSED] - Object: 'Object Repository/GreenCleaningPolicy/div_Green Cleaning Policy' is clicked on

2019-06-07 15:42:56 - [MESSAGE][PASSED] - Object: 'Object Repository/GreenCleaningPolicy/a_Form (V01)' is clicked on

2019-06-07 15:42:56 - [MESSAGE][PASSED] - Object 'Object Repository/GreenCleaningPolicy/div_Green Cleaning Policy_Credit library' is present

2019-06-07 15:42:56 - [MESSAGE][PASSED] - Run with 'greenCleaningPolicyForm.Runner_NavigateToGCP' was passed

2019-06-07 15:42:56 - [MESSAGE][PASSED] - Call Test Case 'Test Cases/GreenCleaningPolicy/TC_NavigateToGCP' successfully

2019-06-07 15:42:56 - [MESSAGE][PASSED] - Object: 'Object Repository/GreenCleaningPolicy/Option1_GreenCleanPlcy/input_Option1_Radiobtn' is clicked on

2019-06-07 15:42:58 - [MESSAGE][PASSED] - Delayed 2 second(s)

2019-06-07 15:42:58 - [MESSAGE][PASSED] - Scroll to object 'Object Repository/GreenCleaningPolicy/Option1_GreenCleanPlcy/Table_UploadGreenCleaningPolicy' successfully

2019-06-07 15:42:58 - [MESSAGE][PASSED] - Object 'Object Repository/GreenCleaningPolicy/Option1_GreenCleanPlcy/Table_UploadGreenCleaningPolicy' is present

2019-06-07 15:42:59 - [MESSAGE][PASSED] - Scroll to object 'Object Repository/GreenCleaningPolicy/Option1_GreenCleanPlcy/AddFile_UploadGreenCleaningPlcy_Option1/p_Upload the Green Cleaning Policy' successfully

2019-06-07 15:43:00 - [MESSAGE][PASSED] - Delayed 1 second(s)

2019-06-07 15:43:00 - [MESSAGE][PASSED] - Object: '' is clicked on

2019-06-07 15:43:02 - [MESSAGE][PASSED] - Delayed 2 second(s)

2019-06-07 15:43:02 - [MESSAGE][PASSED] - Object: 'Object Repository/LightPollutionReduction/FixtureShielding/button_Yes' is clicked on

2019-06-07 15:43:03 - [MESSAGE][PASSED] - Delayed 1 second(s)

2019-06-07 15:43:03 - [MESSAGE][PASSED] - Object: '' is clicked on

2019-06-07 15:43:05 - [MESSAGE][PASSED] - Delayed 2 second(s)

2019-06-07 15:43:05 - [MESSAGE][PASSED] - Object: 'Object Repository/LightPollutionReduction/FixtureShielding/button_Yes' is clicked on

2019-06-07 15:43:06 - [MESSAGE][PASSED] - Delayed 1 second(s)

2019-06-07 15:43:07 - [MESSAGE][PASSED] - Object: '' is clicked on

2019-06-07 15:43:09 - [MESSAGE][PASSED] - Delayed 2 second(s)

2019-06-07 15:43:09 - [MESSAGE][PASSED] - Object: 'Object Repository/LightPollutionReduction/FixtureShielding/button_Yes' is clicked on

2019-06-07 15:43:10 - [MESSAGE][PASSED] - Delayed 1 second(s)

2019-06-07 15:43:10 - [MESSAGE][PASSED] - Object: '' is clicked on

2019-06-07 15:43:12 - [MESSAGE][PASSED] - Delayed 2 second(s)

2019-06-07 15:43:12 - [MESSAGE][PASSED] - Object: 'Object Repository/LightPollutionReduction/FixtureShielding/button_Yes' is clicked on

2019-06-07 15:43:14 - [MESSAGE][PASSED] - Delayed 2 second(s)

2019-06-07 15:43:14 - [MESSAGE][PASSED] - Web element with id: 'Object Repository/GreenCleaningPolicy/Option1_GreenCleanPlcy/Table_UploadGreenCleaningPolicy' located by 'By.xpath: //*[@id="greenCleaningPolicyDocs_files" or @id="contractDocs_files"]/table' is not present after '30' second(s)

2019-06-07 15:43:15 - [MESSAGE][PASSED] - Scroll to object 'Object Repository/GreenCleaningPolicy/SpecialCircumstances/Table_SpecialCircum' successfully

2019-06-07 15:43:15 - [MESSAGE][PASSED] - Object 'Object Repository/GreenCleaningPolicy/SpecialCircumstances/Table_SpecialCircum' is present

2019-06-07 15:43:15 - [MESSAGE][PASSED] - Scroll to object 'Object Repository/GreenCleaningPolicy/SpecialCircumstances/SC_EditorBox/p_Describe the circumstances limiting the project teams' successfully

2019-06-07 15:43:16 - [MESSAGE][PASSED] - Delayed 1 second(s)

2019-06-07 15:43:16 - [MESSAGE][PASSED] - Object: '' is clicked on

2019-06-07 15:43:18 - [MESSAGE][PASSED] - Delayed 2 second(s)

2019-06-07 15:43:18 - [MESSAGE][PASSED] - Object: 'Object Repository/LightPollutionReduction/FixtureShielding/button_Yes' is clicked on

2019-06-07 15:43:19 - [MESSAGE][PASSED] - Delayed 1 second(s)

2019-06-07 15:43:19 - [MESSAGE][PASSED] - Object: '' is clicked on

2019-06-07 15:43:21 - [MESSAGE][PASSED] - Delayed 2 second(s)

2019-06-07 15:43:22 - [MESSAGE][PASSED] - Object: 'Object Repository/LightPollutionReduction/FixtureShielding/button_Yes' is clicked on

2019-06-07 15:43:23 - [MESSAGE][PASSED] - Delayed 1 second(s)

2019-06-07 15:43:23 - [MESSAGE][PASSED] - Object: '' is clicked on

2019-06-07 15:43:25 - [MESSAGE][PASSED] - Delayed 2 second(s)

2019-06-07 15:43:25 - [MESSAGE][PASSED] - Object: 'Object Repository/LightPollutionReduction/FixtureShielding/button_Yes' is clicked on

2019-06-07 15:43:26 - [MESSAGE][PASSED] - Delayed 1 second(s)

2019-06-07 15:43:26 - [MESSAGE][PASSED] - Object: '' is clicked on

2019-06-07 15:43:28 - [MESSAGE][PASSED] - Delayed 2 second(s)

2019-06-07 15:43:28 - [MESSAGE][PASSED] - Object: 'Object Repository/LightPollutionReduction/FixtureShielding/button_Yes' is clicked on

2019-06-07 15:43:30 - [MESSAGE][PASSED] - Delayed 2 second(s)

2019-06-07 15:43:30 - [MESSAGE][PASSED] - Web element with id: 'Object Repository/GreenCleaningPolicy/SpecialCircumstances/Table_SpecialCircum' located by 'By.xpath: //*[@id="splCircumstancesDocs_files"]/table' is not present after '30' second(s)

2019-06-07 15:43:30 - [MESSAGE][PASSED] - Run with 'greenCleaningPolicyForm.Runner_DeleteUploadedFiles_option1' was passed]]></system-out>
         <system-err><![CDATA[]]></system-err>
      </testcase>
      <testcase name="Test Cases/GreenCleaningPolicy/TC_GCP_CertifiedCleaningService" classname="Test Cases/GreenCleaningPolicy/TC_GCP_CertifiedCleaningService" status="PASSED">
         <system-out><![CDATA[2019-06-07 15:43:30 - [TEST_CASE][PASSED] - Test Cases/GreenCleaningPolicy/TC_GCP_CertifiedCleaningService: Test Cases/GreenCleaningPolicy/TC_GCP_CertifiedCleaningService

2019-06-07 15:43:31 - [TEST_STEP][PASSED] - runWithCucumberRunner(greenCleaningPolicyForm.Runner_CertifiedCleaningService): Run with 'greenCleaningPolicyForm.Runner_CertifiedCleaningService' was passed

2019-06-07 15:43:31 - [TEST_CASE][PASSED] - Test Cases/GreenCleaningPolicy/TC_NavigateToGCP: Test Cases/GreenCleaningPolicy/TC_NavigateToGCP

2019-06-07 15:43:31 - [TEST_STEP][PASSED] - runWithCucumberRunner(greenCleaningPolicyForm.Runner_NavigateToGCP): Run with 'greenCleaningPolicyForm.Runner_NavigateToGCP' was passed

2019-06-07 15:43:31 - [TEST_CASE][PASSED] - Test Cases/Login/TC_Login: Test Cases/Login/TC_Login

2019-06-07 15:43:31 - [TEST_STEP][PASSED] - runWithCucumberRunner(common.Runner_Login): Run with 'common.Runner_Login' was passed

2019-06-07 15:43:32 - [MESSAGE][WARNING] - A browser is already opened. Closing browser and opening a new one

2019-06-07 15:43:32 - [MESSAGE][INFO] - Starting 'Chrome (headless)' driver

2019-06-07 15:43:32 - [MESSAGE][INFO] - User set preference: ['args', '[--window-size=1920,1080]']

2019-06-07 15:43:35 - [MESSAGE][PASSED] - Browser is opened with url: ''

2019-06-07 15:43:38 - [MESSAGE][PASSED] - Navigate to 'https://leedonline-stg.usgbc.org' successfully

2019-06-07 15:43:40 - [MESSAGE][PASSED] - Delayed 2 second(s)

2019-06-07 15:43:40 - [MESSAGE][PASSED] - Text 'jaypeejay@hotmail.com' is set on object 'Object Repository/Login/input_username'

2019-06-07 15:43:40 - [MESSAGE][PASSED] - Text 'initpass' is set on object 'Object Repository/Login/input_password'

2019-06-07 15:43:43 - [MESSAGE][PASSED] - Delayed 3 second(s)

2019-06-07 15:43:43 - [MESSAGE][PASSED] - Scroll to object 'Object Repository/Login/span_End User License Agreement' successfully

2019-06-07 15:43:43 - [MESSAGE][PASSED] - Object 'Object Repository/Login/span_End User License Agreement' is visible

2019-06-07 15:43:44 - [MESSAGE][PASSED] - Object 'Object Repository/Login/span_End User License Agreement' is checked

2019-06-07 15:43:45 - [MESSAGE][PASSED] - Delayed 1 second(s)

2019-06-07 15:43:45 - [MESSAGE][PASSED] - Object: 'Object Repository/Login/button_Log In' is clicked on

2019-06-07 15:43:50 - [MESSAGE][PASSED] - Object: '' is clicked on

2019-06-07 15:43:53 - [MESSAGE][PASSED] - Object: 'Object Repository/Login/a_Credits' is clicked on

2019-06-07 15:43:53 - [MESSAGE][PASSED] - Run with 'common.Runner_Login' was passed

2019-06-07 15:43:53 - [MESSAGE][PASSED] - Call Test Case 'Test Cases/Login/TC_Login' successfully

2019-06-07 15:43:53 - [MESSAGE][PASSED] - Scroll to object 'Object Repository/GreenCleaningPolicy/div_Green Cleaning Policy' successfully

2019-06-07 15:43:53 - [MESSAGE][PASSED] - Object 'Object Repository/GreenCleaningPolicy/div_Green Cleaning Policy' is present

2019-06-07 15:43:53 - [MESSAGE][PASSED] - Text of object 'Object Repository/GreenCleaningPolicy/h3_Status' is: 'ATTEMPTED'

2019-06-07 15:43:53 - [MESSAGE][PASSED] - Text of object 'Object Repository/GreenCleaningPolicy/divval' is: 'ATTEMPTED'

2019-06-07 15:43:53 - [MESSAGE][PASSED] - Text of object 'Object Repository/GreenCleaningPolicy/h3_Status' is: 'ATTEMPTED'

2019-06-07 15:43:53 - [MESSAGE][PASSED] - Object: 'Object Repository/GreenCleaningPolicy/div_Green Cleaning Policy' is clicked on

2019-06-07 15:43:57 - [MESSAGE][PASSED] - Object: 'Object Repository/GreenCleaningPolicy/a_Form (V01)' is clicked on

2019-06-07 15:43:57 - [MESSAGE][PASSED] - Object 'Object Repository/GreenCleaningPolicy/div_Green Cleaning Policy_Credit library' is present

2019-06-07 15:43:57 - [MESSAGE][PASSED] - Run with 'greenCleaningPolicyForm.Runner_NavigateToGCP' was passed

2019-06-07 15:43:57 - [MESSAGE][PASSED] - Call Test Case 'Test Cases/GreenCleaningPolicy/TC_NavigateToGCP' successfully

2019-06-07 15:43:57 - [MESSAGE][PASSED] - Object 'Object Repository/GreenCleaningPolicy/Option2_CertifiedCleanService/input_Option 2_RadioBtn' is present

2019-06-07 15:43:57 - [MESSAGE][PASSED] - Object: 'Object Repository/GreenCleaningPolicy/Option2_CertifiedCleanService/input_Option 2_RadioBtn' is clicked on

2019-06-07 15:44:02 - [MESSAGE][PASSED] - Delayed 5 second(s)

2019-06-07 15:44:02 - [MESSAGE][PASSED] - Text 'Option 2. Certified cleaning service' is present on page 

2019-06-07 15:44:02 - [MESSAGE][PASSED] - Object 'Object Repository/GreenCleaningPolicy/Option2_CertifiedCleanService/AddFile_UploadCleaningContract_Option2/p_Upload the Cleaning Contract' is present

2019-06-07 15:44:02 - [MESSAGE][PASSED] - Scroll to object 'Object Repository/GreenCleaningPolicy/Option2_CertifiedCleanService/AddFile_UploadCleaningContract_Option2/p_Upload the Cleaning Contract' successfully

2019-06-07 15:44:02 - [MESSAGE][PASSED] - Object 'Object Repository/GreenCleaningPolicy/Option2_CertifiedCleanService/AddFile_UploadCleaningContract_Option2/Button_UploadCleaningContract' has attribute 'class' with value 'tiny ui button'

2019-06-07 15:44:02 - [MESSAGE][PASSED] - File 'H:\Git Projects\Usgbc_LeedOnline_ScoreCard\Usgbc_LeedOnline_ScoreCard\Include\TestData\MultipleFileDiffExt\SampleGIFImage_350kbmb.gif' sent to object: 'Object Repository/GreenCleaningPolicy/Option2_CertifiedCleanService/AddFile_UploadCleaningContract_Option2/input_UploadCleaningContract'

2019-06-07 15:44:03 - [MESSAGE][PASSED] - Delayed 1 second(s)

2019-06-07 15:44:05 - [MESSAGE][PASSED] - Object 'Object Repository/GreenCleaningPolicy/Option2_CertifiedCleanService/AddFile_UploadCleaningContract_Option2/Button_UploadCleaningContract' has attribute 'class' with value 'tiny ui button'

2019-06-07 15:44:05 - [MESSAGE][PASSED] - File 'H:\Git Projects\Usgbc_LeedOnline_ScoreCard\Usgbc_LeedOnline_ScoreCard\Include\TestData\MultipleFileDiffExt\SamplePPTFile_1000kb.ppt' sent to object: 'Object Repository/GreenCleaningPolicy/Option2_CertifiedCleanService/AddFile_UploadCleaningContract_Option2/input_UploadCleaningContract'

2019-06-07 15:44:06 - [MESSAGE][PASSED] - Delayed 1 second(s)

2019-06-07 15:44:10 - [MESSAGE][PASSED] - Object 'Object Repository/GreenCleaningPolicy/Option2_CertifiedCleanService/AddFile_UploadCleaningContract_Option2/Button_UploadCleaningContract' has attribute 'class' with value 'tiny ui button'

2019-06-07 15:44:10 - [MESSAGE][PASSED] - File 'H:\Git Projects\Usgbc_LeedOnline_ScoreCard\Usgbc_LeedOnline_ScoreCard\Include\TestData\MultipleFileDiffExt\ZZ.pdf' sent to object: 'Object Repository/GreenCleaningPolicy/Option2_CertifiedCleanService/AddFile_UploadCleaningContract_Option2/input_UploadCleaningContract'

2019-06-07 15:44:11 - [MESSAGE][PASSED] - Delayed 1 second(s)

2019-06-07 15:44:11 - [MESSAGE][PASSED] - Object 'Object Repository/GreenCleaningPolicy/Option2_CertifiedCleanService/TextBox_Option2/input_TextBox_GreenCleaningService' is present

2019-06-07 15:44:11 - [MESSAGE][PASSED] - Text '1141' is set on object 'Object Repository/GreenCleaningPolicy/Option2_CertifiedCleanService/TextBox_Option2/input_TextBox_GreenCleaningService'

2019-06-07 15:44:14 - [MESSAGE][PASSED] - Delayed 3 second(s)

2019-06-07 15:44:14 - [MESSAGE][PASSED] - Attribute 'value' of object 'Object Repository/GreenCleaningPolicy/Option2_CertifiedCleanService/TextBox_Option2/input_TextBox_GreenCleaningService' is: '1141'

2019-06-07 15:44:14 - [MESSAGE][PASSED] - Actual text '1141' and expected text '1141' are matched 

2019-06-07 15:44:14 - [MESSAGE][PASSED] - Object 'Object Repository/GreenCleaningPolicy/Option2_CertifiedCleanService/AddFile_UploadInfoShowingContract_Option2/p_Upload the information showing the contractors' is present

2019-06-07 15:44:15 - [MESSAGE][PASSED] - Scroll to object 'Object Repository/GreenCleaningPolicy/Option2_CertifiedCleanService/AddFile_UploadInfoShowingContract_Option2/p_Upload the information showing the contractors' successfully

2019-06-07 15:44:15 - [MESSAGE][PASSED] - Object 'Object Repository/GreenCleaningPolicy/Option2_CertifiedCleanService/AddFile_UploadInfoShowingContract_Option2/Button_UploadInfoShowingContract' has attribute 'class' with value 'tiny ui button'

2019-06-07 15:44:15 - [MESSAGE][PASSED] - File 'H:\Git Projects\Usgbc_LeedOnline_ScoreCard\Usgbc_LeedOnline_ScoreCard\Include\TestData\MultipleFileDiffExt\SampleGIFImage_350kbmb.gif' sent to object: 'Object Repository/GreenCleaningPolicy/Option2_CertifiedCleanService/AddFile_UploadInfoShowingContract_Option2/input_UploadInfoShowingContract'

2019-06-07 15:44:16 - [MESSAGE][PASSED] - Delayed 1 second(s)

2019-06-07 15:44:17 - [MESSAGE][PASSED] - Object 'Object Repository/GreenCleaningPolicy/Option2_CertifiedCleanService/AddFile_UploadInfoShowingContract_Option2/Button_UploadInfoShowingContract' has attribute 'class' with value 'tiny ui button'

2019-06-07 15:44:17 - [MESSAGE][PASSED] - File 'H:\Git Projects\Usgbc_LeedOnline_ScoreCard\Usgbc_LeedOnline_ScoreCard\Include\TestData\MultipleFileDiffExt\SamplePPTFile_1000kb.ppt' sent to object: 'Object Repository/GreenCleaningPolicy/Option2_CertifiedCleanService/AddFile_UploadInfoShowingContract_Option2/input_UploadInfoShowingContract'

2019-06-07 15:44:19 - [MESSAGE][PASSED] - Delayed 1 second(s)

2019-06-07 15:44:24 - [MESSAGE][PASSED] - Object 'Object Repository/GreenCleaningPolicy/Option2_CertifiedCleanService/AddFile_UploadInfoShowingContract_Option2/Button_UploadInfoShowingContract' has attribute 'class' with value 'tiny ui button'

2019-06-07 15:44:24 - [MESSAGE][PASSED] - File 'H:\Git Projects\Usgbc_LeedOnline_ScoreCard\Usgbc_LeedOnline_ScoreCard\Include\TestData\MultipleFileDiffExt\ZZ.pdf' sent to object: 'Object Repository/GreenCleaningPolicy/Option2_CertifiedCleanService/AddFile_UploadInfoShowingContract_Option2/input_UploadInfoShowingContract'

2019-06-07 15:44:25 - [MESSAGE][PASSED] - Delayed 1 second(s)

2019-06-07 15:44:35 - [MESSAGE][PASSED] - Delayed 10 second(s)

2019-06-07 15:44:36 - [MESSAGE][PASSED] - Object 'Object Repository/GreenCleaningPolicy/button_Save' is visible

2019-06-07 15:44:36 - [MESSAGE][PASSED] - Object: 'Object Repository/GreenCleaningPolicy/button_Save' is clicked on

2019-06-07 15:44:38 - [MESSAGE][PASSED] - Delayed 2 second(s)

2019-06-07 15:44:38 - [MESSAGE][PASSED] - Text 'Form data saved successfully.' is present on page 

2019-06-07 15:44:38 - [MESSAGE][PASSED] - Scroll to object 'Object Repository/GreenCleaningPolicy/icon_pdf' successfully

2019-06-07 15:44:38 - [MESSAGE][PASSED] - Object 'Object Repository/GreenCleaningPolicy/icon_pdf' is present

2019-06-07 15:44:43 - [MESSAGE][PASSED] - Delayed 5 second(s)

2019-06-07 15:44:43 - [MESSAGE][PASSED] - Object: 'Object Repository/GreenCleaningPolicy/icon_pdf' is clicked on

2019-06-07 15:44:53 - [MESSAGE][PASSED] - Delayed 10 second(s)

2019-06-07 15:44:58 - [MESSAGE][PASSED] - Delayed 5 second(s)

2019-06-07 15:44:58 - [MESSAGE][PASSED] - Scroll to object 'Object Repository/GreenCleaningPolicy/Option2_CertifiedCleanService/AddFile_UploadCleaningContract_Option2/p_Upload the Cleaning Contract' successfully

2019-06-07 15:45:01 - [MESSAGE][PASSED] - Delayed 2 second(s)

2019-06-07 15:45:01 - [MESSAGE][PASSED] - Attribute 'value' of object 'Object Repository/GreenCleaningPolicy/Option2_CertifiedCleanService/TextBox_Option2/input_TextBox_GreenCleaningService' is: '1141'

2019-06-07 15:45:04 - [MESSAGE][PASSED] - Delayed 3 second(s)

2019-06-07 15:45:09 - [MESSAGE][PASSED] - Delayed 5 second(s)

2019-06-07 15:45:09 - [MESSAGE][PASSED] - Scroll to object 'Object Repository/GreenCleaningPolicy/Option2_CertifiedCleanService/AddFile_UploadInfoShowingContract_Option2/p_Upload the information showing the contractors' successfully

2019-06-07 15:45:11 - [MESSAGE][PASSED] - Delayed 2 second(s)

2019-06-07 15:45:13 - [MESSAGE][PASSED] - Delayed 2 second(s)

2019-06-07 15:45:14 - [MESSAGE][PASSED] - Navigate back successfully

2019-06-07 15:45:16 - [MESSAGE][PASSED] - Delayed 2 second(s)

2019-06-07 15:45:17 - [MESSAGE][PASSED] - Text of object 'Object Repository/GreenCleaningPolicy/h3_Status' is: 'ATTEMPTED'

2019-06-07 15:45:17 - [MESSAGE][PASSED] - Object: 'Object Repository/GreenCleaningPolicy/a_MarkReadyForReview' is clicked on

2019-06-07 15:45:22 - [MESSAGE][PASSED] - Delayed 5 second(s)

2019-06-07 15:45:22 - [MESSAGE][PASSED] - Text of object 'Object Repository/GreenCleaningPolicy/h3_Status' is: 'READY FOR REVIEW'

2019-06-07 15:45:22 - [MESSAGE][PASSED] - Run with 'greenCleaningPolicyForm.Runner_CertifiedCleaningService' was passed]]></system-out>
         <system-err><![CDATA[]]></system-err>
      </testcase>
      <testcase name="Test Cases/GreenCleaningPolicy/TC_GCP_VerifyUploadedFile_option2" classname="Test Cases/GreenCleaningPolicy/TC_GCP_VerifyUploadedFile_option2" status="PASSED">
         <system-out><![CDATA[2019-06-07 15:45:22 - [TEST_CASE][PASSED] - Test Cases/GreenCleaningPolicy/TC_GCP_VerifyUploadedFile_option2: Test Cases/GreenCleaningPolicy/TC_GCP_VerifyUploadedFile_option2

2019-06-07 15:45:22 - [TEST_STEP][PASSED] - runWithCucumberRunner(greenCleaningPolicyForm.Runner_VerifyUploadedFile_option2): Run with 'greenCleaningPolicyForm.Runner_VerifyUploadedFile_option2' was passed

2019-06-07 15:45:22 - [TEST_CASE][PASSED] - Test Cases/GreenCleaningPolicy/TC_NavigateToGCP: Test Cases/GreenCleaningPolicy/TC_NavigateToGCP

2019-06-07 15:45:22 - [TEST_STEP][PASSED] - runWithCucumberRunner(greenCleaningPolicyForm.Runner_NavigateToGCP): Run with 'greenCleaningPolicyForm.Runner_NavigateToGCP' was passed

2019-06-07 15:45:23 - [TEST_CASE][PASSED] - Test Cases/Login/TC_Login: Test Cases/Login/TC_Login

2019-06-07 15:45:23 - [TEST_STEP][PASSED] - runWithCucumberRunner(common.Runner_Login): Run with 'common.Runner_Login' was passed

2019-06-07 15:45:23 - [MESSAGE][WARNING] - A browser is already opened. Closing browser and opening a new one

2019-06-07 15:45:24 - [MESSAGE][INFO] - Starting 'Chrome (headless)' driver

2019-06-07 15:45:24 - [MESSAGE][INFO] - User set preference: ['args', '[--window-size=1920,1080]']

2019-06-07 15:45:26 - [MESSAGE][PASSED] - Browser is opened with url: ''

2019-06-07 15:45:30 - [MESSAGE][PASSED] - Navigate to 'https://leedonline-stg.usgbc.org' successfully

2019-06-07 15:45:32 - [MESSAGE][PASSED] - Delayed 2 second(s)

2019-06-07 15:45:32 - [MESSAGE][PASSED] - Text 'jaypeejay@hotmail.com' is set on object 'Object Repository/Login/input_username'

2019-06-07 15:45:32 - [MESSAGE][PASSED] - Text 'initpass' is set on object 'Object Repository/Login/input_password'

2019-06-07 15:45:35 - [MESSAGE][PASSED] - Delayed 3 second(s)

2019-06-07 15:45:35 - [MESSAGE][PASSED] - Scroll to object 'Object Repository/Login/span_End User License Agreement' successfully

2019-06-07 15:45:35 - [MESSAGE][PASSED] - Object 'Object Repository/Login/span_End User License Agreement' is visible

2019-06-07 15:45:35 - [MESSAGE][PASSED] - Object 'Object Repository/Login/span_End User License Agreement' is checked

2019-06-07 15:45:36 - [MESSAGE][PASSED] - Delayed 1 second(s)

2019-06-07 15:45:36 - [MESSAGE][PASSED] - Object: 'Object Repository/Login/button_Log In' is clicked on

2019-06-07 15:45:42 - [MESSAGE][PASSED] - Object: '' is clicked on

2019-06-07 15:45:44 - [MESSAGE][PASSED] - Object: 'Object Repository/Login/a_Credits' is clicked on

2019-06-07 15:45:44 - [MESSAGE][PASSED] - Run with 'common.Runner_Login' was passed

2019-06-07 15:45:44 - [MESSAGE][PASSED] - Call Test Case 'Test Cases/Login/TC_Login' successfully

2019-06-07 15:45:44 - [MESSAGE][PASSED] - Scroll to object 'Object Repository/GreenCleaningPolicy/div_Green Cleaning Policy' successfully

2019-06-07 15:45:44 - [MESSAGE][PASSED] - Object 'Object Repository/GreenCleaningPolicy/div_Green Cleaning Policy' is present

2019-06-07 15:45:44 - [MESSAGE][PASSED] - Text of object 'Object Repository/GreenCleaningPolicy/h3_Status' is: 'READY FOR REVIEW'

2019-06-07 15:45:44 - [MESSAGE][PASSED] - Text of object 'Object Repository/GreenCleaningPolicy/divval' is: 'READY FOR REVIEW'

2019-06-07 15:45:44 - [MESSAGE][PASSED] - Object: 'Object Repository/GreenCleaningPolicy/a_MarkReadyForReview' is clicked on

2019-06-07 15:45:49 - [MESSAGE][PASSED] - Delayed 5 second(s)

2019-06-07 15:45:49 - [MESSAGE][PASSED] - Text of object 'Object Repository/GreenCleaningPolicy/h3_Status' is: 'ATTEMPTED'

2019-06-07 15:45:49 - [MESSAGE][PASSED] - Object: 'Object Repository/GreenCleaningPolicy/div_Green Cleaning Policy' is clicked on

2019-06-07 15:45:53 - [MESSAGE][PASSED] - Object: 'Object Repository/GreenCleaningPolicy/a_Form (V01)' is clicked on

2019-06-07 15:45:53 - [MESSAGE][PASSED] - Object 'Object Repository/GreenCleaningPolicy/div_Green Cleaning Policy_Credit library' is present

2019-06-07 15:45:53 - [MESSAGE][PASSED] - Run with 'greenCleaningPolicyForm.Runner_NavigateToGCP' was passed

2019-06-07 15:45:53 - [MESSAGE][PASSED] - Call Test Case 'Test Cases/GreenCleaningPolicy/TC_NavigateToGCP' successfully

2019-06-07 15:45:53 - [MESSAGE][PASSED] - Object: 'Object Repository/GreenCleaningPolicy/Option2_CertifiedCleanService/input_Option 2_RadioBtn' is clicked on

2019-06-07 15:45:55 - [MESSAGE][PASSED] - Delayed 2 second(s)

2019-06-07 15:45:55 - [MESSAGE][PASSED] - Scroll to object 'Object Repository/GreenCleaningPolicy/Option2_CertifiedCleanService/Table_CleaningContract' successfully

2019-06-07 15:45:55 - [MESSAGE][PASSED] - Object 'Object Repository/GreenCleaningPolicy/Option2_CertifiedCleanService/Table_CleaningContract' is present

2019-06-07 15:45:55 - [MESSAGE][PASSED] - Text of object '' is: 'SampleGIFImage_350kbmb.gif'

2019-06-07 15:45:55 - [MESSAGE][PASSED] - SampleGIFImage_350kbmb.gif is equal to SampleGIFImage_350kbmb.gif

2019-06-07 15:45:55 - [MESSAGE][PASSED] - Actual text 'SampleGIFImage_350kbmb.gif' and expected text 'SampleGIFImage_350kbmb.gif' are matched 

2019-06-07 15:45:55 - [MESSAGE][PASSED] - Text of object '' is: 'SamplePPTFile_1000kb.ppt'

2019-06-07 15:45:55 - [MESSAGE][PASSED] - SamplePPTFile_1000kb.ppt is equal to SamplePPTFile_1000kb.ppt

2019-06-07 15:45:55 - [MESSAGE][PASSED] - Actual text 'SamplePPTFile_1000kb.ppt' and expected text 'SamplePPTFile_1000kb.ppt' are matched 

2019-06-07 15:45:56 - [MESSAGE][PASSED] - Text of object '' is: 'ZZ.pdf'

2019-06-07 15:45:56 - [MESSAGE][PASSED] - ZZ.pdf is equal to ZZ.pdf

2019-06-07 15:45:56 - [MESSAGE][PASSED] - Actual text 'ZZ.pdf' and expected text 'ZZ.pdf' are matched 

2019-06-07 15:45:56 - [MESSAGE][PASSED] - Scroll to object 'Object Repository/GreenCleaningPolicy/Option2_CertifiedCleanService/Table_UploadInfoShowingContract' successfully

2019-06-07 15:45:56 - [MESSAGE][PASSED] - Object 'Object Repository/GreenCleaningPolicy/Option2_CertifiedCleanService/Table_UploadInfoShowingContract' is present

2019-06-07 15:45:56 - [MESSAGE][PASSED] - Text of object '' is: 'SampleGIFImage_350kbmb.gif'

2019-06-07 15:45:56 - [MESSAGE][PASSED] - SampleGIFImage_350kbmb.gif is equal to SampleGIFImage_350kbmb.gif

2019-06-07 15:45:56 - [MESSAGE][PASSED] - Actual text 'SampleGIFImage_350kbmb.gif' and expected text 'SampleGIFImage_350kbmb.gif' are matched 

2019-06-07 15:45:56 - [MESSAGE][PASSED] - Text of object '' is: 'SamplePPTFile_1000kb.ppt'

2019-06-07 15:45:56 - [MESSAGE][PASSED] - SamplePPTFile_1000kb.ppt is equal to SamplePPTFile_1000kb.ppt

2019-06-07 15:45:56 - [MESSAGE][PASSED] - Actual text 'SamplePPTFile_1000kb.ppt' and expected text 'SamplePPTFile_1000kb.ppt' are matched 

2019-06-07 15:45:56 - [MESSAGE][PASSED] - Text of object '' is: 'ZZ.pdf'

2019-06-07 15:45:56 - [MESSAGE][PASSED] - ZZ.pdf is equal to ZZ.pdf

2019-06-07 15:45:56 - [MESSAGE][PASSED] - Actual text 'ZZ.pdf' and expected text 'ZZ.pdf' are matched 

2019-06-07 15:45:56 - [MESSAGE][PASSED] - Run with 'greenCleaningPolicyForm.Runner_VerifyUploadedFile_option2' was passed]]></system-out>
         <system-err><![CDATA[]]></system-err>
      </testcase>
      <testcase name="Test Cases/GreenCleaningPolicy/TC_GCP_DownloadFiles_option2" classname="Test Cases/GreenCleaningPolicy/TC_GCP_DownloadFiles_option2" status="PASSED">
         <system-out><![CDATA[2019-06-07 15:45:56 - [TEST_CASE][PASSED] - Test Cases/GreenCleaningPolicy/TC_GCP_DownloadFiles_option2: Test Cases/GreenCleaningPolicy/TC_GCP_DownloadFiles_option2

2019-06-07 15:45:57 - [TEST_STEP][PASSED] - runWithCucumberRunner(greenCleaningPolicyForm.Runner_DownloadFiles_option2): Run with 'greenCleaningPolicyForm.Runner_DownloadFiles_option2' was passed

2019-06-07 15:45:57 - [TEST_CASE][PASSED] - Test Cases/GreenCleaningPolicy/TC_NavigateToGCP: Test Cases/GreenCleaningPolicy/TC_NavigateToGCP

2019-06-07 15:45:57 - [TEST_STEP][PASSED] - runWithCucumberRunner(greenCleaningPolicyForm.Runner_NavigateToGCP): Run with 'greenCleaningPolicyForm.Runner_NavigateToGCP' was passed

2019-06-07 15:45:57 - [TEST_CASE][PASSED] - Test Cases/Login/TC_Login: Test Cases/Login/TC_Login

2019-06-07 15:45:57 - [TEST_STEP][PASSED] - runWithCucumberRunner(common.Runner_Login): Run with 'common.Runner_Login' was passed

2019-06-07 15:45:57 - [MESSAGE][WARNING] - A browser is already opened. Closing browser and opening a new one

2019-06-07 15:45:58 - [MESSAGE][INFO] - Starting 'Chrome (headless)' driver

2019-06-07 15:45:58 - [MESSAGE][INFO] - User set preference: ['args', '[--window-size=1920,1080]']

2019-06-07 15:46:00 - [MESSAGE][PASSED] - Browser is opened with url: ''

2019-06-07 15:46:03 - [MESSAGE][PASSED] - Navigate to 'https://leedonline-stg.usgbc.org' successfully

2019-06-07 15:46:05 - [MESSAGE][PASSED] - Delayed 2 second(s)

2019-06-07 15:46:06 - [MESSAGE][PASSED] - Text 'jaypeejay@hotmail.com' is set on object 'Object Repository/Login/input_username'

2019-06-07 15:46:06 - [MESSAGE][PASSED] - Text 'initpass' is set on object 'Object Repository/Login/input_password'

2019-06-07 15:46:09 - [MESSAGE][PASSED] - Delayed 3 second(s)

2019-06-07 15:46:09 - [MESSAGE][PASSED] - Scroll to object 'Object Repository/Login/span_End User License Agreement' successfully

2019-06-07 15:46:09 - [MESSAGE][PASSED] - Object 'Object Repository/Login/span_End User License Agreement' is visible

2019-06-07 15:46:09 - [MESSAGE][PASSED] - Object 'Object Repository/Login/span_End User License Agreement' is checked

2019-06-07 15:46:10 - [MESSAGE][PASSED] - Delayed 1 second(s)

2019-06-07 15:46:10 - [MESSAGE][PASSED] - Object: 'Object Repository/Login/button_Log In' is clicked on

2019-06-07 15:46:15 - [MESSAGE][PASSED] - Object: '' is clicked on

2019-06-07 15:46:18 - [MESSAGE][PASSED] - Object: 'Object Repository/Login/a_Credits' is clicked on

2019-06-07 15:46:18 - [MESSAGE][PASSED] - Run with 'common.Runner_Login' was passed

2019-06-07 15:46:18 - [MESSAGE][PASSED] - Call Test Case 'Test Cases/Login/TC_Login' successfully

2019-06-07 15:46:19 - [MESSAGE][PASSED] - Scroll to object 'Object Repository/GreenCleaningPolicy/div_Green Cleaning Policy' successfully

2019-06-07 15:46:19 - [MESSAGE][PASSED] - Object 'Object Repository/GreenCleaningPolicy/div_Green Cleaning Policy' is present

2019-06-07 15:46:19 - [MESSAGE][PASSED] - Text of object 'Object Repository/GreenCleaningPolicy/h3_Status' is: 'ATTEMPTED'

2019-06-07 15:46:19 - [MESSAGE][PASSED] - Text of object 'Object Repository/GreenCleaningPolicy/divval' is: 'ATTEMPTED'

2019-06-07 15:46:19 - [MESSAGE][PASSED] - Text of object 'Object Repository/GreenCleaningPolicy/h3_Status' is: 'ATTEMPTED'

2019-06-07 15:46:19 - [MESSAGE][PASSED] - Object: 'Object Repository/GreenCleaningPolicy/div_Green Cleaning Policy' is clicked on

2019-06-07 15:46:23 - [MESSAGE][PASSED] - Object: 'Object Repository/GreenCleaningPolicy/a_Form (V01)' is clicked on

2019-06-07 15:46:23 - [MESSAGE][PASSED] - Object 'Object Repository/GreenCleaningPolicy/div_Green Cleaning Policy_Credit library' is present

2019-06-07 15:46:23 - [MESSAGE][PASSED] - Run with 'greenCleaningPolicyForm.Runner_NavigateToGCP' was passed

2019-06-07 15:46:23 - [MESSAGE][PASSED] - Call Test Case 'Test Cases/GreenCleaningPolicy/TC_NavigateToGCP' successfully

2019-06-07 15:46:23 - [MESSAGE][PASSED] - Object: 'Object Repository/GreenCleaningPolicy/Option2_CertifiedCleanService/input_Option 2_RadioBtn' is clicked on

2019-06-07 15:46:25 - [MESSAGE][PASSED] - Delayed 2 second(s)

2019-06-07 15:46:25 - [MESSAGE][PASSED] - Scroll to object 'Object Repository/GreenCleaningPolicy/Option2_CertifiedCleanService/Table_CleaningContract' successfully

2019-06-07 15:46:25 - [MESSAGE][PASSED] - Object 'Object Repository/GreenCleaningPolicy/Option2_CertifiedCleanService/Table_CleaningContract' is present

2019-06-07 15:46:26 - [MESSAGE][PASSED] - Scroll to object 'Object Repository/GreenCleaningPolicy/Option2_CertifiedCleanService/AddFile_UploadCleaningContract_Option2/p_Upload the Cleaning Contract' successfully

2019-06-07 15:46:28 - [MESSAGE][PASSED] - Delayed 2 second(s)

2019-06-07 15:46:28 - [MESSAGE][PASSED] - Object: 'Object Repository/GreenCleaningPolicy/Option2_CertifiedCleanService/AddFile_UploadCleaningContract_Option2/p_Upload the Cleaning Contract' is hovered

2019-06-07 15:46:28 - [MESSAGE][PASSED] - Object: '' is clicked on

2019-06-07 15:46:28 - [MESSAGE][PASSED] - Text of object '' is: 'ZZ.pdf'

2019-06-07 15:46:38 - [MESSAGE][PASSED] - Delayed 10 second(s)

2019-06-07 15:46:38 - [MESSAGE][PASSED] - Object: 'Object Repository/GreenCleaningPolicy/Option2_CertifiedCleanService/AddFile_UploadCleaningContract_Option2/p_Upload the Cleaning Contract' is hovered

2019-06-07 15:46:40 - [MESSAGE][PASSED] - Delayed 2 second(s)

2019-06-07 15:46:42 - [MESSAGE][PASSED] - Delayed 2 second(s)

2019-06-07 15:46:42 - [MESSAGE][PASSED] - Object: 'Object Repository/GreenCleaningPolicy/Option2_CertifiedCleanService/AddFile_UploadCleaningContract_Option2/p_Upload the Cleaning Contract' is hovered

2019-06-07 15:46:42 - [MESSAGE][PASSED] - Object: '' is clicked on

2019-06-07 15:46:42 - [MESSAGE][PASSED] - Text of object '' is: 'SamplePPTFile_1000kb.ppt'

2019-06-07 15:46:52 - [MESSAGE][PASSED] - Delayed 10 second(s)

2019-06-07 15:47:02 - [MESSAGE][PASSED] - Delayed 10 second(s)

2019-06-07 15:47:03 - [MESSAGE][PASSED] - Object: 'Object Repository/GreenCleaningPolicy/Option2_CertifiedCleanService/AddFile_UploadCleaningContract_Option2/p_Upload the Cleaning Contract' is hovered

2019-06-07 15:47:05 - [MESSAGE][PASSED] - Delayed 2 second(s)

2019-06-07 15:47:07 - [MESSAGE][PASSED] - Delayed 2 second(s)

2019-06-07 15:47:07 - [MESSAGE][PASSED] - Object: 'Object Repository/GreenCleaningPolicy/Option2_CertifiedCleanService/AddFile_UploadCleaningContract_Option2/p_Upload the Cleaning Contract' is hovered

2019-06-07 15:47:07 - [MESSAGE][PASSED] - Object: '' is clicked on

2019-06-07 15:47:07 - [MESSAGE][PASSED] - Text of object '' is: 'SampleGIFImage_350kbmb.gif'

2019-06-07 15:47:17 - [MESSAGE][PASSED] - Delayed 10 second(s)

2019-06-07 15:47:17 - [MESSAGE][PASSED] - Object: 'Object Repository/GreenCleaningPolicy/Option2_CertifiedCleanService/AddFile_UploadCleaningContract_Option2/p_Upload the Cleaning Contract' is hovered

2019-06-07 15:47:19 - [MESSAGE][PASSED] - Delayed 2 second(s)

2019-06-07 15:47:22 - [MESSAGE][PASSED] - Delayed 3 second(s)

2019-06-07 15:47:24 - [MESSAGE][PASSED] - Delayed 2 second(s)

2019-06-07 15:47:25 - [MESSAGE][PASSED] - Delayed 1 second(s)

2019-06-07 15:47:25 - [MESSAGE][PASSED] - SampleGIFImage_350kbmb.gif exist in H:/Git Projects/Usgbc_LeedOnline_ScoreCard/Usgbc_LeedOnline_ScoreCard/Include/TestData/DownloadedFiles and was deleted

2019-06-07 15:47:25 - [MESSAGE][PASSED] - 

2019-06-07 15:47:25 - [MESSAGE][PASSED] - Actual text 'SampleGIFImage_350kbmb.gif' and expected text 'SampleGIFImage_350kbmb.gif' are matched 

2019-06-07 15:47:27 - [MESSAGE][PASSED] - Delayed 2 second(s)

2019-06-07 15:47:28 - [MESSAGE][PASSED] - Delayed 1 second(s)

2019-06-07 15:47:28 - [MESSAGE][PASSED] - SamplePPTFile_1000kb.ppt exist in H:/Git Projects/Usgbc_LeedOnline_ScoreCard/Usgbc_LeedOnline_ScoreCard/Include/TestData/DownloadedFiles and was deleted

2019-06-07 15:47:28 - [MESSAGE][PASSED] - 

2019-06-07 15:47:28 - [MESSAGE][PASSED] - Actual text 'SamplePPTFile_1000kb.ppt' and expected text 'SamplePPTFile_1000kb.ppt' are matched 

2019-06-07 15:47:30 - [MESSAGE][PASSED] - Delayed 2 second(s)

2019-06-07 15:47:31 - [MESSAGE][PASSED] - Delayed 1 second(s)

2019-06-07 15:47:31 - [MESSAGE][PASSED] - ZZ.pdf exist in H:/Git Projects/Usgbc_LeedOnline_ScoreCard/Usgbc_LeedOnline_ScoreCard/Include/TestData/DownloadedFiles and was deleted

2019-06-07 15:47:31 - [MESSAGE][PASSED] - 

2019-06-07 15:47:31 - [MESSAGE][PASSED] - Actual text 'ZZ.pdf' and expected text 'ZZ.pdf' are matched 

2019-06-07 15:47:31 - [MESSAGE][PASSED] - Scroll to object 'Object Repository/GreenCleaningPolicy/Option2_CertifiedCleanService/Table_UploadInfoShowingContract' successfully

2019-06-07 15:47:31 - [MESSAGE][PASSED] - Object 'Object Repository/GreenCleaningPolicy/Option2_CertifiedCleanService/Table_UploadInfoShowingContract' is present

2019-06-07 15:47:32 - [MESSAGE][PASSED] - Scroll to object 'Object Repository/GreenCleaningPolicy/Option2_CertifiedCleanService/AddFile_UploadInfoShowingContract_Option2/p_Upload the information showing the contractors' successfully

2019-06-07 15:47:34 - [MESSAGE][PASSED] - Delayed 2 second(s)

2019-06-07 15:47:34 - [MESSAGE][PASSED] - Object: 'Object Repository/GreenCleaningPolicy/Option2_CertifiedCleanService/AddFile_UploadInfoShowingContract_Option2/p_Upload the information showing the contractors' is hovered

2019-06-07 15:47:34 - [MESSAGE][PASSED] - Object: '' is clicked on

2019-06-07 15:47:34 - [MESSAGE][PASSED] - Text of object '' is: 'ZZ.pdf'

2019-06-07 15:47:44 - [MESSAGE][PASSED] - Delayed 10 second(s)

2019-06-07 15:47:44 - [MESSAGE][PASSED] - Object: 'Object Repository/GreenCleaningPolicy/Option2_CertifiedCleanService/AddFile_UploadInfoShowingContract_Option2/p_Upload the information showing the contractors' is hovered

2019-06-07 15:47:46 - [MESSAGE][PASSED] - Delayed 2 second(s)

2019-06-07 15:47:48 - [MESSAGE][PASSED] - Delayed 2 second(s)

2019-06-07 15:47:48 - [MESSAGE][PASSED] - Object: 'Object Repository/GreenCleaningPolicy/Option2_CertifiedCleanService/AddFile_UploadInfoShowingContract_Option2/p_Upload the information showing the contractors' is hovered

2019-06-07 15:47:48 - [MESSAGE][PASSED] - Object: '' is clicked on

2019-06-07 15:47:48 - [MESSAGE][PASSED] - Text of object '' is: 'SamplePPTFile_1000kb.ppt'

2019-06-07 15:47:58 - [MESSAGE][PASSED] - Delayed 10 second(s)

2019-06-07 15:48:08 - [MESSAGE][PASSED] - Delayed 10 second(s)

2019-06-07 15:48:09 - [MESSAGE][PASSED] - Object: 'Object Repository/GreenCleaningPolicy/Option2_CertifiedCleanService/AddFile_UploadInfoShowingContract_Option2/p_Upload the information showing the contractors' is hovered

2019-06-07 15:48:11 - [MESSAGE][PASSED] - Delayed 2 second(s)

2019-06-07 15:48:13 - [MESSAGE][PASSED] - Delayed 2 second(s)

2019-06-07 15:48:13 - [MESSAGE][PASSED] - Object: 'Object Repository/GreenCleaningPolicy/Option2_CertifiedCleanService/AddFile_UploadInfoShowingContract_Option2/p_Upload the information showing the contractors' is hovered

2019-06-07 15:48:13 - [MESSAGE][PASSED] - Object: '' is clicked on

2019-06-07 15:48:13 - [MESSAGE][PASSED] - Text of object '' is: 'SampleGIFImage_350kbmb.gif'

2019-06-07 15:48:23 - [MESSAGE][PASSED] - Delayed 10 second(s)

2019-06-07 15:48:23 - [MESSAGE][PASSED] - Object: 'Object Repository/GreenCleaningPolicy/Option2_CertifiedCleanService/AddFile_UploadInfoShowingContract_Option2/p_Upload the information showing the contractors' is hovered

2019-06-07 15:48:25 - [MESSAGE][PASSED] - Delayed 2 second(s)

2019-06-07 15:48:28 - [MESSAGE][PASSED] - Delayed 3 second(s)

2019-06-07 15:48:30 - [MESSAGE][PASSED] - Delayed 2 second(s)

2019-06-07 15:48:31 - [MESSAGE][PASSED] - Delayed 1 second(s)

2019-06-07 15:48:31 - [MESSAGE][PASSED] - SampleGIFImage_350kbmb.gif exist in H:/Git Projects/Usgbc_LeedOnline_ScoreCard/Usgbc_LeedOnline_ScoreCard/Include/TestData/DownloadedFiles and was deleted

2019-06-07 15:48:31 - [MESSAGE][PASSED] - 

2019-06-07 15:48:31 - [MESSAGE][PASSED] - Actual text 'SampleGIFImage_350kbmb.gif' and expected text 'SampleGIFImage_350kbmb.gif' are matched 

2019-06-07 15:48:33 - [MESSAGE][PASSED] - Delayed 2 second(s)

2019-06-07 15:48:34 - [MESSAGE][PASSED] - Delayed 1 second(s)

2019-06-07 15:48:34 - [MESSAGE][PASSED] - SamplePPTFile_1000kb.ppt exist in H:/Git Projects/Usgbc_LeedOnline_ScoreCard/Usgbc_LeedOnline_ScoreCard/Include/TestData/DownloadedFiles and was deleted

2019-06-07 15:48:34 - [MESSAGE][PASSED] - 

2019-06-07 15:48:34 - [MESSAGE][PASSED] - Actual text 'SamplePPTFile_1000kb.ppt' and expected text 'SamplePPTFile_1000kb.ppt' are matched 

2019-06-07 15:48:36 - [MESSAGE][PASSED] - Delayed 2 second(s)

2019-06-07 15:48:37 - [MESSAGE][PASSED] - Delayed 1 second(s)

2019-06-07 15:48:37 - [MESSAGE][PASSED] - ZZ.pdf exist in H:/Git Projects/Usgbc_LeedOnline_ScoreCard/Usgbc_LeedOnline_ScoreCard/Include/TestData/DownloadedFiles and was deleted

2019-06-07 15:48:37 - [MESSAGE][PASSED] - 

2019-06-07 15:48:37 - [MESSAGE][PASSED] - Actual text 'ZZ.pdf' and expected text 'ZZ.pdf' are matched 

2019-06-07 15:48:37 - [MESSAGE][PASSED] - Run with 'greenCleaningPolicyForm.Runner_DownloadFiles_option2' was passed]]></system-out>
         <system-err><![CDATA[]]></system-err>
      </testcase>
      <testcase name="Test Cases/GreenCleaningPolicy/TC_GCP_DeleteUploadedFiles_option2" classname="Test Cases/GreenCleaningPolicy/TC_GCP_DeleteUploadedFiles_option2" status="PASSED">
         <system-out><![CDATA[2019-06-07 15:48:37 - [TEST_CASE][PASSED] - Test Cases/GreenCleaningPolicy/TC_GCP_DeleteUploadedFiles_option2: Test Cases/GreenCleaningPolicy/TC_GCP_DeleteUploadedFiles_option2

2019-06-07 15:48:38 - [TEST_STEP][PASSED] - runWithCucumberRunner(greenCleaningPolicyForm.Runner_DeleteUploadedFiles_option2): Run with 'greenCleaningPolicyForm.Runner_DeleteUploadedFiles_option2' was passed

2019-06-07 15:48:38 - [TEST_CASE][PASSED] - Test Cases/GreenCleaningPolicy/TC_NavigateToGCP: Test Cases/GreenCleaningPolicy/TC_NavigateToGCP

2019-06-07 15:48:38 - [TEST_STEP][PASSED] - runWithCucumberRunner(greenCleaningPolicyForm.Runner_NavigateToGCP): Run with 'greenCleaningPolicyForm.Runner_NavigateToGCP' was passed

2019-06-07 15:48:38 - [TEST_CASE][PASSED] - Test Cases/Login/TC_Login: Test Cases/Login/TC_Login

2019-06-07 15:48:38 - [TEST_STEP][PASSED] - runWithCucumberRunner(common.Runner_Login): Run with 'common.Runner_Login' was passed

2019-06-07 15:48:38 - [MESSAGE][WARNING] - A browser is already opened. Closing browser and opening a new one

2019-06-07 15:48:39 - [MESSAGE][INFO] - Starting 'Chrome (headless)' driver

2019-06-07 15:48:39 - [MESSAGE][INFO] - User set preference: ['args', '[--window-size=1920,1080]']

2019-06-07 15:48:41 - [MESSAGE][PASSED] - Browser is opened with url: ''

2019-06-07 15:48:45 - [MESSAGE][PASSED] - Navigate to 'https://leedonline-stg.usgbc.org' successfully

2019-06-07 15:48:47 - [MESSAGE][PASSED] - Delayed 2 second(s)

2019-06-07 15:48:47 - [MESSAGE][PASSED] - Text 'jaypeejay@hotmail.com' is set on object 'Object Repository/Login/input_username'

2019-06-07 15:48:48 - [MESSAGE][PASSED] - Text 'initpass' is set on object 'Object Repository/Login/input_password'

2019-06-07 15:48:51 - [MESSAGE][PASSED] - Delayed 3 second(s)

2019-06-07 15:48:51 - [MESSAGE][PASSED] - Scroll to object 'Object Repository/Login/span_End User License Agreement' successfully

2019-06-07 15:48:51 - [MESSAGE][PASSED] - Object 'Object Repository/Login/span_End User License Agreement' is visible

2019-06-07 15:48:51 - [MESSAGE][PASSED] - Object 'Object Repository/Login/span_End User License Agreement' is checked

2019-06-07 15:48:52 - [MESSAGE][PASSED] - Delayed 1 second(s)

2019-06-07 15:48:52 - [MESSAGE][PASSED] - Object: 'Object Repository/Login/button_Log In' is clicked on

2019-06-07 15:49:00 - [MESSAGE][PASSED] - Object: '' is clicked on

2019-06-07 15:49:02 - [MESSAGE][PASSED] - Object: 'Object Repository/Login/a_Credits' is clicked on

2019-06-07 15:49:02 - [MESSAGE][PASSED] - Run with 'common.Runner_Login' was passed

2019-06-07 15:49:02 - [MESSAGE][PASSED] - Call Test Case 'Test Cases/Login/TC_Login' successfully

2019-06-07 15:49:02 - [MESSAGE][PASSED] - Scroll to object 'Object Repository/GreenCleaningPolicy/div_Green Cleaning Policy' successfully

2019-06-07 15:49:02 - [MESSAGE][PASSED] - Object 'Object Repository/GreenCleaningPolicy/div_Green Cleaning Policy' is present

2019-06-07 15:49:02 - [MESSAGE][PASSED] - Text of object 'Object Repository/GreenCleaningPolicy/h3_Status' is: 'ATTEMPTED'

2019-06-07 15:49:02 - [MESSAGE][PASSED] - Text of object 'Object Repository/GreenCleaningPolicy/divval' is: 'ATTEMPTED'

2019-06-07 15:49:03 - [MESSAGE][PASSED] - Text of object 'Object Repository/GreenCleaningPolicy/h3_Status' is: 'ATTEMPTED'

2019-06-07 15:49:03 - [MESSAGE][PASSED] - Object: 'Object Repository/GreenCleaningPolicy/div_Green Cleaning Policy' is clicked on

2019-06-07 15:49:07 - [MESSAGE][PASSED] - Object: 'Object Repository/GreenCleaningPolicy/a_Form (V01)' is clicked on

2019-06-07 15:49:07 - [MESSAGE][PASSED] - Object 'Object Repository/GreenCleaningPolicy/div_Green Cleaning Policy_Credit library' is present

2019-06-07 15:49:07 - [MESSAGE][PASSED] - Run with 'greenCleaningPolicyForm.Runner_NavigateToGCP' was passed

2019-06-07 15:49:07 - [MESSAGE][PASSED] - Call Test Case 'Test Cases/GreenCleaningPolicy/TC_NavigateToGCP' successfully

2019-06-07 15:49:07 - [MESSAGE][PASSED] - Object: 'Object Repository/GreenCleaningPolicy/Option2_CertifiedCleanService/input_Option 2_RadioBtn' is clicked on

2019-06-07 15:49:09 - [MESSAGE][PASSED] - Delayed 2 second(s)

2019-06-07 15:49:09 - [MESSAGE][PASSED] - Scroll to object 'Object Repository/GreenCleaningPolicy/Option2_CertifiedCleanService/Table_CleaningContract' successfully

2019-06-07 15:49:09 - [MESSAGE][PASSED] - Object 'Object Repository/GreenCleaningPolicy/Option2_CertifiedCleanService/Table_CleaningContract' is present

2019-06-07 15:49:09 - [MESSAGE][PASSED] - Scroll to object 'Object Repository/GreenCleaningPolicy/Option2_CertifiedCleanService/AddFile_UploadCleaningContract_Option2/p_Upload the Cleaning Contract' successfully

2019-06-07 15:49:10 - [MESSAGE][PASSED] - Delayed 1 second(s)

2019-06-07 15:49:11 - [MESSAGE][PASSED] - Object: '' is clicked on

2019-06-07 15:49:13 - [MESSAGE][PASSED] - Delayed 2 second(s)

2019-06-07 15:49:13 - [MESSAGE][PASSED] - Object: 'Object Repository/LightPollutionReduction/FixtureShielding/button_Yes' is clicked on

2019-06-07 15:49:14 - [MESSAGE][PASSED] - Delayed 1 second(s)

2019-06-07 15:49:14 - [MESSAGE][PASSED] - Object: '' is clicked on

2019-06-07 15:49:16 - [MESSAGE][PASSED] - Delayed 2 second(s)

2019-06-07 15:49:16 - [MESSAGE][PASSED] - Object: 'Object Repository/LightPollutionReduction/FixtureShielding/button_Yes' is clicked on

2019-06-07 15:49:17 - [MESSAGE][PASSED] - Delayed 1 second(s)

2019-06-07 15:49:17 - [MESSAGE][PASSED] - Object: '' is clicked on

2019-06-07 15:49:19 - [MESSAGE][PASSED] - Delayed 2 second(s)

2019-06-07 15:49:19 - [MESSAGE][PASSED] - Object: 'Object Repository/LightPollutionReduction/FixtureShielding/button_Yes' is clicked on

2019-06-07 15:49:21 - [MESSAGE][PASSED] - Delayed 2 second(s)

2019-06-07 15:49:22 - [MESSAGE][PASSED] - Web element with id: 'Object Repository/GreenCleaningPolicy/Option2_CertifiedCleanService/Table_CleaningContract' located by 'By.xpath: //*[@id="greenCleaningPolicyDocs_files" or @id="contractDocs_files"]/table' is not present after '30' second(s)

2019-06-07 15:49:22 - [MESSAGE][PASSED] - Scroll to object 'Object Repository/GreenCleaningPolicy/Option2_CertifiedCleanService/Table_UploadInfoShowingContract' successfully

2019-06-07 15:49:22 - [MESSAGE][PASSED] - Object 'Object Repository/GreenCleaningPolicy/Option2_CertifiedCleanService/Table_UploadInfoShowingContract' is present

2019-06-07 15:49:22 - [MESSAGE][PASSED] - Scroll to object 'Object Repository/GreenCleaningPolicy/Option2_CertifiedCleanService/AddFile_UploadInfoShowingContract_Option2/p_Upload the information showing the contractors' successfully

2019-06-07 15:49:23 - [MESSAGE][PASSED] - Delayed 1 second(s)

2019-06-07 15:49:23 - [MESSAGE][PASSED] - Object: '' is clicked on

2019-06-07 15:49:25 - [MESSAGE][PASSED] - Delayed 2 second(s)

2019-06-07 15:49:25 - [MESSAGE][PASSED] - Object: 'Object Repository/LightPollutionReduction/FixtureShielding/button_Yes' is clicked on

2019-06-07 15:49:26 - [MESSAGE][PASSED] - Delayed 1 second(s)

2019-06-07 15:49:27 - [MESSAGE][PASSED] - Object: '' is clicked on

2019-06-07 15:49:29 - [MESSAGE][PASSED] - Delayed 2 second(s)

2019-06-07 15:49:29 - [MESSAGE][PASSED] - Object: 'Object Repository/LightPollutionReduction/FixtureShielding/button_Yes' is clicked on

2019-06-07 15:49:30 - [MESSAGE][PASSED] - Delayed 1 second(s)

2019-06-07 15:49:30 - [MESSAGE][PASSED] - Object: '' is clicked on

2019-06-07 15:49:32 - [MESSAGE][PASSED] - Delayed 2 second(s)

2019-06-07 15:49:32 - [MESSAGE][PASSED] - Object: 'Object Repository/LightPollutionReduction/FixtureShielding/button_Yes' is clicked on

2019-06-07 15:49:34 - [MESSAGE][PASSED] - Delayed 2 second(s)

2019-06-07 15:49:34 - [MESSAGE][PASSED] - Web element with id: 'Object Repository/GreenCleaningPolicy/Option2_CertifiedCleanService/Table_UploadInfoShowingContract' located by 'By.xpath: //*[@id="contractorCertDocs_files"]/table' is not present after '30' second(s)

2019-06-07 15:49:34 - [MESSAGE][PASSED] - Run with 'greenCleaningPolicyForm.Runner_DeleteUploadedFiles_option2' was passed]]></system-out>
         <system-err><![CDATA[]]></system-err>
      </testcase>
      <testcase name="Test Cases/GreenCleaningPolicy/TC_GCP_AutoSaveAsDraft" classname="Test Cases/GreenCleaningPolicy/TC_GCP_AutoSaveAsDraft" status="FAILED">
         <failure type="FAILED" message="Test Cases/GreenCleaningPolicy/TC_GCP_AutoSaveAsDraft FAILED.
Reason:
com.kms.katalon.core.exception.StepFailedException: These following reason:
 [The step &quot;User should be able to see In-house green cleaning policy radio button is selected in Green Cleaning Policy form&quot; is undefined, Cannot create function name from empty sentence]
	at com.kms.katalon.core.keyword.internal.KeywordMain.stepFailed(KeywordMain.groovy:48)
	at com.kms.katalon.core.keyword.internal.KeywordMain.stepFailed(KeywordMain.groovy)
	at com.kms.katalon.core.keyword.internal.KeywordMain.stepFailed(KeywordMain.groovy:21)
	at com.kms.katalon.core.keyword.internal.KeywordMain$stepFailed$0.call(Unknown Source)
	at com.kms.katalon.core.cucumber.keyword.CucumberBuiltinKeywords$_runWithCucumberRunner_closure3.doCall(CucumberBuiltinKeywords.groovy:272)
	at com.kms.katalon.core.cucumber.keyword.CucumberBuiltinKeywords$_runWithCucumberRunner_closure3.doCall(CucumberBuiltinKeywords.groovy)
	at com.kms.katalon.core.keyword.internal.KeywordMain.runKeyword(KeywordMain.groovy:66)
	at com.kms.katalon.core.keyword.internal.KeywordMain$runKeyword.call(Unknown Source)
	at com.kms.katalon.core.cucumber.keyword.CucumberBuiltinKeywords.runWithCucumberRunner(CucumberBuiltinKeywords.groovy:257)
	at com.kms.katalon.core.cucumber.keyword.CucumberBuiltinKeywords$runWithCucumberRunner$0.callStatic(Unknown Source)
	at com.kms.katalon.core.cucumber.keyword.CucumberBuiltinKeywords.runWithCucumberRunner(CucumberBuiltinKeywords.groovy:357)
	at com.kms.katalon.core.cucumber.keyword.CucumberBuiltinKeywords$runWithCucumberRunner.call(Unknown Source)
	at TC_GCP_AutoSaveAsDraft.run(TC_GCP_AutoSaveAsDraft:18)
	at com.kms.katalon.core.main.ScriptEngine.run(ScriptEngine.java:194)
	at com.kms.katalon.core.main.ScriptEngine.runScriptAsRawText(ScriptEngine.java:119)
	at com.kms.katalon.core.main.TestCaseExecutor.runScript(TestCaseExecutor.java:336)
	at com.kms.katalon.core.main.TestCaseExecutor.doExecute(TestCaseExecutor.java:327)
	at com.kms.katalon.core.main.TestCaseExecutor.processExecutionPhase(TestCaseExecutor.java:306)
	at com.kms.katalon.core.main.TestCaseExecutor.accessMainPhase(TestCaseExecutor.java:298)
	at com.kms.katalon.core.main.TestCaseExecutor.execute(TestCaseExecutor.java:232)
	at com.kms.katalon.core.main.TestSuiteExecutor.accessTestCaseMainPhase(TestSuiteExecutor.java:129)
	at com.kms.katalon.core.main.TestSuiteExecutor.accessTestSuiteMainPhase(TestSuiteExecutor.java:112)
	at com.kms.katalon.core.main.TestSuiteExecutor.execute(TestSuiteExecutor.java:81)
	at com.kms.katalon.core.main.TestCaseMain.startTestSuite(TestCaseMain.java:157)
	at com.kms.katalon.core.main.TestCaseMain$startTestSuite$0.call(Unknown Source)
	at TempTestSuite1559901998880.run(TempTestSuite1559901998880.groovy:35)
"/>
         <system-out><![CDATA[2019-06-07 15:49:34 - [TEST_CASE][FAILED] - Test Cases/GreenCleaningPolicy/TC_GCP_AutoSaveAsDraft: Test Cases/GreenCleaningPolicy/TC_GCP_AutoSaveAsDraft FAILED.
Reason:
com.kms.katalon.core.exception.StepFailedException: These following reason:
 [The step "User should be able to see In-house green cleaning policy radio button is selected in Green Cleaning Policy form" is undefined, Cannot create function name from empty sentence]
	at com.kms.katalon.core.keyword.internal.KeywordMain.stepFailed(KeywordMain.groovy:48)
	at com.kms.katalon.core.keyword.internal.KeywordMain.stepFailed(KeywordMain.groovy)
	at com.kms.katalon.core.keyword.internal.KeywordMain.stepFailed(KeywordMain.groovy:21)
	at com.kms.katalon.core.keyword.internal.KeywordMain$stepFailed$0.call(Unknown Source)
	at com.kms.katalon.core.cucumber.keyword.CucumberBuiltinKeywords$_runWithCucumberRunner_closure3.doCall(CucumberBuiltinKeywords.groovy:272)
	at com.kms.katalon.core.cucumber.keyword.CucumberBuiltinKeywords$_runWithCucumberRunner_closure3.doCall(CucumberBuiltinKeywords.groovy)
	at com.kms.katalon.core.keyword.internal.KeywordMain.runKeyword(KeywordMain.groovy:66)
	at com.kms.katalon.core.keyword.internal.KeywordMain$runKeyword.call(Unknown Source)
	at com.kms.katalon.core.cucumber.keyword.CucumberBuiltinKeywords.runWithCucumberRunner(CucumberBuiltinKeywords.groovy:257)
	at com.kms.katalon.core.cucumber.keyword.CucumberBuiltinKeywords$runWithCucumberRunner$0.callStatic(Unknown Source)
	at com.kms.katalon.core.cucumber.keyword.CucumberBuiltinKeywords.runWithCucumberRunner(CucumberBuiltinKeywords.groovy:357)
	at com.kms.katalon.core.cucumber.keyword.CucumberBuiltinKeywords$runWithCucumberRunner.call(Unknown Source)
	at TC_GCP_AutoSaveAsDraft.run(TC_GCP_AutoSaveAsDraft:18)
	at com.kms.katalon.core.main.ScriptEngine.run(ScriptEngine.java:194)
	at com.kms.katalon.core.main.ScriptEngine.runScriptAsRawText(ScriptEngine.java:119)
	at com.kms.katalon.core.main.TestCaseExecutor.runScript(TestCaseExecutor.java:336)
	at com.kms.katalon.core.main.TestCaseExecutor.doExecute(TestCaseExecutor.java:327)
	at com.kms.katalon.core.main.TestCaseExecutor.processExecutionPhase(TestCaseExecutor.java:306)
	at com.kms.katalon.core.main.TestCaseExecutor.accessMainPhase(TestCaseExecutor.java:298)
	at com.kms.katalon.core.main.TestCaseExecutor.execute(TestCaseExecutor.java:232)
	at com.kms.katalon.core.main.TestSuiteExecutor.accessTestCaseMainPhase(TestSuiteExecutor.java:129)
	at com.kms.katalon.core.main.TestSuiteExecutor.accessTestSuiteMainPhase(TestSuiteExecutor.java:112)
	at com.kms.katalon.core.main.TestSuiteExecutor.execute(TestSuiteExecutor.java:81)
	at com.kms.katalon.core.main.TestCaseMain.startTestSuite(TestCaseMain.java:157)
	at com.kms.katalon.core.main.TestCaseMain$startTestSuite$0.call(Unknown Source)
	at TempTestSuite1559901998880.run(TempTestSuite1559901998880.groovy:35)


2019-06-07 15:49:35 - [TEST_STEP][FAILED] - runWithCucumberRunner(greenCleaningPolicyForm.Runner_AutoSaveAsDraftGCP): Keyword runWithCucumberRunner was failed (Root cause: com.kms.katalon.core.exception.StepFailedException: These following reason:
 [The step "User should be able to see In-house green cleaning policy radio button is selected in Green Cleaning Policy form" is undefined, Cannot create function name from empty sentence]
	at com.kms.katalon.core.keyword.internal.KeywordMain.stepFailed(KeywordMain.groovy:48)
	at com.kms.katalon.core.keyword.internal.KeywordMain.stepFailed(KeywordMain.groovy)
	at com.kms.katalon.core.keyword.internal.KeywordMain.stepFailed(KeywordMain.groovy:21)
	at com.kms.katalon.core.keyword.internal.KeywordMain$stepFailed$0.call(Unknown Source)
	at com.kms.katalon.core.cucumber.keyword.CucumberBuiltinKeywords$_runWithCucumberRunner_closure3.doCall(CucumberBuiltinKeywords.groovy:272)
	at com.kms.katalon.core.cucumber.keyword.CucumberBuiltinKeywords$_runWithCucumberRunner_closure3.doCall(CucumberBuiltinKeywords.groovy)
	at com.kms.katalon.core.keyword.internal.KeywordMain.runKeyword(KeywordMain.groovy:66)
	at com.kms.katalon.core.keyword.internal.KeywordMain$runKeyword.call(Unknown Source)
	at com.kms.katalon.core.cucumber.keyword.CucumberBuiltinKeywords.runWithCucumberRunner(CucumberBuiltinKeywords.groovy:257)
	at com.kms.katalon.core.cucumber.keyword.CucumberBuiltinKeywords$runWithCucumberRunner$0.callStatic(Unknown Source)
	at com.kms.katalon.core.cucumber.keyword.CucumberBuiltinKeywords.runWithCucumberRunner(CucumberBuiltinKeywords.groovy:357)
	at com.kms.katalon.core.cucumber.keyword.CucumberBuiltinKeywords$runWithCucumberRunner.call(Unknown Source)
	at TC_GCP_AutoSaveAsDraft.run(TC_GCP_AutoSaveAsDraft:18)
	at com.kms.katalon.core.main.ScriptEngine.run(ScriptEngine.java:194)
	at com.kms.katalon.core.main.ScriptEngine.runScriptAsRawText(ScriptEngine.java:119)
	at com.kms.katalon.core.main.TestCaseExecutor.runScript(TestCaseExecutor.java:336)
	at com.kms.katalon.core.main.TestCaseExecutor.doExecute(TestCaseExecutor.java:327)
	at com.kms.katalon.core.main.TestCaseExecutor.processExecutionPhase(TestCaseExecutor.java:306)
	at com.kms.katalon.core.main.TestCaseExecutor.accessMainPhase(TestCaseExecutor.java:298)
	at com.kms.katalon.core.main.TestCaseExecutor.execute(TestCaseExecutor.java:232)
	at com.kms.katalon.core.main.TestSuiteExecutor.accessTestCaseMainPhase(TestSuiteExecutor.java:129)
	at com.kms.katalon.core.main.TestSuiteExecutor.accessTestSuiteMainPhase(TestSuiteExecutor.java:112)
	at com.kms.katalon.core.main.TestSuiteExecutor.execute(TestSuiteExecutor.java:81)
	at com.kms.katalon.core.main.TestCaseMain.startTestSuite(TestCaseMain.java:157)
	at com.kms.katalon.core.main.TestCaseMain$startTestSuite$0.call(Unknown Source)
	at TempTestSuite1559901998880.run(TempTestSuite1559901998880.groovy:35)
)

2019-06-07 15:49:35 - [TEST_CASE][PASSED] - Test Cases/GreenCleaningPolicy/TC_NavigateToGCP: Test Cases/GreenCleaningPolicy/TC_NavigateToGCP

2019-06-07 15:49:35 - [TEST_STEP][PASSED] - runWithCucumberRunner(greenCleaningPolicyForm.Runner_NavigateToGCP): Run with 'greenCleaningPolicyForm.Runner_NavigateToGCP' was passed

2019-06-07 15:49:36 - [TEST_CASE][PASSED] - Test Cases/Login/TC_Login: Test Cases/Login/TC_Login

2019-06-07 15:49:36 - [TEST_STEP][PASSED] - runWithCucumberRunner(common.Runner_Login): Run with 'common.Runner_Login' was passed

2019-06-07 15:49:36 - [MESSAGE][WARNING] - A browser is already opened. Closing browser and opening a new one

2019-06-07 15:49:36 - [MESSAGE][INFO] - Starting 'Chrome (headless)' driver

2019-06-07 15:49:36 - [MESSAGE][INFO] - User set preference: ['args', '[--window-size=1920,1080]']

2019-06-07 15:49:39 - [MESSAGE][PASSED] - Browser is opened with url: ''

2019-06-07 15:49:42 - [MESSAGE][PASSED] - Navigate to 'https://leedonline-stg.usgbc.org' successfully

2019-06-07 15:49:44 - [MESSAGE][PASSED] - Delayed 2 second(s)

2019-06-07 15:49:44 - [MESSAGE][PASSED] - Text 'jaypeejay@hotmail.com' is set on object 'Object Repository/Login/input_username'

2019-06-07 15:49:44 - [MESSAGE][PASSED] - Text 'initpass' is set on object 'Object Repository/Login/input_password'

2019-06-07 15:49:47 - [MESSAGE][PASSED] - Delayed 3 second(s)

2019-06-07 15:49:47 - [MESSAGE][PASSED] - Scroll to object 'Object Repository/Login/span_End User License Agreement' successfully

2019-06-07 15:49:47 - [MESSAGE][PASSED] - Object 'Object Repository/Login/span_End User License Agreement' is visible

2019-06-07 15:49:48 - [MESSAGE][PASSED] - Object 'Object Repository/Login/span_End User License Agreement' is checked

2019-06-07 15:49:49 - [MESSAGE][PASSED] - Delayed 1 second(s)

2019-06-07 15:49:49 - [MESSAGE][PASSED] - Object: 'Object Repository/Login/button_Log In' is clicked on

2019-06-07 15:49:54 - [MESSAGE][PASSED] - Object: '' is clicked on

2019-06-07 15:49:56 - [MESSAGE][PASSED] - Object: 'Object Repository/Login/a_Credits' is clicked on

2019-06-07 15:49:56 - [MESSAGE][PASSED] - Run with 'common.Runner_Login' was passed

2019-06-07 15:49:56 - [MESSAGE][PASSED] - Call Test Case 'Test Cases/Login/TC_Login' successfully

2019-06-07 15:49:56 - [MESSAGE][PASSED] - Scroll to object 'Object Repository/GreenCleaningPolicy/div_Green Cleaning Policy' successfully

2019-06-07 15:49:56 - [MESSAGE][PASSED] - Object 'Object Repository/GreenCleaningPolicy/div_Green Cleaning Policy' is present

2019-06-07 15:49:56 - [MESSAGE][PASSED] - Text of object 'Object Repository/GreenCleaningPolicy/h3_Status' is: 'ATTEMPTED'

2019-06-07 15:49:56 - [MESSAGE][PASSED] - Text of object 'Object Repository/GreenCleaningPolicy/divval' is: 'ATTEMPTED'

2019-06-07 15:49:56 - [MESSAGE][PASSED] - Text of object 'Object Repository/GreenCleaningPolicy/h3_Status' is: 'ATTEMPTED'

2019-06-07 15:49:57 - [MESSAGE][PASSED] - Object: 'Object Repository/GreenCleaningPolicy/div_Green Cleaning Policy' is clicked on

2019-06-07 15:50:00 - [MESSAGE][PASSED] - Object: 'Object Repository/GreenCleaningPolicy/a_Form (V01)' is clicked on

2019-06-07 15:50:00 - [MESSAGE][PASSED] - Object 'Object Repository/GreenCleaningPolicy/div_Green Cleaning Policy_Credit library' is present

2019-06-07 15:50:00 - [MESSAGE][PASSED] - Run with 'greenCleaningPolicyForm.Runner_NavigateToGCP' was passed

2019-06-07 15:50:00 - [MESSAGE][PASSED] - Call Test Case 'Test Cases/GreenCleaningPolicy/TC_NavigateToGCP' successfully

2019-06-07 15:50:10 - [MESSAGE][PASSED] - Delayed 10 second(s)

2019-06-07 15:50:10 - [MESSAGE][PASSED] - Web element with id: 'Object Repository/GreenCleaningPolicy/span_Last draft saved on' located by 'By.xpath: //*[@id="credit-form"]/div[5]/div/span/span' is not present after '2' second(s)

2019-06-07 15:50:11 - [MESSAGE][PASSED] - Object: 'Object Repository/LightPollutionReduction/FixtureShielding/input_Select one of the following_selectedOption' is clicked on

2019-06-07 15:50:21 - [MESSAGE][PASSED] - Delayed 10 second(s)

2019-06-07 15:50:21 - [MESSAGE][PASSED] - Text of object 'Object Repository/LightPollutionReduction/Autosave/span_Last draft saved on' is: 'Last draft saved on: 07 Jun 2019 03:50:19 PM  Clear draft'

2019-06-07 15:50:21 - [MESSAGE][PASSED] - File 'H:/Git Projects/Usgbc_LeedOnline_ScoreCard/Usgbc_LeedOnline_ScoreCard/Include/TestData/MultipleFileDiffExt/ZZ.pdf' sent to object: 'Object Repository/GreenCleaningPolicy/Option1_GreenCleanPlcy/AddFile_UploadGreenCleaningPlcy_Option1/input_UploadGreenCleaningPlcy'

2019-06-07 15:50:21 - [MESSAGE][PASSED] - File 'H:/Git Projects/Usgbc_LeedOnline_ScoreCard/Usgbc_LeedOnline_ScoreCard/Include/TestData/MultipleFileDiffExt/ZZ.pdf' sent to object: 'Object Repository/GreenCleaningPolicy/SpecialCircumstances/AddFile_UploadAddtionalDoc_SC/input_UploadAdditionalDoc_SC'

2019-06-07 15:50:36 - [MESSAGE][PASSED] - Delayed 15 second(s)

2019-06-07 15:50:36 - [MESSAGE][PASSED] - Object 'Object Repository/GreenCleaningPolicy/span_Last draft saved on' is present

2019-06-07 15:50:36 - [MESSAGE][PASSED] - Text of object 'Object Repository/GreenCleaningPolicy/span_Last draft saved on' is: 'Last draft saved on: 07 Jun 2019 03:50:19 PM  Clear draft'

2019-06-07 15:50:36 - [MESSAGE][PASSED] - Actual text 'Last draft saved on: 07 Jun 2019 03:50:19 PM  Clear draft' and expected text 'Last draft saved on: 07 Jun 2019 03:50:19 PM  Clear draft' are matched 

2019-06-07 15:50:36 - [MESSAGE][PASSED] - Object 'Object Repository/GreenCleaningPolicy/CleaningService_EditorBox/p_CleaningService' is present

2019-06-07 15:50:37 - [MESSAGE][PASSED] - Text 'Test Data for Narrative' is set on object 'Object Repository/GreenCleaningPolicy/CleaningService_EditorBox/body_CS_EditorBox'

2019-06-07 15:50:47 - [MESSAGE][PASSED] - Delayed 10 second(s)

2019-06-07 15:50:47 - [MESSAGE][PASSED] - Object 'Object Repository/GreenCleaningPolicy/span_Last draft saved on' is present

2019-06-07 15:50:47 - [MESSAGE][PASSED] - Text of object 'Object Repository/GreenCleaningPolicy/span_Last draft saved on' is: 'Last draft saved on: 07 Jun 2019 03:50:39 PM  Clear draft'

2019-06-07 15:50:47 - [MESSAGE][PASSED] - Actual text 'Last draft saved on: 07 Jun 2019 03:50:19 PM  Clear draft' and expected text 'Last draft saved on: 07 Jun 2019 03:50:39 PM  Clear draft' are not matched 

2019-06-07 15:50:47 - [MESSAGE][PASSED] - Object 'Object Repository/GreenCleaningPolicy/SpecialCircumstances/AddFile_UploadAddtionalDoc_SC/p_Upload any additional documentation that supports' is present

2019-06-07 15:50:47 - [MESSAGE][PASSED] - Text 'Test Data for Narrative' is set on object 'Object Repository/GreenCleaningPolicy/SpecialCircumstances/SC_EditorBox/body_SC_EditorBox'

2019-06-07 15:50:57 - [MESSAGE][PASSED] - Delayed 10 second(s)

2019-06-07 15:50:57 - [MESSAGE][PASSED] - Object 'Object Repository/GreenCleaningPolicy/span_Last draft saved on' is present

2019-06-07 15:50:57 - [MESSAGE][PASSED] - Text of object 'Object Repository/GreenCleaningPolicy/span_Last draft saved on' is: 'Last draft saved on: 07 Jun 2019 03:50:49 PM  Clear draft'

2019-06-07 15:50:57 - [MESSAGE][PASSED] - Actual text 'Last draft saved on: 07 Jun 2019 03:50:49 PM  Clear draft' and expected text 'Last draft saved on: 07 Jun 2019 03:50:39 PM  Clear draft' are not matched 

2019-06-07 15:50:57 - [MESSAGE][FAILED] - These following reason:
 [The step "User should be able to see In-house green cleaning policy radio button is selected in Green Cleaning Policy form" is undefined, Cannot create function name from empty sentence]

2019-06-07 15:50:57 - [MESSAGE][FAILED] - Keyword runWithCucumberRunner was failed (Root cause: com.kms.katalon.core.exception.StepFailedException: These following reason:
 [The step "User should be able to see In-house green cleaning policy radio button is selected in Green Cleaning Policy form" is undefined, Cannot create function name from empty sentence]
	at com.kms.katalon.core.keyword.internal.KeywordMain.stepFailed(KeywordMain.groovy:48)
	at com.kms.katalon.core.keyword.internal.KeywordMain.stepFailed(KeywordMain.groovy)
	at com.kms.katalon.core.keyword.internal.KeywordMain.stepFailed(KeywordMain.groovy:21)
	at com.kms.katalon.core.keyword.internal.KeywordMain$stepFailed$0.call(Unknown Source)
	at com.kms.katalon.core.cucumber.keyword.CucumberBuiltinKeywords$_runWithCucumberRunner_closure3.doCall(CucumberBuiltinKeywords.groovy:272)
	at com.kms.katalon.core.cucumber.keyword.CucumberBuiltinKeywords$_runWithCucumberRunner_closure3.doCall(CucumberBuiltinKeywords.groovy)
	at com.kms.katalon.core.keyword.internal.KeywordMain.runKeyword(KeywordMain.groovy:66)
	at com.kms.katalon.core.keyword.internal.KeywordMain$runKeyword.call(Unknown Source)
	at com.kms.katalon.core.cucumber.keyword.CucumberBuiltinKeywords.runWithCucumberRunner(CucumberBuiltinKeywords.groovy:257)
	at com.kms.katalon.core.cucumber.keyword.CucumberBuiltinKeywords$runWithCucumberRunner$0.callStatic(Unknown Source)
	at com.kms.katalon.core.cucumber.keyword.CucumberBuiltinKeywords.runWithCucumberRunner(CucumberBuiltinKeywords.groovy:357)
	at com.kms.katalon.core.cucumber.keyword.CucumberBuiltinKeywords$runWithCucumberRunner.call(Unknown Source)
	at TC_GCP_AutoSaveAsDraft.run(TC_GCP_AutoSaveAsDraft:18)
	at com.kms.katalon.core.main.ScriptEngine.run(ScriptEngine.java:194)
	at com.kms.katalon.core.main.ScriptEngine.runScriptAsRawText(ScriptEngine.java:119)
	at com.kms.katalon.core.main.TestCaseExecutor.runScript(TestCaseExecutor.java:336)
	at com.kms.katalon.core.main.TestCaseExecutor.doExecute(TestCaseExecutor.java:327)
	at com.kms.katalon.core.main.TestCaseExecutor.processExecutionPhase(TestCaseExecutor.java:306)
	at com.kms.katalon.core.main.TestCaseExecutor.accessMainPhase(TestCaseExecutor.java:298)
	at com.kms.katalon.core.main.TestCaseExecutor.execute(TestCaseExecutor.java:232)
	at com.kms.katalon.core.main.TestSuiteExecutor.accessTestCaseMainPhase(TestSuiteExecutor.java:129)
	at com.kms.katalon.core.main.TestSuiteExecutor.accessTestSuiteMainPhase(TestSuiteExecutor.java:112)
	at com.kms.katalon.core.main.TestSuiteExecutor.execute(TestSuiteExecutor.java:81)
	at com.kms.katalon.core.main.TestCaseMain.startTestSuite(TestCaseMain.java:157)
	at com.kms.katalon.core.main.TestCaseMain$startTestSuite$0.call(Unknown Source)
	at TempTestSuite1559901998880.run(TempTestSuite1559901998880.groovy:35)
)]]></system-out>
         <system-err><![CDATA[2019-06-07 15:49:34 - [TEST_CASE][FAILED] - Test Cases/GreenCleaningPolicy/TC_GCP_AutoSaveAsDraft: Test Cases/GreenCleaningPolicy/TC_GCP_AutoSaveAsDraft FAILED.
Reason:
com.kms.katalon.core.exception.StepFailedException: These following reason:
 [The step "User should be able to see In-house green cleaning policy radio button is selected in Green Cleaning Policy form" is undefined, Cannot create function name from empty sentence]
	at com.kms.katalon.core.keyword.internal.KeywordMain.stepFailed(KeywordMain.groovy:48)
	at com.kms.katalon.core.keyword.internal.KeywordMain.stepFailed(KeywordMain.groovy)
	at com.kms.katalon.core.keyword.internal.KeywordMain.stepFailed(KeywordMain.groovy:21)
	at com.kms.katalon.core.keyword.internal.KeywordMain$stepFailed$0.call(Unknown Source)
	at com.kms.katalon.core.cucumber.keyword.CucumberBuiltinKeywords$_runWithCucumberRunner_closure3.doCall(CucumberBuiltinKeywords.groovy:272)
	at com.kms.katalon.core.cucumber.keyword.CucumberBuiltinKeywords$_runWithCucumberRunner_closure3.doCall(CucumberBuiltinKeywords.groovy)
	at com.kms.katalon.core.keyword.internal.KeywordMain.runKeyword(KeywordMain.groovy:66)
	at com.kms.katalon.core.keyword.internal.KeywordMain$runKeyword.call(Unknown Source)
	at com.kms.katalon.core.cucumber.keyword.CucumberBuiltinKeywords.runWithCucumberRunner(CucumberBuiltinKeywords.groovy:257)
	at com.kms.katalon.core.cucumber.keyword.CucumberBuiltinKeywords$runWithCucumberRunner$0.callStatic(Unknown Source)
	at com.kms.katalon.core.cucumber.keyword.CucumberBuiltinKeywords.runWithCucumberRunner(CucumberBuiltinKeywords.groovy:357)
	at com.kms.katalon.core.cucumber.keyword.CucumberBuiltinKeywords$runWithCucumberRunner.call(Unknown Source)
	at TC_GCP_AutoSaveAsDraft.run(TC_GCP_AutoSaveAsDraft:18)
	at com.kms.katalon.core.main.ScriptEngine.run(ScriptEngine.java:194)
	at com.kms.katalon.core.main.ScriptEngine.runScriptAsRawText(ScriptEngine.java:119)
	at com.kms.katalon.core.main.TestCaseExecutor.runScript(TestCaseExecutor.java:336)
	at com.kms.katalon.core.main.TestCaseExecutor.doExecute(TestCaseExecutor.java:327)
	at com.kms.katalon.core.main.TestCaseExecutor.processExecutionPhase(TestCaseExecutor.java:306)
	at com.kms.katalon.core.main.TestCaseExecutor.accessMainPhase(TestCaseExecutor.java:298)
	at com.kms.katalon.core.main.TestCaseExecutor.execute(TestCaseExecutor.java:232)
	at com.kms.katalon.core.main.TestSuiteExecutor.accessTestCaseMainPhase(TestSuiteExecutor.java:129)
	at com.kms.katalon.core.main.TestSuiteExecutor.accessTestSuiteMainPhase(TestSuiteExecutor.java:112)
	at com.kms.katalon.core.main.TestSuiteExecutor.execute(TestSuiteExecutor.java:81)
	at com.kms.katalon.core.main.TestCaseMain.startTestSuite(TestCaseMain.java:157)
	at com.kms.katalon.core.main.TestCaseMain$startTestSuite$0.call(Unknown Source)
	at TempTestSuite1559901998880.run(TempTestSuite1559901998880.groovy:35)]]></system-err>
      </testcase>
      <system-out><![CDATA[2019-06-07 15:36:47 - [TEST_SUITE][FAILED] - GCP_SmokeTest: Test Cases/GreenCleaningPolicy/TC_GCP_AutoSaveAsDraft FAILED.
Reason:
com.kms.katalon.core.exception.StepFailedException: These following reason:
 [The step "User should be able to see In-house green cleaning policy radio button is selected in Green Cleaning Policy form" is undefined, Cannot create function name from empty sentence]
	at com.kms.katalon.core.keyword.internal.KeywordMain.stepFailed(KeywordMain.groovy:48)
	at com.kms.katalon.core.keyword.internal.KeywordMain.stepFailed(KeywordMain.groovy)
	at com.kms.katalon.core.keyword.internal.KeywordMain.stepFailed(KeywordMain.groovy:21)
	at com.kms.katalon.core.keyword.internal.KeywordMain$stepFailed$0.call(Unknown Source)
	at com.kms.katalon.core.cucumber.keyword.CucumberBuiltinKeywords$_runWithCucumberRunner_closure3.doCall(CucumberBuiltinKeywords.groovy:272)
	at com.kms.katalon.core.cucumber.keyword.CucumberBuiltinKeywords$_runWithCucumberRunner_closure3.doCall(CucumberBuiltinKeywords.groovy)
	at com.kms.katalon.core.keyword.internal.KeywordMain.runKeyword(KeywordMain.groovy:66)
	at com.kms.katalon.core.keyword.internal.KeywordMain$runKeyword.call(Unknown Source)
	at com.kms.katalon.core.cucumber.keyword.CucumberBuiltinKeywords.runWithCucumberRunner(CucumberBuiltinKeywords.groovy:257)
	at com.kms.katalon.core.cucumber.keyword.CucumberBuiltinKeywords$runWithCucumberRunner$0.callStatic(Unknown Source)
	at com.kms.katalon.core.cucumber.keyword.CucumberBuiltinKeywords.runWithCucumberRunner(CucumberBuiltinKeywords.groovy:357)
	at com.kms.katalon.core.cucumber.keyword.CucumberBuiltinKeywords$runWithCucumberRunner.call(Unknown Source)
	at TC_GCP_AutoSaveAsDraft.run(TC_GCP_AutoSaveAsDraft:18)
	at com.kms.katalon.core.main.ScriptEngine.run(ScriptEngine.java:194)
	at com.kms.katalon.core.main.ScriptEngine.runScriptAsRawText(ScriptEngine.java:119)
	at com.kms.katalon.core.main.TestCaseExecutor.runScript(TestCaseExecutor.java:336)
	at com.kms.katalon.core.main.TestCaseExecutor.doExecute(TestCaseExecutor.java:327)
	at com.kms.katalon.core.main.TestCaseExecutor.processExecutionPhase(TestCaseExecutor.java:306)
	at com.kms.katalon.core.main.TestCaseExecutor.accessMainPhase(TestCaseExecutor.java:298)
	at com.kms.katalon.core.main.TestCaseExecutor.execute(TestCaseExecutor.java:232)
	at com.kms.katalon.core.main.TestSuiteExecutor.accessTestCaseMainPhase(TestSuiteExecutor.java:129)
	at com.kms.katalon.core.main.TestSuiteExecutor.accessTestSuiteMainPhase(TestSuiteExecutor.java:112)
	at com.kms.katalon.core.main.TestSuiteExecutor.execute(TestSuiteExecutor.java:81)
	at com.kms.katalon.core.main.TestCaseMain.startTestSuite(TestCaseMain.java:157)
	at com.kms.katalon.core.main.TestCaseMain$startTestSuite$0.call(Unknown Source)
	at TempTestSuite1559901998880.run(TempTestSuite1559901998880.groovy:35)]]></system-out>
      <system-err><![CDATA[2019-06-07 15:36:47 - [TEST_SUITE][FAILED] - GCP_SmokeTest: Test Cases/GreenCleaningPolicy/TC_GCP_AutoSaveAsDraft FAILED.
Reason:
com.kms.katalon.core.exception.StepFailedException: These following reason:
 [The step "User should be able to see In-house green cleaning policy radio button is selected in Green Cleaning Policy form" is undefined, Cannot create function name from empty sentence]
	at com.kms.katalon.core.keyword.internal.KeywordMain.stepFailed(KeywordMain.groovy:48)
	at com.kms.katalon.core.keyword.internal.KeywordMain.stepFailed(KeywordMain.groovy)
	at com.kms.katalon.core.keyword.internal.KeywordMain.stepFailed(KeywordMain.groovy:21)
	at com.kms.katalon.core.keyword.internal.KeywordMain$stepFailed$0.call(Unknown Source)
	at com.kms.katalon.core.cucumber.keyword.CucumberBuiltinKeywords$_runWithCucumberRunner_closure3.doCall(CucumberBuiltinKeywords.groovy:272)
	at com.kms.katalon.core.cucumber.keyword.CucumberBuiltinKeywords$_runWithCucumberRunner_closure3.doCall(CucumberBuiltinKeywords.groovy)
	at com.kms.katalon.core.keyword.internal.KeywordMain.runKeyword(KeywordMain.groovy:66)
	at com.kms.katalon.core.keyword.internal.KeywordMain$runKeyword.call(Unknown Source)
	at com.kms.katalon.core.cucumber.keyword.CucumberBuiltinKeywords.runWithCucumberRunner(CucumberBuiltinKeywords.groovy:257)
	at com.kms.katalon.core.cucumber.keyword.CucumberBuiltinKeywords$runWithCucumberRunner$0.callStatic(Unknown Source)
	at com.kms.katalon.core.cucumber.keyword.CucumberBuiltinKeywords.runWithCucumberRunner(CucumberBuiltinKeywords.groovy:357)
	at com.kms.katalon.core.cucumber.keyword.CucumberBuiltinKeywords$runWithCucumberRunner.call(Unknown Source)
	at TC_GCP_AutoSaveAsDraft.run(TC_GCP_AutoSaveAsDraft:18)
	at com.kms.katalon.core.main.ScriptEngine.run(ScriptEngine.java:194)
	at com.kms.katalon.core.main.ScriptEngine.runScriptAsRawText(ScriptEngine.java:119)
	at com.kms.katalon.core.main.TestCaseExecutor.runScript(TestCaseExecutor.java:336)
	at com.kms.katalon.core.main.TestCaseExecutor.doExecute(TestCaseExecutor.java:327)
	at com.kms.katalon.core.main.TestCaseExecutor.processExecutionPhase(TestCaseExecutor.java:306)
	at com.kms.katalon.core.main.TestCaseExecutor.accessMainPhase(TestCaseExecutor.java:298)
	at com.kms.katalon.core.main.TestCaseExecutor.execute(TestCaseExecutor.java:232)
	at com.kms.katalon.core.main.TestSuiteExecutor.accessTestCaseMainPhase(TestSuiteExecutor.java:129)
	at com.kms.katalon.core.main.TestSuiteExecutor.accessTestSuiteMainPhase(TestSuiteExecutor.java:112)
	at com.kms.katalon.core.main.TestSuiteExecutor.execute(TestSuiteExecutor.java:81)
	at com.kms.katalon.core.main.TestCaseMain.startTestSuite(TestCaseMain.java:157)
	at com.kms.katalon.core.main.TestCaseMain$startTestSuite$0.call(Unknown Source)
	at TempTestSuite1559901998880.run(TempTestSuite1559901998880.groovy:35)]]></system-err>
   </testsuite>
</testsuites>
