<?xml version="1.0" encoding="UTF-8"?>
<testsuites name="IPM_SmokeTest" time="111" tests="2" failures="0" errors="0">
   <testsuite name="IPM_SmokeTest" tests="2" failures="0" errors="0" time="111" timestamp="2019-06-05 23:25:53" hostname="Promantus Inc - G10PROLT021" id="Test Suites/IPM_SmokeTest">
      <properties>
         <property name="deviceName" value=""/>
         <property name="devicePlatform" value=""/>
         <property name="logFolder" value="G:\\Sabareesh\\MyGitRepos\\Usgbc_LeedOnline_ScoreCard\\Usgbc_LeedOnline_ScoreCard\\Reports\\IPM_SmokeTest\\20190605_232546"/>
         <property name="logFiles" value="G:\\Sabareesh\\MyGitRepos\\Usgbc_LeedOnline_ScoreCard\\Usgbc_LeedOnline_ScoreCard\\Reports\\IPM_SmokeTest\\20190605_232546\\execution0.log"/>
         <property name="attachments" value=""/>
         <property name="hostName" value="Promantus Inc - G10PROLT021"/>
         <property name="os" value="Windows 10 64bit"/>
         <property name="katalonVersion" value="6.0.5.4"/>
         <property name="browser" value="Chrome 74.0.3729.169"/>
         <property name="hostAddress" value="192.168.0.104"/>
         <property name="sessionId" value="e1cd7aedb4bbf10b4fabfb71eb0b20c2"/>
         <property name="seleniumVersion" value="3.7.1"/>
         <property name="proxyInformation" value="ProxyInformation{proxyOption=NO_PROXY, proxyServerType=HTTP, password=, proxyServerAddress=, proxyServerPort=0}"/>
         <property name="platform" value="Windows 10"/>
      </properties>
      <testcase name="Test Cases/IntegratedPestManagement/TC_IPM_CertifiedService" classname="Test Cases/IntegratedPestManagement/TC_IPM_CertifiedService" status="PASSED">
         <system-out><![CDATA[2019-06-05 23:25:53 - [TEST_CASE][PASSED] - Test Cases/IntegratedPestManagement/TC_IPM_CertifiedService: Test Cases/IntegratedPestManagement/TC_IPM_CertifiedService

2019-06-05 23:25:54 - [TEST_STEP][PASSED] - runWithCucumberRunner(integratedPestMgmtForm.Runner_IPM_CertifiedService): Run with 'integratedPestMgmtForm.Runner_IPM_CertifiedService' was passed

2019-06-05 23:25:56 - [TEST_CASE][PASSED] - Test Cases/IntegratedPestManagement/TC_NavigateToIPM: Test Cases/IntegratedPestManagement/TC_NavigateToIPM

2019-06-05 23:25:56 - [TEST_STEP][PASSED] - runWithCucumberRunner(integratedPestMgmtForm.Runner_NavigateToIPM): Run with 'integratedPestMgmtForm.Runner_NavigateToIPM' was passed

2019-06-05 23:25:57 - [TEST_CASE][PASSED] - Test Cases/Login/TC_Login: Test Cases/Login/TC_Login

2019-06-05 23:25:57 - [TEST_STEP][PASSED] - runWithCucumberRunner(common.Runner_Login): Run with 'common.Runner_Login' was passed

2019-06-05 23:25:57 - [MESSAGE][INFO] - Starting 'Chrome (headless)' driver

2019-06-05 23:25:57 - [MESSAGE][INFO] - User set preference: ['args', '[--window-size=1920,1080]']

2019-06-05 23:25:57 - [MESSAGE][INFO] - Action delay is set to 0 seconds

2019-06-05 23:26:01 - [MESSAGE][PASSED] - Browser is opened with url: ''

2019-06-05 23:26:03 - [MESSAGE][PASSED] - Navigate to 'https://leedonline-stg.usgbc.org' successfully

2019-06-05 23:26:06 - [MESSAGE][PASSED] - Delayed 2 second(s)

2019-06-05 23:26:06 - [MESSAGE][PASSED] - Text 'jaypeejay@hotmail.com' is set on object 'Object Repository/Login/input_username'

2019-06-05 23:26:06 - [MESSAGE][PASSED] - Text 'initpass' is set on object 'Object Repository/Login/input_password'

2019-06-05 23:26:09 - [MESSAGE][PASSED] - Delayed 3 second(s)

2019-06-05 23:26:09 - [MESSAGE][PASSED] - Scroll to object 'Object Repository/Login/span_End User License Agreement' successfully

2019-06-05 23:26:09 - [MESSAGE][PASSED] - Object 'Object Repository/Login/span_End User License Agreement' is visible

2019-06-05 23:26:09 - [MESSAGE][PASSED] - Object 'Object Repository/Login/span_End User License Agreement' is checked

2019-06-05 23:26:10 - [MESSAGE][PASSED] - Delayed 1 second(s)

2019-06-05 23:26:10 - [MESSAGE][PASSED] - Object: 'Object Repository/Login/button_Log In' is clicked on

2019-06-05 23:26:15 - [MESSAGE][PASSED] - Object: '' is clicked on

2019-06-05 23:26:19 - [MESSAGE][PASSED] - Object: 'Object Repository/Login/a_Credits' is clicked on

2019-06-05 23:26:19 - [MESSAGE][PASSED] - Run with 'common.Runner_Login' was passed

2019-06-05 23:26:19 - [MESSAGE][PASSED] - Call Test Case 'Test Cases/Login/TC_Login' successfully

2019-06-05 23:26:19 - [MESSAGE][PASSED] - Scroll to object 'Object Repository/IntegratedPestMgmt/Navigation/div_Integrated Pest Management' successfully

2019-06-05 23:26:19 - [MESSAGE][PASSED] - Object 'Object Repository/IntegratedPestMgmt/Navigation/div_Integrated Pest Management' is present

2019-06-05 23:26:19 - [MESSAGE][PASSED] - Object: 'Object Repository/IntegratedPestMgmt/Navigation/div_Integrated Pest Management' is clicked on

2019-06-05 23:26:22 - [MESSAGE][PASSED] - Object: 'Object Repository/IntegratedPestMgmt/Navigation/a_Form (V01)' is clicked on

2019-06-05 23:26:22 - [MESSAGE][PASSED] - Object 'Object Repository/IntegratedPestMgmt/Navigation/div_IPMForm' is present

2019-06-05 23:26:22 - [MESSAGE][PASSED] - Run with 'integratedPestMgmtForm.Runner_NavigateToIPM' was passed

2019-06-05 23:26:22 - [MESSAGE][PASSED] - Call Test Case 'Test Cases/IntegratedPestManagement/TC_NavigateToIPM' successfully

2019-06-05 23:26:22 - [MESSAGE][PASSED] - Object 'Object Repository/IntegratedPestMgmt/Option_IPMService/Input_Option2_RadioBtn' is present

2019-06-05 23:26:23 - [MESSAGE][PASSED] - Object: 'Object Repository/IntegratedPestMgmt/Option_IPMService/Input_Option2_RadioBtn' is clicked on

2019-06-05 23:26:25 - [MESSAGE][PASSED] - Delayed 2 second(s)

2019-06-05 23:26:25 - [MESSAGE][PASSED] - Text 'Option 2. Certified IPM service' is present on page 

2019-06-05 23:26:25 - [MESSAGE][PASSED] - Object 'Object Repository/IntegratedPestMgmt/Option_IPMService/AddFile_IntegratedPestMngnt/p_IntegratedPestMngnt' is present

2019-06-05 23:26:25 - [MESSAGE][PASSED] - Scroll to object 'Object Repository/IntegratedPestMgmt/Option_IPMService/AddFile_IntegratedPestMngnt/p_IntegratedPestMngnt' successfully

2019-06-05 23:26:25 - [MESSAGE][PASSED] - Object 'Object Repository/IntegratedPestMgmt/Option_IPMService/AddFile_IntegratedPestMngnt/Btn_AddFile' has attribute 'class' with value 'tiny ui button'

2019-06-05 23:26:25 - [MESSAGE][PASSED] - File 'G:\Sabareesh\MyGitRepos\Usgbc_LeedOnline_ScoreCard\Usgbc_LeedOnline_ScoreCard\Include\TestData\MultipleFileDiffExt\SampleGIFImage_350kbmb.gif' sent to object: 'Object Repository/IntegratedPestMgmt/Option_IPMService/AddFile_IntegratedPestMngnt/Input_AddFile'

2019-06-05 23:26:26 - [MESSAGE][PASSED] - Delayed 1 second(s)

2019-06-05 23:26:27 - [MESSAGE][PASSED] - Object 'Object Repository/IntegratedPestMgmt/Option_IPMService/AddFile_IntegratedPestMngnt/Btn_AddFile' has attribute 'class' with value 'tiny ui button'

2019-06-05 23:26:27 - [MESSAGE][PASSED] - File 'G:\Sabareesh\MyGitRepos\Usgbc_LeedOnline_ScoreCard\Usgbc_LeedOnline_ScoreCard\Include\TestData\MultipleFileDiffExt\SamplePPTFile_1000kb.ppt' sent to object: 'Object Repository/IntegratedPestMgmt/Option_IPMService/AddFile_IntegratedPestMngnt/Input_AddFile'

2019-06-05 23:26:28 - [MESSAGE][PASSED] - Delayed 1 second(s)

2019-06-05 23:26:30 - [MESSAGE][PASSED] - Object 'Object Repository/IntegratedPestMgmt/Option_IPMService/AddFile_IntegratedPestMngnt/Btn_AddFile' has attribute 'class' with value 'tiny ui button'

2019-06-05 23:26:30 - [MESSAGE][PASSED] - File 'G:\Sabareesh\MyGitRepos\Usgbc_LeedOnline_ScoreCard\Usgbc_LeedOnline_ScoreCard\Include\TestData\MultipleFileDiffExt\ZZ.pdf' sent to object: 'Object Repository/IntegratedPestMgmt/Option_IPMService/AddFile_IntegratedPestMngnt/Input_AddFile'

2019-06-05 23:26:31 - [MESSAGE][PASSED] - Delayed 1 second(s)

2019-06-05 23:26:31 - [MESSAGE][PASSED] - Object 'Object Repository/IntegratedPestMgmt/Option_IPMService/Input_IntegratedPMService' is present

2019-06-05 23:26:32 - [MESSAGE][PASSED] - Text 'expires on Dec 30 2019' is set on object 'Object Repository/IntegratedPestMgmt/Option_IPMService/Input_IntegratedPMService'

2019-06-05 23:26:32 - [MESSAGE][PASSED] - Attribute 'value' of object 'Object Repository/IntegratedPestMgmt/Option_IPMService/Input_IntegratedPMService' is: 'expires on Dec 30 2019'

2019-06-05 23:26:32 - [MESSAGE][PASSED] - Actual text 'expires on Dec 30 2019' and expected text 'expires on Dec 30 2019' are matched 

2019-06-05 23:26:32 - [MESSAGE][PASSED] - Object 'Object Repository/IntegratedPestMgmt/Option_IPMService/AddFile_GreenPro/p_AddFile' is present

2019-06-05 23:26:32 - [MESSAGE][PASSED] - Scroll to object 'Object Repository/IntegratedPestMgmt/Option_IPMService/AddFile_GreenPro/p_AddFile' successfully

2019-06-05 23:26:32 - [MESSAGE][PASSED] - Object 'Object Repository/IntegratedPestMgmt/Option_IPMService/AddFile_GreenPro/Btn_AddFile' has attribute 'class' with value 'tiny ui button'

2019-06-05 23:26:32 - [MESSAGE][PASSED] - File 'G:\Sabareesh\MyGitRepos\Usgbc_LeedOnline_ScoreCard\Usgbc_LeedOnline_ScoreCard\Include\TestData\MultipleFileDiffExt\SampleGIFImage_350kbmb.gif' sent to object: 'Object Repository/IntegratedPestMgmt/Option_IPMService/AddFile_GreenPro/Input_AddFile'

2019-06-05 23:26:33 - [MESSAGE][PASSED] - Delayed 1 second(s)

2019-06-05 23:26:33 - [MESSAGE][PASSED] - Object 'Object Repository/IntegratedPestMgmt/Option_IPMService/AddFile_GreenPro/Btn_AddFile' has attribute 'class' with value 'tiny ui button'

2019-06-05 23:26:33 - [MESSAGE][PASSED] - File 'G:\Sabareesh\MyGitRepos\Usgbc_LeedOnline_ScoreCard\Usgbc_LeedOnline_ScoreCard\Include\TestData\MultipleFileDiffExt\SamplePPTFile_1000kb.ppt' sent to object: 'Object Repository/IntegratedPestMgmt/Option_IPMService/AddFile_GreenPro/Input_AddFile'

2019-06-05 23:26:34 - [MESSAGE][PASSED] - Delayed 1 second(s)

2019-06-05 23:26:36 - [MESSAGE][PASSED] - Object 'Object Repository/IntegratedPestMgmt/Option_IPMService/AddFile_GreenPro/Btn_AddFile' has attribute 'class' with value 'tiny ui button'

2019-06-05 23:26:36 - [MESSAGE][PASSED] - File 'G:\Sabareesh\MyGitRepos\Usgbc_LeedOnline_ScoreCard\Usgbc_LeedOnline_ScoreCard\Include\TestData\MultipleFileDiffExt\ZZ.pdf' sent to object: 'Object Repository/IntegratedPestMgmt/Option_IPMService/AddFile_GreenPro/Input_AddFile'

2019-06-05 23:26:37 - [MESSAGE][PASSED] - Delayed 1 second(s)

2019-06-05 23:26:37 - [MESSAGE][PASSED] - Object 'Object Repository/LightPollutionReduction/FixtureShielding/Saveform/btn_Save' is visible

2019-06-05 23:26:37 - [MESSAGE][PASSED] - Object: 'Object Repository/LightPollutionReduction/FixtureShielding/Saveform/btn_Save' is clicked on

2019-06-05 23:26:39 - [MESSAGE][PASSED] - Delayed 2 second(s)

2019-06-05 23:26:39 - [MESSAGE][PASSED] - Text 'Form data saved successfully.' is present on page 

2019-06-05 23:26:39 - [MESSAGE][PASSED] - Scroll to object 'Object Repository/LightPollutionReduction/FixtureShielding/icon_pdf' successfully

2019-06-05 23:26:39 - [MESSAGE][PASSED] - Object 'Object Repository/LightPollutionReduction/FixtureShielding/icon_pdf' is present

2019-06-05 23:26:44 - [MESSAGE][PASSED] - Delayed 5 second(s)

2019-06-05 23:26:44 - [MESSAGE][PASSED] - Object: 'Object Repository/LightPollutionReduction/FixtureShielding/icon_pdf' is clicked on

2019-06-05 23:26:54 - [MESSAGE][PASSED] - Delayed 10 second(s)

2019-06-05 23:27:00 - [MESSAGE][PASSED] - Delayed 5 second(s)

2019-06-05 23:27:00 - [MESSAGE][PASSED] - Scroll to object 'Object Repository/IntegratedPestMgmt/Option_IPMService/AddFile_GreenPro/p_AddFile' successfully

2019-06-05 23:27:00 - [MESSAGE][PASSED] - Attribute 'value' of object 'Object Repository/IntegratedPestMgmt/Option_IPMService/Input_IntegratedPMService' is: 'expires on Dec 30 2019'

2019-06-05 23:27:04 - [MESSAGE][PASSED] - Delayed 3 second(s)

2019-06-05 23:27:09 - [MESSAGE][PASSED] - Delayed 5 second(s)

2019-06-05 23:27:09 - [MESSAGE][PASSED] - Scroll to object 'Object Repository/IntegratedPestMgmt/Option_IPMService/AddFile_GreenPro/p_AddFile' successfully

2019-06-05 23:27:10 - [MESSAGE][PASSED] - Refresh successfully

2019-06-05 23:27:10 - [MESSAGE][PASSED] - Attribute 'value' of object 'Object Repository/IntegratedPestMgmt/Option_IPMService/Input_IntegratedPMService' is: 'expires on Dec 30 2019'

2019-06-05 23:27:10 - [MESSAGE][PASSED] - Actual text 'expires on Dec 30 2019' and expected text 'expires on Dec 30 2019' are matched 

2019-06-05 23:27:12 - [MESSAGE][PASSED] - Delayed 2 second(s)

2019-06-05 23:27:13 - [MESSAGE][PASSED] - Navigate back successfully

2019-06-05 23:27:15 - [MESSAGE][PASSED] - Delayed 2 second(s)

2019-06-05 23:27:15 - [MESSAGE][PASSED] - Text of object 'Object Repository/IntegratedPestMgmt/Navigation/h3_Status' is: 'READY FOR REVIEW'

2019-06-05 23:27:15 - [MESSAGE][PASSED] - Text of object 'Object Repository/IntegratedPestMgmt/Navigation/h3_Status' is: 'READY FOR REVIEW'

2019-06-05 23:27:15 - [MESSAGE][PASSED] - Run with 'integratedPestMgmtForm.Runner_IPM_CertifiedService' was passed]]></system-out>
         <system-err><![CDATA[]]></system-err>
      </testcase>
      <testcase name="Test Cases/IntegratedPestManagement/TC_Verify_Files_IPM_CertifiedService" classname="Test Cases/IntegratedPestManagement/TC_Verify_Files_IPM_CertifiedService" status="PASSED">
         <system-out><![CDATA[2019-06-05 23:27:15 - [TEST_CASE][PASSED] - Test Cases/IntegratedPestManagement/TC_Verify_Files_IPM_CertifiedService: Test Cases/IntegratedPestManagement/TC_Verify_Files_IPM_CertifiedService

2019-06-05 23:27:16 - [TEST_STEP][PASSED] - runWithCucumberRunner(integratedPestMgmtForm.Runner_Verify_Files_IPM_CertifiedService): Run with 'integratedPestMgmtForm.Runner_Verify_Files_IPM_CertifiedService' was passed

2019-06-05 23:27:16 - [TEST_CASE][PASSED] - Test Cases/IntegratedPestManagement/TC_NavigateToIPM: Test Cases/IntegratedPestManagement/TC_NavigateToIPM

2019-06-05 23:27:16 - [TEST_STEP][PASSED] - runWithCucumberRunner(integratedPestMgmtForm.Runner_NavigateToIPM): Run with 'integratedPestMgmtForm.Runner_NavigateToIPM' was passed

2019-06-05 23:27:16 - [TEST_CASE][PASSED] - Test Cases/Login/TC_Login: Test Cases/Login/TC_Login

2019-06-05 23:27:16 - [TEST_STEP][PASSED] - runWithCucumberRunner(common.Runner_Login): Run with 'common.Runner_Login' was passed

2019-06-05 23:27:16 - [MESSAGE][WARNING] - A browser is already opened. Closing browser and opening a new one

2019-06-05 23:27:17 - [MESSAGE][INFO] - Starting 'Chrome (headless)' driver

2019-06-05 23:27:17 - [MESSAGE][INFO] - User set preference: ['args', '[--window-size=1920,1080]']

2019-06-05 23:27:20 - [MESSAGE][PASSED] - Browser is opened with url: ''

2019-06-05 23:27:22 - [MESSAGE][PASSED] - Navigate to 'https://leedonline-stg.usgbc.org' successfully

2019-06-05 23:27:24 - [MESSAGE][PASSED] - Delayed 2 second(s)

2019-06-05 23:27:24 - [MESSAGE][PASSED] - Text 'jaypeejay@hotmail.com' is set on object 'Object Repository/Login/input_username'

2019-06-05 23:27:24 - [MESSAGE][PASSED] - Text 'initpass' is set on object 'Object Repository/Login/input_password'

2019-06-05 23:27:27 - [MESSAGE][PASSED] - Delayed 3 second(s)

2019-06-05 23:27:27 - [MESSAGE][PASSED] - Scroll to object 'Object Repository/Login/span_End User License Agreement' successfully

2019-06-05 23:27:27 - [MESSAGE][PASSED] - Object 'Object Repository/Login/span_End User License Agreement' is visible

2019-06-05 23:27:27 - [MESSAGE][PASSED] - Object 'Object Repository/Login/span_End User License Agreement' is checked

2019-06-05 23:27:28 - [MESSAGE][PASSED] - Delayed 1 second(s)

2019-06-05 23:27:28 - [MESSAGE][PASSED] - Object: 'Object Repository/Login/button_Log In' is clicked on

2019-06-05 23:27:33 - [MESSAGE][PASSED] - Object: '' is clicked on

2019-06-05 23:27:35 - [MESSAGE][PASSED] - Object: 'Object Repository/Login/a_Credits' is clicked on

2019-06-05 23:27:35 - [MESSAGE][PASSED] - Run with 'common.Runner_Login' was passed

2019-06-05 23:27:35 - [MESSAGE][PASSED] - Call Test Case 'Test Cases/Login/TC_Login' successfully

2019-06-05 23:27:36 - [MESSAGE][PASSED] - Scroll to object 'Object Repository/IntegratedPestMgmt/Navigation/div_Integrated Pest Management' successfully

2019-06-05 23:27:36 - [MESSAGE][PASSED] - Object 'Object Repository/IntegratedPestMgmt/Navigation/div_Integrated Pest Management' is present

2019-06-05 23:27:36 - [MESSAGE][PASSED] - Object: 'Object Repository/IntegratedPestMgmt/Navigation/div_Integrated Pest Management' is clicked on

2019-06-05 23:27:38 - [MESSAGE][PASSED] - Object: 'Object Repository/IntegratedPestMgmt/Navigation/a_Form (V01)' is clicked on

2019-06-05 23:27:38 - [MESSAGE][PASSED] - Object 'Object Repository/IntegratedPestMgmt/Navigation/div_IPMForm' is present

2019-06-05 23:27:38 - [MESSAGE][PASSED] - Run with 'integratedPestMgmtForm.Runner_NavigateToIPM' was passed

2019-06-05 23:27:38 - [MESSAGE][PASSED] - Call Test Case 'Test Cases/IntegratedPestManagement/TC_NavigateToIPM' successfully

2019-06-05 23:27:39 - [MESSAGE][PASSED] - Object: 'Object Repository/IntegratedPestMgmt/Option_IPMService/Input_Option2_RadioBtn' is clicked on

2019-06-05 23:27:41 - [MESSAGE][PASSED] - Delayed 2 second(s)

2019-06-05 23:27:41 - [MESSAGE][PASSED] - Scroll to object 'Object Repository/IntegratedPestMgmt/Option_IPMService/AddFile_IntegratedPestMngnt/table_IPM_ServiceContract' successfully

2019-06-05 23:27:41 - [MESSAGE][PASSED] - Object 'Object Repository/IntegratedPestMgmt/Option_IPMService/AddFile_IntegratedPestMngnt/table_IPM_ServiceContract' is present

2019-06-05 23:27:41 - [MESSAGE][PASSED] - Text of object '' is: 'SampleGIFImage_350kbmb.gif'

2019-06-05 23:27:41 - [MESSAGE][PASSED] - SampleGIFImage_350kbmb.gif is equal to SampleGIFImage_350kbmb.gif

2019-06-05 23:27:41 - [MESSAGE][PASSED] - Actual text 'SampleGIFImage_350kbmb.gif' and expected text 'SampleGIFImage_350kbmb.gif' are matched 

2019-06-05 23:27:41 - [MESSAGE][PASSED] - Text of object '' is: 'SamplePPTFile_1000kb.ppt'

2019-06-05 23:27:41 - [MESSAGE][PASSED] - SamplePPTFile_1000kb.ppt is equal to SamplePPTFile_1000kb.ppt

2019-06-05 23:27:41 - [MESSAGE][PASSED] - Actual text 'SamplePPTFile_1000kb.ppt' and expected text 'SamplePPTFile_1000kb.ppt' are matched 

2019-06-05 23:27:41 - [MESSAGE][PASSED] - Text of object '' is: 'ZZ.pdf'

2019-06-05 23:27:41 - [MESSAGE][PASSED] - ZZ.pdf is equal to ZZ.pdf

2019-06-05 23:27:41 - [MESSAGE][PASSED] - Actual text 'ZZ.pdf' and expected text 'ZZ.pdf' are matched 

2019-06-05 23:27:41 - [MESSAGE][PASSED] - Scroll to object 'Object Repository/IntegratedPestMgmt/Option_IPMService/AddFile_GreenPro/table_GreenPro' successfully

2019-06-05 23:27:42 - [MESSAGE][PASSED] - Object 'Object Repository/IntegratedPestMgmt/Option_IPMService/AddFile_GreenPro/table_GreenPro' is present

2019-06-05 23:27:42 - [MESSAGE][PASSED] - Text of object '' is: 'SampleGIFImage_350kbmb.gif'

2019-06-05 23:27:42 - [MESSAGE][PASSED] - SampleGIFImage_350kbmb.gif is equal to SampleGIFImage_350kbmb.gif

2019-06-05 23:27:42 - [MESSAGE][PASSED] - Actual text 'SampleGIFImage_350kbmb.gif' and expected text 'SampleGIFImage_350kbmb.gif' are matched 

2019-06-05 23:27:42 - [MESSAGE][PASSED] - Text of object '' is: 'SamplePPTFile_1000kb.ppt'

2019-06-05 23:27:42 - [MESSAGE][PASSED] - SamplePPTFile_1000kb.ppt is equal to SamplePPTFile_1000kb.ppt

2019-06-05 23:27:42 - [MESSAGE][PASSED] - Actual text 'SamplePPTFile_1000kb.ppt' and expected text 'SamplePPTFile_1000kb.ppt' are matched 

2019-06-05 23:27:42 - [MESSAGE][PASSED] - Text of object '' is: 'ZZ.pdf'

2019-06-05 23:27:42 - [MESSAGE][PASSED] - ZZ.pdf is equal to ZZ.pdf

2019-06-05 23:27:42 - [MESSAGE][PASSED] - Actual text 'ZZ.pdf' and expected text 'ZZ.pdf' are matched 

2019-06-05 23:27:42 - [MESSAGE][PASSED] - Scroll to object 'Object Repository/IntegratedPestMgmt/SpecialCircumstances/SC_AddFile/table_SplCircum' successfully

2019-06-05 23:27:42 - [MESSAGE][PASSED] - Object 'Object Repository/IntegratedPestMgmt/SpecialCircumstances/SC_AddFile/table_SplCircum' is present

2019-06-05 23:27:43 - [MESSAGE][PASSED] - Text of object '' is: 'ZZ.pdf'

2019-06-05 23:27:43 - [MESSAGE][PASSED] - ZZ.pdf is equal to ZZ.pdf

2019-06-05 23:27:43 - [MESSAGE][PASSED] - Actual text 'ZZ.pdf' and expected text 'ZZ.pdf' are matched 

2019-06-05 23:27:43 - [MESSAGE][PASSED] - Text of object '' is: 'SamplePPTFile_1000kb.ppt'

2019-06-05 23:27:43 - [MESSAGE][PASSED] - SamplePPTFile_1000kb.ppt is equal to SamplePPTFile_1000kb.ppt

2019-06-05 23:27:43 - [MESSAGE][PASSED] - Actual text 'SamplePPTFile_1000kb.ppt' and expected text 'SamplePPTFile_1000kb.ppt' are matched 

2019-06-05 23:27:43 - [MESSAGE][PASSED] - Text of object '' is: 'SampleGIFImage_350kbmb.gif'

2019-06-05 23:27:43 - [MESSAGE][PASSED] - SampleGIFImage_350kbmb.gif is equal to SampleGIFImage_350kbmb.gif

2019-06-05 23:27:43 - [MESSAGE][PASSED] - Actual text 'SampleGIFImage_350kbmb.gif' and expected text 'SampleGIFImage_350kbmb.gif' are matched 

2019-06-05 23:27:43 - [MESSAGE][PASSED] - Run with 'integratedPestMgmtForm.Runner_Verify_Files_IPM_CertifiedService' was passed]]></system-out>
         <system-err><![CDATA[]]></system-err>
      </testcase>
      <system-out><![CDATA[2019-06-05 23:25:53 - [TEST_SUITE][PASSED] - IPM_SmokeTest: Test Cases/IntegratedPestManagement/TC_Verify_Files_IPM_CertifiedService]]></system-out>
      <system-err><![CDATA[]]></system-err>
   </testsuite>
</testsuites>
