<?xml version="1.0" encoding="UTF-8"?>
<testsuites name="IPM_SmokeTest" time="413" tests="4" failures="0" errors="0">
   <testsuite name="IPM_SmokeTest" tests="4" failures="0" errors="0" time="413" timestamp="2019-06-05 19:49:42" hostname="Promantus Inc - G10PROLT021" id="Test Suites/IPM_SmokeTest">
      <properties>
         <property name="deviceName" value=""/>
         <property name="devicePlatform" value=""/>
         <property name="logFolder" value="G:\\Sabareesh\\MyGitRepos\\Usgbc_LeedOnline_ScoreCard\\Usgbc_LeedOnline_ScoreCard\\Reports\\IPM_SmokeTest\\20190605_194935"/>
         <property name="logFiles" value="G:\\Sabareesh\\MyGitRepos\\Usgbc_LeedOnline_ScoreCard\\Usgbc_LeedOnline_ScoreCard\\Reports\\IPM_SmokeTest\\20190605_194935\\execution0.log"/>
         <property name="attachments" value=""/>
         <property name="hostName" value="Promantus Inc - G10PROLT021"/>
         <property name="os" value="Windows 10 64bit"/>
         <property name="katalonVersion" value="6.0.5.4"/>
         <property name="browser" value="Chrome 74.0.3729.169"/>
         <property name="hostAddress" value="192.168.0.104"/>
         <property name="sessionId" value="8c139e8e2463850832a6ad8b6c8b52ea"/>
         <property name="seleniumVersion" value="3.7.1"/>
         <property name="proxyInformation" value="ProxyInformation{proxyOption=NO_PROXY, proxyServerType=HTTP, password=, proxyServerAddress=, proxyServerPort=0}"/>
         <property name="platform" value="Windows 10"/>
      </properties>
      <testcase name="Test Cases/IntegratedPestManagement/TC_IPM_InHouseProgram" classname="Test Cases/IntegratedPestManagement/TC_IPM_InHouseProgram" status="PASSED">
         <system-out><![CDATA[2019-06-05 19:49:43 - [TEST_CASE][PASSED] - Test Cases/IntegratedPestManagement/TC_IPM_InHouseProgram: Test Cases/IntegratedPestManagement/TC_IPM_InHouseProgram

2019-06-05 19:49:43 - [TEST_STEP][PASSED] - runWithCucumberRunner(integratedPestMgmtForm.Runner_IPM_InHouseProgram): Run with 'integratedPestMgmtForm.Runner_IPM_InHouseProgram' was passed

2019-06-05 19:49:46 - [TEST_CASE][PASSED] - Test Cases/IntegratedPestManagement/TC_NavigateToIPM: Test Cases/IntegratedPestManagement/TC_NavigateToIPM

2019-06-05 19:49:46 - [TEST_STEP][PASSED] - runWithCucumberRunner(integratedPestMgmtForm.Runner_NavigateToIPM): Run with 'integratedPestMgmtForm.Runner_NavigateToIPM' was passed

2019-06-05 19:49:47 - [TEST_CASE][PASSED] - Test Cases/Login/TC_Login: Test Cases/Login/TC_Login

2019-06-05 19:49:47 - [TEST_STEP][PASSED] - runWithCucumberRunner(common.Runner_Login): Run with 'common.Runner_Login' was passed

2019-06-05 19:49:47 - [MESSAGE][INFO] - Starting 'Chrome (headless)' driver

2019-06-05 19:49:47 - [MESSAGE][INFO] - User set preference: ['args', '[--window-size=1920,1080]']

2019-06-05 19:49:47 - [MESSAGE][INFO] - Action delay is set to 0 seconds

2019-06-05 19:49:52 - [MESSAGE][PASSED] - Browser is opened with url: ''

2019-06-05 19:49:54 - [MESSAGE][PASSED] - Navigate to 'https://leedonline-stg.usgbc.org' successfully

2019-06-05 19:49:56 - [MESSAGE][PASSED] - Delayed 2 second(s)

2019-06-05 19:49:57 - [MESSAGE][PASSED] - Text 'jaypeejay@hotmail.com' is set on object 'Object Repository/Login/input_username'

2019-06-05 19:49:57 - [MESSAGE][PASSED] - Text 'initpass' is set on object 'Object Repository/Login/input_password'

2019-06-05 19:50:00 - [MESSAGE][PASSED] - Delayed 3 second(s)

2019-06-05 19:50:00 - [MESSAGE][PASSED] - Scroll to object 'Object Repository/Login/span_End User License Agreement' successfully

2019-06-05 19:50:00 - [MESSAGE][PASSED] - Object 'Object Repository/Login/span_End User License Agreement' is visible

2019-06-05 19:50:00 - [MESSAGE][PASSED] - Object 'Object Repository/Login/span_End User License Agreement' is checked

2019-06-05 19:50:01 - [MESSAGE][PASSED] - Delayed 1 second(s)

2019-06-05 19:50:01 - [MESSAGE][PASSED] - Object: 'Object Repository/Login/button_Log In' is clicked on

2019-06-05 19:50:09 - [MESSAGE][PASSED] - Object: '' is clicked on

2019-06-05 19:50:11 - [MESSAGE][PASSED] - Object: 'Object Repository/Login/a_Credits' is clicked on

2019-06-05 19:50:11 - [MESSAGE][PASSED] - Run with 'common.Runner_Login' was passed

2019-06-05 19:50:11 - [MESSAGE][PASSED] - Call Test Case 'Test Cases/Login/TC_Login' successfully

2019-06-05 19:50:11 - [MESSAGE][PASSED] - Scroll to object 'Object Repository/IntegratedPestMgmt/Navigation/div_Integrated Pest Management' successfully

2019-06-05 19:50:11 - [MESSAGE][PASSED] - Object 'Object Repository/IntegratedPestMgmt/Navigation/div_Integrated Pest Management' is present

2019-06-05 19:50:11 - [MESSAGE][PASSED] - Object: 'Object Repository/IntegratedPestMgmt/Navigation/div_Integrated Pest Management' is clicked on

2019-06-05 19:50:14 - [MESSAGE][PASSED] - Object: 'Object Repository/IntegratedPestMgmt/Navigation/a_Form (V01)' is clicked on

2019-06-05 19:50:14 - [MESSAGE][PASSED] - Object 'Object Repository/IntegratedPestMgmt/Navigation/div_IPMForm' is present

2019-06-05 19:50:14 - [MESSAGE][PASSED] - Run with 'integratedPestMgmtForm.Runner_NavigateToIPM' was passed

2019-06-05 19:50:14 - [MESSAGE][PASSED] - Call Test Case 'Test Cases/IntegratedPestManagement/TC_NavigateToIPM' successfully

2019-06-05 19:50:15 - [MESSAGE][PASSED] - Object 'Object Repository/IntegratedPestMgmt/Option_IPMProgram/Input_Option1_RadioBtn' is present

2019-06-05 19:50:15 - [MESSAGE][PASSED] - Object: 'Object Repository/IntegratedPestMgmt/Option_IPMProgram/Input_Option1_RadioBtn' is clicked on

2019-06-05 19:50:17 - [MESSAGE][PASSED] - Delayed 2 second(s)

2019-06-05 19:50:17 - [MESSAGE][PASSED] - Text 'Option 1. In-house IPM program' is present on page 

2019-06-05 19:50:17 - [MESSAGE][PASSED] - Object 'Object Repository/IntegratedPestMgmt/Option_IPMProgram/AddFile_IntegratedPestMngmnt/p_IntegrartedPestMngnt' is present

2019-06-05 19:50:18 - [MESSAGE][PASSED] - Scroll to object 'Object Repository/IntegratedPestMgmt/Option_IPMProgram/AddFile_IntegratedPestMngmnt/p_IntegrartedPestMngnt' successfully

2019-06-05 19:50:18 - [MESSAGE][PASSED] - Object 'Object Repository/IntegratedPestMgmt/Option_IPMProgram/AddFile_IntegratedPestMngmnt/btn_AddFile' has attribute 'class' with value 'tiny ui button'

2019-06-05 19:50:18 - [MESSAGE][PASSED] - File 'G:\Sabareesh\MyGitRepos\Usgbc_LeedOnline_ScoreCard\Usgbc_LeedOnline_ScoreCard\Include\TestData\MultipleFileDiffExt\SampleGIFImage_350kbmb.gif' sent to object: 'Object Repository/IntegratedPestMgmt/Option_IPMProgram/AddFile_IntegratedPestMngmnt/input_Addfile'

2019-06-05 19:50:19 - [MESSAGE][PASSED] - Delayed 1 second(s)

2019-06-05 19:50:20 - [MESSAGE][PASSED] - Object 'Object Repository/IntegratedPestMgmt/Option_IPMProgram/AddFile_IntegratedPestMngmnt/btn_AddFile' has attribute 'class' with value 'tiny ui button'

2019-06-05 19:50:20 - [MESSAGE][PASSED] - File 'G:\Sabareesh\MyGitRepos\Usgbc_LeedOnline_ScoreCard\Usgbc_LeedOnline_ScoreCard\Include\TestData\MultipleFileDiffExt\SamplePPTFile_1000kb.ppt' sent to object: 'Object Repository/IntegratedPestMgmt/Option_IPMProgram/AddFile_IntegratedPestMngmnt/input_Addfile'

2019-06-05 19:50:21 - [MESSAGE][PASSED] - Delayed 1 second(s)

2019-06-05 19:50:23 - [MESSAGE][PASSED] - Object 'Object Repository/IntegratedPestMgmt/Option_IPMProgram/AddFile_IntegratedPestMngmnt/btn_AddFile' has attribute 'class' with value 'tiny ui button'

2019-06-05 19:50:23 - [MESSAGE][PASSED] - File 'G:\Sabareesh\MyGitRepos\Usgbc_LeedOnline_ScoreCard\Usgbc_LeedOnline_ScoreCard\Include\TestData\MultipleFileDiffExt\ZZ.pdf' sent to object: 'Object Repository/IntegratedPestMgmt/Option_IPMProgram/AddFile_IntegratedPestMngmnt/input_Addfile'

2019-06-05 19:50:24 - [MESSAGE][PASSED] - Delayed 1 second(s)

2019-06-05 19:50:24 - [MESSAGE][PASSED] - Object 'Object Repository/IntegratedPestMgmt/Option_IPMProgram/AddFile_Examples_Documentation/p_AddFileDocumentation' is present

2019-06-05 19:50:24 - [MESSAGE][PASSED] - Scroll to object 'Object Repository/IntegratedPestMgmt/Option_IPMProgram/AddFile_Examples_Documentation/p_AddFileDocumentation' successfully

2019-06-05 19:50:24 - [MESSAGE][PASSED] - Object 'Object Repository/IntegratedPestMgmt/Option_IPMProgram/AddFile_Examples_Documentation/btn_AddFile' has attribute 'class' with value 'tiny ui button'

2019-06-05 19:50:24 - [MESSAGE][PASSED] - File 'G:\Sabareesh\MyGitRepos\Usgbc_LeedOnline_ScoreCard\Usgbc_LeedOnline_ScoreCard\Include\TestData\MultipleFileDiffExt\SampleGIFImage_350kbmb.gif' sent to object: 'Object Repository/IntegratedPestMgmt/Option_IPMProgram/AddFile_Examples_Documentation/input_Addfile'

2019-06-05 19:50:25 - [MESSAGE][PASSED] - Delayed 1 second(s)

2019-06-05 19:50:26 - [MESSAGE][PASSED] - Object 'Object Repository/IntegratedPestMgmt/Option_IPMProgram/AddFile_Examples_Documentation/btn_AddFile' has attribute 'class' with value 'tiny ui button'

2019-06-05 19:50:26 - [MESSAGE][PASSED] - File 'G:\Sabareesh\MyGitRepos\Usgbc_LeedOnline_ScoreCard\Usgbc_LeedOnline_ScoreCard\Include\TestData\MultipleFileDiffExt\SamplePPTFile_1000kb.ppt' sent to object: 'Object Repository/IntegratedPestMgmt/Option_IPMProgram/AddFile_Examples_Documentation/input_Addfile'

2019-06-05 19:50:27 - [MESSAGE][PASSED] - Delayed 1 second(s)

2019-06-05 19:50:29 - [MESSAGE][PASSED] - Object 'Object Repository/IntegratedPestMgmt/Option_IPMProgram/AddFile_Examples_Documentation/btn_AddFile' has attribute 'class' with value 'tiny ui button'

2019-06-05 19:50:29 - [MESSAGE][PASSED] - File 'G:\Sabareesh\MyGitRepos\Usgbc_LeedOnline_ScoreCard\Usgbc_LeedOnline_ScoreCard\Include\TestData\MultipleFileDiffExt\ZZ.pdf' sent to object: 'Object Repository/IntegratedPestMgmt/Option_IPMProgram/AddFile_Examples_Documentation/input_Addfile'

2019-06-05 19:50:30 - [MESSAGE][PASSED] - Delayed 1 second(s)

2019-06-05 19:50:30 - [MESSAGE][PASSED] - Object 'Object Repository/IntegratedPestMgmt/Option_IPMProgram/AddFile_PestcideAppList/p_Pesticide_AddFile' is present

2019-06-05 19:50:30 - [MESSAGE][PASSED] - Scroll to object 'Object Repository/IntegratedPestMgmt/Option_IPMProgram/AddFile_PestcideAppList/p_Pesticide_AddFile' successfully

2019-06-05 19:50:30 - [MESSAGE][PASSED] - Object 'Object Repository/IntegratedPestMgmt/Option_IPMProgram/AddFile_PestcideAppList/btn_AddFile' has attribute 'class' with value 'tiny ui button'

2019-06-05 19:50:30 - [MESSAGE][PASSED] - File 'G:\Sabareesh\MyGitRepos\Usgbc_LeedOnline_ScoreCard\Usgbc_LeedOnline_ScoreCard\Include\TestData\MultipleFileDiffExt\SampleGIFImage_350kbmb.gif' sent to object: 'Object Repository/IntegratedPestMgmt/Option_IPMProgram/AddFile_PestcideAppList/input_Addfile'

2019-06-05 19:50:31 - [MESSAGE][PASSED] - Delayed 1 second(s)

2019-06-05 19:50:31 - [MESSAGE][PASSED] - Object 'Object Repository/IntegratedPestMgmt/Option_IPMProgram/AddFile_PestcideAppList/btn_AddFile' has attribute 'class' with value 'tiny ui button'

2019-06-05 19:50:31 - [MESSAGE][PASSED] - File 'G:\Sabareesh\MyGitRepos\Usgbc_LeedOnline_ScoreCard\Usgbc_LeedOnline_ScoreCard\Include\TestData\MultipleFileDiffExt\SamplePPTFile_1000kb.ppt' sent to object: 'Object Repository/IntegratedPestMgmt/Option_IPMProgram/AddFile_PestcideAppList/input_Addfile'

2019-06-05 19:50:32 - [MESSAGE][PASSED] - Delayed 1 second(s)

2019-06-05 19:50:34 - [MESSAGE][PASSED] - Object 'Object Repository/IntegratedPestMgmt/Option_IPMProgram/AddFile_PestcideAppList/btn_AddFile' has attribute 'class' with value 'tiny ui button'

2019-06-05 19:50:34 - [MESSAGE][PASSED] - File 'G:\Sabareesh\MyGitRepos\Usgbc_LeedOnline_ScoreCard\Usgbc_LeedOnline_ScoreCard\Include\TestData\MultipleFileDiffExt\ZZ.pdf' sent to object: 'Object Repository/IntegratedPestMgmt/Option_IPMProgram/AddFile_PestcideAppList/input_Addfile'

2019-06-05 19:50:36 - [MESSAGE][PASSED] - Delayed 1 second(s)

2019-06-05 19:50:36 - [MESSAGE][PASSED] - Object 'Object Repository/IntegratedPestMgmt/SpecialCircumstances/SC_AddFile/p_Upload_AddDoc_SC' is present

2019-06-05 19:50:36 - [MESSAGE][PASSED] - Scroll to object 'Object Repository/IntegratedPestMgmt/SpecialCircumstances/SC_AddFile/p_Upload_AddDoc_SC' successfully

2019-06-05 19:50:36 - [MESSAGE][PASSED] - Object 'Object Repository/IntegratedPestMgmt/SpecialCircumstances/SC_AddFile/btn_AddFile' has attribute 'class' with value 'tiny ui button'

2019-06-05 19:50:36 - [MESSAGE][PASSED] - File 'G:\Sabareesh\MyGitRepos\Usgbc_LeedOnline_ScoreCard\Usgbc_LeedOnline_ScoreCard\Include\TestData\MultipleFileDiffExt\SampleGIFImage_350kbmb.gif' sent to object: 'Object Repository/IntegratedPestMgmt/SpecialCircumstances/SC_AddFile/input_Addfile'

2019-06-05 19:50:37 - [MESSAGE][PASSED] - Delayed 1 second(s)

2019-06-05 19:50:37 - [MESSAGE][PASSED] - Object 'Object Repository/IntegratedPestMgmt/SpecialCircumstances/SC_AddFile/btn_AddFile' has attribute 'class' with value 'tiny ui button'

2019-06-05 19:50:37 - [MESSAGE][PASSED] - File 'G:\Sabareesh\MyGitRepos\Usgbc_LeedOnline_ScoreCard\Usgbc_LeedOnline_ScoreCard\Include\TestData\MultipleFileDiffExt\SamplePPTFile_1000kb.ppt' sent to object: 'Object Repository/IntegratedPestMgmt/SpecialCircumstances/SC_AddFile/input_Addfile'

2019-06-05 19:50:38 - [MESSAGE][PASSED] - Delayed 1 second(s)

2019-06-05 19:50:40 - [MESSAGE][PASSED] - Object 'Object Repository/IntegratedPestMgmt/SpecialCircumstances/SC_AddFile/btn_AddFile' has attribute 'class' with value 'tiny ui button'

2019-06-05 19:50:40 - [MESSAGE][PASSED] - File 'G:\Sabareesh\MyGitRepos\Usgbc_LeedOnline_ScoreCard\Usgbc_LeedOnline_ScoreCard\Include\TestData\MultipleFileDiffExt\ZZ.pdf' sent to object: 'Object Repository/IntegratedPestMgmt/SpecialCircumstances/SC_AddFile/input_Addfile'

2019-06-05 19:50:41 - [MESSAGE][PASSED] - Delayed 1 second(s)

2019-06-05 19:50:41 - [MESSAGE][PASSED] - Scroll to object 'Object Repository/IntegratedPestMgmt/SpecialCircumstances/SC_EditorBox/P_SC_EditorBox' successfully

2019-06-05 19:50:41 - [MESSAGE][PASSED] - Object 'Object Repository/IntegratedPestMgmt/SpecialCircumstances/SC_EditorBox/P_SC_EditorBox' is present

2019-06-05 19:50:44 - [MESSAGE][PASSED] - Text 'Known that everybody have the personal aim. It is defferent . For example, there are some people think that the most important thing in them life is career. While there are other people think that is family. me too. The most important thing with my life is my small and big family. Because I see the mind is the most important. Let think that if you are verry rich while you alway are worry and sad, you will feel not happy. So I think we should spend many time for looking after our family. When we have a happy family, we will have power to try. At that time we will work better. How do you think. Anna and Henry go to the doctor. Anna has an ultrasound scan. 9IXRC' is set on object 'Object Repository/IntegratedPestMgmt/SpecialCircumstances/SC_EditorBox/Body_SC_EditorBox'

2019-06-05 19:50:47 - [MESSAGE][PASSED] - Delayed 3 second(s)

2019-06-05 19:50:48 - [MESSAGE][PASSED] - Text of object 'Object Repository/IntegratedPestMgmt/SpecialCircumstances/SC_EditorBox/Body_SC_EditorBox' is: 'Known that everybody have the personal aim. It is defferent . For example, there are some people think that the most important thing in them life is career. While there are other people think that is family. me too. The most important thing with my life is my small and big family. Because I see the mind is the most important. Let think that if you are verry rich while you alway are worry and sad, you will feel not happy. So I think we should spend many time for looking after our family. When we have a happy family, we will have power to try. At that time we will work better. How do you think. Anna and Henry go to the doctor. Anna has an ultrasound scan. 9IXRC'

2019-06-05 19:50:48 - [MESSAGE][PASSED] - Actual text 'Known that everybody have the personal aim. It is defferent . For example, there are some people think that the most important thing in them life is career. While there are other people think that is family. me too. The most important thing with my life is my small and big family. Because I see the mind is the most important. Let think that if you are verry rich while you alway are worry and sad, you will feel not happy. So I think we should spend many time for looking after our family. When we have a happy family, we will have power to try. At that time we will work better. How do you think. Anna and Henry go to the doctor. Anna has an ultrasound scan. 9IXRC' and expected text 'Known that everybody have the personal aim. It is defferent . For example, there are some people think that the most important thing in them life is career. While there are other people think that is family. me too. The most important thing with my life is my small and big family. Because I see the mind is the most important. Let think that if you are verry rich while you alway are worry and sad, you will feel not happy. So I think we should spend many time for looking after our family. When we have a happy family, we will have power to try. At that time we will work better. How do you think. Anna and Henry go to the doctor. Anna has an ultrasound scan. 9IXRC' are matched 

2019-06-05 19:50:48 - [MESSAGE][PASSED] - Object 'Object Repository/LightPollutionReduction/FixtureShielding/Saveform/btn_Save' is visible

2019-06-05 19:50:48 - [MESSAGE][PASSED] - Object: 'Object Repository/LightPollutionReduction/FixtureShielding/Saveform/btn_Save' is clicked on

2019-06-05 19:50:50 - [MESSAGE][PASSED] - Delayed 2 second(s)

2019-06-05 19:50:50 - [MESSAGE][PASSED] - Text 'Form data saved successfully.' is present on page 

2019-06-05 19:50:50 - [MESSAGE][PASSED] - Scroll to object 'Object Repository/LightPollutionReduction/FixtureShielding/icon_pdf' successfully

2019-06-05 19:50:50 - [MESSAGE][PASSED] - Object 'Object Repository/LightPollutionReduction/FixtureShielding/icon_pdf' is present

2019-06-05 19:50:55 - [MESSAGE][PASSED] - Delayed 5 second(s)

2019-06-05 19:50:55 - [MESSAGE][PASSED] - Object: 'Object Repository/LightPollutionReduction/FixtureShielding/icon_pdf' is clicked on

2019-06-05 19:51:05 - [MESSAGE][PASSED] - Delayed 10 second(s)

2019-06-05 19:51:11 - [MESSAGE][PASSED] - Delayed 5 second(s)

2019-06-05 19:51:11 - [MESSAGE][PASSED] - Scroll to object 'Object Repository/IntegratedPestMgmt/Option_IPMProgram/AddFile_IntegratedPestMngmnt/p_IntegrartedPestMngnt' successfully

2019-06-05 19:51:13 - [MESSAGE][PASSED] - Delayed 2 second(s)

2019-06-05 19:51:18 - [MESSAGE][PASSED] - Delayed 5 second(s)

2019-06-05 19:51:18 - [MESSAGE][PASSED] - Scroll to object 'Object Repository/IntegratedPestMgmt/Option_IPMProgram/AddFile_Examples_Documentation/p_AddFileDocumentation' successfully

2019-06-05 19:51:21 - [MESSAGE][PASSED] - Delayed 2 second(s)

2019-06-05 19:51:26 - [MESSAGE][PASSED] - Delayed 5 second(s)

2019-06-05 19:51:26 - [MESSAGE][PASSED] - Scroll to object 'Object Repository/IntegratedPestMgmt/Option_IPMProgram/AddFile_PestcideAppList/p_Pesticide_AddFile' successfully

2019-06-05 19:51:28 - [MESSAGE][PASSED] - Delayed 2 second(s)

2019-06-05 19:51:33 - [MESSAGE][PASSED] - Delayed 5 second(s)

2019-06-05 19:51:33 - [MESSAGE][PASSED] - Scroll to object 'Object Repository/IntegratedPestMgmt/SpecialCircumstances/SC_EditorBox/P_SC_EditorBox' successfully

2019-06-05 19:51:33 - [MESSAGE][PASSED] - Text of object 'Object Repository/IntegratedPestMgmt/SpecialCircumstances/SC_EditorBox/Body_SC_EditorBox' is: 'Known that everybody have the personal aim. It is defferent . For example, there are some people think that the most important thing in them life is career. While there are other people think that is family. me too. The most important thing with my life is my small and big family. Because I see the mind is the most important. Let think that if you are verry rich while you alway are worry and sad, you will feel not happy. So I think we should spend many time for looking after our family. When we have a happy family, we will have power to try. At that time we will work better. How do you think. Anna and Henry go to the doctor. Anna has an ultrasound scan. 9IXRC'

2019-06-05 19:51:35 - [MESSAGE][PASSED] - Delayed 2 second(s)

2019-06-05 19:51:40 - [MESSAGE][PASSED] - Delayed 5 second(s)

2019-06-05 19:51:40 - [MESSAGE][PASSED] - Scroll to object 'Object Repository/IntegratedPestMgmt/SpecialCircumstances/SC_AddFile/p_Upload_AddDoc_SC' successfully

2019-06-05 19:51:43 - [MESSAGE][PASSED] - Delayed 2 second(s)

2019-06-05 19:51:43 - [MESSAGE][PASSED] - Refresh successfully

2019-06-05 19:51:44 - [MESSAGE][PASSED] - Text of object 'Object Repository/IntegratedPestMgmt/SpecialCircumstances/SC_EditorBox/Body_SC_EditorBox' is: 'Known that everybody have the personal aim. It is defferent . For example, there are some people think that the most important thing in them life is career. While there are other people think that is family. me too. The most important thing with my life is my small and big family. Because I see the mind is the most important. Let think that if you are verry rich while you alway are worry and sad, you will feel not happy. So I think we should spend many time for looking after our family. When we have a happy family, we will have power to try. At that time we will work better. How do you think. Anna and Henry go to the doctor. Anna has an ultrasound scan. 9IXRC'

2019-06-05 19:51:44 - [MESSAGE][PASSED] - Actual text 'Known that everybody have the personal aim. It is defferent . For example, there are some people think that the most important thing in them life is career. While there are other people think that is family. me too. The most important thing with my life is my small and big family. Because I see the mind is the most important. Let think that if you are verry rich while you alway are worry and sad, you will feel not happy. So I think we should spend many time for looking after our family. When we have a happy family, we will have power to try. At that time we will work better. How do you think. Anna and Henry go to the doctor. Anna has an ultrasound scan. 9IXRC' and expected text 'Known that everybody have the personal aim. It is defferent . For example, there are some people think that the most important thing in them life is career. While there are other people think that is family. me too. The most important thing with my life is my small and big family. Because I see the mind is the most important. Let think that if you are verry rich while you alway are worry and sad, you will feel not happy. So I think we should spend many time for looking after our family. When we have a happy family, we will have power to try. At that time we will work better. How do you think. Anna and Henry go to the doctor. Anna has an ultrasound scan. 9IXRC' are matched 

2019-06-05 19:51:46 - [MESSAGE][PASSED] - Delayed 2 second(s)

2019-06-05 19:51:47 - [MESSAGE][PASSED] - Navigate back successfully

2019-06-05 19:51:49 - [MESSAGE][PASSED] - Delayed 2 second(s)

2019-06-05 19:51:49 - [MESSAGE][PASSED] - Text of object 'Object Repository/IntegratedPestMgmt/Navigation/h3_Status' is: 'READY FOR REVIEW'

2019-06-05 19:51:49 - [MESSAGE][PASSED] - Text of object 'Object Repository/IntegratedPestMgmt/Navigation/h3_Status' is: 'READY FOR REVIEW'

2019-06-05 19:51:49 - [MESSAGE][PASSED] - Run with 'integratedPestMgmtForm.Runner_IPM_InHouseProgram' was passed]]></system-out>
         <system-err><![CDATA[]]></system-err>
      </testcase>
      <testcase name="Test Cases/IntegratedPestManagement/TC_Verify_Files_IPM_InHouseProgram" classname="Test Cases/IntegratedPestManagement/TC_Verify_Files_IPM_InHouseProgram" status="PASSED">
         <system-out><![CDATA[2019-06-05 19:51:49 - [TEST_CASE][PASSED] - Test Cases/IntegratedPestManagement/TC_Verify_Files_IPM_InHouseProgram: Test Cases/IntegratedPestManagement/TC_Verify_Files_IPM_InHouseProgram

2019-06-05 19:51:49 - [TEST_STEP][PASSED] - runWithCucumberRunner(integratedPestMgmtForm.Runner_Verify_Files_IPM_InHouseProgram): Run with 'integratedPestMgmtForm.Runner_Verify_Files_IPM_InHouseProgram' was passed

2019-06-05 19:51:50 - [TEST_CASE][PASSED] - Test Cases/IntegratedPestManagement/TC_NavigateToIPM: Test Cases/IntegratedPestManagement/TC_NavigateToIPM

2019-06-05 19:51:50 - [TEST_STEP][PASSED] - runWithCucumberRunner(integratedPestMgmtForm.Runner_NavigateToIPM): Run with 'integratedPestMgmtForm.Runner_NavigateToIPM' was passed

2019-06-05 19:51:50 - [TEST_CASE][PASSED] - Test Cases/Login/TC_Login: Test Cases/Login/TC_Login

2019-06-05 19:51:50 - [TEST_STEP][PASSED] - runWithCucumberRunner(common.Runner_Login): Run with 'common.Runner_Login' was passed

2019-06-05 19:51:50 - [MESSAGE][WARNING] - A browser is already opened. Closing browser and opening a new one

2019-06-05 19:51:51 - [MESSAGE][INFO] - Starting 'Chrome (headless)' driver

2019-06-05 19:51:51 - [MESSAGE][INFO] - User set preference: ['args', '[--window-size=1920,1080]']

2019-06-05 19:51:54 - [MESSAGE][PASSED] - Browser is opened with url: ''

2019-06-05 19:51:57 - [MESSAGE][PASSED] - Navigate to 'https://leedonline-stg.usgbc.org' successfully

2019-06-05 19:51:59 - [MESSAGE][PASSED] - Delayed 2 second(s)

2019-06-05 19:51:59 - [MESSAGE][PASSED] - Text 'jaypeejay@hotmail.com' is set on object 'Object Repository/Login/input_username'

2019-06-05 19:51:59 - [MESSAGE][PASSED] - Text 'initpass' is set on object 'Object Repository/Login/input_password'

2019-06-05 19:52:02 - [MESSAGE][PASSED] - Delayed 3 second(s)

2019-06-05 19:52:02 - [MESSAGE][PASSED] - Scroll to object 'Object Repository/Login/span_End User License Agreement' successfully

2019-06-05 19:52:02 - [MESSAGE][PASSED] - Object 'Object Repository/Login/span_End User License Agreement' is visible

2019-06-05 19:52:02 - [MESSAGE][PASSED] - Object 'Object Repository/Login/span_End User License Agreement' is checked

2019-06-05 19:52:03 - [MESSAGE][PASSED] - Delayed 1 second(s)

2019-06-05 19:52:03 - [MESSAGE][PASSED] - Object: 'Object Repository/Login/button_Log In' is clicked on

2019-06-05 19:52:08 - [MESSAGE][PASSED] - Object: '' is clicked on

2019-06-05 19:52:10 - [MESSAGE][PASSED] - Object: 'Object Repository/Login/a_Credits' is clicked on

2019-06-05 19:52:10 - [MESSAGE][PASSED] - Run with 'common.Runner_Login' was passed

2019-06-05 19:52:10 - [MESSAGE][PASSED] - Call Test Case 'Test Cases/Login/TC_Login' successfully

2019-06-05 19:52:10 - [MESSAGE][PASSED] - Scroll to object 'Object Repository/IntegratedPestMgmt/Navigation/div_Integrated Pest Management' successfully

2019-06-05 19:52:10 - [MESSAGE][PASSED] - Object 'Object Repository/IntegratedPestMgmt/Navigation/div_Integrated Pest Management' is present

2019-06-05 19:52:10 - [MESSAGE][PASSED] - Object: 'Object Repository/IntegratedPestMgmt/Navigation/div_Integrated Pest Management' is clicked on

2019-06-05 19:52:14 - [MESSAGE][PASSED] - Object: 'Object Repository/IntegratedPestMgmt/Navigation/a_Form (V01)' is clicked on

2019-06-05 19:52:14 - [MESSAGE][PASSED] - Object 'Object Repository/IntegratedPestMgmt/Navigation/div_IPMForm' is present

2019-06-05 19:52:14 - [MESSAGE][PASSED] - Run with 'integratedPestMgmtForm.Runner_NavigateToIPM' was passed

2019-06-05 19:52:14 - [MESSAGE][PASSED] - Call Test Case 'Test Cases/IntegratedPestManagement/TC_NavigateToIPM' successfully

2019-06-05 19:52:14 - [MESSAGE][PASSED] - Object: 'Object Repository/IntegratedPestMgmt/Option_IPMProgram/Input_Option1_RadioBtn' is clicked on

2019-06-05 19:52:16 - [MESSAGE][PASSED] - Delayed 2 second(s)

2019-06-05 19:52:17 - [MESSAGE][PASSED] - Scroll to object 'Object Repository/IntegratedPestMgmt/Option_IPMProgram/AddFile_IntegratedPestMngmnt/table_IntegratedPestMgmt' successfully

2019-06-05 19:52:17 - [MESSAGE][PASSED] - Object 'Object Repository/IntegratedPestMgmt/Option_IPMProgram/AddFile_IntegratedPestMngmnt/table_IntegratedPestMgmt' is present

2019-06-05 19:52:17 - [MESSAGE][PASSED] - Text of object '' is: 'SampleGIFImage_350kbmb.gif'

2019-06-05 19:52:17 - [MESSAGE][PASSED] - SampleGIFImage_350kbmb.gif is equal to SampleGIFImage_350kbmb.gif

2019-06-05 19:52:17 - [MESSAGE][PASSED] - Actual text 'SampleGIFImage_350kbmb.gif' and expected text 'SampleGIFImage_350kbmb.gif' are matched 

2019-06-05 19:52:17 - [MESSAGE][PASSED] - Text of object '' is: 'SamplePPTFile_1000kb.ppt'

2019-06-05 19:52:17 - [MESSAGE][PASSED] - SamplePPTFile_1000kb.ppt is equal to SamplePPTFile_1000kb.ppt

2019-06-05 19:52:17 - [MESSAGE][PASSED] - Actual text 'SamplePPTFile_1000kb.ppt' and expected text 'SamplePPTFile_1000kb.ppt' are matched 

2019-06-05 19:52:17 - [MESSAGE][PASSED] - Text of object '' is: 'ZZ.pdf'

2019-06-05 19:52:17 - [MESSAGE][PASSED] - ZZ.pdf is equal to ZZ.pdf

2019-06-05 19:52:17 - [MESSAGE][PASSED] - Actual text 'ZZ.pdf' and expected text 'ZZ.pdf' are matched 

2019-06-05 19:52:17 - [MESSAGE][PASSED] - Scroll to object 'Object Repository/IntegratedPestMgmt/Option_IPMProgram/AddFile_Examples_Documentation/table_ExamplesDocs' successfully

2019-06-05 19:52:17 - [MESSAGE][PASSED] - Object 'Object Repository/IntegratedPestMgmt/Option_IPMProgram/AddFile_Examples_Documentation/table_ExamplesDocs' is present

2019-06-05 19:52:18 - [MESSAGE][PASSED] - Text of object '' is: 'SampleGIFImage_350kbmb.gif'

2019-06-05 19:52:18 - [MESSAGE][PASSED] - SampleGIFImage_350kbmb.gif is equal to SampleGIFImage_350kbmb.gif

2019-06-05 19:52:18 - [MESSAGE][PASSED] - Actual text 'SampleGIFImage_350kbmb.gif' and expected text 'SampleGIFImage_350kbmb.gif' are matched 

2019-06-05 19:52:18 - [MESSAGE][PASSED] - Text of object '' is: 'SamplePPTFile_1000kb.ppt'

2019-06-05 19:52:18 - [MESSAGE][PASSED] - SamplePPTFile_1000kb.ppt is equal to SamplePPTFile_1000kb.ppt

2019-06-05 19:52:18 - [MESSAGE][PASSED] - Actual text 'SamplePPTFile_1000kb.ppt' and expected text 'SamplePPTFile_1000kb.ppt' are matched 

2019-06-05 19:52:18 - [MESSAGE][PASSED] - Text of object '' is: 'ZZ.pdf'

2019-06-05 19:52:18 - [MESSAGE][PASSED] - ZZ.pdf is equal to ZZ.pdf

2019-06-05 19:52:18 - [MESSAGE][PASSED] - Actual text 'ZZ.pdf' and expected text 'ZZ.pdf' are matched 

2019-06-05 19:52:18 - [MESSAGE][PASSED] - Scroll to object 'Object Repository/IntegratedPestMgmt/Option_IPMProgram/AddFile_PestcideAppList/table_PesticideAppList' successfully

2019-06-05 19:52:18 - [MESSAGE][PASSED] - Object 'Object Repository/IntegratedPestMgmt/Option_IPMProgram/AddFile_PestcideAppList/table_PesticideAppList' is present

2019-06-05 19:52:18 - [MESSAGE][PASSED] - Text of object '' is: 'SampleGIFImage_350kbmb.gif'

2019-06-05 19:52:18 - [MESSAGE][PASSED] - SampleGIFImage_350kbmb.gif is equal to SampleGIFImage_350kbmb.gif

2019-06-05 19:52:18 - [MESSAGE][PASSED] - Actual text 'SampleGIFImage_350kbmb.gif' and expected text 'SampleGIFImage_350kbmb.gif' are matched 

2019-06-05 19:52:19 - [MESSAGE][PASSED] - Text of object '' is: 'SamplePPTFile_1000kb.ppt'

2019-06-05 19:52:19 - [MESSAGE][PASSED] - SamplePPTFile_1000kb.ppt is equal to SamplePPTFile_1000kb.ppt

2019-06-05 19:52:19 - [MESSAGE][PASSED] - Actual text 'SamplePPTFile_1000kb.ppt' and expected text 'SamplePPTFile_1000kb.ppt' are matched 

2019-06-05 19:52:19 - [MESSAGE][PASSED] - Text of object '' is: 'ZZ.pdf'

2019-06-05 19:52:19 - [MESSAGE][PASSED] - ZZ.pdf is equal to ZZ.pdf

2019-06-05 19:52:19 - [MESSAGE][PASSED] - Actual text 'ZZ.pdf' and expected text 'ZZ.pdf' are matched 

2019-06-05 19:52:19 - [MESSAGE][PASSED] - Run with 'integratedPestMgmtForm.Runner_Verify_Files_IPM_InHouseProgram' was passed]]></system-out>
         <system-err><![CDATA[]]></system-err>
      </testcase>
      <testcase name="Test Cases/IntegratedPestManagement/TC_DownloadFiles_IPM_InHouseProgram" classname="Test Cases/IntegratedPestManagement/TC_DownloadFiles_IPM_InHouseProgram" status="PASSED">
         <system-out><![CDATA[2019-06-05 19:52:19 - [TEST_CASE][PASSED] - Test Cases/IntegratedPestManagement/TC_DownloadFiles_IPM_InHouseProgram: Test Cases/IntegratedPestManagement/TC_DownloadFiles_IPM_InHouseProgram

2019-06-05 19:52:19 - [TEST_STEP][PASSED] - runWithCucumberRunner(integratedPestMgmtForm.Runner_Download_Files_IPM_InHouseProgram): Run with 'integratedPestMgmtForm.Runner_Download_Files_IPM_InHouseProgram' was passed

2019-06-05 19:52:19 - [TEST_CASE][PASSED] - Test Cases/IntegratedPestManagement/TC_NavigateToIPM: Test Cases/IntegratedPestManagement/TC_NavigateToIPM

2019-06-05 19:52:19 - [TEST_STEP][PASSED] - runWithCucumberRunner(integratedPestMgmtForm.Runner_NavigateToIPM): Run with 'integratedPestMgmtForm.Runner_NavigateToIPM' was passed

2019-06-05 19:52:20 - [TEST_CASE][PASSED] - Test Cases/Login/TC_Login: Test Cases/Login/TC_Login

2019-06-05 19:52:20 - [TEST_STEP][PASSED] - runWithCucumberRunner(common.Runner_Login): Run with 'common.Runner_Login' was passed

2019-06-05 19:52:20 - [MESSAGE][WARNING] - A browser is already opened. Closing browser and opening a new one

2019-06-05 19:52:21 - [MESSAGE][INFO] - Starting 'Chrome (headless)' driver

2019-06-05 19:52:21 - [MESSAGE][INFO] - User set preference: ['args', '[--window-size=1920,1080]']

2019-06-05 19:52:24 - [MESSAGE][PASSED] - Browser is opened with url: ''

2019-06-05 19:52:26 - [MESSAGE][PASSED] - Navigate to 'https://leedonline-stg.usgbc.org' successfully

2019-06-05 19:52:28 - [MESSAGE][PASSED] - Delayed 2 second(s)

2019-06-05 19:52:28 - [MESSAGE][PASSED] - Text 'jaypeejay@hotmail.com' is set on object 'Object Repository/Login/input_username'

2019-06-05 19:52:29 - [MESSAGE][PASSED] - Text 'initpass' is set on object 'Object Repository/Login/input_password'

2019-06-05 19:52:32 - [MESSAGE][PASSED] - Delayed 3 second(s)

2019-06-05 19:52:32 - [MESSAGE][PASSED] - Scroll to object 'Object Repository/Login/span_End User License Agreement' successfully

2019-06-05 19:52:32 - [MESSAGE][PASSED] - Object 'Object Repository/Login/span_End User License Agreement' is visible

2019-06-05 19:52:32 - [MESSAGE][PASSED] - Object 'Object Repository/Login/span_End User License Agreement' is checked

2019-06-05 19:52:33 - [MESSAGE][PASSED] - Delayed 1 second(s)

2019-06-05 19:52:33 - [MESSAGE][PASSED] - Object: 'Object Repository/Login/button_Log In' is clicked on

2019-06-05 19:52:37 - [MESSAGE][PASSED] - Object: '' is clicked on

2019-06-05 19:52:39 - [MESSAGE][PASSED] - Object: 'Object Repository/Login/a_Credits' is clicked on

2019-06-05 19:52:39 - [MESSAGE][PASSED] - Run with 'common.Runner_Login' was passed

2019-06-05 19:52:39 - [MESSAGE][PASSED] - Call Test Case 'Test Cases/Login/TC_Login' successfully

2019-06-05 19:52:39 - [MESSAGE][PASSED] - Scroll to object 'Object Repository/IntegratedPestMgmt/Navigation/div_Integrated Pest Management' successfully

2019-06-05 19:52:39 - [MESSAGE][PASSED] - Object 'Object Repository/IntegratedPestMgmt/Navigation/div_Integrated Pest Management' is present

2019-06-05 19:52:39 - [MESSAGE][PASSED] - Object: 'Object Repository/IntegratedPestMgmt/Navigation/div_Integrated Pest Management' is clicked on

2019-06-05 19:52:42 - [MESSAGE][PASSED] - Object: 'Object Repository/IntegratedPestMgmt/Navigation/a_Form (V01)' is clicked on

2019-06-05 19:52:42 - [MESSAGE][PASSED] - Object 'Object Repository/IntegratedPestMgmt/Navigation/div_IPMForm' is present

2019-06-05 19:52:42 - [MESSAGE][PASSED] - Run with 'integratedPestMgmtForm.Runner_NavigateToIPM' was passed

2019-06-05 19:52:42 - [MESSAGE][PASSED] - Call Test Case 'Test Cases/IntegratedPestManagement/TC_NavigateToIPM' successfully

2019-06-05 19:52:43 - [MESSAGE][PASSED] - Object: 'Object Repository/IntegratedPestMgmt/Option_IPMProgram/Input_Option1_RadioBtn' is clicked on

2019-06-05 19:52:45 - [MESSAGE][PASSED] - Delayed 2 second(s)

2019-06-05 19:52:45 - [MESSAGE][PASSED] - Scroll to object 'Object Repository/IntegratedPestMgmt/Option_IPMProgram/AddFile_IntegratedPestMngmnt/table_IntegratedPestMgmt' successfully

2019-06-05 19:52:45 - [MESSAGE][PASSED] - Object 'Object Repository/IntegratedPestMgmt/Option_IPMProgram/AddFile_IntegratedPestMngmnt/table_IntegratedPestMgmt' is present

2019-06-05 19:52:45 - [MESSAGE][PASSED] - Scroll to object 'Object Repository/IntegratedPestMgmt/Option_IPMProgram/AddFile_IntegratedPestMngmnt/p_IntegrartedPestMngnt' successfully

2019-06-05 19:52:47 - [MESSAGE][PASSED] - Delayed 2 second(s)

2019-06-05 19:52:48 - [MESSAGE][PASSED] - Object: 'Object Repository/IntegratedPestMgmt/Option_IPMProgram/AddFile_IntegratedPestMngmnt/p_IntegrartedPestMngnt' is hovered

2019-06-05 19:52:48 - [MESSAGE][PASSED] - Object: '' is clicked on

2019-06-05 19:52:48 - [MESSAGE][PASSED] - Text of object '' is: 'ZZ.pdf'

2019-06-05 19:52:58 - [MESSAGE][PASSED] - Delayed 10 second(s)

2019-06-05 19:52:58 - [MESSAGE][PASSED] - Object: 'Object Repository/IntegratedPestMgmt/Option_IPMProgram/AddFile_IntegratedPestMngmnt/p_IntegrartedPestMngnt' is hovered

2019-06-05 19:53:00 - [MESSAGE][PASSED] - Delayed 2 second(s)

2019-06-05 19:53:02 - [MESSAGE][PASSED] - Delayed 2 second(s)

2019-06-05 19:53:02 - [MESSAGE][PASSED] - Object: 'Object Repository/IntegratedPestMgmt/Option_IPMProgram/AddFile_IntegratedPestMngmnt/p_IntegrartedPestMngnt' is hovered

2019-06-05 19:53:02 - [MESSAGE][PASSED] - Object: '' is clicked on

2019-06-05 19:53:02 - [MESSAGE][PASSED] - Text of object '' is: 'SamplePPTFile_1000kb.ppt'

2019-06-05 19:53:12 - [MESSAGE][PASSED] - Delayed 10 second(s)

2019-06-05 19:53:12 - [MESSAGE][PASSED] - Object: 'Object Repository/IntegratedPestMgmt/Option_IPMProgram/AddFile_IntegratedPestMngmnt/p_IntegrartedPestMngnt' is hovered

2019-06-05 19:53:14 - [MESSAGE][PASSED] - Delayed 2 second(s)

2019-06-05 19:53:16 - [MESSAGE][PASSED] - Delayed 2 second(s)

2019-06-05 19:53:16 - [MESSAGE][PASSED] - Object: 'Object Repository/IntegratedPestMgmt/Option_IPMProgram/AddFile_IntegratedPestMngmnt/p_IntegrartedPestMngnt' is hovered

2019-06-05 19:53:17 - [MESSAGE][PASSED] - Object: '' is clicked on

2019-06-05 19:53:17 - [MESSAGE][PASSED] - Text of object '' is: 'SampleGIFImage_350kbmb.gif'

2019-06-05 19:53:27 - [MESSAGE][PASSED] - Delayed 10 second(s)

2019-06-05 19:53:27 - [MESSAGE][PASSED] - Object: 'Object Repository/IntegratedPestMgmt/Option_IPMProgram/AddFile_IntegratedPestMngmnt/p_IntegrartedPestMngnt' is hovered

2019-06-05 19:53:29 - [MESSAGE][PASSED] - Delayed 2 second(s)

2019-06-05 19:53:32 - [MESSAGE][PASSED] - Delayed 3 second(s)

2019-06-05 19:53:34 - [MESSAGE][PASSED] - Delayed 2 second(s)

2019-06-05 19:53:35 - [MESSAGE][PASSED] - Delayed 1 second(s)

2019-06-05 19:53:35 - [MESSAGE][PASSED] - SampleGIFImage_350kbmb.gif exist in G:/Sabareesh/MyGitRepos/Usgbc_LeedOnline_ScoreCard/Usgbc_LeedOnline_ScoreCard/Include/TestData/DownloadedFiles and was deleted

2019-06-05 19:53:35 - [MESSAGE][PASSED] - 

2019-06-05 19:53:35 - [MESSAGE][PASSED] - Actual text 'SampleGIFImage_350kbmb.gif' and expected text 'SampleGIFImage_350kbmb.gif' are matched 

2019-06-05 19:53:37 - [MESSAGE][PASSED] - Delayed 2 second(s)

2019-06-05 19:53:38 - [MESSAGE][PASSED] - Delayed 1 second(s)

2019-06-05 19:53:38 - [MESSAGE][PASSED] - SamplePPTFile_1000kb.ppt exist in G:/Sabareesh/MyGitRepos/Usgbc_LeedOnline_ScoreCard/Usgbc_LeedOnline_ScoreCard/Include/TestData/DownloadedFiles and was deleted

2019-06-05 19:53:38 - [MESSAGE][PASSED] - 

2019-06-05 19:53:38 - [MESSAGE][PASSED] - Actual text 'SamplePPTFile_1000kb.ppt' and expected text 'SamplePPTFile_1000kb.ppt' are matched 

2019-06-05 19:53:40 - [MESSAGE][PASSED] - Delayed 2 second(s)

2019-06-05 19:53:41 - [MESSAGE][PASSED] - Delayed 1 second(s)

2019-06-05 19:53:41 - [MESSAGE][PASSED] - ZZ.pdf exist in G:/Sabareesh/MyGitRepos/Usgbc_LeedOnline_ScoreCard/Usgbc_LeedOnline_ScoreCard/Include/TestData/DownloadedFiles and was deleted

2019-06-05 19:53:41 - [MESSAGE][PASSED] - 

2019-06-05 19:53:41 - [MESSAGE][PASSED] - Actual text 'ZZ.pdf' and expected text 'ZZ.pdf' are matched 

2019-06-05 19:53:41 - [MESSAGE][PASSED] - Scroll to object 'Object Repository/IntegratedPestMgmt/Option_IPMProgram/AddFile_Examples_Documentation/table_ExamplesDocs' successfully

2019-06-05 19:53:41 - [MESSAGE][PASSED] - Object 'Object Repository/IntegratedPestMgmt/Option_IPMProgram/AddFile_Examples_Documentation/table_ExamplesDocs' is present

2019-06-05 19:53:41 - [MESSAGE][PASSED] - Scroll to object 'Object Repository/IntegratedPestMgmt/Option_IPMProgram/AddFile_Examples_Documentation/p_AddFileDocumentation' successfully

2019-06-05 19:53:43 - [MESSAGE][PASSED] - Delayed 2 second(s)

2019-06-05 19:53:43 - [MESSAGE][PASSED] - Object: 'Object Repository/IntegratedPestMgmt/Option_IPMProgram/AddFile_Examples_Documentation/p_AddFileDocumentation' is hovered

2019-06-05 19:53:43 - [MESSAGE][PASSED] - Object: '' is clicked on

2019-06-05 19:53:43 - [MESSAGE][PASSED] - Text of object '' is: 'ZZ.pdf'

2019-06-05 19:53:53 - [MESSAGE][PASSED] - Delayed 10 second(s)

2019-06-05 19:53:54 - [MESSAGE][PASSED] - Object: 'Object Repository/IntegratedPestMgmt/Option_IPMProgram/AddFile_Examples_Documentation/p_AddFileDocumentation' is hovered

2019-06-05 19:53:56 - [MESSAGE][PASSED] - Delayed 2 second(s)

2019-06-05 19:53:58 - [MESSAGE][PASSED] - Delayed 2 second(s)

2019-06-05 19:53:58 - [MESSAGE][PASSED] - Object: 'Object Repository/IntegratedPestMgmt/Option_IPMProgram/AddFile_Examples_Documentation/p_AddFileDocumentation' is hovered

2019-06-05 19:53:58 - [MESSAGE][PASSED] - Object: '' is clicked on

2019-06-05 19:53:58 - [MESSAGE][PASSED] - Text of object '' is: 'SamplePPTFile_1000kb.ppt'

2019-06-05 19:54:08 - [MESSAGE][PASSED] - Delayed 10 second(s)

2019-06-05 19:54:08 - [MESSAGE][PASSED] - Object: 'Object Repository/IntegratedPestMgmt/Option_IPMProgram/AddFile_Examples_Documentation/p_AddFileDocumentation' is hovered

2019-06-05 19:54:10 - [MESSAGE][PASSED] - Delayed 2 second(s)

2019-06-05 19:54:12 - [MESSAGE][PASSED] - Delayed 2 second(s)

2019-06-05 19:54:12 - [MESSAGE][PASSED] - Object: 'Object Repository/IntegratedPestMgmt/Option_IPMProgram/AddFile_Examples_Documentation/p_AddFileDocumentation' is hovered

2019-06-05 19:54:12 - [MESSAGE][PASSED] - Object: '' is clicked on

2019-06-05 19:54:12 - [MESSAGE][PASSED] - Text of object '' is: 'SampleGIFImage_350kbmb.gif'

2019-06-05 19:54:22 - [MESSAGE][PASSED] - Delayed 10 second(s)

2019-06-05 19:54:22 - [MESSAGE][PASSED] - Object: 'Object Repository/IntegratedPestMgmt/Option_IPMProgram/AddFile_Examples_Documentation/p_AddFileDocumentation' is hovered

2019-06-05 19:54:24 - [MESSAGE][PASSED] - Delayed 2 second(s)

2019-06-05 19:54:27 - [MESSAGE][PASSED] - Delayed 3 second(s)

2019-06-05 19:54:29 - [MESSAGE][PASSED] - Delayed 2 second(s)

2019-06-05 19:54:30 - [MESSAGE][PASSED] - Delayed 1 second(s)

2019-06-05 19:54:30 - [MESSAGE][PASSED] - SampleGIFImage_350kbmb.gif exist in G:/Sabareesh/MyGitRepos/Usgbc_LeedOnline_ScoreCard/Usgbc_LeedOnline_ScoreCard/Include/TestData/DownloadedFiles and was deleted

2019-06-05 19:54:30 - [MESSAGE][PASSED] - 

2019-06-05 19:54:30 - [MESSAGE][PASSED] - Actual text 'SampleGIFImage_350kbmb.gif' and expected text 'SampleGIFImage_350kbmb.gif' are matched 

2019-06-05 19:54:32 - [MESSAGE][PASSED] - Delayed 2 second(s)

2019-06-05 19:54:33 - [MESSAGE][PASSED] - Delayed 1 second(s)

2019-06-05 19:54:33 - [MESSAGE][PASSED] - SamplePPTFile_1000kb.ppt exist in G:/Sabareesh/MyGitRepos/Usgbc_LeedOnline_ScoreCard/Usgbc_LeedOnline_ScoreCard/Include/TestData/DownloadedFiles and was deleted

2019-06-05 19:54:33 - [MESSAGE][PASSED] - 

2019-06-05 19:54:33 - [MESSAGE][PASSED] - Actual text 'SamplePPTFile_1000kb.ppt' and expected text 'SamplePPTFile_1000kb.ppt' are matched 

2019-06-05 19:54:35 - [MESSAGE][PASSED] - Delayed 2 second(s)

2019-06-05 19:54:36 - [MESSAGE][PASSED] - Delayed 1 second(s)

2019-06-05 19:54:36 - [MESSAGE][PASSED] - ZZ.pdf exist in G:/Sabareesh/MyGitRepos/Usgbc_LeedOnline_ScoreCard/Usgbc_LeedOnline_ScoreCard/Include/TestData/DownloadedFiles and was deleted

2019-06-05 19:54:36 - [MESSAGE][PASSED] - 

2019-06-05 19:54:36 - [MESSAGE][PASSED] - Actual text 'ZZ.pdf' and expected text 'ZZ.pdf' are matched 

2019-06-05 19:54:36 - [MESSAGE][PASSED] - Scroll to object 'Object Repository/IntegratedPestMgmt/Option_IPMProgram/AddFile_PestcideAppList/table_PesticideAppList' successfully

2019-06-05 19:54:36 - [MESSAGE][PASSED] - Object 'Object Repository/IntegratedPestMgmt/Option_IPMProgram/AddFile_PestcideAppList/table_PesticideAppList' is present

2019-06-05 19:54:37 - [MESSAGE][PASSED] - Scroll to object 'Object Repository/IntegratedPestMgmt/Option_IPMProgram/AddFile_PestcideAppList/p_Pesticide_AddFile' successfully

2019-06-05 19:54:39 - [MESSAGE][PASSED] - Delayed 2 second(s)

2019-06-05 19:54:39 - [MESSAGE][PASSED] - Object: 'Object Repository/IntegratedPestMgmt/Option_IPMProgram/AddFile_PestcideAppList/p_Pesticide_AddFile' is hovered

2019-06-05 19:54:39 - [MESSAGE][PASSED] - Object: '' is clicked on

2019-06-05 19:54:39 - [MESSAGE][PASSED] - Text of object '' is: 'ZZ.pdf'

2019-06-05 19:54:49 - [MESSAGE][PASSED] - Delayed 10 second(s)

2019-06-05 19:54:49 - [MESSAGE][PASSED] - Object: 'Object Repository/IntegratedPestMgmt/Option_IPMProgram/AddFile_PestcideAppList/p_Pesticide_AddFile' is hovered

2019-06-05 19:54:51 - [MESSAGE][PASSED] - Delayed 2 second(s)

2019-06-05 19:54:53 - [MESSAGE][PASSED] - Delayed 2 second(s)

2019-06-05 19:54:53 - [MESSAGE][PASSED] - Object: 'Object Repository/IntegratedPestMgmt/Option_IPMProgram/AddFile_PestcideAppList/p_Pesticide_AddFile' is hovered

2019-06-05 19:54:53 - [MESSAGE][PASSED] - Object: '' is clicked on

2019-06-05 19:54:53 - [MESSAGE][PASSED] - Text of object '' is: 'SamplePPTFile_1000kb.ppt'

2019-06-05 19:55:03 - [MESSAGE][PASSED] - Delayed 10 second(s)

2019-06-05 19:55:03 - [MESSAGE][PASSED] - Object: 'Object Repository/IntegratedPestMgmt/Option_IPMProgram/AddFile_PestcideAppList/p_Pesticide_AddFile' is hovered

2019-06-05 19:55:05 - [MESSAGE][PASSED] - Delayed 2 second(s)

2019-06-05 19:55:07 - [MESSAGE][PASSED] - Delayed 2 second(s)

2019-06-05 19:55:08 - [MESSAGE][PASSED] - Object: 'Object Repository/IntegratedPestMgmt/Option_IPMProgram/AddFile_PestcideAppList/p_Pesticide_AddFile' is hovered

2019-06-05 19:55:08 - [MESSAGE][PASSED] - Object: '' is clicked on

2019-06-05 19:55:08 - [MESSAGE][PASSED] - Text of object '' is: 'SampleGIFImage_350kbmb.gif'

2019-06-05 19:55:18 - [MESSAGE][PASSED] - Delayed 10 second(s)

2019-06-05 19:55:18 - [MESSAGE][PASSED] - Object: 'Object Repository/IntegratedPestMgmt/Option_IPMProgram/AddFile_PestcideAppList/p_Pesticide_AddFile' is hovered

2019-06-05 19:55:20 - [MESSAGE][PASSED] - Delayed 2 second(s)

2019-06-05 19:55:23 - [MESSAGE][PASSED] - Delayed 3 second(s)

2019-06-05 19:55:25 - [MESSAGE][PASSED] - Delayed 2 second(s)

2019-06-05 19:55:26 - [MESSAGE][PASSED] - Delayed 1 second(s)

2019-06-05 19:55:26 - [MESSAGE][PASSED] - SampleGIFImage_350kbmb.gif exist in G:/Sabareesh/MyGitRepos/Usgbc_LeedOnline_ScoreCard/Usgbc_LeedOnline_ScoreCard/Include/TestData/DownloadedFiles and was deleted

2019-06-05 19:55:26 - [MESSAGE][PASSED] - 

2019-06-05 19:55:26 - [MESSAGE][PASSED] - Actual text 'SampleGIFImage_350kbmb.gif' and expected text 'SampleGIFImage_350kbmb.gif' are matched 

2019-06-05 19:55:28 - [MESSAGE][PASSED] - Delayed 2 second(s)

2019-06-05 19:55:29 - [MESSAGE][PASSED] - Delayed 1 second(s)

2019-06-05 19:55:29 - [MESSAGE][PASSED] - SamplePPTFile_1000kb.ppt exist in G:/Sabareesh/MyGitRepos/Usgbc_LeedOnline_ScoreCard/Usgbc_LeedOnline_ScoreCard/Include/TestData/DownloadedFiles and was deleted

2019-06-05 19:55:29 - [MESSAGE][PASSED] - 

2019-06-05 19:55:29 - [MESSAGE][PASSED] - Actual text 'SamplePPTFile_1000kb.ppt' and expected text 'SamplePPTFile_1000kb.ppt' are matched 

2019-06-05 19:55:31 - [MESSAGE][PASSED] - Delayed 2 second(s)

2019-06-05 19:55:32 - [MESSAGE][PASSED] - Delayed 1 second(s)

2019-06-05 19:55:32 - [MESSAGE][PASSED] - ZZ.pdf exist in G:/Sabareesh/MyGitRepos/Usgbc_LeedOnline_ScoreCard/Usgbc_LeedOnline_ScoreCard/Include/TestData/DownloadedFiles and was deleted

2019-06-05 19:55:32 - [MESSAGE][PASSED] - 

2019-06-05 19:55:32 - [MESSAGE][PASSED] - Actual text 'ZZ.pdf' and expected text 'ZZ.pdf' are matched 

2019-06-05 19:55:32 - [MESSAGE][PASSED] - Run with 'integratedPestMgmtForm.Runner_Download_Files_IPM_InHouseProgram' was passed]]></system-out>
         <system-err><![CDATA[]]></system-err>
      </testcase>
      <testcase name="Test Cases/IntegratedPestManagement/TC_Delete_Files_IPM_InHouse_Program" classname="Test Cases/IntegratedPestManagement/TC_Delete_Files_IPM_InHouse_Program" status="PASSED">
         <system-out><![CDATA[2019-06-05 19:55:32 - [TEST_CASE][PASSED] - Test Cases/IntegratedPestManagement/TC_Delete_Files_IPM_InHouse_Program: Test Cases/IntegratedPestManagement/TC_Delete_Files_IPM_InHouse_Program

2019-06-05 19:55:32 - [TEST_STEP][PASSED] - runWithCucumberRunner(integratedPestMgmtForm.Runner_Delete_Files_IPM_InHouse_Program): Run with 'integratedPestMgmtForm.Runner_Delete_Files_IPM_InHouse_Program' was passed

2019-06-05 19:55:32 - [TEST_CASE][PASSED] - Test Cases/IntegratedPestManagement/TC_NavigateToIPM: Test Cases/IntegratedPestManagement/TC_NavigateToIPM

2019-06-05 19:55:32 - [TEST_STEP][PASSED] - runWithCucumberRunner(integratedPestMgmtForm.Runner_NavigateToIPM): Run with 'integratedPestMgmtForm.Runner_NavigateToIPM' was passed

2019-06-05 19:55:33 - [TEST_CASE][PASSED] - Test Cases/Login/TC_Login: Test Cases/Login/TC_Login

2019-06-05 19:55:33 - [TEST_STEP][PASSED] - runWithCucumberRunner(common.Runner_Login): Run with 'common.Runner_Login' was passed

2019-06-05 19:55:33 - [MESSAGE][WARNING] - A browser is already opened. Closing browser and opening a new one

2019-06-05 19:55:34 - [MESSAGE][INFO] - Starting 'Chrome (headless)' driver

2019-06-05 19:55:34 - [MESSAGE][INFO] - User set preference: ['args', '[--window-size=1920,1080]']

2019-06-05 19:55:37 - [MESSAGE][PASSED] - Browser is opened with url: ''

2019-06-05 19:55:39 - [MESSAGE][PASSED] - Navigate to 'https://leedonline-stg.usgbc.org' successfully

2019-06-05 19:55:41 - [MESSAGE][PASSED] - Delayed 2 second(s)

2019-06-05 19:55:42 - [MESSAGE][PASSED] - Text 'jaypeejay@hotmail.com' is set on object 'Object Repository/Login/input_username'

2019-06-05 19:55:42 - [MESSAGE][PASSED] - Text 'initpass' is set on object 'Object Repository/Login/input_password'

2019-06-05 19:55:45 - [MESSAGE][PASSED] - Delayed 3 second(s)

2019-06-05 19:55:45 - [MESSAGE][PASSED] - Scroll to object 'Object Repository/Login/span_End User License Agreement' successfully

2019-06-05 19:55:45 - [MESSAGE][PASSED] - Object 'Object Repository/Login/span_End User License Agreement' is visible

2019-06-05 19:55:45 - [MESSAGE][PASSED] - Object 'Object Repository/Login/span_End User License Agreement' is checked

2019-06-05 19:55:46 - [MESSAGE][PASSED] - Delayed 1 second(s)

2019-06-05 19:55:46 - [MESSAGE][PASSED] - Object: 'Object Repository/Login/button_Log In' is clicked on

2019-06-05 19:55:51 - [MESSAGE][PASSED] - Object: '' is clicked on

2019-06-05 19:55:52 - [MESSAGE][PASSED] - Object: 'Object Repository/Login/a_Credits' is clicked on

2019-06-05 19:55:52 - [MESSAGE][PASSED] - Run with 'common.Runner_Login' was passed

2019-06-05 19:55:52 - [MESSAGE][PASSED] - Call Test Case 'Test Cases/Login/TC_Login' successfully

2019-06-05 19:55:52 - [MESSAGE][PASSED] - Scroll to object 'Object Repository/IntegratedPestMgmt/Navigation/div_Integrated Pest Management' successfully

2019-06-05 19:55:52 - [MESSAGE][PASSED] - Object 'Object Repository/IntegratedPestMgmt/Navigation/div_Integrated Pest Management' is present

2019-06-05 19:55:52 - [MESSAGE][PASSED] - Object: 'Object Repository/IntegratedPestMgmt/Navigation/div_Integrated Pest Management' is clicked on

2019-06-05 19:55:56 - [MESSAGE][PASSED] - Object: 'Object Repository/IntegratedPestMgmt/Navigation/a_Form (V01)' is clicked on

2019-06-05 19:55:56 - [MESSAGE][PASSED] - Object 'Object Repository/IntegratedPestMgmt/Navigation/div_IPMForm' is present

2019-06-05 19:55:56 - [MESSAGE][PASSED] - Run with 'integratedPestMgmtForm.Runner_NavigateToIPM' was passed

2019-06-05 19:55:56 - [MESSAGE][PASSED] - Call Test Case 'Test Cases/IntegratedPestManagement/TC_NavigateToIPM' successfully

2019-06-05 19:55:57 - [MESSAGE][PASSED] - Object: 'Object Repository/IntegratedPestMgmt/Option_IPMProgram/Input_Option1_RadioBtn' is clicked on

2019-06-05 19:55:59 - [MESSAGE][PASSED] - Delayed 2 second(s)

2019-06-05 19:55:59 - [MESSAGE][PASSED] - Scroll to object 'Object Repository/IntegratedPestMgmt/Option_IPMProgram/AddFile_IntegratedPestMngmnt/table_IntegratedPestMgmt' successfully

2019-06-05 19:55:59 - [MESSAGE][PASSED] - Object 'Object Repository/IntegratedPestMgmt/Option_IPMProgram/AddFile_IntegratedPestMngmnt/table_IntegratedPestMgmt' is present

2019-06-05 19:55:59 - [MESSAGE][PASSED] - Scroll to object 'Object Repository/IntegratedPestMgmt/Option_IPMProgram/AddFile_IntegratedPestMngmnt/p_IntegrartedPestMngnt' successfully

2019-06-05 19:56:00 - [MESSAGE][PASSED] - Delayed 1 second(s)

2019-06-05 19:56:00 - [MESSAGE][PASSED] - Object: '' is clicked on

2019-06-05 19:56:02 - [MESSAGE][PASSED] - Delayed 2 second(s)

2019-06-05 19:56:02 - [MESSAGE][PASSED] - Object: 'Object Repository/LightPollutionReduction/FixtureShielding/button_Yes' is clicked on

2019-06-05 19:56:03 - [MESSAGE][PASSED] - Delayed 1 second(s)

2019-06-05 19:56:03 - [MESSAGE][PASSED] - Object: '' is clicked on

2019-06-05 19:56:05 - [MESSAGE][PASSED] - Delayed 2 second(s)

2019-06-05 19:56:05 - [MESSAGE][PASSED] - Object: 'Object Repository/LightPollutionReduction/FixtureShielding/button_Yes' is clicked on

2019-06-05 19:56:06 - [MESSAGE][PASSED] - Delayed 1 second(s)

2019-06-05 19:56:07 - [MESSAGE][PASSED] - Object: '' is clicked on

2019-06-05 19:56:09 - [MESSAGE][PASSED] - Delayed 2 second(s)

2019-06-05 19:56:09 - [MESSAGE][PASSED] - Object: 'Object Repository/LightPollutionReduction/FixtureShielding/button_Yes' is clicked on

2019-06-05 19:56:11 - [MESSAGE][PASSED] - Delayed 2 second(s)

2019-06-05 19:56:11 - [MESSAGE][PASSED] - Web element with id: 'Object Repository/IntegratedPestMgmt/Option_IPMProgram/AddFile_IntegratedPestMngmnt/table_IntegratedPestMgmt' located by 'By.xpath: //*[@id="pestMangePlanDocs_files"]/table
' is not present after '30' second(s)

2019-06-05 19:56:11 - [MESSAGE][PASSED] - Scroll to object 'Object Repository/IntegratedPestMgmt/Option_IPMProgram/AddFile_Examples_Documentation/table_ExamplesDocs' successfully

2019-06-05 19:56:11 - [MESSAGE][PASSED] - Object 'Object Repository/IntegratedPestMgmt/Option_IPMProgram/AddFile_Examples_Documentation/table_ExamplesDocs' is present

2019-06-05 19:56:11 - [MESSAGE][PASSED] - Scroll to object 'Object Repository/IntegratedPestMgmt/Option_IPMProgram/AddFile_Examples_Documentation/p_AddFileDocumentation' successfully

2019-06-05 19:56:12 - [MESSAGE][PASSED] - Delayed 1 second(s)

2019-06-05 19:56:12 - [MESSAGE][PASSED] - Object: '' is clicked on

2019-06-05 19:56:14 - [MESSAGE][PASSED] - Delayed 2 second(s)

2019-06-05 19:56:14 - [MESSAGE][PASSED] - Object: 'Object Repository/LightPollutionReduction/FixtureShielding/button_Yes' is clicked on

2019-06-05 19:56:15 - [MESSAGE][PASSED] - Delayed 1 second(s)

2019-06-05 19:56:16 - [MESSAGE][PASSED] - Object: '' is clicked on

2019-06-05 19:56:18 - [MESSAGE][PASSED] - Delayed 2 second(s)

2019-06-05 19:56:18 - [MESSAGE][PASSED] - Object: 'Object Repository/LightPollutionReduction/FixtureShielding/button_Yes' is clicked on

2019-06-05 19:56:19 - [MESSAGE][PASSED] - Delayed 1 second(s)

2019-06-05 19:56:19 - [MESSAGE][PASSED] - Object: '' is clicked on

2019-06-05 19:56:21 - [MESSAGE][PASSED] - Delayed 2 second(s)

2019-06-05 19:56:21 - [MESSAGE][PASSED] - Object: 'Object Repository/LightPollutionReduction/FixtureShielding/button_Yes' is clicked on

2019-06-05 19:56:23 - [MESSAGE][PASSED] - Delayed 2 second(s)

2019-06-05 19:56:23 - [MESSAGE][PASSED] - Web element with id: 'Object Repository/IntegratedPestMgmt/Option_IPMProgram/AddFile_Examples_Documentation/table_ExamplesDocs' located by 'By.xpath: //*[@id="pestControlStrategiesDocs_files"]/table' is not present after '30' second(s)

2019-06-05 19:56:23 - [MESSAGE][PASSED] - Scroll to object 'Object Repository/IntegratedPestMgmt/Option_IPMProgram/AddFile_PestcideAppList/table_PesticideAppList' successfully

2019-06-05 19:56:23 - [MESSAGE][PASSED] - Object 'Object Repository/IntegratedPestMgmt/Option_IPMProgram/AddFile_PestcideAppList/table_PesticideAppList' is present

2019-06-05 19:56:23 - [MESSAGE][PASSED] - Scroll to object 'Object Repository/IntegratedPestMgmt/Option_IPMProgram/AddFile_PestcideAppList/p_Pesticide_AddFile' successfully

2019-06-05 19:56:24 - [MESSAGE][PASSED] - Delayed 1 second(s)

2019-06-05 19:56:24 - [MESSAGE][PASSED] - Object: '' is clicked on

2019-06-05 19:56:26 - [MESSAGE][PASSED] - Delayed 2 second(s)

2019-06-05 19:56:27 - [MESSAGE][PASSED] - Object: 'Object Repository/LightPollutionReduction/FixtureShielding/button_Yes' is clicked on

2019-06-05 19:56:28 - [MESSAGE][PASSED] - Delayed 1 second(s)

2019-06-05 19:56:28 - [MESSAGE][PASSED] - Object: '' is clicked on

2019-06-05 19:56:30 - [MESSAGE][PASSED] - Delayed 2 second(s)

2019-06-05 19:56:30 - [MESSAGE][PASSED] - Object: 'Object Repository/LightPollutionReduction/FixtureShielding/button_Yes' is clicked on

2019-06-05 19:56:31 - [MESSAGE][PASSED] - Delayed 1 second(s)

2019-06-05 19:56:31 - [MESSAGE][PASSED] - Object: '' is clicked on

2019-06-05 19:56:33 - [MESSAGE][PASSED] - Delayed 2 second(s)

2019-06-05 19:56:33 - [MESSAGE][PASSED] - Object: 'Object Repository/LightPollutionReduction/FixtureShielding/button_Yes' is clicked on

2019-06-05 19:56:35 - [MESSAGE][PASSED] - Delayed 2 second(s)

2019-06-05 19:56:35 - [MESSAGE][PASSED] - Web element with id: 'Object Repository/IntegratedPestMgmt/Option_IPMProgram/AddFile_PestcideAppList/table_PesticideAppList' located by 'By.xpath: //*[@id='pesticideAppList_files']/table' is not present after '30' second(s)

2019-06-05 19:56:35 - [MESSAGE][PASSED] - Run with 'integratedPestMgmtForm.Runner_Delete_Files_IPM_InHouse_Program' was passed]]></system-out>
         <system-err><![CDATA[]]></system-err>
      </testcase>
      <system-out><![CDATA[2019-06-05 19:49:42 - [TEST_SUITE][PASSED] - IPM_SmokeTest: Test Cases/IntegratedPestManagement/TC_Delete_Files_IPM_InHouse_Program]]></system-out>
      <system-err><![CDATA[]]></system-err>
   </testsuite>
</testsuites>
