<?xml version="1.0" encoding="UTF-8"?>
<testsuites name="SmokeTest" time="2" tests="1" failures="0" errors="0">
   <testsuite name="SmokeTest" tests="1" failures="0" errors="0" time="2" timestamp="2019-05-30 09:31:54" hostname="Promantus Inc - G10PROLT021" id="Test Suites/SmokeTest">
      <properties>
         <property name="deviceName" value=""/>
         <property name="devicePlatform" value=""/>
         <property name="logFolder" value="C:\\Users\\Promantus Inc\\Katalon Studio\\Usgbc_LeedOnline_ScoreCard\\Reports\\SmokeTest\\20190530_093147"/>
         <property name="logFiles" value="C:\\Users\\Promantus Inc\\Katalon Studio\\Usgbc_LeedOnline_ScoreCard\\Reports\\SmokeTest\\20190530_093147\\execution0.log"/>
         <property name="attachments" value=""/>
         <property name="hostName" value="Promantus Inc - G10PROLT021"/>
         <property name="hostAddress" value="192.168.1.12"/>
         <property name="os" value="Windows 10 64bit"/>
         <property name="katalonVersion" value="6.0.5.4"/>
      </properties>
      <testcase name="Test Cases/LightPollutionReduction/TC_DeleteLPR" classname="Test Cases/LightPollutionReduction/TC_DeleteLPR" status="PASSED">
         <system-out><![CDATA[2019-05-30 09:31:55 - [TEST_CASE][PASSED] - Test Cases/LightPollutionReduction/TC_DeleteLPR: Test Cases/LightPollutionReduction/TC_DeleteLPR

2019-05-30 09:31:55 - [TEST_STEP][PASSED] - runWithCucumberRunner(lightPollutionReductionForm.Runner_DeleteLPR): Run with 'lightPollutionReductionForm.Runner_DeleteLPR' was passed

2019-05-30 09:31:57 - [MESSAGE][PASSED] - Run with 'lightPollutionReductionForm.Runner_DeleteLPR' was passed]]></system-out>
         <system-err><![CDATA[]]></system-err>
      </testcase>
      <system-out><![CDATA[2019-05-30 09:31:54 - [TEST_SUITE][PASSED] - SmokeTest: Test Cases/LightPollutionReduction/TC_DeleteLPR]]></system-out>
      <system-err><![CDATA[]]></system-err>
   </testsuite>
</testsuites>
