<?xml version="1.0" encoding="UTF-8"?>
<testsuites name="SmokeTest" time="77" tests="1" failures="0" errors="0">
   <testsuite name="SmokeTest" tests="1" failures="0" errors="0" time="77" timestamp="2019-05-30 09:36:00" hostname="Promantus Inc - G10PROLT021" id="Test Suites/SmokeTest">
      <properties>
         <property name="deviceName" value=""/>
         <property name="devicePlatform" value=""/>
         <property name="logFolder" value="C:\\Users\\Promantus Inc\\Katalon Studio\\Usgbc_LeedOnline_ScoreCard\\Reports\\SmokeTest\\20190530_093552"/>
         <property name="logFiles" value="C:\\Users\\Promantus Inc\\Katalon Studio\\Usgbc_LeedOnline_ScoreCard\\Reports\\SmokeTest\\20190530_093552\\execution0.log"/>
         <property name="attachments" value=""/>
         <property name="hostName" value="Promantus Inc - G10PROLT021"/>
         <property name="os" value="Windows 10 64bit"/>
         <property name="katalonVersion" value="6.0.5.4"/>
         <property name="browser" value="Chrome 74.0.3729.169"/>
         <property name="hostAddress" value="192.168.1.12"/>
         <property name="sessionId" value="473c1ecf6a62aaa470b88755180ab065"/>
         <property name="seleniumVersion" value="3.7.1"/>
         <property name="proxyInformation" value="ProxyInformation{proxyOption=NO_PROXY, proxyServerType=HTTP, password=, proxyServerAddress=, proxyServerPort=0}"/>
         <property name="platform" value="Windows 10"/>
      </properties>
      <testcase name="Test Cases/LightPollutionReduction/TC_DeleteLPR" classname="Test Cases/LightPollutionReduction/TC_DeleteLPR" status="PASSED">
         <system-out><![CDATA[2019-05-30 09:36:00 - [TEST_CASE][PASSED] - Test Cases/LightPollutionReduction/TC_DeleteLPR: Test Cases/LightPollutionReduction/TC_DeleteLPR

2019-05-30 09:36:01 - [TEST_STEP][PASSED] - runWithCucumberRunner(lightPollutionReductionForm.Runner_DeleteLPR): Run with 'lightPollutionReductionForm.Runner_DeleteLPR' was passed

2019-05-30 09:36:02 - [TEST_CASE][PASSED] - Test Cases/LightPollutionReduction/TC_NavigateToLPR: Test Cases/LightPollutionReduction/TC_NavigateToLPR

2019-05-30 09:36:03 - [TEST_STEP][PASSED] - runWithCucumberRunner(lightPollutionReductionForm.Runner_NavigateToLPR): Run with 'lightPollutionReductionForm.Runner_NavigateToLPR' was passed

2019-05-30 09:36:04 - [TEST_CASE][PASSED] - Test Cases/Login/TC_Login: Test Cases/Login/TC_Login

2019-05-30 09:36:05 - [TEST_STEP][PASSED] - runWithCucumberRunner(common.Runner_Login): Run with 'common.Runner_Login' was passed

2019-05-30 09:36:05 - [MESSAGE][INFO] - Starting 'Chrome' driver

2019-05-30 09:36:05 - [MESSAGE][INFO] - User set preference: ['args', '[--window-size=1920,1080]']

2019-05-30 09:36:05 - [MESSAGE][INFO] - Action delay is set to 0 seconds

2019-05-30 09:36:09 - [MESSAGE][PASSED] - Browser is opened with url: ''

2019-05-30 09:36:12 - [MESSAGE][PASSED] - Navigate to 'https://leedonline-stg.usgbc.org' successfully

2019-05-30 09:36:14 - [MESSAGE][PASSED] - Delayed 2 second(s)

2019-05-30 09:36:15 - [MESSAGE][PASSED] - Text 'jaypeejay@hotmail.com' is set on object 'Object Repository/Login/input_username'

2019-05-30 09:36:15 - [MESSAGE][PASSED] - Text 'initpass' is set on object 'Object Repository/Login/input_password'

2019-05-30 09:36:18 - [MESSAGE][PASSED] - Delayed 3 second(s)

2019-05-30 09:36:18 - [MESSAGE][PASSED] - Scroll to object 'Object Repository/Login/span_End User License Agreement' successfully

2019-05-30 09:36:18 - [MESSAGE][PASSED] - Object 'Object Repository/Login/span_End User License Agreement' is visible

2019-05-30 09:36:18 - [MESSAGE][PASSED] - Object 'Object Repository/Login/span_End User License Agreement' is checked

2019-05-30 09:36:19 - [MESSAGE][PASSED] - Delayed 1 second(s)

2019-05-30 09:36:19 - [MESSAGE][PASSED] - Object: 'Object Repository/Login/button_Log In' is clicked on

2019-05-30 09:36:27 - [MESSAGE][PASSED] - Object: '' is clicked on

2019-05-30 09:36:29 - [MESSAGE][PASSED] - Object: 'Object Repository/Login/a_Credits' is clicked on

2019-05-30 09:36:29 - [MESSAGE][PASSED] - Run with 'common.Runner_Login' was passed

2019-05-30 09:36:29 - [MESSAGE][PASSED] - Call Test Case 'Test Cases/Login/TC_Login' successfully

2019-05-30 09:36:30 - [MESSAGE][PASSED] - Scroll to object 'Object Repository/LightPollutionReduction/div_Light Pollution Reduction' successfully

2019-05-30 09:36:30 - [MESSAGE][PASSED] - Object 'Object Repository/LightPollutionReduction/div_Light Pollution Reduction' is present

2019-05-30 09:36:30 - [MESSAGE][PASSED] - Text of object 'Object Repository/LightPollutionReduction/h3_Status' is: 'ATTEMPTED'

2019-05-30 09:36:30 - [MESSAGE][PASSED] - Text of object 'Object Repository/Page_LEED Online/div_Attempted Im still working Im done Withdraw Attempt Open to update' is: 'ATTEMPTED'

2019-05-30 09:36:30 - [MESSAGE][PASSED] - Object: 'Object Repository/LightPollutionReduction/div_Light Pollution Reduction' is clicked on

2019-05-30 09:36:34 - [MESSAGE][PASSED] - Object: 'Object Repository/LightPollutionReduction/span_(V01)' is clicked on

2019-05-30 09:36:34 - [MESSAGE][PASSED] - Object 'Object Repository/LightPollutionReduction/div_LPRForm' is present

2019-05-30 09:36:34 - [MESSAGE][PASSED] - Run with 'lightPollutionReductionForm.Runner_NavigateToLPR' was passed

2019-05-30 09:36:34 - [MESSAGE][PASSED] - Call Test Case 'Test Cases/LightPollutionReduction/TC_NavigateToLPR' successfully

2019-05-30 09:36:34 - [MESSAGE][PASSED] - Object: 'Object Repository/LightPollutionReduction/FixtureShielding/input_Select one of the following_selectedOption' is clicked on

2019-05-30 09:36:36 - [MESSAGE][PASSED] - Delayed 2 second(s)

2019-05-30 09:36:36 - [MESSAGE][PASSED] - Scroll to object 'Object Repository/LightPollutionReduction/FixtureShielding/Upload_shielding information/Table_shielding information' successfully

2019-05-30 09:36:36 - [MESSAGE][PASSED] - Object 'Object Repository/LightPollutionReduction/FixtureShielding/Upload_shielding information/Table_shielding information' is present

2019-05-30 09:36:37 - [MESSAGE][PASSED] - Scroll to object 'Object Repository/LightPollutionReduction/FixtureShielding/Upload_shielding information/p_Upload shielding information' successfully

2019-05-30 09:36:38 - [MESSAGE][PASSED] - Delayed 1 second(s)

2019-05-30 09:36:38 - [MESSAGE][PASSED] - Object: '' is clicked on

2019-05-30 09:36:40 - [MESSAGE][PASSED] - Delayed 2 second(s)

2019-05-30 09:36:40 - [MESSAGE][PASSED] - Object: 'Object Repository/LightPollutionReduction/FixtureShielding/button_Yes' is clicked on

2019-05-30 09:36:41 - [MESSAGE][PASSED] - Delayed 1 second(s)

2019-05-30 09:36:41 - [MESSAGE][PASSED] - Object: '' is clicked on

2019-05-30 09:36:43 - [MESSAGE][PASSED] - Delayed 2 second(s)

2019-05-30 09:36:44 - [MESSAGE][PASSED] - Object: 'Object Repository/LightPollutionReduction/FixtureShielding/button_Yes' is clicked on

2019-05-30 09:36:45 - [MESSAGE][PASSED] - Delayed 1 second(s)

2019-05-30 09:36:45 - [MESSAGE][PASSED] - Object: '' is clicked on

2019-05-30 09:36:47 - [MESSAGE][PASSED] - Delayed 2 second(s)

2019-05-30 09:36:47 - [MESSAGE][PASSED] - Object: 'Object Repository/LightPollutionReduction/FixtureShielding/button_Yes' is clicked on

2019-05-30 09:36:49 - [MESSAGE][PASSED] - Delayed 2 second(s)

2019-05-30 09:36:49 - [MESSAGE][PASSED] - Web element with id: 'Object Repository/LightPollutionReduction/FixtureShielding/Upload_shielding information/Table_shielding information' located by 'By.xpath: //*[@id="shieldingInfoUpload_files"]/table' is not present after '30' second(s)

2019-05-30 09:36:49 - [MESSAGE][PASSED] - Object 'Object Repository/LightPollutionReduction/FixtureShielding/Upload_siteplan/Table_siteplan' is present

2019-05-30 09:36:49 - [MESSAGE][PASSED] - Scroll to object 'Object Repository/LightPollutionReduction/FixtureShielding/Upload_siteplan/p_Upload a site plan with scal' successfully

2019-05-30 09:36:50 - [MESSAGE][PASSED] - Delayed 1 second(s)

2019-05-30 09:36:51 - [MESSAGE][PASSED] - Object: '' is clicked on

2019-05-30 09:36:53 - [MESSAGE][PASSED] - Delayed 2 second(s)

2019-05-30 09:36:53 - [MESSAGE][PASSED] - Object: 'Object Repository/LightPollutionReduction/FixtureShielding/button_Yes' is clicked on

2019-05-30 09:36:54 - [MESSAGE][PASSED] - Delayed 1 second(s)

2019-05-30 09:36:54 - [MESSAGE][PASSED] - Object: '' is clicked on

2019-05-30 09:36:56 - [MESSAGE][PASSED] - Delayed 2 second(s)

2019-05-30 09:36:56 - [MESSAGE][PASSED] - Object: 'Object Repository/LightPollutionReduction/FixtureShielding/button_Yes' is clicked on

2019-05-30 09:36:57 - [MESSAGE][PASSED] - Delayed 1 second(s)

2019-05-30 09:36:57 - [MESSAGE][PASSED] - Object: '' is clicked on

2019-05-30 09:36:59 - [MESSAGE][PASSED] - Delayed 2 second(s)

2019-05-30 09:37:00 - [MESSAGE][PASSED] - Object: 'Object Repository/LightPollutionReduction/FixtureShielding/button_Yes' is clicked on

2019-05-30 09:37:02 - [MESSAGE][PASSED] - Delayed 2 second(s)

2019-05-30 09:37:02 - [MESSAGE][PASSED] - Web element with id: 'Object Repository/LightPollutionReduction/FixtureShielding/Upload_siteplan/Table_siteplan' located by 'By.xpath: //*[@id="sitePlanUpload_files"]/table' is not present after '30' second(s)

2019-05-30 09:37:02 - [MESSAGE][PASSED] - Object 'Object Repository/LightPollutionReduction/FixtureShielding/Upload_SpecialCircumstances/Table_additionaldoc' is present

2019-05-30 09:37:02 - [MESSAGE][PASSED] - Scroll to object 'Object Repository/LightPollutionReduction/FixtureShielding/Upload_SpecialCircumstances/p_Upload any additional docume' successfully

2019-05-30 09:37:03 - [MESSAGE][PASSED] - Delayed 1 second(s)

2019-05-30 09:37:03 - [MESSAGE][PASSED] - Object: '' is clicked on

2019-05-30 09:37:05 - [MESSAGE][PASSED] - Delayed 2 second(s)

2019-05-30 09:37:05 - [MESSAGE][PASSED] - Object: 'Object Repository/LightPollutionReduction/FixtureShielding/button_Yes' is clicked on

2019-05-30 09:37:06 - [MESSAGE][PASSED] - Delayed 1 second(s)

2019-05-30 09:37:07 - [MESSAGE][PASSED] - Object: '' is clicked on

2019-05-30 09:37:09 - [MESSAGE][PASSED] - Delayed 2 second(s)

2019-05-30 09:37:09 - [MESSAGE][PASSED] - Object: 'Object Repository/LightPollutionReduction/FixtureShielding/button_Yes' is clicked on

2019-05-30 09:37:10 - [MESSAGE][PASSED] - Delayed 1 second(s)

2019-05-30 09:37:10 - [MESSAGE][PASSED] - Object: '' is clicked on

2019-05-30 09:37:12 - [MESSAGE][PASSED] - Delayed 2 second(s)

2019-05-30 09:37:12 - [MESSAGE][PASSED] - Object: 'Object Repository/LightPollutionReduction/FixtureShielding/button_Yes' is clicked on

2019-05-30 09:37:14 - [MESSAGE][PASSED] - Delayed 2 second(s)

2019-05-30 09:37:14 - [MESSAGE][PASSED] - Web element with id: 'Object Repository/LightPollutionReduction/FixtureShielding/Upload_SpecialCircumstances/Table_additionaldoc' located by 'By.xpath: //*[@id="splCircumstancesDocs_files"]/table' is not present after '30' second(s)

2019-05-30 09:37:16 - [MESSAGE][PASSED] - Delayed 2 second(s)

2019-05-30 09:37:16 - [MESSAGE][PASSED] - Object: 'Object Repository/LightPollutionReduction/FixtureShielding/a_Clear draft' is clicked on

2019-05-30 09:37:17 - [MESSAGE][PASSED] - Object: 'Object Repository/LightPollutionReduction/FixtureShielding/button_Yes' is clicked on

2019-05-30 09:37:17 - [MESSAGE][PASSED] - Run with 'lightPollutionReductionForm.Runner_DeleteLPR' was passed]]></system-out>
         <system-err><![CDATA[]]></system-err>
      </testcase>
      <system-out><![CDATA[2019-05-30 09:36:00 - [TEST_SUITE][PASSED] - SmokeTest: Test Cases/LightPollutionReduction/TC_DeleteLPR]]></system-out>
      <system-err><![CDATA[]]></system-err>
   </testsuite>
</testsuites>
