<?xml version="1.0" encoding="UTF-8"?>
<testsuites name="SmokeTest" time="80" tests="1" failures="0" errors="0">
   <testsuite name="SmokeTest" tests="1" failures="0" errors="0" time="80" timestamp="2019-05-30 09:38:41" hostname="Promantus Inc - G10PROLT021" id="Test Suites/SmokeTest">
      <properties>
         <property name="deviceName" value=""/>
         <property name="devicePlatform" value=""/>
         <property name="logFolder" value="C:\\Users\\Promantus Inc\\Katalon Studio\\Usgbc_LeedOnline_ScoreCard\\Reports\\SmokeTest\\20190530_093833"/>
         <property name="logFiles" value="C:\\Users\\Promantus Inc\\Katalon Studio\\Usgbc_LeedOnline_ScoreCard\\Reports\\SmokeTest\\20190530_093833\\execution0.log"/>
         <property name="attachments" value=""/>
         <property name="hostName" value="Promantus Inc - G10PROLT021"/>
         <property name="os" value="Windows 10 64bit"/>
         <property name="katalonVersion" value="6.0.5.4"/>
         <property name="browser" value="Chrome 74.0.3729.169"/>
         <property name="hostAddress" value="192.168.1.12"/>
         <property name="sessionId" value="377a3b2e03f873ea28fc2ad616856fd0"/>
         <property name="seleniumVersion" value="3.7.1"/>
         <property name="proxyInformation" value="ProxyInformation{proxyOption=NO_PROXY, proxyServerType=HTTP, password=, proxyServerAddress=, proxyServerPort=0}"/>
         <property name="platform" value="Windows 10"/>
      </properties>
      <testcase name="Test Cases/LightPollutionReduction/TC_NegativeCasesLPR" classname="Test Cases/LightPollutionReduction/TC_NegativeCasesLPR" status="PASSED">
         <system-out><![CDATA[2019-05-30 09:38:41 - [TEST_CASE][PASSED] - Test Cases/LightPollutionReduction/TC_NegativeCasesLPR: Test Cases/LightPollutionReduction/TC_NegativeCasesLPR

2019-05-30 09:38:42 - [TEST_STEP][PASSED] - runWithCucumberRunner(lightPollutionReductionForm.Runner_NegativeCasesLPR): Run with 'lightPollutionReductionForm.Runner_NegativeCasesLPR' was passed

2019-05-30 09:38:43 - [TEST_CASE][PASSED] - Test Cases/LightPollutionReduction/TC_NavigateToLPR: Test Cases/LightPollutionReduction/TC_NavigateToLPR

2019-05-30 09:38:44 - [TEST_STEP][PASSED] - runWithCucumberRunner(lightPollutionReductionForm.Runner_NavigateToLPR): Run with 'lightPollutionReductionForm.Runner_NavigateToLPR' was passed

2019-05-30 09:38:45 - [TEST_CASE][PASSED] - Test Cases/Login/TC_Login: Test Cases/Login/TC_Login

2019-05-30 09:38:46 - [TEST_STEP][PASSED] - runWithCucumberRunner(common.Runner_Login): Run with 'common.Runner_Login' was passed

2019-05-30 09:38:46 - [MESSAGE][INFO] - Starting 'Chrome' driver

2019-05-30 09:38:46 - [MESSAGE][INFO] - User set preference: ['args', '[--window-size=1920,1080]']

2019-05-30 09:38:46 - [MESSAGE][INFO] - Action delay is set to 0 seconds

2019-05-30 09:38:50 - [MESSAGE][PASSED] - Browser is opened with url: ''

2019-05-30 09:38:55 - [MESSAGE][PASSED] - Navigate to 'https://leedonline-stg.usgbc.org' successfully

2019-05-30 09:38:57 - [MESSAGE][PASSED] - Delayed 2 second(s)

2019-05-30 09:38:57 - [MESSAGE][PASSED] - Text 'jaypeejay@hotmail.com' is set on object 'Object Repository/Login/input_username'

2019-05-30 09:38:57 - [MESSAGE][PASSED] - Text 'initpass' is set on object 'Object Repository/Login/input_password'

2019-05-30 09:39:00 - [MESSAGE][PASSED] - Delayed 3 second(s)

2019-05-30 09:39:00 - [MESSAGE][PASSED] - Scroll to object 'Object Repository/Login/span_End User License Agreement' successfully

2019-05-30 09:39:00 - [MESSAGE][PASSED] - Object 'Object Repository/Login/span_End User License Agreement' is visible

2019-05-30 09:39:01 - [MESSAGE][PASSED] - Object 'Object Repository/Login/span_End User License Agreement' is checked

2019-05-30 09:39:02 - [MESSAGE][PASSED] - Delayed 1 second(s)

2019-05-30 09:39:02 - [MESSAGE][PASSED] - Object: 'Object Repository/Login/button_Log In' is clicked on

2019-05-30 09:39:10 - [MESSAGE][PASSED] - Object: '' is clicked on

2019-05-30 09:39:13 - [MESSAGE][PASSED] - Object: 'Object Repository/Login/a_Credits' is clicked on

2019-05-30 09:39:14 - [MESSAGE][PASSED] - Run with 'common.Runner_Login' was passed

2019-05-30 09:39:14 - [MESSAGE][PASSED] - Call Test Case 'Test Cases/Login/TC_Login' successfully

2019-05-30 09:39:14 - [MESSAGE][PASSED] - Scroll to object 'Object Repository/LightPollutionReduction/div_Light Pollution Reduction' successfully

2019-05-30 09:39:14 - [MESSAGE][PASSED] - Object 'Object Repository/LightPollutionReduction/div_Light Pollution Reduction' is present

2019-05-30 09:39:14 - [MESSAGE][PASSED] - Text of object 'Object Repository/LightPollutionReduction/h3_Status' is: 'ATTEMPTED'

2019-05-30 09:39:14 - [MESSAGE][PASSED] - Text of object 'Object Repository/Page_LEED Online/div_Attempted Im still working Im done Withdraw Attempt Open to update' is: 'ATTEMPTED'

2019-05-30 09:39:14 - [MESSAGE][PASSED] - Object: 'Object Repository/LightPollutionReduction/div_Light Pollution Reduction' is clicked on

2019-05-30 09:39:22 - [MESSAGE][PASSED] - Object: 'Object Repository/LightPollutionReduction/span_(V01)' is clicked on

2019-05-30 09:39:22 - [MESSAGE][PASSED] - Object 'Object Repository/LightPollutionReduction/div_LPRForm' is present

2019-05-30 09:39:22 - [MESSAGE][PASSED] - Run with 'lightPollutionReductionForm.Runner_NavigateToLPR' was passed

2019-05-30 09:39:22 - [MESSAGE][PASSED] - Call Test Case 'Test Cases/LightPollutionReduction/TC_NavigateToLPR' successfully

2019-05-30 09:39:22 - [MESSAGE][PASSED] - Object: 'Object Repository/LightPollutionReduction/FixtureShielding/input_Select one of the following_selectedOption' is clicked on

2019-05-30 09:39:25 - [MESSAGE][PASSED] - Delayed 2 second(s)

2019-05-30 09:39:25 - [MESSAGE][PASSED] - Scroll to object 'Object Repository/LightPollutionReduction/FixtureShielding/Saveform/btn_Save' successfully

2019-05-30 09:39:25 - [MESSAGE][PASSED] - Object: 'Object Repository/LightPollutionReduction/FixtureShielding/Saveform/btn_Save' is clicked on

2019-05-30 09:39:27 - [MESSAGE][PASSED] - Delayed 2 second(s)

2019-05-30 09:39:27 - [MESSAGE][PASSED] - Text 'Please fix the highlighted errors.' is present on page 

2019-05-30 09:39:29 - [MESSAGE][PASSED] - Delayed 2 second(s)

2019-05-30 09:39:29 - [MESSAGE][PASSED] - Object 'Object Repository/LightPollutionReduction/FixtureShielding/Upload_shielding information/p_Upload shielding information' is present

2019-05-30 09:39:29 - [MESSAGE][PASSED] - Scroll to object 'Object Repository/LightPollutionReduction/FixtureShielding/Upload_shielding information/p_Upload shielding information' successfully

2019-05-30 09:39:29 - [MESSAGE][PASSED] - Scroll to object 'Object Repository/LightPollutionReduction/FixtureShielding/Upload_shielding information/p_Upload shielding information' successfully

2019-05-30 09:39:30 - [MESSAGE][PASSED] - File 'C:/Users/Promantus Inc/Katalon Studio/Usgbc_LeedOnline_ScoreCard/Include/TestData/NegativeTestFiles/102MBfile.pdf' sent to object: 'Object Repository/LightPollutionReduction/FixtureShielding/Upload_shielding information/Addfile_shielding information/input_file'

2019-05-30 09:39:32 - [MESSAGE][PASSED] - Delayed 2 second(s)

2019-05-30 09:39:32 - [MESSAGE][PASSED] - Text 'Maximum allowed file size is 100 MB only.' is present on page 

2019-05-30 09:39:32 - [MESSAGE][PASSED] - Object 'Object Repository/LightPollutionReduction/FixtureShielding/Upload_shielding information/p_Upload shielding information' is present

2019-05-30 09:39:32 - [MESSAGE][PASSED] - Scroll to object 'Object Repository/LightPollutionReduction/FixtureShielding/Upload_shielding information/p_Upload shielding information' successfully

2019-05-30 09:39:34 - [MESSAGE][PASSED] - Delayed 2 second(s)

2019-05-30 09:39:34 - [MESSAGE][PASSED] - File 'C:/Users/Promantus Inc/Katalon Studio/Usgbc_LeedOnline_ScoreCard/Include/TestData/NegativeTestFiles/24MBfile.doc' sent to object: 'Object Repository/LightPollutionReduction/FixtureShielding/Upload_shielding information/Addfile_shielding information/input_file'

2019-05-30 09:39:34 - [MESSAGE][PASSED] - Scroll to object 'Object Repository/LightPollutionReduction/FixtureShielding/Saveform/btn_Save' successfully

2019-05-30 09:39:34 - [MESSAGE][PASSED] - Object: 'Object Repository/LightPollutionReduction/FixtureShielding/Saveform/btn_Save' is clicked on

2019-05-30 09:39:36 - [MESSAGE][PASSED] - Delayed 2 second(s)

2019-05-30 09:39:36 - [MESSAGE][PASSED] - Text 'Please wait running actions to complete.' is present on page 

2019-05-30 09:39:38 - [MESSAGE][PASSED] - Delayed 2 second(s)

2019-05-30 09:39:38 - [MESSAGE][PASSED] - Object 'Object Repository/LightPollutionReduction/FixtureShielding/Upload_siteplan/p_Upload a site plan with scal' is present

2019-05-30 09:39:39 - [MESSAGE][PASSED] - Scroll to object 'Object Repository/LightPollutionReduction/FixtureShielding/Upload_siteplan/p_Upload a site plan with scal' successfully

2019-05-30 09:39:39 - [MESSAGE][PASSED] - Scroll to object 'Object Repository/LightPollutionReduction/FixtureShielding/Upload_siteplan/p_Upload a site plan with scal' successfully

2019-05-30 09:39:39 - [MESSAGE][PASSED] - File 'C:/Users/Promantus Inc/Katalon Studio/Usgbc_LeedOnline_ScoreCard/Include/TestData/NegativeTestFiles/102MBfile.pdf' sent to object: 'Object Repository/LightPollutionReduction/FixtureShielding/Upload_siteplan/Addfile_siteplan/input_siteplan'

2019-05-30 09:39:41 - [MESSAGE][PASSED] - Delayed 2 second(s)

2019-05-30 09:39:41 - [MESSAGE][PASSED] - Text 'Maximum allowed file size is 100 MB only.' is present on page 

2019-05-30 09:39:41 - [MESSAGE][PASSED] - Object 'Object Repository/LightPollutionReduction/FixtureShielding/Upload_siteplan/p_Upload a site plan with scal' is present

2019-05-30 09:39:41 - [MESSAGE][PASSED] - Scroll to object 'Object Repository/LightPollutionReduction/FixtureShielding/Upload_siteplan/p_Upload a site plan with scal' successfully

2019-05-30 09:39:43 - [MESSAGE][PASSED] - Delayed 2 second(s)

2019-05-30 09:39:43 - [MESSAGE][PASSED] - File 'C:/Users/Promantus Inc/Katalon Studio/Usgbc_LeedOnline_ScoreCard/Include/TestData/NegativeTestFiles/24MBfile.doc' sent to object: 'Object Repository/LightPollutionReduction/FixtureShielding/Upload_siteplan/Addfile_siteplan/input_siteplan'

2019-05-30 09:39:43 - [MESSAGE][PASSED] - Scroll to object 'Object Repository/LightPollutionReduction/FixtureShielding/Saveform/btn_Save' successfully

2019-05-30 09:39:43 - [MESSAGE][PASSED] - Object: 'Object Repository/LightPollutionReduction/FixtureShielding/Saveform/btn_Save' is clicked on

2019-05-30 09:39:45 - [MESSAGE][PASSED] - Delayed 2 second(s)

2019-05-30 09:39:45 - [MESSAGE][PASSED] - Text 'Please wait running actions to complete.' is present on page 

2019-05-30 09:39:47 - [MESSAGE][PASSED] - Delayed 2 second(s)

2019-05-30 09:39:48 - [MESSAGE][PASSED] - Object 'Object Repository/LightPollutionReduction/FixtureShielding/Upload_SpecialCircumstances/p_Upload any additional docume' is present

2019-05-30 09:39:48 - [MESSAGE][PASSED] - Scroll to object 'Object Repository/LightPollutionReduction/FixtureShielding/Upload_SpecialCircumstances/p_Upload any additional docume' successfully

2019-05-30 09:39:48 - [MESSAGE][PASSED] - Scroll to object 'Object Repository/LightPollutionReduction/FixtureShielding/Upload_SpecialCircumstances/p_Upload any additional docume' successfully

2019-05-30 09:39:48 - [MESSAGE][PASSED] - File 'C:/Users/Promantus Inc/Katalon Studio/Usgbc_LeedOnline_ScoreCard/Include/TestData/NegativeTestFiles/102MBfile.pdf' sent to object: 'Object Repository/LightPollutionReduction/FixtureShielding/Upload_SpecialCircumstances/Addfile_SpecialCicumstances/input_additional'

2019-05-30 09:39:50 - [MESSAGE][PASSED] - Delayed 2 second(s)

2019-05-30 09:39:50 - [MESSAGE][PASSED] - Text 'Maximum allowed file size is 100 MB only.' is present on page 

2019-05-30 09:39:50 - [MESSAGE][PASSED] - Object 'Object Repository/LightPollutionReduction/FixtureShielding/Upload_SpecialCircumstances/p_Upload any additional docume' is present

2019-05-30 09:39:50 - [MESSAGE][PASSED] - Scroll to object 'Object Repository/LightPollutionReduction/FixtureShielding/Upload_SpecialCircumstances/p_Upload any additional docume' successfully

2019-05-30 09:39:52 - [MESSAGE][PASSED] - Delayed 2 second(s)

2019-05-30 09:39:52 - [MESSAGE][PASSED] - File 'C:/Users/Promantus Inc/Katalon Studio/Usgbc_LeedOnline_ScoreCard/Include/TestData/NegativeTestFiles/24MBfile.doc' sent to object: 'Object Repository/LightPollutionReduction/FixtureShielding/Upload_SpecialCircumstances/Addfile_SpecialCicumstances/input_additional'

2019-05-30 09:39:52 - [MESSAGE][PASSED] - Scroll to object 'Object Repository/LightPollutionReduction/FixtureShielding/Saveform/btn_Save' successfully

2019-05-30 09:39:53 - [MESSAGE][PASSED] - Object: 'Object Repository/LightPollutionReduction/FixtureShielding/Saveform/btn_Save' is clicked on

2019-05-30 09:39:55 - [MESSAGE][PASSED] - Delayed 2 second(s)

2019-05-30 09:39:55 - [MESSAGE][PASSED] - Text 'Please wait running actions to complete.' is present on page 

2019-05-30 09:39:57 - [MESSAGE][PASSED] - Delayed 2 second(s)

2019-05-30 09:39:58 - [MESSAGE][PASSED] - Delayed 1 second(s)

2019-05-30 09:39:58 - [MESSAGE][PASSED] - Object: 'Object Repository/LightPollutionReduction/FixtureShielding/a_Clear draft' is clicked on

2019-05-30 09:39:58 - [MESSAGE][PASSED] - Object: 'Object Repository/LightPollutionReduction/FixtureShielding/button_Yes' is clicked on

2019-05-30 09:40:00 - [MESSAGE][PASSED] - Delayed 2 second(s)

2019-05-30 09:40:00 - [MESSAGE][PASSED] - Run with 'lightPollutionReductionForm.Runner_NegativeCasesLPR' was passed]]></system-out>
         <system-err><![CDATA[]]></system-err>
      </testcase>
      <system-out><![CDATA[2019-05-30 09:38:41 - [TEST_SUITE][PASSED] - SmokeTest: Test Cases/LightPollutionReduction/TC_NegativeCasesLPR]]></system-out>
      <system-err><![CDATA[]]></system-err>
   </testsuite>
</testsuites>
