<?xml version="1.0" encoding="UTF-8"?>
<testsuites name="GCP_SmokeTest" time="1628" tests="6" failures="5" errors="0">
   <testsuite name="GCP_SmokeTest" tests="6" failures="5" errors="0" time="1628" timestamp="2019-06-06 18:08:39" hostname="promantus inc - G10PROLT025" id="Test Suites/GCP_SmokeTest">
      <properties>
         <property name="deviceName" value=""/>
         <property name="devicePlatform" value=""/>
         <property name="logFolder" value="H:\\Git Projects\\Usgbc_LeedOnline_ScoreCard\\Usgbc_LeedOnline_ScoreCard\\Reports\\GCP_SmokeTest\\20190606_180831"/>
         <property name="logFiles" value="H:\\Git Projects\\Usgbc_LeedOnline_ScoreCard\\Usgbc_LeedOnline_ScoreCard\\Reports\\GCP_SmokeTest\\20190606_180831\\execution0.log"/>
         <property name="attachments" value="H:\\Git Projects\\Usgbc_LeedOnline_ScoreCard\\Usgbc_LeedOnline_ScoreCard\\Reports\\GCP_SmokeTest\\20190606_180831\\1559825733803.png, H:\\Git Projects\\Usgbc_LeedOnline_ScoreCard\\Usgbc_LeedOnline_ScoreCard\\Reports\\GCP_SmokeTest\\20190606_180831\\1559825765509.png, H:\\Git Projects\\Usgbc_LeedOnline_ScoreCard\\Usgbc_LeedOnline_ScoreCard\\Reports\\GCP_SmokeTest\\20190606_180831\\1559826116122.png, H:\\Git Projects\\Usgbc_LeedOnline_ScoreCard\\Usgbc_LeedOnline_ScoreCard\\Reports\\GCP_SmokeTest\\20190606_180831\\1559826262421.png, H:\\Git Projects\\Usgbc_LeedOnline_ScoreCard\\Usgbc_LeedOnline_ScoreCard\\Reports\\GCP_SmokeTest\\20190606_180831\\1559826265811.png"/>
         <property name="hostName" value="promantus inc - G10PROLT025"/>
         <property name="os" value="Windows 10 64bit"/>
         <property name="katalonVersion" value="6.1.3.3"/>
         <property name="browser" value="Chrome 74.0.3729.169"/>
         <property name="hostAddress" value="192.168.232.1"/>
         <property name="sessionId" value="8e369f9e38aa2bf9bb7e283fda6e6188"/>
         <property name="seleniumVersion" value="3.7.1"/>
         <property name="proxyInformation" value="ProxyInformation{proxyOption=NO_PROXY, proxyServerType=HTTP, password=, proxyServerAddress=, proxyServerPort=0}"/>
         <property name="platform" value="Windows 10"/>
      </properties>
      <testcase name="Test Cases/GreenCleaningPolicy/TC_GCP_In-house" classname="Test Cases/GreenCleaningPolicy/TC_GCP_In-house" status="FAILED">
         <failure type="FAILED" message="Test Cases/GreenCleaningPolicy/TC_GCP_In-house FAILED.
Reason:
com.kms.katalon.core.exception.StepFailedException: These following reason:
 [no such element: Unable to locate element: {&quot;method&quot;:&quot;xpath&quot;,&quot;selector&quot;:&quot;//*[@id=&quot;greenCleaningPolicyDocs_files&quot;]/table[@class=&quot;ui collapsing celled table unstackable&quot;]/tbody&quot;}
  (Session info: chrome=74.0.3729.169)
  (Driver info: chromedriver=74.0.3729.6 (255758eccf3d244491b8a1317aa76e1ce10d57e9-refs/branch-heads/3729@{#29}),platform=Windows NT 10.0.17134 x86_64) (WARNING: The server did not provide any stacktrace information)
Command duration or timeout: 0 milliseconds
For documentation on this error, please visit: http://seleniumhq.org/exceptions/no_such_element.html
Build info: version: '3.7.1', revision: '8a0099a', time: '2017-11-06T21:07:36.161Z'
System info: host: 'G10PROLT025', ip: '192.168.232.1', os.name: 'Windows 10', os.arch: 'amd64', os.version: '10.0', java.version: '1.8.0_181'
Driver info: com.kms.katalon.selenium.driver.CChromeDriver
Capabilities {acceptInsecureCerts: false, acceptSslCerts: false, applicationCacheEnabled: false, browserConnectionEnabled: false, browserName: chrome, chrome: {chromedriverVersion: 74.0.3729.6 (255758eccf3d24..., userDataDir: C:\Users\PROMAN~1\AppData\L...}, cssSelectorsEnabled: true, databaseEnabled: false, goog:chromeOptions: {debuggerAddress: localhost:55516}, handlesAlerts: true, hasTouchScreen: false, javascriptEnabled: true, locationContextEnabled: true, mobileEmulationEnabled: false, nativeEvents: true, networkConnectionEnabled: false, pageLoadStrategy: normal, platform: XP, platformName: XP, proxy: Proxy(direct), rotatable: false, setWindowRect: true, strictFileInteractability: false, takesHeapSnapshot: true, takesScreenshot: true, timeouts: {implicit: 0, pageLoad: 300000, script: 30000}, unexpectedAlertBehaviour: ignore, unhandledPromptBehavior: ignore, version: 74.0.3729.169, webStorageEnabled: true}
Session ID: 95ba9aa4fda9b62a5c9585877c2ea18b
*** Element info: {Using=xpath, value=//*[@id=&quot;greenCleaningPolicyDocs_files&quot;]/table[@class=&quot;ui collapsing celled table unstackable&quot;]/tbody}]
	at com.kms.katalon.core.keyword.internal.KeywordMain.stepFailed(KeywordMain.groovy:48)
	at com.kms.katalon.core.keyword.internal.KeywordMain.stepFailed(KeywordMain.groovy)
	at com.kms.katalon.core.keyword.internal.KeywordMain.stepFailed(KeywordMain.groovy:21)
	at com.kms.katalon.core.keyword.internal.KeywordMain$stepFailed$0.call(Unknown Source)
	at com.kms.katalon.core.cucumber.keyword.CucumberBuiltinKeywords$_runWithCucumberRunner_closure3.doCall(CucumberBuiltinKeywords.groovy:272)
	at com.kms.katalon.core.cucumber.keyword.CucumberBuiltinKeywords$_runWithCucumberRunner_closure3.doCall(CucumberBuiltinKeywords.groovy)
	at com.kms.katalon.core.keyword.internal.KeywordMain.runKeyword(KeywordMain.groovy:66)
	at com.kms.katalon.core.keyword.internal.KeywordMain$runKeyword.call(Unknown Source)
	at com.kms.katalon.core.cucumber.keyword.CucumberBuiltinKeywords.runWithCucumberRunner(CucumberBuiltinKeywords.groovy:257)
	at com.kms.katalon.core.cucumber.keyword.CucumberBuiltinKeywords$runWithCucumberRunner$0.callStatic(Unknown Source)
	at com.kms.katalon.core.cucumber.keyword.CucumberBuiltinKeywords.runWithCucumberRunner(CucumberBuiltinKeywords.groovy:357)
	at com.kms.katalon.core.cucumber.keyword.CucumberBuiltinKeywords$runWithCucumberRunner.call(Unknown Source)
	at TC_GCP_In-house.run(TC_GCP_In-house:18)
	at com.kms.katalon.core.main.ScriptEngine.run(ScriptEngine.java:194)
	at com.kms.katalon.core.main.ScriptEngine.runScriptAsRawText(ScriptEngine.java:119)
	at com.kms.katalon.core.main.TestCaseExecutor.runScript(TestCaseExecutor.java:336)
	at com.kms.katalon.core.main.TestCaseExecutor.doExecute(TestCaseExecutor.java:327)
	at com.kms.katalon.core.main.TestCaseExecutor.processExecutionPhase(TestCaseExecutor.java:306)
	at com.kms.katalon.core.main.TestCaseExecutor.accessMainPhase(TestCaseExecutor.java:298)
	at com.kms.katalon.core.main.TestCaseExecutor.execute(TestCaseExecutor.java:232)
	at com.kms.katalon.core.main.TestSuiteExecutor.accessTestCaseMainPhase(TestSuiteExecutor.java:129)
	at com.kms.katalon.core.main.TestSuiteExecutor.accessTestSuiteMainPhase(TestSuiteExecutor.java:112)
	at com.kms.katalon.core.main.TestSuiteExecutor.execute(TestSuiteExecutor.java:81)
	at com.kms.katalon.core.main.TestCaseMain.startTestSuite(TestCaseMain.java:157)
	at com.kms.katalon.core.main.TestCaseMain$startTestSuite$0.call(Unknown Source)
	at TempTestSuite1559824711522.run(TempTestSuite1559824711522.groovy:35)
"/>
         <system-out><![CDATA[2019-06-06 18:08:39 - [TEST_CASE][FAILED] - Test Cases/GreenCleaningPolicy/TC_GCP_In-house: Test Cases/GreenCleaningPolicy/TC_GCP_In-house FAILED.
Reason:
com.kms.katalon.core.exception.StepFailedException: These following reason:
 [no such element: Unable to locate element: {"method":"xpath","selector":"//*[@id="greenCleaningPolicyDocs_files"]/table[@class="ui collapsing celled table unstackable"]/tbody"}
  (Session info: chrome=74.0.3729.169)
  (Driver info: chromedriver=74.0.3729.6 (255758eccf3d244491b8a1317aa76e1ce10d57e9-refs/branch-heads/3729@{#29}),platform=Windows NT 10.0.17134 x86_64) (WARNING: The server did not provide any stacktrace information)
Command duration or timeout: 0 milliseconds
For documentation on this error, please visit: http://seleniumhq.org/exceptions/no_such_element.html
Build info: version: '3.7.1', revision: '8a0099a', time: '2017-11-06T21:07:36.161Z'
System info: host: 'G10PROLT025', ip: '192.168.232.1', os.name: 'Windows 10', os.arch: 'amd64', os.version: '10.0', java.version: '1.8.0_181'
Driver info: com.kms.katalon.selenium.driver.CChromeDriver
Capabilities {acceptInsecureCerts: false, acceptSslCerts: false, applicationCacheEnabled: false, browserConnectionEnabled: false, browserName: chrome, chrome: {chromedriverVersion: 74.0.3729.6 (255758eccf3d24..., userDataDir: C:\Users\PROMAN~1\AppData\L...}, cssSelectorsEnabled: true, databaseEnabled: false, goog:chromeOptions: {debuggerAddress: localhost:55516}, handlesAlerts: true, hasTouchScreen: false, javascriptEnabled: true, locationContextEnabled: true, mobileEmulationEnabled: false, nativeEvents: true, networkConnectionEnabled: false, pageLoadStrategy: normal, platform: XP, platformName: XP, proxy: Proxy(direct), rotatable: false, setWindowRect: true, strictFileInteractability: false, takesHeapSnapshot: true, takesScreenshot: true, timeouts: {implicit: 0, pageLoad: 300000, script: 30000}, unexpectedAlertBehaviour: ignore, unhandledPromptBehavior: ignore, version: 74.0.3729.169, webStorageEnabled: true}
Session ID: 95ba9aa4fda9b62a5c9585877c2ea18b
*** Element info: {Using=xpath, value=//*[@id="greenCleaningPolicyDocs_files"]/table[@class="ui collapsing celled table unstackable"]/tbody}]
	at com.kms.katalon.core.keyword.internal.KeywordMain.stepFailed(KeywordMain.groovy:48)
	at com.kms.katalon.core.keyword.internal.KeywordMain.stepFailed(KeywordMain.groovy)
	at com.kms.katalon.core.keyword.internal.KeywordMain.stepFailed(KeywordMain.groovy:21)
	at com.kms.katalon.core.keyword.internal.KeywordMain$stepFailed$0.call(Unknown Source)
	at com.kms.katalon.core.cucumber.keyword.CucumberBuiltinKeywords$_runWithCucumberRunner_closure3.doCall(CucumberBuiltinKeywords.groovy:272)
	at com.kms.katalon.core.cucumber.keyword.CucumberBuiltinKeywords$_runWithCucumberRunner_closure3.doCall(CucumberBuiltinKeywords.groovy)
	at com.kms.katalon.core.keyword.internal.KeywordMain.runKeyword(KeywordMain.groovy:66)
	at com.kms.katalon.core.keyword.internal.KeywordMain$runKeyword.call(Unknown Source)
	at com.kms.katalon.core.cucumber.keyword.CucumberBuiltinKeywords.runWithCucumberRunner(CucumberBuiltinKeywords.groovy:257)
	at com.kms.katalon.core.cucumber.keyword.CucumberBuiltinKeywords$runWithCucumberRunner$0.callStatic(Unknown Source)
	at com.kms.katalon.core.cucumber.keyword.CucumberBuiltinKeywords.runWithCucumberRunner(CucumberBuiltinKeywords.groovy:357)
	at com.kms.katalon.core.cucumber.keyword.CucumberBuiltinKeywords$runWithCucumberRunner.call(Unknown Source)
	at TC_GCP_In-house.run(TC_GCP_In-house:18)
	at com.kms.katalon.core.main.ScriptEngine.run(ScriptEngine.java:194)
	at com.kms.katalon.core.main.ScriptEngine.runScriptAsRawText(ScriptEngine.java:119)
	at com.kms.katalon.core.main.TestCaseExecutor.runScript(TestCaseExecutor.java:336)
	at com.kms.katalon.core.main.TestCaseExecutor.doExecute(TestCaseExecutor.java:327)
	at com.kms.katalon.core.main.TestCaseExecutor.processExecutionPhase(TestCaseExecutor.java:306)
	at com.kms.katalon.core.main.TestCaseExecutor.accessMainPhase(TestCaseExecutor.java:298)
	at com.kms.katalon.core.main.TestCaseExecutor.execute(TestCaseExecutor.java:232)
	at com.kms.katalon.core.main.TestSuiteExecutor.accessTestCaseMainPhase(TestSuiteExecutor.java:129)
	at com.kms.katalon.core.main.TestSuiteExecutor.accessTestSuiteMainPhase(TestSuiteExecutor.java:112)
	at com.kms.katalon.core.main.TestSuiteExecutor.execute(TestSuiteExecutor.java:81)
	at com.kms.katalon.core.main.TestCaseMain.startTestSuite(TestCaseMain.java:157)
	at com.kms.katalon.core.main.TestCaseMain$startTestSuite$0.call(Unknown Source)
	at TempTestSuite1559824711522.run(TempTestSuite1559824711522.groovy:35)


2019-06-06 18:08:40 - [TEST_STEP][FAILED] - runWithCucumberRunner(greenCleaningPolicyForm.Runner_In_house): Keyword runWithCucumberRunner was failed (Root cause: com.kms.katalon.core.exception.StepFailedException: These following reason:
 [no such element: Unable to locate element: {"method":"xpath","selector":"//*[@id="greenCleaningPolicyDocs_files"]/table[@class="ui collapsing celled table unstackable"]/tbody"}
  (Session info: chrome=74.0.3729.169)
  (Driver info: chromedriver=74.0.3729.6 (255758eccf3d244491b8a1317aa76e1ce10d57e9-refs/branch-heads/3729@{#29}),platform=Windows NT 10.0.17134 x86_64) (WARNING: The server did not provide any stacktrace information)
Command duration or timeout: 0 milliseconds
For documentation on this error, please visit: http://seleniumhq.org/exceptions/no_such_element.html
Build info: version: '3.7.1', revision: '8a0099a', time: '2017-11-06T21:07:36.161Z'
System info: host: 'G10PROLT025', ip: '192.168.232.1', os.name: 'Windows 10', os.arch: 'amd64', os.version: '10.0', java.version: '1.8.0_181'
Driver info: com.kms.katalon.selenium.driver.CChromeDriver
Capabilities {acceptInsecureCerts: false, acceptSslCerts: false, applicationCacheEnabled: false, browserConnectionEnabled: false, browserName: chrome, chrome: {chromedriverVersion: 74.0.3729.6 (255758eccf3d24..., userDataDir: C:\Users\PROMAN~1\AppData\L...}, cssSelectorsEnabled: true, databaseEnabled: false, goog:chromeOptions: {debuggerAddress: localhost:55516}, handlesAlerts: true, hasTouchScreen: false, javascriptEnabled: true, locationContextEnabled: true, mobileEmulationEnabled: false, nativeEvents: true, networkConnectionEnabled: false, pageLoadStrategy: normal, platform: XP, platformName: XP, proxy: Proxy(direct), rotatable: false, setWindowRect: true, strictFileInteractability: false, takesHeapSnapshot: true, takesScreenshot: true, timeouts: {implicit: 0, pageLoad: 300000, script: 30000}, unexpectedAlertBehaviour: ignore, unhandledPromptBehavior: ignore, version: 74.0.3729.169, webStorageEnabled: true}
Session ID: 95ba9aa4fda9b62a5c9585877c2ea18b
*** Element info: {Using=xpath, value=//*[@id="greenCleaningPolicyDocs_files"]/table[@class="ui collapsing celled table unstackable"]/tbody}]
	at com.kms.katalon.core.keyword.internal.KeywordMain.stepFailed(KeywordMain.groovy:48)
	at com.kms.katalon.core.keyword.internal.KeywordMain.stepFailed(KeywordMain.groovy)
	at com.kms.katalon.core.keyword.internal.KeywordMain.stepFailed(KeywordMain.groovy:21)
	at com.kms.katalon.core.keyword.internal.KeywordMain$stepFailed$0.call(Unknown Source)
	at com.kms.katalon.core.cucumber.keyword.CucumberBuiltinKeywords$_runWithCucumberRunner_closure3.doCall(CucumberBuiltinKeywords.groovy:272)
	at com.kms.katalon.core.cucumber.keyword.CucumberBuiltinKeywords$_runWithCucumberRunner_closure3.doCall(CucumberBuiltinKeywords.groovy)
	at com.kms.katalon.core.keyword.internal.KeywordMain.runKeyword(KeywordMain.groovy:66)
	at com.kms.katalon.core.keyword.internal.KeywordMain$runKeyword.call(Unknown Source)
	at com.kms.katalon.core.cucumber.keyword.CucumberBuiltinKeywords.runWithCucumberRunner(CucumberBuiltinKeywords.groovy:257)
	at com.kms.katalon.core.cucumber.keyword.CucumberBuiltinKeywords$runWithCucumberRunner$0.callStatic(Unknown Source)
	at com.kms.katalon.core.cucumber.keyword.CucumberBuiltinKeywords.runWithCucumberRunner(CucumberBuiltinKeywords.groovy:357)
	at com.kms.katalon.core.cucumber.keyword.CucumberBuiltinKeywords$runWithCucumberRunner.call(Unknown Source)
	at TC_GCP_In-house.run(TC_GCP_In-house:18)
	at com.kms.katalon.core.main.ScriptEngine.run(ScriptEngine.java:194)
	at com.kms.katalon.core.main.ScriptEngine.runScriptAsRawText(ScriptEngine.java:119)
	at com.kms.katalon.core.main.TestCaseExecutor.runScript(TestCaseExecutor.java:336)
	at com.kms.katalon.core.main.TestCaseExecutor.doExecute(TestCaseExecutor.java:327)
	at com.kms.katalon.core.main.TestCaseExecutor.processExecutionPhase(TestCaseExecutor.java:306)
	at com.kms.katalon.core.main.TestCaseExecutor.accessMainPhase(TestCaseExecutor.java:298)
	at com.kms.katalon.core.main.TestCaseExecutor.execute(TestCaseExecutor.java:232)
	at com.kms.katalon.core.main.TestSuiteExecutor.accessTestCaseMainPhase(TestSuiteExecutor.java:129)
	at com.kms.katalon.core.main.TestSuiteExecutor.accessTestSuiteMainPhase(TestSuiteExecutor.java:112)
	at com.kms.katalon.core.main.TestSuiteExecutor.execute(TestSuiteExecutor.java:81)
	at com.kms.katalon.core.main.TestCaseMain.startTestSuite(TestCaseMain.java:157)
	at com.kms.katalon.core.main.TestCaseMain$startTestSuite$0.call(Unknown Source)
	at TempTestSuite1559824711522.run(TempTestSuite1559824711522.groovy:35)
)

2019-06-06 18:08:42 - [TEST_CASE][PASSED] - Test Cases/GreenCleaningPolicy/TC_NavigateToGCP: Test Cases/GreenCleaningPolicy/TC_NavigateToGCP

2019-06-06 18:08:42 - [TEST_STEP][PASSED] - runWithCucumberRunner(greenCleaningPolicyForm.Runner_NavigateToGCP): Run with 'greenCleaningPolicyForm.Runner_NavigateToGCP' was passed

2019-06-06 18:08:42 - [TEST_CASE][PASSED] - Test Cases/Login/TC_Login: Test Cases/Login/TC_Login

2019-06-06 18:08:43 - [TEST_STEP][PASSED] - runWithCucumberRunner(common.Runner_Login): Run with 'common.Runner_Login' was passed

2019-06-06 18:08:43 - [MESSAGE][INFO] - Starting 'Chrome' driver

2019-06-06 18:08:43 - [MESSAGE][INFO] - User set preference: ['args', '[--window-size=1920,1080]']

2019-06-06 18:08:43 - [MESSAGE][INFO] - Action delay is set to 0 seconds

2019-06-06 18:08:47 - [MESSAGE][PASSED] - Browser is opened with url: ''

2019-06-06 18:08:53 - [MESSAGE][PASSED] - Navigate to 'https://leedonline-stg.usgbc.org' successfully

2019-06-06 18:08:55 - [MESSAGE][PASSED] - Delayed 2 second(s)

2019-06-06 18:08:55 - [MESSAGE][PASSED] - Text 'jaypeejay@hotmail.com' is set on object 'Object Repository/Login/input_username'

2019-06-06 18:08:55 - [MESSAGE][PASSED] - Text 'initpass' is set on object 'Object Repository/Login/input_password'

2019-06-06 18:08:58 - [MESSAGE][PASSED] - Delayed 3 second(s)

2019-06-06 18:08:58 - [MESSAGE][PASSED] - Scroll to object 'Object Repository/Login/span_End User License Agreement' successfully

2019-06-06 18:08:58 - [MESSAGE][PASSED] - Object 'Object Repository/Login/span_End User License Agreement' is visible

2019-06-06 18:08:59 - [MESSAGE][PASSED] - Object 'Object Repository/Login/span_End User License Agreement' is checked

2019-06-06 18:09:00 - [MESSAGE][PASSED] - Delayed 1 second(s)

2019-06-06 18:09:00 - [MESSAGE][PASSED] - Object: 'Object Repository/Login/button_Log In' is clicked on

2019-06-06 18:09:10 - [MESSAGE][PASSED] - Object: '' is clicked on

2019-06-06 18:09:15 - [MESSAGE][PASSED] - Object: 'Object Repository/Login/a_Credits' is clicked on

2019-06-06 18:09:16 - [MESSAGE][PASSED] - Run with 'common.Runner_Login' was passed

2019-06-06 18:09:16 - [MESSAGE][PASSED] - Call Test Case 'Test Cases/Login/TC_Login' successfully

2019-06-06 18:09:16 - [MESSAGE][PASSED] - Scroll to object 'Object Repository/GreenCleaningPolicy/div_Green Cleaning Policy' successfully

2019-06-06 18:09:16 - [MESSAGE][PASSED] - Object 'Object Repository/GreenCleaningPolicy/div_Green Cleaning Policy' is present

2019-06-06 18:09:16 - [MESSAGE][PASSED] - Text of object 'Object Repository/GreenCleaningPolicy/h3_Status' is: 'ATTEMPTED'

2019-06-06 18:09:16 - [MESSAGE][PASSED] - Text of object 'Object Repository/GreenCleaningPolicy/divval' is: 'ATTEMPTED'

2019-06-06 18:09:16 - [MESSAGE][PASSED] - Text of object 'Object Repository/GreenCleaningPolicy/h3_Status' is: 'ATTEMPTED'

2019-06-06 18:09:16 - [MESSAGE][PASSED] - Object: 'Object Repository/GreenCleaningPolicy/div_Green Cleaning Policy' is clicked on

2019-06-06 18:09:21 - [MESSAGE][PASSED] - Object: 'Object Repository/GreenCleaningPolicy/a_Form (V01)' is clicked on

2019-06-06 18:09:21 - [MESSAGE][PASSED] - Object 'Object Repository/GreenCleaningPolicy/div_Green Cleaning Policy_Credit library' is present

2019-06-06 18:09:21 - [MESSAGE][PASSED] - Run with 'greenCleaningPolicyForm.Runner_NavigateToGCP' was passed

2019-06-06 18:09:21 - [MESSAGE][PASSED] - Call Test Case 'Test Cases/GreenCleaningPolicy/TC_NavigateToGCP' successfully

2019-06-06 18:09:22 - [MESSAGE][PASSED] - Object 'Object Repository/GreenCleaningPolicy/Option1_GreenCleanPlcy/input_Option1_Radiobtn' is present

2019-06-06 18:09:22 - [MESSAGE][PASSED] - Object: 'Object Repository/GreenCleaningPolicy/Option1_GreenCleanPlcy/input_Option1_Radiobtn' is clicked on

2019-06-06 18:09:24 - [MESSAGE][PASSED] - Delayed 2 second(s)

2019-06-06 18:09:24 - [MESSAGE][PASSED] - Text 'Option 1. In-house green cleaning policy' is present on page 

2019-06-06 18:09:24 - [MESSAGE][PASSED] - Object 'Object Repository/GreenCleaningPolicy/Option1_GreenCleanPlcy/AddFile_UploadGreenCleaningPlcy_Option1/p_Upload the Green Cleaning Policy' is present

2019-06-06 18:09:24 - [MESSAGE][PASSED] - Scroll to object 'Object Repository/GreenCleaningPolicy/Option1_GreenCleanPlcy/AddFile_UploadGreenCleaningPlcy_Option1/p_Upload the Green Cleaning Policy' successfully

2019-06-06 18:09:24 - [MESSAGE][PASSED] - Object 'Object Repository/GreenCleaningPolicy/Option1_GreenCleanPlcy/AddFile_UploadGreenCleaningPlcy_Option1/Button_UploadGreenCleaningPlcy' has attribute 'class' with value 'tiny ui button'

2019-06-06 18:09:24 - [MESSAGE][PASSED] - File 'H:\Git Projects\Usgbc_LeedOnline_ScoreCard\Usgbc_LeedOnline_ScoreCard\Include\TestData\MultipleFileDiffExt\SampleGIFImage_350kbmb.gif' sent to object: 'Object Repository/GreenCleaningPolicy/Option1_GreenCleanPlcy/AddFile_UploadGreenCleaningPlcy_Option1/input_UploadGreenCleaningPlcy'

2019-06-06 18:09:25 - [MESSAGE][PASSED] - Delayed 1 second(s)

2019-06-06 18:09:26 - [MESSAGE][PASSED] - Object 'Object Repository/GreenCleaningPolicy/Option1_GreenCleanPlcy/AddFile_UploadGreenCleaningPlcy_Option1/Button_UploadGreenCleaningPlcy' has attribute 'class' with value 'tiny ui button'

2019-06-06 18:09:26 - [MESSAGE][PASSED] - File 'H:\Git Projects\Usgbc_LeedOnline_ScoreCard\Usgbc_LeedOnline_ScoreCard\Include\TestData\MultipleFileDiffExt\SamplePPTFile_1000kb.ppt' sent to object: 'Object Repository/GreenCleaningPolicy/Option1_GreenCleanPlcy/AddFile_UploadGreenCleaningPlcy_Option1/input_UploadGreenCleaningPlcy'

2019-06-06 18:09:27 - [MESSAGE][PASSED] - Delayed 1 second(s)

2019-06-06 18:09:27 - [MESSAGE][PASSED] - Object 'Object Repository/GreenCleaningPolicy/Option1_GreenCleanPlcy/AddFile_UploadGreenCleaningPlcy_Option1/Button_UploadGreenCleaningPlcy' has attribute 'class' with value 'tiny ui button'

2019-06-06 18:09:27 - [MESSAGE][PASSED] - File 'H:\Git Projects\Usgbc_LeedOnline_ScoreCard\Usgbc_LeedOnline_ScoreCard\Include\TestData\MultipleFileDiffExt\ZZ.pdf' sent to object: 'Object Repository/GreenCleaningPolicy/Option1_GreenCleanPlcy/AddFile_UploadGreenCleaningPlcy_Option1/input_UploadGreenCleaningPlcy'

2019-06-06 18:09:28 - [MESSAGE][PASSED] - Delayed 1 second(s)

2019-06-06 18:09:28 - [MESSAGE][PASSED] - Scroll to object 'Object Repository/GreenCleaningPolicy/CleaningService_EditorBox/p_CleaningService' successfully

2019-06-06 18:09:28 - [MESSAGE][PASSED] - Object 'Object Repository/GreenCleaningPolicy/CleaningService_EditorBox/p_CleaningService' is present

2019-06-06 18:09:33 - [MESSAGE][PASSED] - Text 'Known that everybody have the personal aim. It is defferent . For example, there are some people think that the most important thing in them life is career. While there are other people think that is family. me too. The most important thing with my life is my small and big family. Because I see the mind is the most important. Let think that if you are verry rich while you alway are worry and sad, you will feel not happy. So I think we should spend many time for looking after our family. When we have a happy family, we will have power to try. At that time we will work better. How do you think. Anna and Henry go to the doctor. Anna has an ultrasound scan. CTUHM' is set on object 'Object Repository/GreenCleaningPolicy/CleaningService_EditorBox/body_CS_EditorBox'

2019-06-06 18:09:36 - [MESSAGE][PASSED] - Delayed 3 second(s)

2019-06-06 18:09:36 - [MESSAGE][PASSED] - Text of object 'Object Repository/GreenCleaningPolicy/CleaningService_EditorBox/body_CS_EditorBox' is: 'Known that everybody have the personal aim. It is defferent . For example, there are some people think that the most important thing in them life is career. While there are other people think that is family. me too. The most important thing with my life is my small and big family. Because I see the mind is the most important. Let think that if you are verry rich while you alway are worry and sad, you will feel not happy. So I think we should spend many time for looking after our family. When we have a happy family, we will have power to try. At that time we will work better. How do you think. Anna and Henry go to the doctor. Anna has an ultrasound scan. CTUHM'

2019-06-06 18:09:36 - [MESSAGE][PASSED] - Actual text 'Known that everybody have the personal aim. It is defferent . For example, there are some people think that the most important thing in them life is career. While there are other people think that is family. me too. The most important thing with my life is my small and big family. Because I see the mind is the most important. Let think that if you are verry rich while you alway are worry and sad, you will feel not happy. So I think we should spend many time for looking after our family. When we have a happy family, we will have power to try. At that time we will work better. How do you think. Anna and Henry go to the doctor. Anna has an ultrasound scan. CTUHM' and expected text 'Known that everybody have the personal aim. It is defferent . For example, there are some people think that the most important thing in them life is career. While there are other people think that is family. me too. The most important thing with my life is my small and big family. Because I see the mind is the most important. Let think that if you are verry rich while you alway are worry and sad, you will feel not happy. So I think we should spend many time for looking after our family. When we have a happy family, we will have power to try. At that time we will work better. How do you think. Anna and Henry go to the doctor. Anna has an ultrasound scan. CTUHM' are matched 

2019-06-06 18:09:36 - [MESSAGE][PASSED] - Object 'Object Repository/GreenCleaningPolicy/SpecialCircumstances/AddFile_UploadAddtionalDoc_SC/p_Upload any additional documentation that supports' is present

2019-06-06 18:09:36 - [MESSAGE][PASSED] - Scroll to object 'Object Repository/GreenCleaningPolicy/SpecialCircumstances/AddFile_UploadAddtionalDoc_SC/p_Upload any additional documentation that supports' successfully

2019-06-06 18:09:36 - [MESSAGE][PASSED] - Object 'Object Repository/GreenCleaningPolicy/SpecialCircumstances/AddFile_UploadAddtionalDoc_SC/Button_UploadAdditionalDoc_SC' has attribute 'class' with value 'tiny ui button'

2019-06-06 18:09:36 - [MESSAGE][PASSED] - File 'H:\Git Projects\Usgbc_LeedOnline_ScoreCard\Usgbc_LeedOnline_ScoreCard\Include\TestData\MultipleFileDiffExt\SampleGIFImage_350kbmb.gif' sent to object: 'Object Repository/GreenCleaningPolicy/SpecialCircumstances/AddFile_UploadAddtionalDoc_SC/input_UploadAdditionalDoc_SC'

2019-06-06 18:09:37 - [MESSAGE][PASSED] - Delayed 1 second(s)

2019-06-06 18:09:37 - [MESSAGE][PASSED] - Object 'Object Repository/GreenCleaningPolicy/SpecialCircumstances/AddFile_UploadAddtionalDoc_SC/Button_UploadAdditionalDoc_SC' has attribute 'class' with value 'tiny ui button'

2019-06-06 18:09:37 - [MESSAGE][PASSED] - File 'H:\Git Projects\Usgbc_LeedOnline_ScoreCard\Usgbc_LeedOnline_ScoreCard\Include\TestData\MultipleFileDiffExt\SamplePPTFile_1000kb.ppt' sent to object: 'Object Repository/GreenCleaningPolicy/SpecialCircumstances/AddFile_UploadAddtionalDoc_SC/input_UploadAdditionalDoc_SC'

2019-06-06 18:09:38 - [MESSAGE][PASSED] - Delayed 1 second(s)

2019-06-06 18:09:40 - [MESSAGE][PASSED] - Object 'Object Repository/GreenCleaningPolicy/SpecialCircumstances/AddFile_UploadAddtionalDoc_SC/Button_UploadAdditionalDoc_SC' has attribute 'class' with value 'tiny ui button'

2019-06-06 18:09:40 - [MESSAGE][PASSED] - File 'H:\Git Projects\Usgbc_LeedOnline_ScoreCard\Usgbc_LeedOnline_ScoreCard\Include\TestData\MultipleFileDiffExt\ZZ.pdf' sent to object: 'Object Repository/GreenCleaningPolicy/SpecialCircumstances/AddFile_UploadAddtionalDoc_SC/input_UploadAdditionalDoc_SC'

2019-06-06 18:09:41 - [MESSAGE][PASSED] - Delayed 1 second(s)

2019-06-06 18:09:41 - [MESSAGE][PASSED] - Scroll to object 'Object Repository/GreenCleaningPolicy/SpecialCircumstances/SC_EditorBox/p_Describe the circumstances limiting the project teams' successfully

2019-06-06 18:09:41 - [MESSAGE][PASSED] - Object 'Object Repository/GreenCleaningPolicy/SpecialCircumstances/SC_EditorBox/p_Describe the circumstances limiting the project teams' is present

2019-06-06 18:09:44 - [MESSAGE][PASSED] - Text 'Known that everybody have the personal aim. It is defferent . For example, there are some people think that the most important thing in them life is career. While there are other people think that is family. me too. The most important thing with my life is my small and big family. Because I see the mind is the most important. Let think that if you are verry rich while you alway are worry and sad, you will feel not happy. So I think we should spend many time for looking after our family. When we have a happy family, we will have power to try. At that time we will work better. How do you think. Anna and Henry go to the doctor. Anna has an ultrasound scan. CTUHM' is set on object 'Object Repository/GreenCleaningPolicy/SpecialCircumstances/SC_EditorBox/body_SC_EditorBox'

2019-06-06 18:09:47 - [MESSAGE][PASSED] - Delayed 3 second(s)

2019-06-06 18:09:47 - [MESSAGE][PASSED] - Text of object 'Object Repository/GreenCleaningPolicy/SpecialCircumstances/SC_EditorBox/body_SC_EditorBox' is: 'Known that everybody have the personal aim. It is defferent . For example, there are some people think that the most important thing in them life is career. While there are other people think that is family. me too. The most important thing with my life is my small and big family. Because I see the mind is the most important. Let think that if you are verry rich while you alway are worry and sad, you will feel not happy. So I think we should spend many time for looking after our family. When we have a happy family, we will have power to try. At that time we will work better. How do you think. Anna and Henry go to the doctor. Anna has an ultrasound scan. CTUHM'

2019-06-06 18:09:47 - [MESSAGE][PASSED] - Actual text 'Known that everybody have the personal aim. It is defferent . For example, there are some people think that the most important thing in them life is career. While there are other people think that is family. me too. The most important thing with my life is my small and big family. Because I see the mind is the most important. Let think that if you are verry rich while you alway are worry and sad, you will feel not happy. So I think we should spend many time for looking after our family. When we have a happy family, we will have power to try. At that time we will work better. How do you think. Anna and Henry go to the doctor. Anna has an ultrasound scan. CTUHM' and expected text 'Known that everybody have the personal aim. It is defferent . For example, there are some people think that the most important thing in them life is career. While there are other people think that is family. me too. The most important thing with my life is my small and big family. Because I see the mind is the most important. Let think that if you are verry rich while you alway are worry and sad, you will feel not happy. So I think we should spend many time for looking after our family. When we have a happy family, we will have power to try. At that time we will work better. How do you think. Anna and Henry go to the doctor. Anna has an ultrasound scan. CTUHM' are matched 

2019-06-06 18:09:58 - [MESSAGE][PASSED] - Delayed 10 second(s)

2019-06-06 18:09:58 - [MESSAGE][PASSED] - Object 'Object Repository/GreenCleaningPolicy/button_Save' is visible

2019-06-06 18:09:58 - [MESSAGE][PASSED] - Object: 'Object Repository/GreenCleaningPolicy/button_Save' is clicked on

2019-06-06 18:10:00 - [MESSAGE][PASSED] - Delayed 2 second(s)

2019-06-06 18:10:00 - [MESSAGE][PASSED] - Text 'Form data saved successfully.' is present on page 

2019-06-06 18:10:00 - [MESSAGE][PASSED] - Scroll to object 'Object Repository/GreenCleaningPolicy/icon_pdf' successfully

2019-06-06 18:10:00 - [MESSAGE][PASSED] - Object 'Object Repository/GreenCleaningPolicy/icon_pdf' is present

2019-06-06 18:10:05 - [MESSAGE][PASSED] - Delayed 5 second(s)

2019-06-06 18:10:05 - [MESSAGE][PASSED] - Object: 'Object Repository/GreenCleaningPolicy/icon_pdf' is clicked on

2019-06-06 18:10:15 - [MESSAGE][PASSED] - Delayed 10 second(s)

2019-06-06 18:10:21 - [MESSAGE][PASSED] - Delayed 5 second(s)

2019-06-06 18:10:21 - [MESSAGE][PASSED] - Scroll to object 'Object Repository/GreenCleaningPolicy/Option1_GreenCleanPlcy/AddFile_UploadGreenCleaningPlcy_Option1/p_Upload the Green Cleaning Policy' successfully

2019-06-06 18:10:22 - [MESSAGE][PASSED] - Refresh successfully

2019-06-06 18:10:22 - [MESSAGE][PASSED] - Text of object 'Object Repository/GreenCleaningPolicy/CleaningService_EditorBox/body_CS_EditorBox' is: 'Known that everybody have the personal aim. It is defferent . For example, there are some people think that the most important thing in them life is career. While there are other people think that is family. me too. The most important thing with my life is my small and big family. Because I see the mind is the most important. Let think that if you are verry rich while you alway are worry and sad, you will feel not happy. So I think we should spend many time for looking after our family. When we have a happy family, we will have power to try. At that time we will work better. How do you think. Anna and Henry go to the doctor. Anna has an ultrasound scan. CTUHM'

2019-06-06 18:10:22 - [MESSAGE][PASSED] - Actual text 'Known that everybody have the personal aim. It is defferent . For example, there are some people think that the most important thing in them life is career. While there are other people think that is family. me too. The most important thing with my life is my small and big family. Because I see the mind is the most important. Let think that if you are verry rich while you alway are worry and sad, you will feel not happy. So I think we should spend many time for looking after our family. When we have a happy family, we will have power to try. At that time we will work better. How do you think. Anna and Henry go to the doctor. Anna has an ultrasound scan. CTUHM' and expected text 'Known that everybody have the personal aim. It is defferent . For example, there are some people think that the most important thing in them life is career. While there are other people think that is family. me too. The most important thing with my life is my small and big family. Because I see the mind is the most important. Let think that if you are verry rich while you alway are worry and sad, you will feel not happy. So I think we should spend many time for looking after our family. When we have a happy family, we will have power to try. At that time we will work better. How do you think. Anna and Henry go to the doctor. Anna has an ultrasound scan. CTUHM' are matched 

2019-06-06 18:10:24 - [MESSAGE][PASSED] - Delayed 2 second(s)

2019-06-06 18:10:25 - [MESSAGE][PASSED] - Text of object 'Object Repository/GreenCleaningPolicy/CleaningService_EditorBox/body_CS_EditorBox' is: 'Known that everybody have the personal aim. It is defferent . For example, there are some people think that the most important thing in them life is career. While there are other people think that is family. me too. The most important thing with my life is my small and big family. Because I see the mind is the most important. Let think that if you are verry rich while you alway are worry and sad, you will feel not happy. So I think we should spend many time for looking after our family. When we have a happy family, we will have power to try. At that time we will work better. How do you think. Anna and Henry go to the doctor. Anna has an ultrasound scan. CTUHM'

2019-06-06 18:10:25 - [MESSAGE][PASSED] - Actual text 'Known that everybody have the personal aim. It is defferent . For example, there are some people think that the most important thing in them life is career. While there are other people think that is family. me too. The most important thing with my life is my small and big family. Because I see the mind is the most important. Let think that if you are verry rich while you alway are worry and sad, you will feel not happy. So I think we should spend many time for looking after our family. When we have a happy family, we will have power to try. At that time we will work better. How do you think. Anna and Henry go to the doctor. Anna has an ultrasound scan. CTUHM' and expected text 'Known that everybody have the personal aim. It is defferent . For example, there are some people think that the most important thing in them life is career. While there are other people think that is family. me too. The most important thing with my life is my small and big family. Because I see the mind is the most important. Let think that if you are verry rich while you alway are worry and sad, you will feel not happy. So I think we should spend many time for looking after our family. When we have a happy family, we will have power to try. At that time we will work better. How do you think. Anna and Henry go to the doctor. Anna has an ultrasound scan. CTUHM' are matched 

2019-06-06 18:10:27 - [MESSAGE][PASSED] - Delayed 2 second(s)

2019-06-06 18:10:29 - [MESSAGE][PASSED] - Navigate back successfully

2019-06-06 18:10:31 - [MESSAGE][PASSED] - Delayed 2 second(s)

2019-06-06 18:10:31 - [MESSAGE][PASSED] - Text of object 'Object Repository/GreenCleaningPolicy/h3_Status' is: 'ATTEMPTED'

2019-06-06 18:10:32 - [MESSAGE][PASSED] - Object: 'Object Repository/GreenCleaningPolicy/a_MarkReadyForReview' is clicked on

2019-06-06 18:10:37 - [MESSAGE][PASSED] - Delayed 5 second(s)

2019-06-06 18:10:37 - [MESSAGE][PASSED] - Text of object 'Object Repository/GreenCleaningPolicy/h3_Status' is: 'READY FOR REVIEW'

2019-06-06 18:10:37 - [MESSAGE][FAILED] - These following reason:
 [no such element: Unable to locate element: {"method":"xpath","selector":"//*[@id="greenCleaningPolicyDocs_files"]/table[@class="ui collapsing celled table unstackable"]/tbody"}
  (Session info: chrome=74.0.3729.169)
  (Driver info: chromedriver=74.0.3729.6 (255758eccf3d244491b8a1317aa76e1ce10d57e9-refs/branch-heads/3729@{#29}),platform=Windows NT 10.0.17134 x86_64) (WARNING: The server did not provide any stacktrace information)
Command duration or timeout: 0 milliseconds
For documentation on this error, please visit: http://seleniumhq.org/exceptions/no_such_element.html
Build info: version: '3.7.1', revision: '8a0099a', time: '2017-11-06T21:07:36.161Z'
System info: host: 'G10PROLT025', ip: '192.168.232.1', os.name: 'Windows 10', os.arch: 'amd64', os.version: '10.0', java.version: '1.8.0_181'
Driver info: com.kms.katalon.selenium.driver.CChromeDriver
Capabilities {acceptInsecureCerts: false, acceptSslCerts: false, applicationCacheEnabled: false, browserConnectionEnabled: false, browserName: chrome, chrome: {chromedriverVersion: 74.0.3729.6 (255758eccf3d24..., userDataDir: C:\Users\PROMAN~1\AppData\L...}, cssSelectorsEnabled: true, databaseEnabled: false, goog:chromeOptions: {debuggerAddress: localhost:55516}, handlesAlerts: true, hasTouchScreen: false, javascriptEnabled: true, locationContextEnabled: true, mobileEmulationEnabled: false, nativeEvents: true, networkConnectionEnabled: false, pageLoadStrategy: normal, platform: XP, platformName: XP, proxy: Proxy(direct), rotatable: false, setWindowRect: true, strictFileInteractability: false, takesHeapSnapshot: true, takesScreenshot: true, timeouts: {implicit: 0, pageLoad: 300000, script: 30000}, unexpectedAlertBehaviour: ignore, unhandledPromptBehavior: ignore, version: 74.0.3729.169, webStorageEnabled: true}
Session ID: 95ba9aa4fda9b62a5c9585877c2ea18b
*** Element info: {Using=xpath, value=//*[@id="greenCleaningPolicyDocs_files"]/table[@class="ui collapsing celled table unstackable"]/tbody}]

2019-06-06 18:10:37 - [MESSAGE][FAILED] - Keyword runWithCucumberRunner was failed (Root cause: com.kms.katalon.core.exception.StepFailedException: These following reason:
 [no such element: Unable to locate element: {"method":"xpath","selector":"//*[@id="greenCleaningPolicyDocs_files"]/table[@class="ui collapsing celled table unstackable"]/tbody"}
  (Session info: chrome=74.0.3729.169)
  (Driver info: chromedriver=74.0.3729.6 (255758eccf3d244491b8a1317aa76e1ce10d57e9-refs/branch-heads/3729@{#29}),platform=Windows NT 10.0.17134 x86_64) (WARNING: The server did not provide any stacktrace information)
Command duration or timeout: 0 milliseconds
For documentation on this error, please visit: http://seleniumhq.org/exceptions/no_such_element.html
Build info: version: '3.7.1', revision: '8a0099a', time: '2017-11-06T21:07:36.161Z'
System info: host: 'G10PROLT025', ip: '192.168.232.1', os.name: 'Windows 10', os.arch: 'amd64', os.version: '10.0', java.version: '1.8.0_181'
Driver info: com.kms.katalon.selenium.driver.CChromeDriver
Capabilities {acceptInsecureCerts: false, acceptSslCerts: false, applicationCacheEnabled: false, browserConnectionEnabled: false, browserName: chrome, chrome: {chromedriverVersion: 74.0.3729.6 (255758eccf3d24..., userDataDir: C:\Users\PROMAN~1\AppData\L...}, cssSelectorsEnabled: true, databaseEnabled: false, goog:chromeOptions: {debuggerAddress: localhost:55516}, handlesAlerts: true, hasTouchScreen: false, javascriptEnabled: true, locationContextEnabled: true, mobileEmulationEnabled: false, nativeEvents: true, networkConnectionEnabled: false, pageLoadStrategy: normal, platform: XP, platformName: XP, proxy: Proxy(direct), rotatable: false, setWindowRect: true, strictFileInteractability: false, takesHeapSnapshot: true, takesScreenshot: true, timeouts: {implicit: 0, pageLoad: 300000, script: 30000}, unexpectedAlertBehaviour: ignore, unhandledPromptBehavior: ignore, version: 74.0.3729.169, webStorageEnabled: true}
Session ID: 95ba9aa4fda9b62a5c9585877c2ea18b
*** Element info: {Using=xpath, value=//*[@id="greenCleaningPolicyDocs_files"]/table[@class="ui collapsing celled table unstackable"]/tbody}]
	at com.kms.katalon.core.keyword.internal.KeywordMain.stepFailed(KeywordMain.groovy:48)
	at com.kms.katalon.core.keyword.internal.KeywordMain.stepFailed(KeywordMain.groovy)
	at com.kms.katalon.core.keyword.internal.KeywordMain.stepFailed(KeywordMain.groovy:21)
	at com.kms.katalon.core.keyword.internal.KeywordMain$stepFailed$0.call(Unknown Source)
	at com.kms.katalon.core.cucumber.keyword.CucumberBuiltinKeywords$_runWithCucumberRunner_closure3.doCall(CucumberBuiltinKeywords.groovy:272)
	at com.kms.katalon.core.cucumber.keyword.CucumberBuiltinKeywords$_runWithCucumberRunner_closure3.doCall(CucumberBuiltinKeywords.groovy)
	at com.kms.katalon.core.keyword.internal.KeywordMain.runKeyword(KeywordMain.groovy:66)
	at com.kms.katalon.core.keyword.internal.KeywordMain$runKeyword.call(Unknown Source)
	at com.kms.katalon.core.cucumber.keyword.CucumberBuiltinKeywords.runWithCucumberRunner(CucumberBuiltinKeywords.groovy:257)
	at com.kms.katalon.core.cucumber.keyword.CucumberBuiltinKeywords$runWithCucumberRunner$0.callStatic(Unknown Source)
	at com.kms.katalon.core.cucumber.keyword.CucumberBuiltinKeywords.runWithCucumberRunner(CucumberBuiltinKeywords.groovy:357)
	at com.kms.katalon.core.cucumber.keyword.CucumberBuiltinKeywords$runWithCucumberRunner.call(Unknown Source)
	at TC_GCP_In-house.run(TC_GCP_In-house:18)
	at com.kms.katalon.core.main.ScriptEngine.run(ScriptEngine.java:194)
	at com.kms.katalon.core.main.ScriptEngine.runScriptAsRawText(ScriptEngine.java:119)
	at com.kms.katalon.core.main.TestCaseExecutor.runScript(TestCaseExecutor.java:336)
	at com.kms.katalon.core.main.TestCaseExecutor.doExecute(TestCaseExecutor.java:327)
	at com.kms.katalon.core.main.TestCaseExecutor.processExecutionPhase(TestCaseExecutor.java:306)
	at com.kms.katalon.core.main.TestCaseExecutor.accessMainPhase(TestCaseExecutor.java:298)
	at com.kms.katalon.core.main.TestCaseExecutor.execute(TestCaseExecutor.java:232)
	at com.kms.katalon.core.main.TestSuiteExecutor.accessTestCaseMainPhase(TestSuiteExecutor.java:129)
	at com.kms.katalon.core.main.TestSuiteExecutor.accessTestSuiteMainPhase(TestSuiteExecutor.java:112)
	at com.kms.katalon.core.main.TestSuiteExecutor.execute(TestSuiteExecutor.java:81)
	at com.kms.katalon.core.main.TestCaseMain.startTestSuite(TestCaseMain.java:157)
	at com.kms.katalon.core.main.TestCaseMain$startTestSuite$0.call(Unknown Source)
	at TempTestSuite1559824711522.run(TempTestSuite1559824711522.groovy:35)
)]]></system-out>
         <system-err><![CDATA[2019-06-06 18:08:39 - [TEST_CASE][FAILED] - Test Cases/GreenCleaningPolicy/TC_GCP_In-house: Test Cases/GreenCleaningPolicy/TC_GCP_In-house FAILED.
Reason:
com.kms.katalon.core.exception.StepFailedException: These following reason:
 [no such element: Unable to locate element: {"method":"xpath","selector":"//*[@id="greenCleaningPolicyDocs_files"]/table[@class="ui collapsing celled table unstackable"]/tbody"}
  (Session info: chrome=74.0.3729.169)
  (Driver info: chromedriver=74.0.3729.6 (255758eccf3d244491b8a1317aa76e1ce10d57e9-refs/branch-heads/3729@{#29}),platform=Windows NT 10.0.17134 x86_64) (WARNING: The server did not provide any stacktrace information)
Command duration or timeout: 0 milliseconds
For documentation on this error, please visit: http://seleniumhq.org/exceptions/no_such_element.html
Build info: version: '3.7.1', revision: '8a0099a', time: '2017-11-06T21:07:36.161Z'
System info: host: 'G10PROLT025', ip: '192.168.232.1', os.name: 'Windows 10', os.arch: 'amd64', os.version: '10.0', java.version: '1.8.0_181'
Driver info: com.kms.katalon.selenium.driver.CChromeDriver
Capabilities {acceptInsecureCerts: false, acceptSslCerts: false, applicationCacheEnabled: false, browserConnectionEnabled: false, browserName: chrome, chrome: {chromedriverVersion: 74.0.3729.6 (255758eccf3d24..., userDataDir: C:\Users\PROMAN~1\AppData\L...}, cssSelectorsEnabled: true, databaseEnabled: false, goog:chromeOptions: {debuggerAddress: localhost:55516}, handlesAlerts: true, hasTouchScreen: false, javascriptEnabled: true, locationContextEnabled: true, mobileEmulationEnabled: false, nativeEvents: true, networkConnectionEnabled: false, pageLoadStrategy: normal, platform: XP, platformName: XP, proxy: Proxy(direct), rotatable: false, setWindowRect: true, strictFileInteractability: false, takesHeapSnapshot: true, takesScreenshot: true, timeouts: {implicit: 0, pageLoad: 300000, script: 30000}, unexpectedAlertBehaviour: ignore, unhandledPromptBehavior: ignore, version: 74.0.3729.169, webStorageEnabled: true}
Session ID: 95ba9aa4fda9b62a5c9585877c2ea18b
*** Element info: {Using=xpath, value=//*[@id="greenCleaningPolicyDocs_files"]/table[@class="ui collapsing celled table unstackable"]/tbody}]
	at com.kms.katalon.core.keyword.internal.KeywordMain.stepFailed(KeywordMain.groovy:48)
	at com.kms.katalon.core.keyword.internal.KeywordMain.stepFailed(KeywordMain.groovy)
	at com.kms.katalon.core.keyword.internal.KeywordMain.stepFailed(KeywordMain.groovy:21)
	at com.kms.katalon.core.keyword.internal.KeywordMain$stepFailed$0.call(Unknown Source)
	at com.kms.katalon.core.cucumber.keyword.CucumberBuiltinKeywords$_runWithCucumberRunner_closure3.doCall(CucumberBuiltinKeywords.groovy:272)
	at com.kms.katalon.core.cucumber.keyword.CucumberBuiltinKeywords$_runWithCucumberRunner_closure3.doCall(CucumberBuiltinKeywords.groovy)
	at com.kms.katalon.core.keyword.internal.KeywordMain.runKeyword(KeywordMain.groovy:66)
	at com.kms.katalon.core.keyword.internal.KeywordMain$runKeyword.call(Unknown Source)
	at com.kms.katalon.core.cucumber.keyword.CucumberBuiltinKeywords.runWithCucumberRunner(CucumberBuiltinKeywords.groovy:257)
	at com.kms.katalon.core.cucumber.keyword.CucumberBuiltinKeywords$runWithCucumberRunner$0.callStatic(Unknown Source)
	at com.kms.katalon.core.cucumber.keyword.CucumberBuiltinKeywords.runWithCucumberRunner(CucumberBuiltinKeywords.groovy:357)
	at com.kms.katalon.core.cucumber.keyword.CucumberBuiltinKeywords$runWithCucumberRunner.call(Unknown Source)
	at TC_GCP_In-house.run(TC_GCP_In-house:18)
	at com.kms.katalon.core.main.ScriptEngine.run(ScriptEngine.java:194)
	at com.kms.katalon.core.main.ScriptEngine.runScriptAsRawText(ScriptEngine.java:119)
	at com.kms.katalon.core.main.TestCaseExecutor.runScript(TestCaseExecutor.java:336)
	at com.kms.katalon.core.main.TestCaseExecutor.doExecute(TestCaseExecutor.java:327)
	at com.kms.katalon.core.main.TestCaseExecutor.processExecutionPhase(TestCaseExecutor.java:306)
	at com.kms.katalon.core.main.TestCaseExecutor.accessMainPhase(TestCaseExecutor.java:298)
	at com.kms.katalon.core.main.TestCaseExecutor.execute(TestCaseExecutor.java:232)
	at com.kms.katalon.core.main.TestSuiteExecutor.accessTestCaseMainPhase(TestSuiteExecutor.java:129)
	at com.kms.katalon.core.main.TestSuiteExecutor.accessTestSuiteMainPhase(TestSuiteExecutor.java:112)
	at com.kms.katalon.core.main.TestSuiteExecutor.execute(TestSuiteExecutor.java:81)
	at com.kms.katalon.core.main.TestCaseMain.startTestSuite(TestCaseMain.java:157)
	at com.kms.katalon.core.main.TestCaseMain$startTestSuite$0.call(Unknown Source)
	at TempTestSuite1559824711522.run(TempTestSuite1559824711522.groovy:35)]]></system-err>
      </testcase>
      <testcase name="Test Cases/GreenCleaningPolicy/TC_GCP_VerifyUploadedFile_option1" classname="Test Cases/GreenCleaningPolicy/TC_GCP_VerifyUploadedFile_option1" status="PASSED">
         <system-out><![CDATA[2019-06-06 18:10:37 - [TEST_CASE][PASSED] - Test Cases/GreenCleaningPolicy/TC_GCP_VerifyUploadedFile_option1: Test Cases/GreenCleaningPolicy/TC_GCP_VerifyUploadedFile_option1

2019-06-06 18:10:37 - [TEST_STEP][PASSED] - runWithCucumberRunner(greenCleaningPolicyForm.Runner_VerifyUploadFile_option1): Run with 'greenCleaningPolicyForm.Runner_VerifyUploadFile_option1' was passed

2019-06-06 18:10:37 - [TEST_CASE][PASSED] - Test Cases/GreenCleaningPolicy/TC_NavigateToGCP: Test Cases/GreenCleaningPolicy/TC_NavigateToGCP

2019-06-06 18:10:37 - [TEST_STEP][PASSED] - runWithCucumberRunner(greenCleaningPolicyForm.Runner_NavigateToGCP): Run with 'greenCleaningPolicyForm.Runner_NavigateToGCP' was passed

2019-06-06 18:10:37 - [TEST_CASE][PASSED] - Test Cases/Login/TC_Login: Test Cases/Login/TC_Login

2019-06-06 18:10:37 - [TEST_STEP][PASSED] - runWithCucumberRunner(common.Runner_Login): Run with 'common.Runner_Login' was passed

2019-06-06 18:10:38 - [MESSAGE][WARNING] - A browser is already opened. Closing browser and opening a new one

2019-06-06 18:10:38 - [MESSAGE][INFO] - Starting 'Chrome' driver

2019-06-06 18:10:38 - [MESSAGE][INFO] - User set preference: ['args', '[--window-size=1920,1080]']

2019-06-06 18:10:41 - [MESSAGE][PASSED] - Browser is opened with url: ''

2019-06-06 18:10:44 - [MESSAGE][PASSED] - Navigate to 'https://leedonline-stg.usgbc.org' successfully

2019-06-06 18:10:46 - [MESSAGE][PASSED] - Delayed 2 second(s)

2019-06-06 18:10:47 - [MESSAGE][PASSED] - Text 'jaypeejay@hotmail.com' is set on object 'Object Repository/Login/input_username'

2019-06-06 18:10:47 - [MESSAGE][PASSED] - Text 'initpass' is set on object 'Object Repository/Login/input_password'

2019-06-06 18:10:50 - [MESSAGE][PASSED] - Delayed 3 second(s)

2019-06-06 18:10:50 - [MESSAGE][PASSED] - Scroll to object 'Object Repository/Login/span_End User License Agreement' successfully

2019-06-06 18:10:50 - [MESSAGE][PASSED] - Object 'Object Repository/Login/span_End User License Agreement' is visible

2019-06-06 18:10:50 - [MESSAGE][PASSED] - Object 'Object Repository/Login/span_End User License Agreement' is checked

2019-06-06 18:10:51 - [MESSAGE][PASSED] - Delayed 1 second(s)

2019-06-06 18:10:51 - [MESSAGE][PASSED] - Object: 'Object Repository/Login/button_Log In' is clicked on

2019-06-06 18:10:59 - [MESSAGE][PASSED] - Object: '' is clicked on

2019-06-06 18:11:04 - [MESSAGE][PASSED] - Object: 'Object Repository/Login/a_Credits' is clicked on

2019-06-06 18:11:04 - [MESSAGE][PASSED] - Run with 'common.Runner_Login' was passed

2019-06-06 18:11:04 - [MESSAGE][PASSED] - Call Test Case 'Test Cases/Login/TC_Login' successfully

2019-06-06 18:11:04 - [MESSAGE][PASSED] - Scroll to object 'Object Repository/GreenCleaningPolicy/div_Green Cleaning Policy' successfully

2019-06-06 18:11:04 - [MESSAGE][PASSED] - Object 'Object Repository/GreenCleaningPolicy/div_Green Cleaning Policy' is present

2019-06-06 18:11:04 - [MESSAGE][PASSED] - Text of object 'Object Repository/GreenCleaningPolicy/h3_Status' is: 'READY FOR REVIEW'

2019-06-06 18:11:04 - [MESSAGE][PASSED] - Text of object 'Object Repository/GreenCleaningPolicy/divval' is: 'READY FOR REVIEW'

2019-06-06 18:11:04 - [MESSAGE][PASSED] - Object: 'Object Repository/GreenCleaningPolicy/a_MarkReadyForReview' is clicked on

2019-06-06 18:11:09 - [MESSAGE][PASSED] - Delayed 5 second(s)

2019-06-06 18:11:09 - [MESSAGE][PASSED] - Text of object 'Object Repository/GreenCleaningPolicy/h3_Status' is: 'ATTEMPTED'

2019-06-06 18:11:09 - [MESSAGE][PASSED] - Object: 'Object Repository/GreenCleaningPolicy/div_Green Cleaning Policy' is clicked on

2019-06-06 18:11:14 - [MESSAGE][PASSED] - Object: 'Object Repository/GreenCleaningPolicy/a_Form (V01)' is clicked on

2019-06-06 18:11:14 - [MESSAGE][PASSED] - Object 'Object Repository/GreenCleaningPolicy/div_Green Cleaning Policy_Credit library' is present

2019-06-06 18:11:14 - [MESSAGE][PASSED] - Run with 'greenCleaningPolicyForm.Runner_NavigateToGCP' was passed

2019-06-06 18:11:14 - [MESSAGE][PASSED] - Call Test Case 'Test Cases/GreenCleaningPolicy/TC_NavigateToGCP' successfully

2019-06-06 18:11:14 - [MESSAGE][PASSED] - Object: 'Object Repository/GreenCleaningPolicy/Option1_GreenCleanPlcy/input_Option1_Radiobtn' is clicked on

2019-06-06 18:11:16 - [MESSAGE][PASSED] - Delayed 2 second(s)

2019-06-06 18:11:16 - [MESSAGE][PASSED] - Scroll to object 'Object Repository/GreenCleaningPolicy/Option1_GreenCleanPlcy/Table_UploadGreenCleaningPolicy' successfully

2019-06-06 18:11:17 - [MESSAGE][PASSED] - Object 'Object Repository/GreenCleaningPolicy/Option1_GreenCleanPlcy/Table_UploadGreenCleaningPolicy' is present

2019-06-06 18:11:17 - [MESSAGE][PASSED] - Text of object '' is: 'SampleGIFImage_350kbmb.gif'

2019-06-06 18:11:17 - [MESSAGE][PASSED] - SampleGIFImage_350kbmb.gif is equal to SampleGIFImage_350kbmb.gif

2019-06-06 18:11:17 - [MESSAGE][PASSED] - Actual text 'SampleGIFImage_350kbmb.gif' and expected text 'SampleGIFImage_350kbmb.gif' are matched 

2019-06-06 18:11:17 - [MESSAGE][PASSED] - Text of object '' is: 'SamplePPTFile_1000kb.ppt'

2019-06-06 18:11:17 - [MESSAGE][PASSED] - SamplePPTFile_1000kb.ppt is equal to SamplePPTFile_1000kb.ppt

2019-06-06 18:11:17 - [MESSAGE][PASSED] - Actual text 'SamplePPTFile_1000kb.ppt' and expected text 'SamplePPTFile_1000kb.ppt' are matched 

2019-06-06 18:11:17 - [MESSAGE][PASSED] - Text of object '' is: 'ZZ.pdf'

2019-06-06 18:11:17 - [MESSAGE][PASSED] - ZZ.pdf is equal to ZZ.pdf

2019-06-06 18:11:17 - [MESSAGE][PASSED] - Actual text 'ZZ.pdf' and expected text 'ZZ.pdf' are matched 

2019-06-06 18:11:17 - [MESSAGE][PASSED] - Scroll to object 'Object Repository/GreenCleaningPolicy/SpecialCircumstances/Table_SpecialCircum' successfully

2019-06-06 18:11:17 - [MESSAGE][PASSED] - Object 'Object Repository/GreenCleaningPolicy/SpecialCircumstances/Table_SpecialCircum' is present

2019-06-06 18:11:17 - [MESSAGE][PASSED] - Text of object '' is: 'SampleGIFImage_350kbmb.gif'

2019-06-06 18:11:17 - [MESSAGE][PASSED] - SampleGIFImage_350kbmb.gif is equal to SampleGIFImage_350kbmb.gif

2019-06-06 18:11:17 - [MESSAGE][PASSED] - Actual text 'SampleGIFImage_350kbmb.gif' and expected text 'SampleGIFImage_350kbmb.gif' are matched 

2019-06-06 18:11:18 - [MESSAGE][PASSED] - Text of object '' is: 'SamplePPTFile_1000kb.ppt'

2019-06-06 18:11:18 - [MESSAGE][PASSED] - SamplePPTFile_1000kb.ppt is equal to SamplePPTFile_1000kb.ppt

2019-06-06 18:11:18 - [MESSAGE][PASSED] - Actual text 'SamplePPTFile_1000kb.ppt' and expected text 'SamplePPTFile_1000kb.ppt' are matched 

2019-06-06 18:11:18 - [MESSAGE][PASSED] - Text of object '' is: 'ZZ.pdf'

2019-06-06 18:11:18 - [MESSAGE][PASSED] - ZZ.pdf is equal to ZZ.pdf

2019-06-06 18:11:18 - [MESSAGE][PASSED] - Actual text 'ZZ.pdf' and expected text 'ZZ.pdf' are matched 

2019-06-06 18:11:18 - [MESSAGE][PASSED] - Run with 'greenCleaningPolicyForm.Runner_VerifyUploadFile_option1' was passed]]></system-out>
         <system-err><![CDATA[]]></system-err>
      </testcase>
      <testcase name="Test Cases/GreenCleaningPolicy/TC_GCP_DownloadFiles_option1" classname="Test Cases/GreenCleaningPolicy/TC_GCP_DownloadFiles_option1" status="PASSED">
         <system-out><![CDATA[2019-06-06 18:11:18 - [TEST_CASE][PASSED] - Test Cases/GreenCleaningPolicy/TC_GCP_DownloadFiles_option1: Test Cases/GreenCleaningPolicy/TC_GCP_DownloadFiles_option1

2019-06-06 18:11:18 - [TEST_STEP][PASSED] - runWithCucumberRunner(greenCleaningPolicyForm.Runner_DownloadFiles_option1): Run with 'greenCleaningPolicyForm.Runner_DownloadFiles_option1' was passed

2019-06-06 18:11:18 - [TEST_CASE][PASSED] - Test Cases/GreenCleaningPolicy/TC_NavigateToGCP: Test Cases/GreenCleaningPolicy/TC_NavigateToGCP

2019-06-06 18:11:18 - [TEST_STEP][PASSED] - runWithCucumberRunner(greenCleaningPolicyForm.Runner_NavigateToGCP): Run with 'greenCleaningPolicyForm.Runner_NavigateToGCP' was passed

2019-06-06 18:11:19 - [TEST_CASE][PASSED] - Test Cases/Login/TC_Login: Test Cases/Login/TC_Login

2019-06-06 18:11:19 - [TEST_STEP][PASSED] - runWithCucumberRunner(common.Runner_Login): Run with 'common.Runner_Login' was passed

2019-06-06 18:11:19 - [MESSAGE][WARNING] - A browser is already opened. Closing browser and opening a new one

2019-06-06 18:11:19 - [MESSAGE][INFO] - Starting 'Chrome' driver

2019-06-06 18:11:19 - [MESSAGE][INFO] - User set preference: ['args', '[--window-size=1920,1080]']

2019-06-06 18:11:22 - [MESSAGE][PASSED] - Browser is opened with url: ''

2019-06-06 18:11:30 - [MESSAGE][PASSED] - Navigate to 'https://leedonline-stg.usgbc.org' successfully

2019-06-06 18:11:32 - [MESSAGE][PASSED] - Delayed 2 second(s)

2019-06-06 18:11:32 - [MESSAGE][PASSED] - Text 'jaypeejay@hotmail.com' is set on object 'Object Repository/Login/input_username'

2019-06-06 18:11:32 - [MESSAGE][PASSED] - Text 'initpass' is set on object 'Object Repository/Login/input_password'

2019-06-06 18:11:35 - [MESSAGE][PASSED] - Delayed 3 second(s)

2019-06-06 18:11:35 - [MESSAGE][PASSED] - Scroll to object 'Object Repository/Login/span_End User License Agreement' successfully

2019-06-06 18:11:35 - [MESSAGE][PASSED] - Object 'Object Repository/Login/span_End User License Agreement' is visible

2019-06-06 18:11:35 - [MESSAGE][PASSED] - Object 'Object Repository/Login/span_End User License Agreement' is checked

2019-06-06 18:11:36 - [MESSAGE][PASSED] - Delayed 1 second(s)

2019-06-06 18:11:37 - [MESSAGE][PASSED] - Object: 'Object Repository/Login/button_Log In' is clicked on

2019-06-06 18:11:46 - [MESSAGE][PASSED] - Object: '' is clicked on

2019-06-06 18:11:49 - [MESSAGE][PASSED] - Object: 'Object Repository/Login/a_Credits' is clicked on

2019-06-06 18:11:49 - [MESSAGE][PASSED] - Run with 'common.Runner_Login' was passed

2019-06-06 18:11:49 - [MESSAGE][PASSED] - Call Test Case 'Test Cases/Login/TC_Login' successfully

2019-06-06 18:11:49 - [MESSAGE][PASSED] - Scroll to object 'Object Repository/GreenCleaningPolicy/div_Green Cleaning Policy' successfully

2019-06-06 18:11:49 - [MESSAGE][PASSED] - Object 'Object Repository/GreenCleaningPolicy/div_Green Cleaning Policy' is present

2019-06-06 18:11:49 - [MESSAGE][PASSED] - Text of object 'Object Repository/GreenCleaningPolicy/h3_Status' is: 'ATTEMPTED'

2019-06-06 18:11:49 - [MESSAGE][PASSED] - Text of object 'Object Repository/GreenCleaningPolicy/divval' is: 'ATTEMPTED'

2019-06-06 18:11:49 - [MESSAGE][PASSED] - Text of object 'Object Repository/GreenCleaningPolicy/h3_Status' is: 'ATTEMPTED'

2019-06-06 18:11:49 - [MESSAGE][PASSED] - Object: 'Object Repository/GreenCleaningPolicy/div_Green Cleaning Policy' is clicked on

2019-06-06 18:11:54 - [MESSAGE][PASSED] - Object: 'Object Repository/GreenCleaningPolicy/a_Form (V01)' is clicked on

2019-06-06 18:11:55 - [MESSAGE][PASSED] - Object 'Object Repository/GreenCleaningPolicy/div_Green Cleaning Policy_Credit library' is present

2019-06-06 18:11:55 - [MESSAGE][PASSED] - Run with 'greenCleaningPolicyForm.Runner_NavigateToGCP' was passed

2019-06-06 18:11:55 - [MESSAGE][PASSED] - Call Test Case 'Test Cases/GreenCleaningPolicy/TC_NavigateToGCP' successfully

2019-06-06 18:11:55 - [MESSAGE][PASSED] - Object: 'Object Repository/GreenCleaningPolicy/Option1_GreenCleanPlcy/input_Option1_Radiobtn' is clicked on

2019-06-06 18:11:57 - [MESSAGE][PASSED] - Delayed 2 second(s)

2019-06-06 18:11:57 - [MESSAGE][PASSED] - Scroll to object 'Object Repository/GreenCleaningPolicy/Option1_GreenCleanPlcy/Table_UploadGreenCleaningPolicy' successfully

2019-06-06 18:11:57 - [MESSAGE][PASSED] - Object 'Object Repository/GreenCleaningPolicy/Option1_GreenCleanPlcy/Table_UploadGreenCleaningPolicy' is present

2019-06-06 18:11:57 - [MESSAGE][PASSED] - Scroll to object 'Object Repository/GreenCleaningPolicy/Option1_GreenCleanPlcy/AddFile_UploadGreenCleaningPlcy_Option1/p_Upload the Green Cleaning Policy' successfully

2019-06-06 18:11:59 - [MESSAGE][PASSED] - Delayed 2 second(s)

2019-06-06 18:11:59 - [MESSAGE][PASSED] - Object: 'Object Repository/GreenCleaningPolicy/Option1_GreenCleanPlcy/AddFile_UploadGreenCleaningPlcy_Option1/p_Upload the Green Cleaning Policy' is hovered

2019-06-06 18:11:59 - [MESSAGE][PASSED] - Object: '' is clicked on

2019-06-06 18:11:59 - [MESSAGE][PASSED] - Text of object '' is: 'ZZ.pdf'

2019-06-06 18:12:09 - [MESSAGE][PASSED] - Delayed 10 second(s)

2019-06-06 18:12:19 - [MESSAGE][PASSED] - Delayed 10 second(s)

2019-06-06 18:12:19 - [MESSAGE][PASSED] - Object: 'Object Repository/GreenCleaningPolicy/Option1_GreenCleanPlcy/AddFile_UploadGreenCleaningPlcy_Option1/p_Upload the Green Cleaning Policy' is hovered

2019-06-06 18:12:21 - [MESSAGE][PASSED] - Delayed 2 second(s)

2019-06-06 18:12:23 - [MESSAGE][PASSED] - Delayed 2 second(s)

2019-06-06 18:12:23 - [MESSAGE][PASSED] - Object: 'Object Repository/GreenCleaningPolicy/Option1_GreenCleanPlcy/AddFile_UploadGreenCleaningPlcy_Option1/p_Upload the Green Cleaning Policy' is hovered

2019-06-06 18:12:24 - [MESSAGE][PASSED] - Object: '' is clicked on

2019-06-06 18:12:24 - [MESSAGE][PASSED] - Text of object '' is: 'SamplePPTFile_1000kb.ppt'

2019-06-06 18:12:34 - [MESSAGE][PASSED] - Delayed 10 second(s)

2019-06-06 18:12:44 - [MESSAGE][PASSED] - Delayed 10 second(s)

2019-06-06 18:12:54 - [MESSAGE][PASSED] - Delayed 10 second(s)

2019-06-06 18:13:04 - [MESSAGE][PASSED] - Delayed 10 second(s)

2019-06-06 18:13:14 - [MESSAGE][PASSED] - Delayed 10 second(s)

2019-06-06 18:13:24 - [MESSAGE][PASSED] - Delayed 10 second(s)

2019-06-06 18:13:34 - [MESSAGE][PASSED] - Delayed 10 second(s)

2019-06-06 18:13:44 - [MESSAGE][PASSED] - Delayed 10 second(s)

2019-06-06 18:13:54 - [MESSAGE][PASSED] - Delayed 10 second(s)

2019-06-06 18:14:04 - [MESSAGE][PASSED] - Delayed 10 second(s)

2019-06-06 18:14:14 - [MESSAGE][PASSED] - Delayed 10 second(s)

2019-06-06 18:14:24 - [MESSAGE][PASSED] - Delayed 10 second(s)

2019-06-06 18:14:24 - [MESSAGE][PASSED] - Object: 'Object Repository/GreenCleaningPolicy/Option1_GreenCleanPlcy/AddFile_UploadGreenCleaningPlcy_Option1/p_Upload the Green Cleaning Policy' is hovered

2019-06-06 18:14:26 - [MESSAGE][PASSED] - Delayed 2 second(s)

2019-06-06 18:14:28 - [MESSAGE][PASSED] - Delayed 2 second(s)

2019-06-06 18:14:28 - [MESSAGE][PASSED] - Object: 'Object Repository/GreenCleaningPolicy/Option1_GreenCleanPlcy/AddFile_UploadGreenCleaningPlcy_Option1/p_Upload the Green Cleaning Policy' is hovered

2019-06-06 18:14:28 - [MESSAGE][PASSED] - Object: '' is clicked on

2019-06-06 18:14:28 - [MESSAGE][PASSED] - Text of object '' is: 'SampleGIFImage_350kbmb.gif'

2019-06-06 18:14:38 - [MESSAGE][PASSED] - Delayed 10 second(s)

2019-06-06 18:14:48 - [MESSAGE][PASSED] - Delayed 10 second(s)

2019-06-06 18:14:58 - [MESSAGE][PASSED] - Delayed 10 second(s)

2019-06-06 18:15:08 - [MESSAGE][PASSED] - Delayed 10 second(s)

2019-06-06 18:15:18 - [MESSAGE][PASSED] - Delayed 10 second(s)

2019-06-06 18:15:28 - [MESSAGE][PASSED] - Delayed 10 second(s)

2019-06-06 18:15:28 - [MESSAGE][PASSED] - Object: 'Object Repository/GreenCleaningPolicy/Option1_GreenCleanPlcy/AddFile_UploadGreenCleaningPlcy_Option1/p_Upload the Green Cleaning Policy' is hovered

2019-06-06 18:15:30 - [MESSAGE][PASSED] - Delayed 2 second(s)

2019-06-06 18:15:33 - [MESSAGE][PASSED] - Delayed 3 second(s)

2019-06-06 18:15:35 - [MESSAGE][PASSED] - Delayed 2 second(s)

2019-06-06 18:15:36 - [MESSAGE][PASSED] - Delayed 1 second(s)

2019-06-06 18:15:36 - [MESSAGE][PASSED] - SampleGIFImage_350kbmb.gif exist in H:/Git Projects/Usgbc_LeedOnline_ScoreCard/Usgbc_LeedOnline_ScoreCard/Include/TestData/DownloadedFiles and was deleted

2019-06-06 18:15:36 - [MESSAGE][PASSED] - 

2019-06-06 18:15:36 - [MESSAGE][PASSED] - Actual text 'SampleGIFImage_350kbmb.gif' and expected text 'SampleGIFImage_350kbmb.gif' are matched 

2019-06-06 18:15:38 - [MESSAGE][PASSED] - Delayed 2 second(s)

2019-06-06 18:15:39 - [MESSAGE][PASSED] - Delayed 1 second(s)

2019-06-06 18:15:39 - [MESSAGE][PASSED] - SamplePPTFile_1000kb.ppt exist in H:/Git Projects/Usgbc_LeedOnline_ScoreCard/Usgbc_LeedOnline_ScoreCard/Include/TestData/DownloadedFiles and was deleted

2019-06-06 18:15:39 - [MESSAGE][PASSED] - 

2019-06-06 18:15:39 - [MESSAGE][PASSED] - Actual text 'SamplePPTFile_1000kb.ppt' and expected text 'SamplePPTFile_1000kb.ppt' are matched 

2019-06-06 18:15:41 - [MESSAGE][PASSED] - Delayed 2 second(s)

2019-06-06 18:15:42 - [MESSAGE][PASSED] - Delayed 1 second(s)

2019-06-06 18:15:42 - [MESSAGE][PASSED] - ZZ.pdf exist in H:/Git Projects/Usgbc_LeedOnline_ScoreCard/Usgbc_LeedOnline_ScoreCard/Include/TestData/DownloadedFiles and was deleted

2019-06-06 18:15:42 - [MESSAGE][PASSED] - 

2019-06-06 18:15:42 - [MESSAGE][PASSED] - Actual text 'ZZ.pdf' and expected text 'ZZ.pdf' are matched 

2019-06-06 18:15:42 - [MESSAGE][PASSED] - Scroll to object 'Object Repository/GreenCleaningPolicy/SpecialCircumstances/Table_SpecialCircum' successfully

2019-06-06 18:15:43 - [MESSAGE][PASSED] - Object 'Object Repository/GreenCleaningPolicy/SpecialCircumstances/Table_SpecialCircum' is present

2019-06-06 18:15:43 - [MESSAGE][PASSED] - Scroll to object 'Object Repository/GreenCleaningPolicy/SpecialCircumstances/SC_EditorBox/p_Describe the circumstances limiting the project teams' successfully

2019-06-06 18:15:45 - [MESSAGE][PASSED] - Delayed 2 second(s)

2019-06-06 18:15:45 - [MESSAGE][PASSED] - Object: 'Object Repository/GreenCleaningPolicy/SpecialCircumstances/SC_EditorBox/p_Describe the circumstances limiting the project teams' is hovered

2019-06-06 18:15:45 - [MESSAGE][PASSED] - Object: '' is clicked on

2019-06-06 18:15:45 - [MESSAGE][PASSED] - Text of object '' is: 'ZZ.pdf'

2019-06-06 18:15:55 - [MESSAGE][PASSED] - Delayed 10 second(s)

2019-06-06 18:16:05 - [MESSAGE][PASSED] - Delayed 10 second(s)

2019-06-06 18:16:15 - [MESSAGE][PASSED] - Delayed 10 second(s)

2019-06-06 18:16:25 - [MESSAGE][PASSED] - Delayed 10 second(s)

2019-06-06 18:16:35 - [MESSAGE][PASSED] - Delayed 10 second(s)

2019-06-06 18:16:35 - [MESSAGE][PASSED] - Object: 'Object Repository/GreenCleaningPolicy/SpecialCircumstances/SC_EditorBox/p_Describe the circumstances limiting the project teams' is hovered

2019-06-06 18:16:37 - [MESSAGE][PASSED] - Delayed 2 second(s)

2019-06-06 18:16:39 - [MESSAGE][PASSED] - Delayed 2 second(s)

2019-06-06 18:16:39 - [MESSAGE][PASSED] - Object: 'Object Repository/GreenCleaningPolicy/SpecialCircumstances/SC_EditorBox/p_Describe the circumstances limiting the project teams' is hovered

2019-06-06 18:16:39 - [MESSAGE][PASSED] - Object: '' is clicked on

2019-06-06 18:16:39 - [MESSAGE][PASSED] - Text of object '' is: 'SamplePPTFile_1000kb.ppt'

2019-06-06 18:16:49 - [MESSAGE][PASSED] - Delayed 10 second(s)

2019-06-06 18:16:59 - [MESSAGE][PASSED] - Delayed 10 second(s)

2019-06-06 18:17:09 - [MESSAGE][PASSED] - Delayed 10 second(s)

2019-06-06 18:17:19 - [MESSAGE][PASSED] - Delayed 10 second(s)

2019-06-06 18:17:29 - [MESSAGE][PASSED] - Delayed 10 second(s)

2019-06-06 18:17:39 - [MESSAGE][PASSED] - Delayed 10 second(s)

2019-06-06 18:17:49 - [MESSAGE][PASSED] - Delayed 10 second(s)

2019-06-06 18:17:59 - [MESSAGE][PASSED] - Delayed 10 second(s)

2019-06-06 18:18:09 - [MESSAGE][PASSED] - Delayed 10 second(s)

2019-06-06 18:18:19 - [MESSAGE][PASSED] - Delayed 10 second(s)

2019-06-06 18:18:29 - [MESSAGE][PASSED] - Delayed 10 second(s)

2019-06-06 18:18:39 - [MESSAGE][PASSED] - Delayed 10 second(s)

2019-06-06 18:18:39 - [MESSAGE][PASSED] - Object: 'Object Repository/GreenCleaningPolicy/SpecialCircumstances/SC_EditorBox/p_Describe the circumstances limiting the project teams' is hovered

2019-06-06 18:18:41 - [MESSAGE][PASSED] - Delayed 2 second(s)

2019-06-06 18:18:44 - [MESSAGE][PASSED] - Delayed 2 second(s)

2019-06-06 18:18:44 - [MESSAGE][PASSED] - Object: 'Object Repository/GreenCleaningPolicy/SpecialCircumstances/SC_EditorBox/p_Describe the circumstances limiting the project teams' is hovered

2019-06-06 18:18:44 - [MESSAGE][PASSED] - Object: '' is clicked on

2019-06-06 18:18:44 - [MESSAGE][PASSED] - Text of object '' is: 'SampleGIFImage_350kbmb.gif'

2019-06-06 18:18:54 - [MESSAGE][PASSED] - Delayed 10 second(s)

2019-06-06 18:19:04 - [MESSAGE][PASSED] - Delayed 10 second(s)

2019-06-06 18:19:14 - [MESSAGE][PASSED] - Delayed 10 second(s)

2019-06-06 18:19:24 - [MESSAGE][PASSED] - Delayed 10 second(s)

2019-06-06 18:19:34 - [MESSAGE][PASSED] - Delayed 10 second(s)

2019-06-06 18:19:34 - [MESSAGE][PASSED] - Object: 'Object Repository/GreenCleaningPolicy/SpecialCircumstances/SC_EditorBox/p_Describe the circumstances limiting the project teams' is hovered

2019-06-06 18:19:36 - [MESSAGE][PASSED] - Delayed 2 second(s)

2019-06-06 18:19:39 - [MESSAGE][PASSED] - Delayed 3 second(s)

2019-06-06 18:19:41 - [MESSAGE][PASSED] - Delayed 2 second(s)

2019-06-06 18:19:42 - [MESSAGE][PASSED] - Delayed 1 second(s)

2019-06-06 18:19:42 - [MESSAGE][PASSED] - SampleGIFImage_350kbmb.gif exist in H:/Git Projects/Usgbc_LeedOnline_ScoreCard/Usgbc_LeedOnline_ScoreCard/Include/TestData/DownloadedFiles and was deleted

2019-06-06 18:19:42 - [MESSAGE][PASSED] - 

2019-06-06 18:19:42 - [MESSAGE][PASSED] - Actual text 'SampleGIFImage_350kbmb.gif' and expected text 'SampleGIFImage_350kbmb.gif' are matched 

2019-06-06 18:19:44 - [MESSAGE][PASSED] - Delayed 2 second(s)

2019-06-06 18:19:45 - [MESSAGE][PASSED] - Delayed 1 second(s)

2019-06-06 18:19:45 - [MESSAGE][PASSED] - SamplePPTFile_1000kb.ppt exist in H:/Git Projects/Usgbc_LeedOnline_ScoreCard/Usgbc_LeedOnline_ScoreCard/Include/TestData/DownloadedFiles and was deleted

2019-06-06 18:19:45 - [MESSAGE][PASSED] - 

2019-06-06 18:19:45 - [MESSAGE][PASSED] - Actual text 'SamplePPTFile_1000kb.ppt' and expected text 'SamplePPTFile_1000kb.ppt' are matched 

2019-06-06 18:19:47 - [MESSAGE][PASSED] - Delayed 2 second(s)

2019-06-06 18:19:48 - [MESSAGE][PASSED] - Delayed 1 second(s)

2019-06-06 18:19:48 - [MESSAGE][PASSED] - ZZ.pdf exist in H:/Git Projects/Usgbc_LeedOnline_ScoreCard/Usgbc_LeedOnline_ScoreCard/Include/TestData/DownloadedFiles and was deleted

2019-06-06 18:19:48 - [MESSAGE][PASSED] - 

2019-06-06 18:19:48 - [MESSAGE][PASSED] - Actual text 'ZZ.pdf' and expected text 'ZZ.pdf' are matched 

2019-06-06 18:19:48 - [MESSAGE][PASSED] - Run with 'greenCleaningPolicyForm.Runner_DownloadFiles_option1' was passed]]></system-out>
         <system-err><![CDATA[]]></system-err>
      </testcase>
      <testcase name="Test Cases/GreenCleaningPolicy/TC_GCP_DeleteUploadedFiles_option1" classname="Test Cases/GreenCleaningPolicy/TC_GCP_DeleteUploadedFiles_option1" status="PASSED">
         <system-out><![CDATA[2019-06-06 18:19:48 - [TEST_CASE][PASSED] - Test Cases/GreenCleaningPolicy/TC_GCP_DeleteUploadedFiles_option1: Test Cases/GreenCleaningPolicy/TC_GCP_DeleteUploadedFiles_option1

2019-06-06 18:19:48 - [TEST_STEP][PASSED] - runWithCucumberRunner(greenCleaningPolicyForm.Runner_DeleteUploadedFiles_option1): Run with 'greenCleaningPolicyForm.Runner_DeleteUploadedFiles_option1' was passed

2019-06-06 18:19:49 - [TEST_CASE][PASSED] - Test Cases/GreenCleaningPolicy/TC_NavigateToGCP: Test Cases/GreenCleaningPolicy/TC_NavigateToGCP

2019-06-06 18:19:49 - [TEST_STEP][PASSED] - runWithCucumberRunner(greenCleaningPolicyForm.Runner_NavigateToGCP): Run with 'greenCleaningPolicyForm.Runner_NavigateToGCP' was passed

2019-06-06 18:19:49 - [TEST_CASE][PASSED] - Test Cases/Login/TC_Login: Test Cases/Login/TC_Login

2019-06-06 18:19:49 - [TEST_STEP][PASSED] - runWithCucumberRunner(common.Runner_Login): Run with 'common.Runner_Login' was passed

2019-06-06 18:19:49 - [MESSAGE][WARNING] - A browser is already opened. Closing browser and opening a new one

2019-06-06 18:19:55 - [MESSAGE][INFO] - Starting 'Chrome' driver

2019-06-06 18:19:55 - [MESSAGE][INFO] - User set preference: ['args', '[--window-size=1920,1080]']

2019-06-06 18:20:39 - [MESSAGE][PASSED] - Browser is opened with url: ''

2019-06-06 18:20:56 - [MESSAGE][PASSED] - Navigate to 'https://leedonline-stg.usgbc.org' successfully

2019-06-06 18:20:58 - [MESSAGE][PASSED] - Delayed 2 second(s)

2019-06-06 18:20:58 - [MESSAGE][PASSED] - Text 'jaypeejay@hotmail.com' is set on object 'Object Repository/Login/input_username'

2019-06-06 18:20:58 - [MESSAGE][PASSED] - Text 'initpass' is set on object 'Object Repository/Login/input_password'

2019-06-06 18:21:01 - [MESSAGE][PASSED] - Delayed 3 second(s)

2019-06-06 18:21:01 - [MESSAGE][PASSED] - Scroll to object 'Object Repository/Login/span_End User License Agreement' successfully

2019-06-06 18:21:01 - [MESSAGE][PASSED] - Object 'Object Repository/Login/span_End User License Agreement' is visible

2019-06-06 18:21:01 - [MESSAGE][PASSED] - Object 'Object Repository/Login/span_End User License Agreement' is checked

2019-06-06 18:21:02 - [MESSAGE][PASSED] - Delayed 1 second(s)

2019-06-06 18:21:02 - [MESSAGE][PASSED] - Object: 'Object Repository/Login/button_Log In' is clicked on

2019-06-06 18:21:11 - [MESSAGE][PASSED] - Object: '' is clicked on

2019-06-06 18:21:18 - [MESSAGE][PASSED] - Object: 'Object Repository/Login/a_Credits' is clicked on

2019-06-06 18:21:18 - [MESSAGE][PASSED] - Run with 'common.Runner_Login' was passed

2019-06-06 18:21:18 - [MESSAGE][PASSED] - Call Test Case 'Test Cases/Login/TC_Login' successfully

2019-06-06 18:21:18 - [MESSAGE][PASSED] - Scroll to object 'Object Repository/GreenCleaningPolicy/div_Green Cleaning Policy' successfully

2019-06-06 18:21:18 - [MESSAGE][PASSED] - Object 'Object Repository/GreenCleaningPolicy/div_Green Cleaning Policy' is present

2019-06-06 18:21:18 - [MESSAGE][PASSED] - Text of object 'Object Repository/GreenCleaningPolicy/h3_Status' is: 'ATTEMPTED'

2019-06-06 18:21:18 - [MESSAGE][PASSED] - Text of object 'Object Repository/GreenCleaningPolicy/divval' is: 'ATTEMPTED'

2019-06-06 18:21:18 - [MESSAGE][PASSED] - Text of object 'Object Repository/GreenCleaningPolicy/h3_Status' is: 'ATTEMPTED'

2019-06-06 18:21:18 - [MESSAGE][PASSED] - Object: 'Object Repository/GreenCleaningPolicy/div_Green Cleaning Policy' is clicked on

2019-06-06 18:21:27 - [MESSAGE][PASSED] - Object: 'Object Repository/GreenCleaningPolicy/a_Form (V01)' is clicked on

2019-06-06 18:21:27 - [MESSAGE][PASSED] - Object 'Object Repository/GreenCleaningPolicy/div_Green Cleaning Policy_Credit library' is present

2019-06-06 18:21:27 - [MESSAGE][PASSED] - Run with 'greenCleaningPolicyForm.Runner_NavigateToGCP' was passed

2019-06-06 18:21:27 - [MESSAGE][PASSED] - Call Test Case 'Test Cases/GreenCleaningPolicy/TC_NavigateToGCP' successfully

2019-06-06 18:21:27 - [MESSAGE][PASSED] - Object: 'Object Repository/GreenCleaningPolicy/Option1_GreenCleanPlcy/input_Option1_Radiobtn' is clicked on

2019-06-06 18:21:29 - [MESSAGE][PASSED] - Delayed 2 second(s)

2019-06-06 18:21:29 - [MESSAGE][PASSED] - Scroll to object 'Object Repository/GreenCleaningPolicy/Option1_GreenCleanPlcy/Table_UploadGreenCleaningPolicy' successfully

2019-06-06 18:21:29 - [MESSAGE][PASSED] - Object 'Object Repository/GreenCleaningPolicy/Option1_GreenCleanPlcy/Table_UploadGreenCleaningPolicy' is present

2019-06-06 18:21:29 - [MESSAGE][PASSED] - Scroll to object 'Object Repository/GreenCleaningPolicy/Option1_GreenCleanPlcy/AddFile_UploadGreenCleaningPlcy_Option1/p_Upload the Green Cleaning Policy' successfully

2019-06-06 18:21:30 - [MESSAGE][PASSED] - Delayed 1 second(s)

2019-06-06 18:21:31 - [MESSAGE][PASSED] - Object: '' is clicked on

2019-06-06 18:21:33 - [MESSAGE][PASSED] - Delayed 2 second(s)

2019-06-06 18:21:33 - [MESSAGE][PASSED] - Object: 'Object Repository/LightPollutionReduction/FixtureShielding/button_Yes' is clicked on

2019-06-06 18:21:34 - [MESSAGE][PASSED] - Delayed 1 second(s)

2019-06-06 18:21:34 - [MESSAGE][PASSED] - Object: '' is clicked on

2019-06-06 18:21:36 - [MESSAGE][PASSED] - Delayed 2 second(s)

2019-06-06 18:21:36 - [MESSAGE][PASSED] - Object: 'Object Repository/LightPollutionReduction/FixtureShielding/button_Yes' is clicked on

2019-06-06 18:21:37 - [MESSAGE][PASSED] - Delayed 1 second(s)

2019-06-06 18:21:37 - [MESSAGE][PASSED] - Object: '' is clicked on

2019-06-06 18:21:39 - [MESSAGE][PASSED] - Delayed 2 second(s)

2019-06-06 18:21:39 - [MESSAGE][PASSED] - Object: 'Object Repository/LightPollutionReduction/FixtureShielding/button_Yes' is clicked on

2019-06-06 18:21:42 - [MESSAGE][PASSED] - Delayed 2 second(s)

2019-06-06 18:21:42 - [MESSAGE][PASSED] - Web element with id: 'Object Repository/GreenCleaningPolicy/Option1_GreenCleanPlcy/Table_UploadGreenCleaningPolicy' located by 'By.xpath: //*[@id="greenCleaningPolicyDocs_files"]/table' is not present after '30' second(s)

2019-06-06 18:21:42 - [MESSAGE][PASSED] - Scroll to object 'Object Repository/GreenCleaningPolicy/SpecialCircumstances/Table_SpecialCircum' successfully

2019-06-06 18:21:42 - [MESSAGE][PASSED] - Object 'Object Repository/GreenCleaningPolicy/SpecialCircumstances/Table_SpecialCircum' is present

2019-06-06 18:21:42 - [MESSAGE][PASSED] - Scroll to object 'Object Repository/GreenCleaningPolicy/SpecialCircumstances/SC_EditorBox/p_Describe the circumstances limiting the project teams' successfully

2019-06-06 18:21:43 - [MESSAGE][PASSED] - Delayed 1 second(s)

2019-06-06 18:21:43 - [MESSAGE][PASSED] - Object: '' is clicked on

2019-06-06 18:21:45 - [MESSAGE][PASSED] - Delayed 2 second(s)

2019-06-06 18:21:45 - [MESSAGE][PASSED] - Object: 'Object Repository/LightPollutionReduction/FixtureShielding/button_Yes' is clicked on

2019-06-06 18:21:46 - [MESSAGE][PASSED] - Delayed 1 second(s)

2019-06-06 18:21:46 - [MESSAGE][PASSED] - Object: '' is clicked on

2019-06-06 18:21:48 - [MESSAGE][PASSED] - Delayed 2 second(s)

2019-06-06 18:21:48 - [MESSAGE][PASSED] - Object: 'Object Repository/LightPollutionReduction/FixtureShielding/button_Yes' is clicked on

2019-06-06 18:21:49 - [MESSAGE][PASSED] - Delayed 1 second(s)

2019-06-06 18:21:50 - [MESSAGE][PASSED] - Object: '' is clicked on

2019-06-06 18:21:52 - [MESSAGE][PASSED] - Delayed 2 second(s)

2019-06-06 18:21:52 - [MESSAGE][PASSED] - Object: 'Object Repository/LightPollutionReduction/FixtureShielding/button_Yes' is clicked on

2019-06-06 18:21:54 - [MESSAGE][PASSED] - Delayed 2 second(s)

2019-06-06 18:21:54 - [MESSAGE][PASSED] - Web element with id: 'Object Repository/GreenCleaningPolicy/SpecialCircumstances/Table_SpecialCircum' located by 'By.xpath: //*[@id="splCircumstancesDocs_files"]/table' is not present after '30' second(s)

2019-06-06 18:21:54 - [MESSAGE][PASSED] - Run with 'greenCleaningPolicyForm.Runner_DeleteUploadedFiles_option1' was passed]]></system-out>
         <system-err><![CDATA[]]></system-err>
      </testcase>
      <testcase name="Test Cases/GreenCleaningPolicy/TC_GCP_CertifiedCleaningService" classname="Test Cases/GreenCleaningPolicy/TC_GCP_CertifiedCleaningService" status="FAILED">
         <failure type="FAILED" message="Test Cases/GreenCleaningPolicy/TC_GCP_CertifiedCleaningService FAILED.
Reason:
com.kms.katalon.core.exception.StepFailedException: These following reason:
 [H:\Git Projects\Usgbc_LeedOnline_ScoreCard\Usgbc_LeedOnline_ScoreCard\Include\TestData\DownloadedFiles\creditForm.pdf (The system cannot find the file specified)]
	at com.kms.katalon.core.keyword.internal.KeywordMain.stepFailed(KeywordMain.groovy:48)
	at com.kms.katalon.core.keyword.internal.KeywordMain.stepFailed(KeywordMain.groovy)
	at com.kms.katalon.core.keyword.internal.KeywordMain.stepFailed(KeywordMain.groovy:21)
	at com.kms.katalon.core.keyword.internal.KeywordMain$stepFailed$0.call(Unknown Source)
	at com.kms.katalon.core.cucumber.keyword.CucumberBuiltinKeywords$_runWithCucumberRunner_closure3.doCall(CucumberBuiltinKeywords.groovy:272)
	at com.kms.katalon.core.cucumber.keyword.CucumberBuiltinKeywords$_runWithCucumberRunner_closure3.doCall(CucumberBuiltinKeywords.groovy)
	at com.kms.katalon.core.keyword.internal.KeywordMain.runKeyword(KeywordMain.groovy:66)
	at com.kms.katalon.core.keyword.internal.KeywordMain$runKeyword.call(Unknown Source)
	at com.kms.katalon.core.cucumber.keyword.CucumberBuiltinKeywords.runWithCucumberRunner(CucumberBuiltinKeywords.groovy:257)
	at com.kms.katalon.core.cucumber.keyword.CucumberBuiltinKeywords$runWithCucumberRunner$0.callStatic(Unknown Source)
	at com.kms.katalon.core.cucumber.keyword.CucumberBuiltinKeywords.runWithCucumberRunner(CucumberBuiltinKeywords.groovy:357)
	at com.kms.katalon.core.cucumber.keyword.CucumberBuiltinKeywords$runWithCucumberRunner.call(Unknown Source)
	at TC_GCP_CertifiedCleaningService.run(TC_GCP_CertifiedCleaningService:18)
	at com.kms.katalon.core.main.ScriptEngine.run(ScriptEngine.java:194)
	at com.kms.katalon.core.main.ScriptEngine.runScriptAsRawText(ScriptEngine.java:119)
	at com.kms.katalon.core.main.TestCaseExecutor.runScript(TestCaseExecutor.java:336)
	at com.kms.katalon.core.main.TestCaseExecutor.doExecute(TestCaseExecutor.java:327)
	at com.kms.katalon.core.main.TestCaseExecutor.processExecutionPhase(TestCaseExecutor.java:306)
	at com.kms.katalon.core.main.TestCaseExecutor.accessMainPhase(TestCaseExecutor.java:298)
	at com.kms.katalon.core.main.TestCaseExecutor.execute(TestCaseExecutor.java:232)
	at com.kms.katalon.core.main.TestSuiteExecutor.accessTestCaseMainPhase(TestSuiteExecutor.java:129)
	at com.kms.katalon.core.main.TestSuiteExecutor.accessTestSuiteMainPhase(TestSuiteExecutor.java:112)
	at com.kms.katalon.core.main.TestSuiteExecutor.execute(TestSuiteExecutor.java:81)
	at com.kms.katalon.core.main.TestCaseMain.startTestSuite(TestCaseMain.java:157)
	at com.kms.katalon.core.main.TestCaseMain$startTestSuite$0.call(Unknown Source)
	at TempTestSuite1559824711522.run(TempTestSuite1559824711522.groovy:35)
"/>
         <system-out><![CDATA[2019-06-06 18:21:54 - [TEST_CASE][FAILED] - Test Cases/GreenCleaningPolicy/TC_GCP_CertifiedCleaningService: Test Cases/GreenCleaningPolicy/TC_GCP_CertifiedCleaningService FAILED.
Reason:
com.kms.katalon.core.exception.StepFailedException: These following reason:
 [H:\Git Projects\Usgbc_LeedOnline_ScoreCard\Usgbc_LeedOnline_ScoreCard\Include\TestData\DownloadedFiles\creditForm.pdf (The system cannot find the file specified)]
	at com.kms.katalon.core.keyword.internal.KeywordMain.stepFailed(KeywordMain.groovy:48)
	at com.kms.katalon.core.keyword.internal.KeywordMain.stepFailed(KeywordMain.groovy)
	at com.kms.katalon.core.keyword.internal.KeywordMain.stepFailed(KeywordMain.groovy:21)
	at com.kms.katalon.core.keyword.internal.KeywordMain$stepFailed$0.call(Unknown Source)
	at com.kms.katalon.core.cucumber.keyword.CucumberBuiltinKeywords$_runWithCucumberRunner_closure3.doCall(CucumberBuiltinKeywords.groovy:272)
	at com.kms.katalon.core.cucumber.keyword.CucumberBuiltinKeywords$_runWithCucumberRunner_closure3.doCall(CucumberBuiltinKeywords.groovy)
	at com.kms.katalon.core.keyword.internal.KeywordMain.runKeyword(KeywordMain.groovy:66)
	at com.kms.katalon.core.keyword.internal.KeywordMain$runKeyword.call(Unknown Source)
	at com.kms.katalon.core.cucumber.keyword.CucumberBuiltinKeywords.runWithCucumberRunner(CucumberBuiltinKeywords.groovy:257)
	at com.kms.katalon.core.cucumber.keyword.CucumberBuiltinKeywords$runWithCucumberRunner$0.callStatic(Unknown Source)
	at com.kms.katalon.core.cucumber.keyword.CucumberBuiltinKeywords.runWithCucumberRunner(CucumberBuiltinKeywords.groovy:357)
	at com.kms.katalon.core.cucumber.keyword.CucumberBuiltinKeywords$runWithCucumberRunner.call(Unknown Source)
	at TC_GCP_CertifiedCleaningService.run(TC_GCP_CertifiedCleaningService:18)
	at com.kms.katalon.core.main.ScriptEngine.run(ScriptEngine.java:194)
	at com.kms.katalon.core.main.ScriptEngine.runScriptAsRawText(ScriptEngine.java:119)
	at com.kms.katalon.core.main.TestCaseExecutor.runScript(TestCaseExecutor.java:336)
	at com.kms.katalon.core.main.TestCaseExecutor.doExecute(TestCaseExecutor.java:327)
	at com.kms.katalon.core.main.TestCaseExecutor.processExecutionPhase(TestCaseExecutor.java:306)
	at com.kms.katalon.core.main.TestCaseExecutor.accessMainPhase(TestCaseExecutor.java:298)
	at com.kms.katalon.core.main.TestCaseExecutor.execute(TestCaseExecutor.java:232)
	at com.kms.katalon.core.main.TestSuiteExecutor.accessTestCaseMainPhase(TestSuiteExecutor.java:129)
	at com.kms.katalon.core.main.TestSuiteExecutor.accessTestSuiteMainPhase(TestSuiteExecutor.java:112)
	at com.kms.katalon.core.main.TestSuiteExecutor.execute(TestSuiteExecutor.java:81)
	at com.kms.katalon.core.main.TestCaseMain.startTestSuite(TestCaseMain.java:157)
	at com.kms.katalon.core.main.TestCaseMain$startTestSuite$0.call(Unknown Source)
	at TempTestSuite1559824711522.run(TempTestSuite1559824711522.groovy:35)


2019-06-06 18:21:54 - [TEST_STEP][FAILED] - runWithCucumberRunner(greenCleaningPolicyForm.Runner_CertifiedCleaningService): Keyword runWithCucumberRunner was failed (Root cause: com.kms.katalon.core.exception.StepFailedException: These following reason:
 [H:\Git Projects\Usgbc_LeedOnline_ScoreCard\Usgbc_LeedOnline_ScoreCard\Include\TestData\DownloadedFiles\creditForm.pdf (The system cannot find the file specified)]
	at com.kms.katalon.core.keyword.internal.KeywordMain.stepFailed(KeywordMain.groovy:48)
	at com.kms.katalon.core.keyword.internal.KeywordMain.stepFailed(KeywordMain.groovy)
	at com.kms.katalon.core.keyword.internal.KeywordMain.stepFailed(KeywordMain.groovy:21)
	at com.kms.katalon.core.keyword.internal.KeywordMain$stepFailed$0.call(Unknown Source)
	at com.kms.katalon.core.cucumber.keyword.CucumberBuiltinKeywords$_runWithCucumberRunner_closure3.doCall(CucumberBuiltinKeywords.groovy:272)
	at com.kms.katalon.core.cucumber.keyword.CucumberBuiltinKeywords$_runWithCucumberRunner_closure3.doCall(CucumberBuiltinKeywords.groovy)
	at com.kms.katalon.core.keyword.internal.KeywordMain.runKeyword(KeywordMain.groovy:66)
	at com.kms.katalon.core.keyword.internal.KeywordMain$runKeyword.call(Unknown Source)
	at com.kms.katalon.core.cucumber.keyword.CucumberBuiltinKeywords.runWithCucumberRunner(CucumberBuiltinKeywords.groovy:257)
	at com.kms.katalon.core.cucumber.keyword.CucumberBuiltinKeywords$runWithCucumberRunner$0.callStatic(Unknown Source)
	at com.kms.katalon.core.cucumber.keyword.CucumberBuiltinKeywords.runWithCucumberRunner(CucumberBuiltinKeywords.groovy:357)
	at com.kms.katalon.core.cucumber.keyword.CucumberBuiltinKeywords$runWithCucumberRunner.call(Unknown Source)
	at TC_GCP_CertifiedCleaningService.run(TC_GCP_CertifiedCleaningService:18)
	at com.kms.katalon.core.main.ScriptEngine.run(ScriptEngine.java:194)
	at com.kms.katalon.core.main.ScriptEngine.runScriptAsRawText(ScriptEngine.java:119)
	at com.kms.katalon.core.main.TestCaseExecutor.runScript(TestCaseExecutor.java:336)
	at com.kms.katalon.core.main.TestCaseExecutor.doExecute(TestCaseExecutor.java:327)
	at com.kms.katalon.core.main.TestCaseExecutor.processExecutionPhase(TestCaseExecutor.java:306)
	at com.kms.katalon.core.main.TestCaseExecutor.accessMainPhase(TestCaseExecutor.java:298)
	at com.kms.katalon.core.main.TestCaseExecutor.execute(TestCaseExecutor.java:232)
	at com.kms.katalon.core.main.TestSuiteExecutor.accessTestCaseMainPhase(TestSuiteExecutor.java:129)
	at com.kms.katalon.core.main.TestSuiteExecutor.accessTestSuiteMainPhase(TestSuiteExecutor.java:112)
	at com.kms.katalon.core.main.TestSuiteExecutor.execute(TestSuiteExecutor.java:81)
	at com.kms.katalon.core.main.TestCaseMain.startTestSuite(TestCaseMain.java:157)
	at com.kms.katalon.core.main.TestCaseMain$startTestSuite$0.call(Unknown Source)
	at TempTestSuite1559824711522.run(TempTestSuite1559824711522.groovy:35)
)

2019-06-06 18:21:54 - [TEST_CASE][PASSED] - Test Cases/GreenCleaningPolicy/TC_NavigateToGCP: Test Cases/GreenCleaningPolicy/TC_NavigateToGCP

2019-06-06 18:21:54 - [TEST_STEP][PASSED] - runWithCucumberRunner(greenCleaningPolicyForm.Runner_NavigateToGCP): Run with 'greenCleaningPolicyForm.Runner_NavigateToGCP' was passed

2019-06-06 18:21:55 - [TEST_CASE][PASSED] - Test Cases/Login/TC_Login: Test Cases/Login/TC_Login

2019-06-06 18:21:55 - [TEST_STEP][PASSED] - runWithCucumberRunner(common.Runner_Login): Run with 'common.Runner_Login' was passed

2019-06-06 18:21:55 - [MESSAGE][WARNING] - A browser is already opened. Closing browser and opening a new one

2019-06-06 18:21:58 - [MESSAGE][INFO] - Starting 'Chrome' driver

2019-06-06 18:21:58 - [MESSAGE][INFO] - User set preference: ['args', '[--window-size=1920,1080]']

2019-06-06 18:22:20 - [MESSAGE][PASSED] - Browser is opened with url: ''

2019-06-06 18:22:27 - [MESSAGE][PASSED] - Navigate to 'https://leedonline-stg.usgbc.org' successfully

2019-06-06 18:22:29 - [MESSAGE][PASSED] - Delayed 2 second(s)

2019-06-06 18:22:29 - [MESSAGE][PASSED] - Text 'jaypeejay@hotmail.com' is set on object 'Object Repository/Login/input_username'

2019-06-06 18:22:29 - [MESSAGE][PASSED] - Text 'initpass' is set on object 'Object Repository/Login/input_password'

2019-06-06 18:22:32 - [MESSAGE][PASSED] - Delayed 3 second(s)

2019-06-06 18:22:33 - [MESSAGE][PASSED] - Scroll to object 'Object Repository/Login/span_End User License Agreement' successfully

2019-06-06 18:22:33 - [MESSAGE][PASSED] - Object 'Object Repository/Login/span_End User License Agreement' is visible

2019-06-06 18:22:33 - [MESSAGE][PASSED] - Object 'Object Repository/Login/span_End User License Agreement' is checked

2019-06-06 18:22:34 - [MESSAGE][PASSED] - Delayed 1 second(s)

2019-06-06 18:22:34 - [MESSAGE][PASSED] - Object: 'Object Repository/Login/button_Log In' is clicked on

2019-06-06 18:22:43 - [MESSAGE][PASSED] - Object: '' is clicked on

2019-06-06 18:22:48 - [MESSAGE][PASSED] - Object: 'Object Repository/Login/a_Credits' is clicked on

2019-06-06 18:22:48 - [MESSAGE][PASSED] - Run with 'common.Runner_Login' was passed

2019-06-06 18:22:48 - [MESSAGE][PASSED] - Call Test Case 'Test Cases/Login/TC_Login' successfully

2019-06-06 18:22:49 - [MESSAGE][PASSED] - Scroll to object 'Object Repository/GreenCleaningPolicy/div_Green Cleaning Policy' successfully

2019-06-06 18:22:49 - [MESSAGE][PASSED] - Object 'Object Repository/GreenCleaningPolicy/div_Green Cleaning Policy' is present

2019-06-06 18:22:49 - [MESSAGE][PASSED] - Text of object 'Object Repository/GreenCleaningPolicy/h3_Status' is: 'ATTEMPTED'

2019-06-06 18:22:49 - [MESSAGE][PASSED] - Text of object 'Object Repository/GreenCleaningPolicy/divval' is: 'ATTEMPTED'

2019-06-06 18:22:49 - [MESSAGE][PASSED] - Text of object 'Object Repository/GreenCleaningPolicy/h3_Status' is: 'ATTEMPTED'

2019-06-06 18:22:49 - [MESSAGE][PASSED] - Object: 'Object Repository/GreenCleaningPolicy/div_Green Cleaning Policy' is clicked on

2019-06-06 18:22:58 - [MESSAGE][PASSED] - Object: 'Object Repository/GreenCleaningPolicy/a_Form (V01)' is clicked on

2019-06-06 18:22:59 - [MESSAGE][PASSED] - Object 'Object Repository/GreenCleaningPolicy/div_Green Cleaning Policy_Credit library' is present

2019-06-06 18:22:59 - [MESSAGE][PASSED] - Run with 'greenCleaningPolicyForm.Runner_NavigateToGCP' was passed

2019-06-06 18:22:59 - [MESSAGE][PASSED] - Call Test Case 'Test Cases/GreenCleaningPolicy/TC_NavigateToGCP' successfully

2019-06-06 18:22:59 - [MESSAGE][PASSED] - Object 'Object Repository/GreenCleaningPolicy/Option2_CertifiedCleanService/input_Option 2_RadioBtn' is present

2019-06-06 18:22:59 - [MESSAGE][PASSED] - Object: 'Object Repository/GreenCleaningPolicy/Option2_CertifiedCleanService/input_Option 2_RadioBtn' is clicked on

2019-06-06 18:23:04 - [MESSAGE][PASSED] - Delayed 5 second(s)

2019-06-06 18:23:04 - [MESSAGE][PASSED] - Text 'Option 2. Certified cleaning service' is present on page 

2019-06-06 18:23:04 - [MESSAGE][PASSED] - Object 'Object Repository/GreenCleaningPolicy/Option2_CertifiedCleanService/AddFile_UploadCleaningContract_Option2/p_Upload the Cleaning Contract' is present

2019-06-06 18:23:04 - [MESSAGE][PASSED] - Scroll to object 'Object Repository/GreenCleaningPolicy/Option2_CertifiedCleanService/AddFile_UploadCleaningContract_Option2/p_Upload the Cleaning Contract' successfully

2019-06-06 18:23:04 - [MESSAGE][PASSED] - Object 'Object Repository/GreenCleaningPolicy/Option2_CertifiedCleanService/AddFile_UploadCleaningContract_Option2/Button_UploadCleaningContract' has attribute 'class' with value 'tiny ui button'

2019-06-06 18:23:04 - [MESSAGE][PASSED] - File 'H:\Git Projects\Usgbc_LeedOnline_ScoreCard\Usgbc_LeedOnline_ScoreCard\Include\TestData\MultipleFileDiffExt\SampleGIFImage_350kbmb.gif' sent to object: 'Object Repository/GreenCleaningPolicy/Option2_CertifiedCleanService/AddFile_UploadCleaningContract_Option2/input_UploadCleaningContract'

2019-06-06 18:23:05 - [MESSAGE][PASSED] - Delayed 1 second(s)

2019-06-06 18:23:06 - [MESSAGE][PASSED] - Object 'Object Repository/GreenCleaningPolicy/Option2_CertifiedCleanService/AddFile_UploadCleaningContract_Option2/Button_UploadCleaningContract' has attribute 'class' with value 'tiny ui button'

2019-06-06 18:23:07 - [MESSAGE][PASSED] - File 'H:\Git Projects\Usgbc_LeedOnline_ScoreCard\Usgbc_LeedOnline_ScoreCard\Include\TestData\MultipleFileDiffExt\SamplePPTFile_1000kb.ppt' sent to object: 'Object Repository/GreenCleaningPolicy/Option2_CertifiedCleanService/AddFile_UploadCleaningContract_Option2/input_UploadCleaningContract'

2019-06-06 18:23:08 - [MESSAGE][PASSED] - Delayed 1 second(s)

2019-06-06 18:23:09 - [MESSAGE][PASSED] - Object 'Object Repository/GreenCleaningPolicy/Option2_CertifiedCleanService/AddFile_UploadCleaningContract_Option2/Button_UploadCleaningContract' has attribute 'class' with value 'tiny ui button'

2019-06-06 18:23:09 - [MESSAGE][PASSED] - File 'H:\Git Projects\Usgbc_LeedOnline_ScoreCard\Usgbc_LeedOnline_ScoreCard\Include\TestData\MultipleFileDiffExt\ZZ.pdf' sent to object: 'Object Repository/GreenCleaningPolicy/Option2_CertifiedCleanService/AddFile_UploadCleaningContract_Option2/input_UploadCleaningContract'

2019-06-06 18:23:10 - [MESSAGE][PASSED] - Delayed 1 second(s)

2019-06-06 18:23:10 - [MESSAGE][PASSED] - Object 'Object Repository/GreenCleaningPolicy/Option2_CertifiedCleanService/TextBox_Option2/input_TextBox_GreenCleaningService' is present

2019-06-06 18:23:10 - [MESSAGE][PASSED] - Text '1141' is set on object 'Object Repository/GreenCleaningPolicy/Option2_CertifiedCleanService/TextBox_Option2/input_TextBox_GreenCleaningService'

2019-06-06 18:23:13 - [MESSAGE][PASSED] - Delayed 3 second(s)

2019-06-06 18:23:13 - [MESSAGE][PASSED] - Attribute 'value' of object 'Object Repository/GreenCleaningPolicy/Option2_CertifiedCleanService/TextBox_Option2/input_TextBox_GreenCleaningService' is: '1141'

2019-06-06 18:23:13 - [MESSAGE][PASSED] - Actual text '1141' and expected text '1141' are matched 

2019-06-06 18:23:13 - [MESSAGE][PASSED] - Object 'Object Repository/GreenCleaningPolicy/Option2_CertifiedCleanService/AddFile_UploadInfoShowingContract_Option2/p_Upload the information showing the contractors' is present

2019-06-06 18:23:13 - [MESSAGE][PASSED] - Scroll to object 'Object Repository/GreenCleaningPolicy/Option2_CertifiedCleanService/AddFile_UploadInfoShowingContract_Option2/p_Upload the information showing the contractors' successfully

2019-06-06 18:23:13 - [MESSAGE][PASSED] - Object 'Object Repository/GreenCleaningPolicy/Option2_CertifiedCleanService/AddFile_UploadInfoShowingContract_Option2/Button_UploadInfoShowingContract' has attribute 'class' with value 'tiny ui button'

2019-06-06 18:23:13 - [MESSAGE][PASSED] - File 'H:\Git Projects\Usgbc_LeedOnline_ScoreCard\Usgbc_LeedOnline_ScoreCard\Include\TestData\MultipleFileDiffExt\SampleGIFImage_350kbmb.gif' sent to object: 'Object Repository/GreenCleaningPolicy/Option2_CertifiedCleanService/AddFile_UploadInfoShowingContract_Option2/input_UploadInfoShowingContract'

2019-06-06 18:23:14 - [MESSAGE][PASSED] - Delayed 1 second(s)

2019-06-06 18:23:14 - [MESSAGE][PASSED] - Object 'Object Repository/GreenCleaningPolicy/Option2_CertifiedCleanService/AddFile_UploadInfoShowingContract_Option2/Button_UploadInfoShowingContract' has attribute 'class' with value 'tiny ui button'

2019-06-06 18:23:14 - [MESSAGE][PASSED] - File 'H:\Git Projects\Usgbc_LeedOnline_ScoreCard\Usgbc_LeedOnline_ScoreCard\Include\TestData\MultipleFileDiffExt\SamplePPTFile_1000kb.ppt' sent to object: 'Object Repository/GreenCleaningPolicy/Option2_CertifiedCleanService/AddFile_UploadInfoShowingContract_Option2/input_UploadInfoShowingContract'

2019-06-06 18:23:15 - [MESSAGE][PASSED] - Delayed 1 second(s)

2019-06-06 18:23:18 - [MESSAGE][PASSED] - Object 'Object Repository/GreenCleaningPolicy/Option2_CertifiedCleanService/AddFile_UploadInfoShowingContract_Option2/Button_UploadInfoShowingContract' has attribute 'class' with value 'tiny ui button'

2019-06-06 18:23:19 - [MESSAGE][PASSED] - File 'H:\Git Projects\Usgbc_LeedOnline_ScoreCard\Usgbc_LeedOnline_ScoreCard\Include\TestData\MultipleFileDiffExt\ZZ.pdf' sent to object: 'Object Repository/GreenCleaningPolicy/Option2_CertifiedCleanService/AddFile_UploadInfoShowingContract_Option2/input_UploadInfoShowingContract'

2019-06-06 18:23:20 - [MESSAGE][PASSED] - Delayed 1 second(s)

2019-06-06 18:23:30 - [MESSAGE][PASSED] - Delayed 10 second(s)

2019-06-06 18:23:30 - [MESSAGE][PASSED] - Object 'Object Repository/GreenCleaningPolicy/button_Save' is visible

2019-06-06 18:23:30 - [MESSAGE][PASSED] - Object: 'Object Repository/GreenCleaningPolicy/button_Save' is clicked on

2019-06-06 18:23:32 - [MESSAGE][PASSED] - Delayed 2 second(s)

2019-06-06 18:23:32 - [MESSAGE][PASSED] - Text 'Form data saved successfully.' is present on page 

2019-06-06 18:23:32 - [MESSAGE][PASSED] - Scroll to object 'Object Repository/GreenCleaningPolicy/icon_pdf' successfully

2019-06-06 18:23:32 - [MESSAGE][PASSED] - Object 'Object Repository/GreenCleaningPolicy/icon_pdf' is present

2019-06-06 18:23:37 - [MESSAGE][PASSED] - Delayed 5 second(s)

2019-06-06 18:23:37 - [MESSAGE][PASSED] - Object: 'Object Repository/GreenCleaningPolicy/icon_pdf' is clicked on

2019-06-06 18:23:47 - [MESSAGE][PASSED] - Delayed 10 second(s)

2019-06-06 18:23:47 - [MESSAGE][FAILED] - These following reason:
 [H:\Git Projects\Usgbc_LeedOnline_ScoreCard\Usgbc_LeedOnline_ScoreCard\Include\TestData\DownloadedFiles\creditForm.pdf (The system cannot find the file specified)]

2019-06-06 18:23:47 - [MESSAGE][FAILED] - Keyword runWithCucumberRunner was failed (Root cause: com.kms.katalon.core.exception.StepFailedException: These following reason:
 [H:\Git Projects\Usgbc_LeedOnline_ScoreCard\Usgbc_LeedOnline_ScoreCard\Include\TestData\DownloadedFiles\creditForm.pdf (The system cannot find the file specified)]
	at com.kms.katalon.core.keyword.internal.KeywordMain.stepFailed(KeywordMain.groovy:48)
	at com.kms.katalon.core.keyword.internal.KeywordMain.stepFailed(KeywordMain.groovy)
	at com.kms.katalon.core.keyword.internal.KeywordMain.stepFailed(KeywordMain.groovy:21)
	at com.kms.katalon.core.keyword.internal.KeywordMain$stepFailed$0.call(Unknown Source)
	at com.kms.katalon.core.cucumber.keyword.CucumberBuiltinKeywords$_runWithCucumberRunner_closure3.doCall(CucumberBuiltinKeywords.groovy:272)
	at com.kms.katalon.core.cucumber.keyword.CucumberBuiltinKeywords$_runWithCucumberRunner_closure3.doCall(CucumberBuiltinKeywords.groovy)
	at com.kms.katalon.core.keyword.internal.KeywordMain.runKeyword(KeywordMain.groovy:66)
	at com.kms.katalon.core.keyword.internal.KeywordMain$runKeyword.call(Unknown Source)
	at com.kms.katalon.core.cucumber.keyword.CucumberBuiltinKeywords.runWithCucumberRunner(CucumberBuiltinKeywords.groovy:257)
	at com.kms.katalon.core.cucumber.keyword.CucumberBuiltinKeywords$runWithCucumberRunner$0.callStatic(Unknown Source)
	at com.kms.katalon.core.cucumber.keyword.CucumberBuiltinKeywords.runWithCucumberRunner(CucumberBuiltinKeywords.groovy:357)
	at com.kms.katalon.core.cucumber.keyword.CucumberBuiltinKeywords$runWithCucumberRunner.call(Unknown Source)
	at TC_GCP_CertifiedCleaningService.run(TC_GCP_CertifiedCleaningService:18)
	at com.kms.katalon.core.main.ScriptEngine.run(ScriptEngine.java:194)
	at com.kms.katalon.core.main.ScriptEngine.runScriptAsRawText(ScriptEngine.java:119)
	at com.kms.katalon.core.main.TestCaseExecutor.runScript(TestCaseExecutor.java:336)
	at com.kms.katalon.core.main.TestCaseExecutor.doExecute(TestCaseExecutor.java:327)
	at com.kms.katalon.core.main.TestCaseExecutor.processExecutionPhase(TestCaseExecutor.java:306)
	at com.kms.katalon.core.main.TestCaseExecutor.accessMainPhase(TestCaseExecutor.java:298)
	at com.kms.katalon.core.main.TestCaseExecutor.execute(TestCaseExecutor.java:232)
	at com.kms.katalon.core.main.TestSuiteExecutor.accessTestCaseMainPhase(TestSuiteExecutor.java:129)
	at com.kms.katalon.core.main.TestSuiteExecutor.accessTestSuiteMainPhase(TestSuiteExecutor.java:112)
	at com.kms.katalon.core.main.TestSuiteExecutor.execute(TestSuiteExecutor.java:81)
	at com.kms.katalon.core.main.TestCaseMain.startTestSuite(TestCaseMain.java:157)
	at com.kms.katalon.core.main.TestCaseMain$startTestSuite$0.call(Unknown Source)
	at TempTestSuite1559824711522.run(TempTestSuite1559824711522.groovy:35)
)]]></system-out>
         <system-err><![CDATA[2019-06-06 18:21:54 - [TEST_CASE][FAILED] - Test Cases/GreenCleaningPolicy/TC_GCP_CertifiedCleaningService: Test Cases/GreenCleaningPolicy/TC_GCP_CertifiedCleaningService FAILED.
Reason:
com.kms.katalon.core.exception.StepFailedException: These following reason:
 [H:\Git Projects\Usgbc_LeedOnline_ScoreCard\Usgbc_LeedOnline_ScoreCard\Include\TestData\DownloadedFiles\creditForm.pdf (The system cannot find the file specified)]
	at com.kms.katalon.core.keyword.internal.KeywordMain.stepFailed(KeywordMain.groovy:48)
	at com.kms.katalon.core.keyword.internal.KeywordMain.stepFailed(KeywordMain.groovy)
	at com.kms.katalon.core.keyword.internal.KeywordMain.stepFailed(KeywordMain.groovy:21)
	at com.kms.katalon.core.keyword.internal.KeywordMain$stepFailed$0.call(Unknown Source)
	at com.kms.katalon.core.cucumber.keyword.CucumberBuiltinKeywords$_runWithCucumberRunner_closure3.doCall(CucumberBuiltinKeywords.groovy:272)
	at com.kms.katalon.core.cucumber.keyword.CucumberBuiltinKeywords$_runWithCucumberRunner_closure3.doCall(CucumberBuiltinKeywords.groovy)
	at com.kms.katalon.core.keyword.internal.KeywordMain.runKeyword(KeywordMain.groovy:66)
	at com.kms.katalon.core.keyword.internal.KeywordMain$runKeyword.call(Unknown Source)
	at com.kms.katalon.core.cucumber.keyword.CucumberBuiltinKeywords.runWithCucumberRunner(CucumberBuiltinKeywords.groovy:257)
	at com.kms.katalon.core.cucumber.keyword.CucumberBuiltinKeywords$runWithCucumberRunner$0.callStatic(Unknown Source)
	at com.kms.katalon.core.cucumber.keyword.CucumberBuiltinKeywords.runWithCucumberRunner(CucumberBuiltinKeywords.groovy:357)
	at com.kms.katalon.core.cucumber.keyword.CucumberBuiltinKeywords$runWithCucumberRunner.call(Unknown Source)
	at TC_GCP_CertifiedCleaningService.run(TC_GCP_CertifiedCleaningService:18)
	at com.kms.katalon.core.main.ScriptEngine.run(ScriptEngine.java:194)
	at com.kms.katalon.core.main.ScriptEngine.runScriptAsRawText(ScriptEngine.java:119)
	at com.kms.katalon.core.main.TestCaseExecutor.runScript(TestCaseExecutor.java:336)
	at com.kms.katalon.core.main.TestCaseExecutor.doExecute(TestCaseExecutor.java:327)
	at com.kms.katalon.core.main.TestCaseExecutor.processExecutionPhase(TestCaseExecutor.java:306)
	at com.kms.katalon.core.main.TestCaseExecutor.accessMainPhase(TestCaseExecutor.java:298)
	at com.kms.katalon.core.main.TestCaseExecutor.execute(TestCaseExecutor.java:232)
	at com.kms.katalon.core.main.TestSuiteExecutor.accessTestCaseMainPhase(TestSuiteExecutor.java:129)
	at com.kms.katalon.core.main.TestSuiteExecutor.accessTestSuiteMainPhase(TestSuiteExecutor.java:112)
	at com.kms.katalon.core.main.TestSuiteExecutor.execute(TestSuiteExecutor.java:81)
	at com.kms.katalon.core.main.TestCaseMain.startTestSuite(TestCaseMain.java:157)
	at com.kms.katalon.core.main.TestCaseMain$startTestSuite$0.call(Unknown Source)
	at TempTestSuite1559824711522.run(TempTestSuite1559824711522.groovy:35)]]></system-err>
      </testcase>
      <testcase name="Test Cases/GreenCleaningPolicy/TC_GCP_VerifyUploadedFile_option2" classname="Test Cases/GreenCleaningPolicy/TC_GCP_VerifyUploadedFile_option2" status="FAILED">
         <failure type="FAILED" message="Test Cases/GreenCleaningPolicy/TC_GCP_VerifyUploadedFile_option2 FAILED.
Reason:
com.kms.katalon.core.exception.StepFailedException: These following reason:
 [Unable to scroll to object 'Object Repository/GreenCleaningPolicy/Option1_GreenCleanPlcy/Table_UploadGreenCleaningPolicy', Unable to scroll to object 'Object Repository/GreenCleaningPolicy/SpecialCircumstances/Table_SpecialCircum']
	at com.kms.katalon.core.keyword.internal.KeywordMain.stepFailed(KeywordMain.groovy:48)
	at com.kms.katalon.core.keyword.internal.KeywordMain.stepFailed(KeywordMain.groovy)
	at com.kms.katalon.core.keyword.internal.KeywordMain.stepFailed(KeywordMain.groovy:21)
	at com.kms.katalon.core.keyword.internal.KeywordMain$stepFailed$0.call(Unknown Source)
	at com.kms.katalon.core.cucumber.keyword.CucumberBuiltinKeywords$_runWithCucumberRunner_closure3.doCall(CucumberBuiltinKeywords.groovy:272)
	at com.kms.katalon.core.cucumber.keyword.CucumberBuiltinKeywords$_runWithCucumberRunner_closure3.doCall(CucumberBuiltinKeywords.groovy)
	at com.kms.katalon.core.keyword.internal.KeywordMain.runKeyword(KeywordMain.groovy:66)
	at com.kms.katalon.core.keyword.internal.KeywordMain$runKeyword.call(Unknown Source)
	at com.kms.katalon.core.cucumber.keyword.CucumberBuiltinKeywords.runWithCucumberRunner(CucumberBuiltinKeywords.groovy:257)
	at com.kms.katalon.core.cucumber.keyword.CucumberBuiltinKeywords$runWithCucumberRunner$0.callStatic(Unknown Source)
	at com.kms.katalon.core.cucumber.keyword.CucumberBuiltinKeywords.runWithCucumberRunner(CucumberBuiltinKeywords.groovy:357)
	at com.kms.katalon.core.cucumber.keyword.CucumberBuiltinKeywords$runWithCucumberRunner.call(Unknown Source)
	at TC_GCP_VerifyUploadedFile_option2.run(TC_GCP_VerifyUploadedFile_option2:18)
	at com.kms.katalon.core.main.ScriptEngine.run(ScriptEngine.java:194)
	at com.kms.katalon.core.main.ScriptEngine.runScriptAsRawText(ScriptEngine.java:119)
	at com.kms.katalon.core.main.TestCaseExecutor.runScript(TestCaseExecutor.java:336)
	at com.kms.katalon.core.main.TestCaseExecutor.doExecute(TestCaseExecutor.java:327)
	at com.kms.katalon.core.main.TestCaseExecutor.processExecutionPhase(TestCaseExecutor.java:306)
	at com.kms.katalon.core.main.TestCaseExecutor.accessMainPhase(TestCaseExecutor.java:298)
	at com.kms.katalon.core.main.TestCaseExecutor.execute(TestCaseExecutor.java:232)
	at com.kms.katalon.core.main.TestSuiteExecutor.accessTestCaseMainPhase(TestSuiteExecutor.java:129)
	at com.kms.katalon.core.main.TestSuiteExecutor.accessTestSuiteMainPhase(TestSuiteExecutor.java:112)
	at com.kms.katalon.core.main.TestSuiteExecutor.execute(TestSuiteExecutor.java:81)
	at com.kms.katalon.core.main.TestCaseMain.startTestSuite(TestCaseMain.java:157)
	at com.kms.katalon.core.main.TestCaseMain$startTestSuite$0.call(Unknown Source)
	at TempTestSuite1559824711522.run(TempTestSuite1559824711522.groovy:35)
"/>
         <system-out><![CDATA[2019-06-06 18:23:47 - [TEST_CASE][FAILED] - Test Cases/GreenCleaningPolicy/TC_GCP_VerifyUploadedFile_option2: Test Cases/GreenCleaningPolicy/TC_GCP_VerifyUploadedFile_option2 FAILED.
Reason:
com.kms.katalon.core.exception.StepFailedException: These following reason:
 [Unable to scroll to object 'Object Repository/GreenCleaningPolicy/Option1_GreenCleanPlcy/Table_UploadGreenCleaningPolicy', Unable to scroll to object 'Object Repository/GreenCleaningPolicy/SpecialCircumstances/Table_SpecialCircum']
	at com.kms.katalon.core.keyword.internal.KeywordMain.stepFailed(KeywordMain.groovy:48)
	at com.kms.katalon.core.keyword.internal.KeywordMain.stepFailed(KeywordMain.groovy)
	at com.kms.katalon.core.keyword.internal.KeywordMain.stepFailed(KeywordMain.groovy:21)
	at com.kms.katalon.core.keyword.internal.KeywordMain$stepFailed$0.call(Unknown Source)
	at com.kms.katalon.core.cucumber.keyword.CucumberBuiltinKeywords$_runWithCucumberRunner_closure3.doCall(CucumberBuiltinKeywords.groovy:272)
	at com.kms.katalon.core.cucumber.keyword.CucumberBuiltinKeywords$_runWithCucumberRunner_closure3.doCall(CucumberBuiltinKeywords.groovy)
	at com.kms.katalon.core.keyword.internal.KeywordMain.runKeyword(KeywordMain.groovy:66)
	at com.kms.katalon.core.keyword.internal.KeywordMain$runKeyword.call(Unknown Source)
	at com.kms.katalon.core.cucumber.keyword.CucumberBuiltinKeywords.runWithCucumberRunner(CucumberBuiltinKeywords.groovy:257)
	at com.kms.katalon.core.cucumber.keyword.CucumberBuiltinKeywords$runWithCucumberRunner$0.callStatic(Unknown Source)
	at com.kms.katalon.core.cucumber.keyword.CucumberBuiltinKeywords.runWithCucumberRunner(CucumberBuiltinKeywords.groovy:357)
	at com.kms.katalon.core.cucumber.keyword.CucumberBuiltinKeywords$runWithCucumberRunner.call(Unknown Source)
	at TC_GCP_VerifyUploadedFile_option2.run(TC_GCP_VerifyUploadedFile_option2:18)
	at com.kms.katalon.core.main.ScriptEngine.run(ScriptEngine.java:194)
	at com.kms.katalon.core.main.ScriptEngine.runScriptAsRawText(ScriptEngine.java:119)
	at com.kms.katalon.core.main.TestCaseExecutor.runScript(TestCaseExecutor.java:336)
	at com.kms.katalon.core.main.TestCaseExecutor.doExecute(TestCaseExecutor.java:327)
	at com.kms.katalon.core.main.TestCaseExecutor.processExecutionPhase(TestCaseExecutor.java:306)
	at com.kms.katalon.core.main.TestCaseExecutor.accessMainPhase(TestCaseExecutor.java:298)
	at com.kms.katalon.core.main.TestCaseExecutor.execute(TestCaseExecutor.java:232)
	at com.kms.katalon.core.main.TestSuiteExecutor.accessTestCaseMainPhase(TestSuiteExecutor.java:129)
	at com.kms.katalon.core.main.TestSuiteExecutor.accessTestSuiteMainPhase(TestSuiteExecutor.java:112)
	at com.kms.katalon.core.main.TestSuiteExecutor.execute(TestSuiteExecutor.java:81)
	at com.kms.katalon.core.main.TestCaseMain.startTestSuite(TestCaseMain.java:157)
	at com.kms.katalon.core.main.TestCaseMain$startTestSuite$0.call(Unknown Source)
	at TempTestSuite1559824711522.run(TempTestSuite1559824711522.groovy:35)


2019-06-06 18:23:47 - [TEST_STEP][FAILED] - runWithCucumberRunner(greenCleaningPolicyForm.Runner_VerifyUploadedFile_option2): Keyword runWithCucumberRunner was failed (Root cause: com.kms.katalon.core.exception.StepFailedException: These following reason:
 [Unable to scroll to object 'Object Repository/GreenCleaningPolicy/Option1_GreenCleanPlcy/Table_UploadGreenCleaningPolicy', Unable to scroll to object 'Object Repository/GreenCleaningPolicy/SpecialCircumstances/Table_SpecialCircum']
	at com.kms.katalon.core.keyword.internal.KeywordMain.stepFailed(KeywordMain.groovy:48)
	at com.kms.katalon.core.keyword.internal.KeywordMain.stepFailed(KeywordMain.groovy)
	at com.kms.katalon.core.keyword.internal.KeywordMain.stepFailed(KeywordMain.groovy:21)
	at com.kms.katalon.core.keyword.internal.KeywordMain$stepFailed$0.call(Unknown Source)
	at com.kms.katalon.core.cucumber.keyword.CucumberBuiltinKeywords$_runWithCucumberRunner_closure3.doCall(CucumberBuiltinKeywords.groovy:272)
	at com.kms.katalon.core.cucumber.keyword.CucumberBuiltinKeywords$_runWithCucumberRunner_closure3.doCall(CucumberBuiltinKeywords.groovy)
	at com.kms.katalon.core.keyword.internal.KeywordMain.runKeyword(KeywordMain.groovy:66)
	at com.kms.katalon.core.keyword.internal.KeywordMain$runKeyword.call(Unknown Source)
	at com.kms.katalon.core.cucumber.keyword.CucumberBuiltinKeywords.runWithCucumberRunner(CucumberBuiltinKeywords.groovy:257)
	at com.kms.katalon.core.cucumber.keyword.CucumberBuiltinKeywords$runWithCucumberRunner$0.callStatic(Unknown Source)
	at com.kms.katalon.core.cucumber.keyword.CucumberBuiltinKeywords.runWithCucumberRunner(CucumberBuiltinKeywords.groovy:357)
	at com.kms.katalon.core.cucumber.keyword.CucumberBuiltinKeywords$runWithCucumberRunner.call(Unknown Source)
	at TC_GCP_VerifyUploadedFile_option2.run(TC_GCP_VerifyUploadedFile_option2:18)
	at com.kms.katalon.core.main.ScriptEngine.run(ScriptEngine.java:194)
	at com.kms.katalon.core.main.ScriptEngine.runScriptAsRawText(ScriptEngine.java:119)
	at com.kms.katalon.core.main.TestCaseExecutor.runScript(TestCaseExecutor.java:336)
	at com.kms.katalon.core.main.TestCaseExecutor.doExecute(TestCaseExecutor.java:327)
	at com.kms.katalon.core.main.TestCaseExecutor.processExecutionPhase(TestCaseExecutor.java:306)
	at com.kms.katalon.core.main.TestCaseExecutor.accessMainPhase(TestCaseExecutor.java:298)
	at com.kms.katalon.core.main.TestCaseExecutor.execute(TestCaseExecutor.java:232)
	at com.kms.katalon.core.main.TestSuiteExecutor.accessTestCaseMainPhase(TestSuiteExecutor.java:129)
	at com.kms.katalon.core.main.TestSuiteExecutor.accessTestSuiteMainPhase(TestSuiteExecutor.java:112)
	at com.kms.katalon.core.main.TestSuiteExecutor.execute(TestSuiteExecutor.java:81)
	at com.kms.katalon.core.main.TestCaseMain.startTestSuite(TestCaseMain.java:157)
	at com.kms.katalon.core.main.TestCaseMain$startTestSuite$0.call(Unknown Source)
	at TempTestSuite1559824711522.run(TempTestSuite1559824711522.groovy:35)
)

2019-06-06 18:23:48 - [TEST_CASE][PASSED] - Test Cases/GreenCleaningPolicy/TC_NavigateToGCP: Test Cases/GreenCleaningPolicy/TC_NavigateToGCP

2019-06-06 18:23:48 - [TEST_STEP][PASSED] - runWithCucumberRunner(greenCleaningPolicyForm.Runner_NavigateToGCP): Run with 'greenCleaningPolicyForm.Runner_NavigateToGCP' was passed

2019-06-06 18:23:48 - [TEST_CASE][PASSED] - Test Cases/Login/TC_Login: Test Cases/Login/TC_Login

2019-06-06 18:23:48 - [TEST_STEP][PASSED] - runWithCucumberRunner(common.Runner_Login): Run with 'common.Runner_Login' was passed

2019-06-06 18:23:48 - [MESSAGE][WARNING] - A browser is already opened. Closing browser and opening a new one

2019-06-06 18:23:50 - [MESSAGE][INFO] - Starting 'Chrome' driver

2019-06-06 18:23:50 - [MESSAGE][INFO] - User set preference: ['args', '[--window-size=1920,1080]']

2019-06-06 18:24:22 - [MESSAGE][PASSED] - Browser is opened with url: ''

2019-06-06 18:24:29 - [MESSAGE][PASSED] - Navigate to 'https://leedonline-stg.usgbc.org' successfully

2019-06-06 18:24:31 - [MESSAGE][PASSED] - Delayed 2 second(s)

2019-06-06 18:24:32 - [MESSAGE][PASSED] - Text 'jaypeejay@hotmail.com' is set on object 'Object Repository/Login/input_username'

2019-06-06 18:24:32 - [MESSAGE][PASSED] - Text 'initpass' is set on object 'Object Repository/Login/input_password'

2019-06-06 18:24:35 - [MESSAGE][PASSED] - Delayed 3 second(s)

2019-06-06 18:24:35 - [MESSAGE][PASSED] - Scroll to object 'Object Repository/Login/span_End User License Agreement' successfully

2019-06-06 18:24:35 - [MESSAGE][PASSED] - Object 'Object Repository/Login/span_End User License Agreement' is visible

2019-06-06 18:24:35 - [MESSAGE][PASSED] - Object 'Object Repository/Login/span_End User License Agreement' is checked

2019-06-06 18:24:36 - [MESSAGE][PASSED] - Delayed 1 second(s)

2019-06-06 18:24:36 - [MESSAGE][PASSED] - Object: 'Object Repository/Login/button_Log In' is clicked on

2019-06-06 18:24:46 - [MESSAGE][PASSED] - Object: '' is clicked on

2019-06-06 18:24:50 - [MESSAGE][PASSED] - Object: 'Object Repository/Login/a_Credits' is clicked on

2019-06-06 18:24:50 - [MESSAGE][PASSED] - Run with 'common.Runner_Login' was passed

2019-06-06 18:24:50 - [MESSAGE][PASSED] - Call Test Case 'Test Cases/Login/TC_Login' successfully

2019-06-06 18:24:50 - [MESSAGE][PASSED] - Scroll to object 'Object Repository/GreenCleaningPolicy/div_Green Cleaning Policy' successfully

2019-06-06 18:24:50 - [MESSAGE][PASSED] - Object 'Object Repository/GreenCleaningPolicy/div_Green Cleaning Policy' is present

2019-06-06 18:24:50 - [MESSAGE][PASSED] - Text of object 'Object Repository/GreenCleaningPolicy/h3_Status' is: 'ATTEMPTED'

2019-06-06 18:24:50 - [MESSAGE][PASSED] - Text of object 'Object Repository/GreenCleaningPolicy/divval' is: 'ATTEMPTED'

2019-06-06 18:24:51 - [MESSAGE][PASSED] - Text of object 'Object Repository/GreenCleaningPolicy/h3_Status' is: 'ATTEMPTED'

2019-06-06 18:24:51 - [MESSAGE][PASSED] - Object: 'Object Repository/GreenCleaningPolicy/div_Green Cleaning Policy' is clicked on

2019-06-06 18:25:00 - [MESSAGE][PASSED] - Object: 'Object Repository/GreenCleaningPolicy/a_Form (V01)' is clicked on

2019-06-06 18:25:00 - [MESSAGE][PASSED] - Object 'Object Repository/GreenCleaningPolicy/div_Green Cleaning Policy_Credit library' is present

2019-06-06 18:25:00 - [MESSAGE][PASSED] - Run with 'greenCleaningPolicyForm.Runner_NavigateToGCP' was passed

2019-06-06 18:25:00 - [MESSAGE][PASSED] - Call Test Case 'Test Cases/GreenCleaningPolicy/TC_NavigateToGCP' successfully

2019-06-06 18:25:00 - [MESSAGE][PASSED] - Object: 'Object Repository/GreenCleaningPolicy/Option1_GreenCleanPlcy/input_Option1_Radiobtn' is clicked on

2019-06-06 18:25:02 - [MESSAGE][PASSED] - Delayed 2 second(s)

2019-06-06 18:25:33 - [MESSAGE][INFO] - Unable to find the element located by 'By.xpath: //*[@id="greenCleaningPolicyDocs_files"]/table'. Please recheck the objects properties to make sure the desired element is located. 

2019-06-06 18:25:34 - [MESSAGE][FAILED] - Unable to scroll to object 'Object Repository/GreenCleaningPolicy/Option1_GreenCleanPlcy/Table_UploadGreenCleaningPolicy' (Root cause: com.kms.katalon.core.exception.StepFailedException: Unable to scroll to object 'Object Repository/GreenCleaningPolicy/Option1_GreenCleanPlcy/Table_UploadGreenCleaningPolicy'
	at com.kms.katalon.core.webui.keyword.internal.WebUIKeywordMain.stepFailed(WebUIKeywordMain.groovy:64)
	at com.kms.katalon.core.webui.keyword.internal.WebUIKeywordMain.runKeyword(WebUIKeywordMain.groovy:26)
	at com.kms.katalon.core.webui.keyword.builtin.ScrollToElementKeyword.scrollToElement(ScrollToElementKeyword.groovy:88)
	at com.kms.katalon.core.webui.keyword.builtin.ScrollToElementKeyword.execute(ScrollToElementKeyword.groovy:68)
	at com.kms.katalon.core.keyword.internal.KeywordExecutor.executeKeywordForPlatform(KeywordExecutor.groovy:56)
	at com.kms.katalon.core.webui.keyword.WebUiBuiltInKeywords.scrollToElement(WebUiBuiltInKeywords.groovy:2975)
	at com.kms.katalon.core.webui.keyword.WebUiBuiltInKeywords$scrollToElement$2.call(Unknown Source)
	at greenCleaningPolicyForm.VerifyGreenCleaningPolicy.user_has_to_see_the_table_of_uploaded_files_on_Green_Cleaning_Policy(VerifyGreenCleaningPolicy.groovy:69)
	at cucumber.runtime.Utils$1.call(Utils.java:26)
	at cucumber.runtime.Timeout.timeout(Timeout.java:16)
	at cucumber.runtime.Utils.invoke(Utils.java:20)
	at cucumber.runtime.java.JavaStepDefinition.execute(JavaStepDefinition.java:48)
	at cucumber.runtime.PickleStepDefinitionMatch.runStep(PickleStepDefinitionMatch.java:50)
	at cucumber.runner.TestStep.executeStep(TestStep.java:55)
	at cucumber.runner.TestStep.run(TestStep.java:42)
	at cucumber.runner.PickleStepTestStep.run(PickleStepTestStep.java:53)
	at cucumber.runner.TestCase.run(TestCase.java:47)
	at cucumber.runner.Runner.runPickle(Runner.java:44)
	at cucumber.runtime.junit.PickleRunners$NoStepDescriptions.run(PickleRunners.java:140)
	at cucumber.runtime.junit.FeatureRunner.runChild(FeatureRunner.java:68)
	at cucumber.runtime.junit.FeatureRunner.runChild(FeatureRunner.java:23)
	at org.junit.runners.ParentRunner$3.run(ParentRunner.java:290)
	at org.junit.runners.ParentRunner$1.schedule(ParentRunner.java:71)
	at org.junit.runners.ParentRunner.runChildren(ParentRunner.java:288)
	at org.junit.runners.ParentRunner.access$000(ParentRunner.java:58)
	at org.junit.runners.ParentRunner$2.evaluate(ParentRunner.java:268)
	at org.junit.runners.ParentRunner.run(ParentRunner.java:363)
	at cucumber.runtime.junit.FeatureRunner.run(FeatureRunner.java:73)
	at cucumber.api.junit.Cucumber.runChild(Cucumber.java:98)
	at cucumber.api.junit.Cucumber.runChild(Cucumber.java:55)
	at org.junit.runners.ParentRunner$3.run(ParentRunner.java:290)
	at org.junit.runners.ParentRunner$1.schedule(ParentRunner.java:71)
	at org.junit.runners.ParentRunner.runChildren(ParentRunner.java:288)
	at org.junit.runners.ParentRunner.access$000(ParentRunner.java:58)
	at org.junit.runners.ParentRunner$2.evaluate(ParentRunner.java:268)
	at cucumber.api.junit.Cucumber$1.evaluate(Cucumber.java:107)
	at org.junit.runners.ParentRunner.run(ParentRunner.java:363)
	at org.junit.runners.Suite.runChild(Suite.java:128)
	at org.junit.runners.Suite.runChild(Suite.java:27)
	at org.junit.runners.ParentRunner$3.run(ParentRunner.java:290)
	at org.junit.runners.ParentRunner$1.schedule(ParentRunner.java:71)
	at org.junit.runners.ParentRunner.runChildren(ParentRunner.java:288)
	at org.junit.runners.ParentRunner.access$000(ParentRunner.java:58)
	at org.junit.runners.ParentRunner$2.evaluate(ParentRunner.java:268)
	at org.junit.runners.ParentRunner.run(ParentRunner.java:363)
	at org.junit.runner.JUnitCore.run(JUnitCore.java:137)
	at org.junit.runner.JUnitCore.run(JUnitCore.java:115)
	at org.junit.runner.JUnitCore.run(JUnitCore.java:105)
	at com.kms.katalon.core.cucumber.keyword.CucumberBuiltinKeywords$_runWithCucumberRunner_closure3.doCall(CucumberBuiltinKeywords.groovy:260)
	at com.kms.katalon.core.cucumber.keyword.CucumberBuiltinKeywords$_runWithCucumberRunner_closure3.doCall(CucumberBuiltinKeywords.groovy)
	at com.kms.katalon.core.keyword.internal.KeywordMain.runKeyword(KeywordMain.groovy:66)
	at com.kms.katalon.core.keyword.internal.KeywordMain$runKeyword.call(Unknown Source)
	at com.kms.katalon.core.cucumber.keyword.CucumberBuiltinKeywords.runWithCucumberRunner(CucumberBuiltinKeywords.groovy:257)
	at com.kms.katalon.core.cucumber.keyword.CucumberBuiltinKeywords$runWithCucumberRunner$0.callStatic(Unknown Source)
	at com.kms.katalon.core.cucumber.keyword.CucumberBuiltinKeywords.runWithCucumberRunner(CucumberBuiltinKeywords.groovy:357)
	at com.kms.katalon.core.cucumber.keyword.CucumberBuiltinKeywords$runWithCucumberRunner.call(Unknown Source)
	at TC_GCP_VerifyUploadedFile_option2.run(TC_GCP_VerifyUploadedFile_option2:18)
	at com.kms.katalon.core.main.ScriptEngine.run(ScriptEngine.java:194)
	at com.kms.katalon.core.main.ScriptEngine.runScriptAsRawText(ScriptEngine.java:119)
	at com.kms.katalon.core.main.TestCaseExecutor.runScript(TestCaseExecutor.java:336)
	at com.kms.katalon.core.main.TestCaseExecutor.doExecute(TestCaseExecutor.java:327)
	at com.kms.katalon.core.main.TestCaseExecutor.processExecutionPhase(TestCaseExecutor.java:306)
	at com.kms.katalon.core.main.TestCaseExecutor.accessMainPhase(TestCaseExecutor.java:298)
	at com.kms.katalon.core.main.TestCaseExecutor.execute(TestCaseExecutor.java:232)
	at com.kms.katalon.core.main.TestSuiteExecutor.accessTestCaseMainPhase(TestSuiteExecutor.java:129)
	at com.kms.katalon.core.main.TestSuiteExecutor.accessTestSuiteMainPhase(TestSuiteExecutor.java:112)
	at com.kms.katalon.core.main.TestSuiteExecutor.execute(TestSuiteExecutor.java:81)
	at com.kms.katalon.core.main.TestCaseMain.startTestSuite(TestCaseMain.java:157)
	at com.kms.katalon.core.main.TestCaseMain$startTestSuite$0.call(Unknown Source)
	at TempTestSuite1559824711522.run(TempTestSuite1559824711522.groovy:35)
Caused by: com.kms.katalon.core.webui.exception.WebElementNotFoundException: Web element with id: 'Object Repository/GreenCleaningPolicy/Option1_GreenCleanPlcy/Table_UploadGreenCleaningPolicy' located by 'By.xpath: //*[@id="greenCleaningPolicyDocs_files"]/table' not found
	at com.kms.katalon.core.webui.common.WebUiCommonHelper.findWebElement(WebUiCommonHelper.java:1097)
	at com.kms.katalon.core.webui.keyword.internal.WebUIAbstractKeyword.findWebElement(WebUIAbstractKeyword.groovy:27)
	at com.kms.katalon.core.webui.keyword.internal.WebUIAbstractKeyword.findWebElement(WebUIAbstractKeyword.groovy:26)
	at com.kms.katalon.core.webui.keyword.builtin.ScrollToElementKeyword$_scrollToElement_closure1.doCall(ScrollToElementKeyword.groovy:79)
	at com.kms.katalon.core.webui.keyword.builtin.ScrollToElementKeyword$_scrollToElement_closure1.call(ScrollToElementKeyword.groovy)
	at com.kms.katalon.core.webui.keyword.internal.WebUIKeywordMain.runKeyword(WebUIKeywordMain.groovy:20)
	at com.kms.katalon.core.webui.keyword.builtin.ScrollToElementKeyword.scrollToElement(ScrollToElementKeyword.groovy:88)
	at com.kms.katalon.core.webui.keyword.builtin.ScrollToElementKeyword.execute(ScrollToElementKeyword.groovy:68)
	at com.kms.katalon.core.keyword.internal.KeywordExecutor.executeKeywordForPlatform(KeywordExecutor.groovy:56)
	at com.kms.katalon.core.webui.keyword.WebUiBuiltInKeywords.scrollToElement(WebUiBuiltInKeywords.groovy:2975)
	at com.kms.katalon.core.webui.keyword.WebUiBuiltInKeywords$scrollToElement$2.call(Unknown Source)
	at greenCleaningPolicyForm.VerifyGreenCleaningPolicy.user_has_to_see_the_table_of_uploaded_files_on_Green_Cleaning_Policy(VerifyGreenCleaningPolicy.groovy:69)
	at cucumber.runtime.Utils$1.call(Utils.java:26)
	at cucumber.runtime.Timeout.timeout(Timeout.java:16)
	at cucumber.runtime.Utils.invoke(Utils.java:20)
	at cucumber.runtime.java.JavaStepDefinition.execute(JavaStepDefinition.java:48)
	at cucumber.runtime.PickleStepDefinitionMatch.runStep(PickleStepDefinitionMatch.java:50)
	at cucumber.runner.TestStep.executeStep(TestStep.java:55)
	at cucumber.runner.TestStep.run(TestStep.java:42)
	at cucumber.runner.PickleStepTestStep.run(PickleStepTestStep.java:53)
	at cucumber.runner.TestCase.run(TestCase.java:47)
	at cucumber.runner.Runner.runPickle(Runner.java:44)
	at cucumber.runtime.junit.PickleRunners$NoStepDescriptions.run(PickleRunners.java:140)
	at cucumber.runtime.junit.FeatureRunner.runChild(FeatureRunner.java:68)
	at cucumber.runtime.junit.FeatureRunner.runChild(FeatureRunner.java:23)
	at org.junit.runners.ParentRunner$3.run(ParentRunner.java:290)
	at org.junit.runners.ParentRunner$1.schedule(ParentRunner.java:71)
	at org.junit.runners.ParentRunner.runChildren(ParentRunner.java:288)
	at org.junit.runners.ParentRunner.access$000(ParentRunner.java:58)
	at org.junit.runners.ParentRunner$2.evaluate(ParentRunner.java:268)
	at org.junit.runners.ParentRunner.run(ParentRunner.java:363)
	at cucumber.runtime.junit.FeatureRunner.run(FeatureRunner.java:73)
	at cucumber.api.junit.Cucumber.runChild(Cucumber.java:98)
	at cucumber.api.junit.Cucumber.runChild(Cucumber.java:55)
	at org.junit.runners.ParentRunner$3.run(ParentRunner.java:290)
	at org.junit.runners.ParentRunner$1.schedule(ParentRunner.java:71)
	at org.junit.runners.ParentRunner.runChildren(ParentRunner.java:288)
	at org.junit.runners.ParentRunner.access$000(ParentRunner.java:58)
	at org.junit.runners.ParentRunner$2.evaluate(ParentRunner.java:268)
	at cucumber.api.junit.Cucumber$1.evaluate(Cucumber.java:107)
	at org.junit.runners.ParentRunner.run(ParentRunner.java:363)
	at org.junit.runners.Suite.runChild(Suite.java:128)
	at org.junit.runners.Suite.runChild(Suite.java:27)
	at org.junit.runners.ParentRunner$3.run(ParentRunner.java:290)
	at org.junit.runners.ParentRunner$1.schedule(ParentRunner.java:71)
	at org.junit.runners.ParentRunner.runChildren(ParentRunner.java:288)
	at org.junit.runners.ParentRunner.access$000(ParentRunner.java:58)
	at org.junit.runners.ParentRunner$2.evaluate(ParentRunner.java:268)
	at org.junit.runners.ParentRunner.run(ParentRunner.java:363)
	at org.junit.runner.JUnitCore.run(JUnitCore.java:137)
	at org.junit.runner.JUnitCore.run(JUnitCore.java:115)
	at org.junit.runner.JUnitCore.run(JUnitCore.java:105)
	at com.kms.katalon.core.cucumber.keyword.CucumberBuiltinKeywords$_runWithCucumberRunner_closure3.doCall(CucumberBuiltinKeywords.groovy:260)
	at com.kms.katalon.core.cucumber.keyword.CucumberBuiltinKeywords$_runWithCucumberRunner_closure3.doCall(CucumberBuiltinKeywords.groovy)
	at com.kms.katalon.core.keyword.internal.KeywordMain.runKeyword(KeywordMain.groovy:66)
	at com.kms.katalon.core.keyword.internal.KeywordMain$runKeyword.call(Unknown Source)
	at com.kms.katalon.core.cucumber.keyword.CucumberBuiltinKeywords.runWithCucumberRunner(CucumberBuiltinKeywords.groovy:257)
	at com.kms.katalon.core.cucumber.keyword.CucumberBuiltinKeywords$runWithCucumberRunner$0.callStatic(Unknown Source)
	at com.kms.katalon.core.cucumber.keyword.CucumberBuiltinKeywords.runWithCucumberRunner(CucumberBuiltinKeywords.groovy:357)
	at com.kms.katalon.core.cucumber.keyword.CucumberBuiltinKeywords$runWithCucumberRunner.call(Unknown Source)
	at Script1559800100821.run(Script1559800100821.groovy:18)
	... 13 more
)
[[ATTACHMENT|H:\\Git Projects\\Usgbc_LeedOnline_ScoreCard\\Usgbc_LeedOnline_ScoreCard\\Reports\\GCP_SmokeTest\\20190606_180831\\1559825733803.png]]

2019-06-06 18:26:05 - [MESSAGE][INFO] - Unable to find the element located by 'By.xpath: //*[@id="splCircumstancesDocs_files"]/table'. Please recheck the objects properties to make sure the desired element is located. 

2019-06-06 18:26:05 - [MESSAGE][FAILED] - Unable to scroll to object 'Object Repository/GreenCleaningPolicy/SpecialCircumstances/Table_SpecialCircum' (Root cause: com.kms.katalon.core.exception.StepFailedException: Unable to scroll to object 'Object Repository/GreenCleaningPolicy/SpecialCircumstances/Table_SpecialCircum'
	at com.kms.katalon.core.webui.keyword.internal.WebUIKeywordMain.stepFailed(WebUIKeywordMain.groovy:64)
	at com.kms.katalon.core.webui.keyword.internal.WebUIKeywordMain.runKeyword(WebUIKeywordMain.groovy:26)
	at com.kms.katalon.core.webui.keyword.builtin.ScrollToElementKeyword.scrollToElement(ScrollToElementKeyword.groovy:88)
	at com.kms.katalon.core.webui.keyword.builtin.ScrollToElementKeyword.execute(ScrollToElementKeyword.groovy:68)
	at com.kms.katalon.core.keyword.internal.KeywordExecutor.executeKeywordForPlatform(KeywordExecutor.groovy:56)
	at com.kms.katalon.core.webui.keyword.WebUiBuiltInKeywords.scrollToElement(WebUiBuiltInKeywords.groovy:2975)
	at com.kms.katalon.core.webui.keyword.WebUiBuiltInKeywords$scrollToElement$2.call(Unknown Source)
	at greenCleaningPolicyForm.VerifyGreenCleaningPolicy.user_has_to_see_the_table_of_uploaded_files_on_special_circumstances_for_In_house_green_cleaning_policy_in_GCP(VerifyGreenCleaningPolicy.groovy:105)
	at cucumber.runtime.Utils$1.call(Utils.java:26)
	at cucumber.runtime.Timeout.timeout(Timeout.java:16)
	at cucumber.runtime.Utils.invoke(Utils.java:20)
	at cucumber.runtime.java.JavaStepDefinition.execute(JavaStepDefinition.java:48)
	at cucumber.runtime.PickleStepDefinitionMatch.runStep(PickleStepDefinitionMatch.java:50)
	at cucumber.runner.TestStep.executeStep(TestStep.java:55)
	at cucumber.runner.TestStep.run(TestStep.java:42)
	at cucumber.runner.PickleStepTestStep.run(PickleStepTestStep.java:53)
	at cucumber.runner.TestCase.run(TestCase.java:47)
	at cucumber.runner.Runner.runPickle(Runner.java:44)
	at cucumber.runtime.junit.PickleRunners$NoStepDescriptions.run(PickleRunners.java:140)
	at cucumber.runtime.junit.FeatureRunner.runChild(FeatureRunner.java:68)
	at cucumber.runtime.junit.FeatureRunner.runChild(FeatureRunner.java:23)
	at org.junit.runners.ParentRunner$3.run(ParentRunner.java:290)
	at org.junit.runners.ParentRunner$1.schedule(ParentRunner.java:71)
	at org.junit.runners.ParentRunner.runChildren(ParentRunner.java:288)
	at org.junit.runners.ParentRunner.access$000(ParentRunner.java:58)
	at org.junit.runners.ParentRunner$2.evaluate(ParentRunner.java:268)
	at org.junit.runners.ParentRunner.run(ParentRunner.java:363)
	at cucumber.runtime.junit.FeatureRunner.run(FeatureRunner.java:73)
	at cucumber.api.junit.Cucumber.runChild(Cucumber.java:98)
	at cucumber.api.junit.Cucumber.runChild(Cucumber.java:55)
	at org.junit.runners.ParentRunner$3.run(ParentRunner.java:290)
	at org.junit.runners.ParentRunner$1.schedule(ParentRunner.java:71)
	at org.junit.runners.ParentRunner.runChildren(ParentRunner.java:288)
	at org.junit.runners.ParentRunner.access$000(ParentRunner.java:58)
	at org.junit.runners.ParentRunner$2.evaluate(ParentRunner.java:268)
	at cucumber.api.junit.Cucumber$1.evaluate(Cucumber.java:107)
	at org.junit.runners.ParentRunner.run(ParentRunner.java:363)
	at org.junit.runners.Suite.runChild(Suite.java:128)
	at org.junit.runners.Suite.runChild(Suite.java:27)
	at org.junit.runners.ParentRunner$3.run(ParentRunner.java:290)
	at org.junit.runners.ParentRunner$1.schedule(ParentRunner.java:71)
	at org.junit.runners.ParentRunner.runChildren(ParentRunner.java:288)
	at org.junit.runners.ParentRunner.access$000(ParentRunner.java:58)
	at org.junit.runners.ParentRunner$2.evaluate(ParentRunner.java:268)
	at org.junit.runners.ParentRunner.run(ParentRunner.java:363)
	at org.junit.runner.JUnitCore.run(JUnitCore.java:137)
	at org.junit.runner.JUnitCore.run(JUnitCore.java:115)
	at org.junit.runner.JUnitCore.run(JUnitCore.java:105)
	at com.kms.katalon.core.cucumber.keyword.CucumberBuiltinKeywords$_runWithCucumberRunner_closure3.doCall(CucumberBuiltinKeywords.groovy:260)
	at com.kms.katalon.core.cucumber.keyword.CucumberBuiltinKeywords$_runWithCucumberRunner_closure3.doCall(CucumberBuiltinKeywords.groovy)
	at com.kms.katalon.core.keyword.internal.KeywordMain.runKeyword(KeywordMain.groovy:66)
	at com.kms.katalon.core.keyword.internal.KeywordMain$runKeyword.call(Unknown Source)
	at com.kms.katalon.core.cucumber.keyword.CucumberBuiltinKeywords.runWithCucumberRunner(CucumberBuiltinKeywords.groovy:257)
	at com.kms.katalon.core.cucumber.keyword.CucumberBuiltinKeywords$runWithCucumberRunner$0.callStatic(Unknown Source)
	at com.kms.katalon.core.cucumber.keyword.CucumberBuiltinKeywords.runWithCucumberRunner(CucumberBuiltinKeywords.groovy:357)
	at com.kms.katalon.core.cucumber.keyword.CucumberBuiltinKeywords$runWithCucumberRunner.call(Unknown Source)
	at TC_GCP_VerifyUploadedFile_option2.run(TC_GCP_VerifyUploadedFile_option2:18)
	at com.kms.katalon.core.main.ScriptEngine.run(ScriptEngine.java:194)
	at com.kms.katalon.core.main.ScriptEngine.runScriptAsRawText(ScriptEngine.java:119)
	at com.kms.katalon.core.main.TestCaseExecutor.runScript(TestCaseExecutor.java:336)
	at com.kms.katalon.core.main.TestCaseExecutor.doExecute(TestCaseExecutor.java:327)
	at com.kms.katalon.core.main.TestCaseExecutor.processExecutionPhase(TestCaseExecutor.java:306)
	at com.kms.katalon.core.main.TestCaseExecutor.accessMainPhase(TestCaseExecutor.java:298)
	at com.kms.katalon.core.main.TestCaseExecutor.execute(TestCaseExecutor.java:232)
	at com.kms.katalon.core.main.TestSuiteExecutor.accessTestCaseMainPhase(TestSuiteExecutor.java:129)
	at com.kms.katalon.core.main.TestSuiteExecutor.accessTestSuiteMainPhase(TestSuiteExecutor.java:112)
	at com.kms.katalon.core.main.TestSuiteExecutor.execute(TestSuiteExecutor.java:81)
	at com.kms.katalon.core.main.TestCaseMain.startTestSuite(TestCaseMain.java:157)
	at com.kms.katalon.core.main.TestCaseMain$startTestSuite$0.call(Unknown Source)
	at TempTestSuite1559824711522.run(TempTestSuite1559824711522.groovy:35)
Caused by: com.kms.katalon.core.webui.exception.WebElementNotFoundException: Web element with id: 'Object Repository/GreenCleaningPolicy/SpecialCircumstances/Table_SpecialCircum' located by 'By.xpath: //*[@id="splCircumstancesDocs_files"]/table' not found
	at com.kms.katalon.core.webui.common.WebUiCommonHelper.findWebElement(WebUiCommonHelper.java:1097)
	at com.kms.katalon.core.webui.keyword.internal.WebUIAbstractKeyword.findWebElement(WebUIAbstractKeyword.groovy:27)
	at com.kms.katalon.core.webui.keyword.internal.WebUIAbstractKeyword.findWebElement(WebUIAbstractKeyword.groovy:26)
	at com.kms.katalon.core.webui.keyword.builtin.ScrollToElementKeyword$_scrollToElement_closure1.doCall(ScrollToElementKeyword.groovy:79)
	at com.kms.katalon.core.webui.keyword.builtin.ScrollToElementKeyword$_scrollToElement_closure1.call(ScrollToElementKeyword.groovy)
	at com.kms.katalon.core.webui.keyword.internal.WebUIKeywordMain.runKeyword(WebUIKeywordMain.groovy:20)
	at com.kms.katalon.core.webui.keyword.builtin.ScrollToElementKeyword.scrollToElement(ScrollToElementKeyword.groovy:88)
	at com.kms.katalon.core.webui.keyword.builtin.ScrollToElementKeyword.execute(ScrollToElementKeyword.groovy:68)
	at com.kms.katalon.core.keyword.internal.KeywordExecutor.executeKeywordForPlatform(KeywordExecutor.groovy:56)
	at com.kms.katalon.core.webui.keyword.WebUiBuiltInKeywords.scrollToElement(WebUiBuiltInKeywords.groovy:2975)
	at com.kms.katalon.core.webui.keyword.WebUiBuiltInKeywords$scrollToElement$2.call(Unknown Source)
	at greenCleaningPolicyForm.VerifyGreenCleaningPolicy.user_has_to_see_the_table_of_uploaded_files_on_special_circumstances_for_In_house_green_cleaning_policy_in_GCP(VerifyGreenCleaningPolicy.groovy:105)
	at cucumber.runtime.Utils$1.call(Utils.java:26)
	at cucumber.runtime.Timeout.timeout(Timeout.java:16)
	at cucumber.runtime.Utils.invoke(Utils.java:20)
	at cucumber.runtime.java.JavaStepDefinition.execute(JavaStepDefinition.java:48)
	at cucumber.runtime.PickleStepDefinitionMatch.runStep(PickleStepDefinitionMatch.java:50)
	at cucumber.runner.TestStep.executeStep(TestStep.java:55)
	at cucumber.runner.TestStep.run(TestStep.java:42)
	at cucumber.runner.PickleStepTestStep.run(PickleStepTestStep.java:53)
	at cucumber.runner.TestCase.run(TestCase.java:47)
	at cucumber.runner.Runner.runPickle(Runner.java:44)
	at cucumber.runtime.junit.PickleRunners$NoStepDescriptions.run(PickleRunners.java:140)
	at cucumber.runtime.junit.FeatureRunner.runChild(FeatureRunner.java:68)
	at cucumber.runtime.junit.FeatureRunner.runChild(FeatureRunner.java:23)
	at org.junit.runners.ParentRunner$3.run(ParentRunner.java:290)
	at org.junit.runners.ParentRunner$1.schedule(ParentRunner.java:71)
	at org.junit.runners.ParentRunner.runChildren(ParentRunner.java:288)
	at org.junit.runners.ParentRunner.access$000(ParentRunner.java:58)
	at org.junit.runners.ParentRunner$2.evaluate(ParentRunner.java:268)
	at org.junit.runners.ParentRunner.run(ParentRunner.java:363)
	at cucumber.runtime.junit.FeatureRunner.run(FeatureRunner.java:73)
	at cucumber.api.junit.Cucumber.runChild(Cucumber.java:98)
	at cucumber.api.junit.Cucumber.runChild(Cucumber.java:55)
	at org.junit.runners.ParentRunner$3.run(ParentRunner.java:290)
	at org.junit.runners.ParentRunner$1.schedule(ParentRunner.java:71)
	at org.junit.runners.ParentRunner.runChildren(ParentRunner.java:288)
	at org.junit.runners.ParentRunner.access$000(ParentRunner.java:58)
	at org.junit.runners.ParentRunner$2.evaluate(ParentRunner.java:268)
	at cucumber.api.junit.Cucumber$1.evaluate(Cucumber.java:107)
	at org.junit.runners.ParentRunner.run(ParentRunner.java:363)
	at org.junit.runners.Suite.runChild(Suite.java:128)
	at org.junit.runners.Suite.runChild(Suite.java:27)
	at org.junit.runners.ParentRunner$3.run(ParentRunner.java:290)
	at org.junit.runners.ParentRunner$1.schedule(ParentRunner.java:71)
	at org.junit.runners.ParentRunner.runChildren(ParentRunner.java:288)
	at org.junit.runners.ParentRunner.access$000(ParentRunner.java:58)
	at org.junit.runners.ParentRunner$2.evaluate(ParentRunner.java:268)
	at org.junit.runners.ParentRunner.run(ParentRunner.java:363)
	at org.junit.runner.JUnitCore.run(JUnitCore.java:137)
	at org.junit.runner.JUnitCore.run(JUnitCore.java:115)
	at org.junit.runner.JUnitCore.run(JUnitCore.java:105)
	at com.kms.katalon.core.cucumber.keyword.CucumberBuiltinKeywords$_runWithCucumberRunner_closure3.doCall(CucumberBuiltinKeywords.groovy:260)
	at com.kms.katalon.core.cucumber.keyword.CucumberBuiltinKeywords$_runWithCucumberRunner_closure3.doCall(CucumberBuiltinKeywords.groovy)
	at com.kms.katalon.core.keyword.internal.KeywordMain.runKeyword(KeywordMain.groovy:66)
	at com.kms.katalon.core.keyword.internal.KeywordMain$runKeyword.call(Unknown Source)
	at com.kms.katalon.core.cucumber.keyword.CucumberBuiltinKeywords.runWithCucumberRunner(CucumberBuiltinKeywords.groovy:257)
	at com.kms.katalon.core.cucumber.keyword.CucumberBuiltinKeywords$runWithCucumberRunner$0.callStatic(Unknown Source)
	at com.kms.katalon.core.cucumber.keyword.CucumberBuiltinKeywords.runWithCucumberRunner(CucumberBuiltinKeywords.groovy:357)
	at com.kms.katalon.core.cucumber.keyword.CucumberBuiltinKeywords$runWithCucumberRunner.call(Unknown Source)
	at Script1559800100821.run(Script1559800100821.groovy:18)
	... 13 more
)
[[ATTACHMENT|H:\\Git Projects\\Usgbc_LeedOnline_ScoreCard\\Usgbc_LeedOnline_ScoreCard\\Reports\\GCP_SmokeTest\\20190606_180831\\1559825765509.png]]

2019-06-06 18:26:05 - [MESSAGE][FAILED] - These following reason:
 [Unable to scroll to object 'Object Repository/GreenCleaningPolicy/Option1_GreenCleanPlcy/Table_UploadGreenCleaningPolicy', Unable to scroll to object 'Object Repository/GreenCleaningPolicy/SpecialCircumstances/Table_SpecialCircum']

2019-06-06 18:26:05 - [MESSAGE][FAILED] - Keyword runWithCucumberRunner was failed (Root cause: com.kms.katalon.core.exception.StepFailedException: These following reason:
 [Unable to scroll to object 'Object Repository/GreenCleaningPolicy/Option1_GreenCleanPlcy/Table_UploadGreenCleaningPolicy', Unable to scroll to object 'Object Repository/GreenCleaningPolicy/SpecialCircumstances/Table_SpecialCircum']
	at com.kms.katalon.core.keyword.internal.KeywordMain.stepFailed(KeywordMain.groovy:48)
	at com.kms.katalon.core.keyword.internal.KeywordMain.stepFailed(KeywordMain.groovy)
	at com.kms.katalon.core.keyword.internal.KeywordMain.stepFailed(KeywordMain.groovy:21)
	at com.kms.katalon.core.keyword.internal.KeywordMain$stepFailed$0.call(Unknown Source)
	at com.kms.katalon.core.cucumber.keyword.CucumberBuiltinKeywords$_runWithCucumberRunner_closure3.doCall(CucumberBuiltinKeywords.groovy:272)
	at com.kms.katalon.core.cucumber.keyword.CucumberBuiltinKeywords$_runWithCucumberRunner_closure3.doCall(CucumberBuiltinKeywords.groovy)
	at com.kms.katalon.core.keyword.internal.KeywordMain.runKeyword(KeywordMain.groovy:66)
	at com.kms.katalon.core.keyword.internal.KeywordMain$runKeyword.call(Unknown Source)
	at com.kms.katalon.core.cucumber.keyword.CucumberBuiltinKeywords.runWithCucumberRunner(CucumberBuiltinKeywords.groovy:257)
	at com.kms.katalon.core.cucumber.keyword.CucumberBuiltinKeywords$runWithCucumberRunner$0.callStatic(Unknown Source)
	at com.kms.katalon.core.cucumber.keyword.CucumberBuiltinKeywords.runWithCucumberRunner(CucumberBuiltinKeywords.groovy:357)
	at com.kms.katalon.core.cucumber.keyword.CucumberBuiltinKeywords$runWithCucumberRunner.call(Unknown Source)
	at TC_GCP_VerifyUploadedFile_option2.run(TC_GCP_VerifyUploadedFile_option2:18)
	at com.kms.katalon.core.main.ScriptEngine.run(ScriptEngine.java:194)
	at com.kms.katalon.core.main.ScriptEngine.runScriptAsRawText(ScriptEngine.java:119)
	at com.kms.katalon.core.main.TestCaseExecutor.runScript(TestCaseExecutor.java:336)
	at com.kms.katalon.core.main.TestCaseExecutor.doExecute(TestCaseExecutor.java:327)
	at com.kms.katalon.core.main.TestCaseExecutor.processExecutionPhase(TestCaseExecutor.java:306)
	at com.kms.katalon.core.main.TestCaseExecutor.accessMainPhase(TestCaseExecutor.java:298)
	at com.kms.katalon.core.main.TestCaseExecutor.execute(TestCaseExecutor.java:232)
	at com.kms.katalon.core.main.TestSuiteExecutor.accessTestCaseMainPhase(TestSuiteExecutor.java:129)
	at com.kms.katalon.core.main.TestSuiteExecutor.accessTestSuiteMainPhase(TestSuiteExecutor.java:112)
	at com.kms.katalon.core.main.TestSuiteExecutor.execute(TestSuiteExecutor.java:81)
	at com.kms.katalon.core.main.TestCaseMain.startTestSuite(TestCaseMain.java:157)
	at com.kms.katalon.core.main.TestCaseMain$startTestSuite$0.call(Unknown Source)
	at TempTestSuite1559824711522.run(TempTestSuite1559824711522.groovy:35)
)]]></system-out>
         <system-err><![CDATA[2019-06-06 18:23:47 - [TEST_CASE][FAILED] - Test Cases/GreenCleaningPolicy/TC_GCP_VerifyUploadedFile_option2: Test Cases/GreenCleaningPolicy/TC_GCP_VerifyUploadedFile_option2 FAILED.
Reason:
com.kms.katalon.core.exception.StepFailedException: These following reason:
 [Unable to scroll to object 'Object Repository/GreenCleaningPolicy/Option1_GreenCleanPlcy/Table_UploadGreenCleaningPolicy', Unable to scroll to object 'Object Repository/GreenCleaningPolicy/SpecialCircumstances/Table_SpecialCircum']
	at com.kms.katalon.core.keyword.internal.KeywordMain.stepFailed(KeywordMain.groovy:48)
	at com.kms.katalon.core.keyword.internal.KeywordMain.stepFailed(KeywordMain.groovy)
	at com.kms.katalon.core.keyword.internal.KeywordMain.stepFailed(KeywordMain.groovy:21)
	at com.kms.katalon.core.keyword.internal.KeywordMain$stepFailed$0.call(Unknown Source)
	at com.kms.katalon.core.cucumber.keyword.CucumberBuiltinKeywords$_runWithCucumberRunner_closure3.doCall(CucumberBuiltinKeywords.groovy:272)
	at com.kms.katalon.core.cucumber.keyword.CucumberBuiltinKeywords$_runWithCucumberRunner_closure3.doCall(CucumberBuiltinKeywords.groovy)
	at com.kms.katalon.core.keyword.internal.KeywordMain.runKeyword(KeywordMain.groovy:66)
	at com.kms.katalon.core.keyword.internal.KeywordMain$runKeyword.call(Unknown Source)
	at com.kms.katalon.core.cucumber.keyword.CucumberBuiltinKeywords.runWithCucumberRunner(CucumberBuiltinKeywords.groovy:257)
	at com.kms.katalon.core.cucumber.keyword.CucumberBuiltinKeywords$runWithCucumberRunner$0.callStatic(Unknown Source)
	at com.kms.katalon.core.cucumber.keyword.CucumberBuiltinKeywords.runWithCucumberRunner(CucumberBuiltinKeywords.groovy:357)
	at com.kms.katalon.core.cucumber.keyword.CucumberBuiltinKeywords$runWithCucumberRunner.call(Unknown Source)
	at TC_GCP_VerifyUploadedFile_option2.run(TC_GCP_VerifyUploadedFile_option2:18)
	at com.kms.katalon.core.main.ScriptEngine.run(ScriptEngine.java:194)
	at com.kms.katalon.core.main.ScriptEngine.runScriptAsRawText(ScriptEngine.java:119)
	at com.kms.katalon.core.main.TestCaseExecutor.runScript(TestCaseExecutor.java:336)
	at com.kms.katalon.core.main.TestCaseExecutor.doExecute(TestCaseExecutor.java:327)
	at com.kms.katalon.core.main.TestCaseExecutor.processExecutionPhase(TestCaseExecutor.java:306)
	at com.kms.katalon.core.main.TestCaseExecutor.accessMainPhase(TestCaseExecutor.java:298)
	at com.kms.katalon.core.main.TestCaseExecutor.execute(TestCaseExecutor.java:232)
	at com.kms.katalon.core.main.TestSuiteExecutor.accessTestCaseMainPhase(TestSuiteExecutor.java:129)
	at com.kms.katalon.core.main.TestSuiteExecutor.accessTestSuiteMainPhase(TestSuiteExecutor.java:112)
	at com.kms.katalon.core.main.TestSuiteExecutor.execute(TestSuiteExecutor.java:81)
	at com.kms.katalon.core.main.TestCaseMain.startTestSuite(TestCaseMain.java:157)
	at com.kms.katalon.core.main.TestCaseMain$startTestSuite$0.call(Unknown Source)
	at TempTestSuite1559824711522.run(TempTestSuite1559824711522.groovy:35)]]></system-err>
      </testcase>
      <testcase name="Test Cases/GreenCleaningPolicy/TC_GCP_DownloadFiles_option2" classname="Test Cases/GreenCleaningPolicy/TC_GCP_DownloadFiles_option2" status="PASSED">
         <system-out><![CDATA[2019-06-06 18:26:05 - [TEST_CASE][PASSED] - Test Cases/GreenCleaningPolicy/TC_GCP_DownloadFiles_option2: Test Cases/GreenCleaningPolicy/TC_GCP_DownloadFiles_option2

2019-06-06 18:26:05 - [TEST_STEP][PASSED] - runWithCucumberRunner(greenCleaningPolicyForm.Runner_DownloadFiles_option2): Run with 'greenCleaningPolicyForm.Runner_DownloadFiles_option2' was passed

2019-06-06 18:26:06 - [TEST_CASE][PASSED] - Test Cases/GreenCleaningPolicy/TC_NavigateToGCP: Test Cases/GreenCleaningPolicy/TC_NavigateToGCP

2019-06-06 18:26:06 - [TEST_STEP][PASSED] - runWithCucumberRunner(greenCleaningPolicyForm.Runner_NavigateToGCP): Run with 'greenCleaningPolicyForm.Runner_NavigateToGCP' was passed

2019-06-06 18:26:06 - [TEST_CASE][PASSED] - Test Cases/Login/TC_Login: Test Cases/Login/TC_Login

2019-06-06 18:26:06 - [TEST_STEP][PASSED] - runWithCucumberRunner(common.Runner_Login): Run with 'common.Runner_Login' was passed

2019-06-06 18:26:06 - [MESSAGE][WARNING] - A browser is already opened. Closing browser and opening a new one

2019-06-06 18:26:07 - [MESSAGE][INFO] - Starting 'Chrome' driver

2019-06-06 18:26:07 - [MESSAGE][INFO] - User set preference: ['args', '[--window-size=1920,1080]']

2019-06-06 18:26:09 - [MESSAGE][PASSED] - Browser is opened with url: ''

2019-06-06 18:26:18 - [MESSAGE][PASSED] - Navigate to 'https://leedonline-stg.usgbc.org' successfully

2019-06-06 18:26:20 - [MESSAGE][PASSED] - Delayed 2 second(s)

2019-06-06 18:26:20 - [MESSAGE][PASSED] - Text 'jaypeejay@hotmail.com' is set on object 'Object Repository/Login/input_username'

2019-06-06 18:26:20 - [MESSAGE][PASSED] - Text 'initpass' is set on object 'Object Repository/Login/input_password'

2019-06-06 18:26:23 - [MESSAGE][PASSED] - Delayed 3 second(s)

2019-06-06 18:26:23 - [MESSAGE][PASSED] - Scroll to object 'Object Repository/Login/span_End User License Agreement' successfully

2019-06-06 18:26:23 - [MESSAGE][PASSED] - Object 'Object Repository/Login/span_End User License Agreement' is visible

2019-06-06 18:26:23 - [MESSAGE][PASSED] - Object 'Object Repository/Login/span_End User License Agreement' is checked

2019-06-06 18:26:24 - [MESSAGE][PASSED] - Delayed 1 second(s)

2019-06-06 18:26:24 - [MESSAGE][PASSED] - Object: 'Object Repository/Login/button_Log In' is clicked on

2019-06-06 18:26:38 - [MESSAGE][PASSED] - Object: '' is clicked on

2019-06-06 18:26:44 - [MESSAGE][PASSED] - Object: 'Object Repository/Login/a_Credits' is clicked on

2019-06-06 18:26:44 - [MESSAGE][PASSED] - Run with 'common.Runner_Login' was passed

2019-06-06 18:26:44 - [MESSAGE][PASSED] - Call Test Case 'Test Cases/Login/TC_Login' successfully

2019-06-06 18:26:44 - [MESSAGE][PASSED] - Scroll to object 'Object Repository/GreenCleaningPolicy/div_Green Cleaning Policy' successfully

2019-06-06 18:26:44 - [MESSAGE][PASSED] - Object 'Object Repository/GreenCleaningPolicy/div_Green Cleaning Policy' is present

2019-06-06 18:26:44 - [MESSAGE][PASSED] - Text of object 'Object Repository/GreenCleaningPolicy/h3_Status' is: 'ATTEMPTED'

2019-06-06 18:26:44 - [MESSAGE][PASSED] - Text of object 'Object Repository/GreenCleaningPolicy/divval' is: 'ATTEMPTED'

2019-06-06 18:26:44 - [MESSAGE][PASSED] - Text of object 'Object Repository/GreenCleaningPolicy/h3_Status' is: 'ATTEMPTED'

2019-06-06 18:26:44 - [MESSAGE][PASSED] - Object: 'Object Repository/GreenCleaningPolicy/div_Green Cleaning Policy' is clicked on

2019-06-06 18:26:51 - [MESSAGE][PASSED] - Object: 'Object Repository/GreenCleaningPolicy/a_Form (V01)' is clicked on

2019-06-06 18:26:52 - [MESSAGE][PASSED] - Object 'Object Repository/GreenCleaningPolicy/div_Green Cleaning Policy_Credit library' is present

2019-06-06 18:26:52 - [MESSAGE][PASSED] - Run with 'greenCleaningPolicyForm.Runner_NavigateToGCP' was passed

2019-06-06 18:26:52 - [MESSAGE][PASSED] - Call Test Case 'Test Cases/GreenCleaningPolicy/TC_NavigateToGCP' successfully

2019-06-06 18:26:52 - [MESSAGE][PASSED] - Object: 'Object Repository/GreenCleaningPolicy/Option2_CertifiedCleanService/input_Option 2_RadioBtn' is clicked on

2019-06-06 18:26:54 - [MESSAGE][PASSED] - Delayed 2 second(s)

2019-06-06 18:26:54 - [MESSAGE][PASSED] - Scroll to object 'Object Repository/GreenCleaningPolicy/Option2_CertifiedCleanService/Table_CleaningContract' successfully

2019-06-06 18:26:54 - [MESSAGE][PASSED] - Object 'Object Repository/GreenCleaningPolicy/Option2_CertifiedCleanService/Table_CleaningContract' is present

2019-06-06 18:26:54 - [MESSAGE][PASSED] - Scroll to object 'Object Repository/GreenCleaningPolicy/Option2_CertifiedCleanService/AddFile_UploadCleaningContract_Option2/p_Upload the Cleaning Contract' successfully

2019-06-06 18:26:56 - [MESSAGE][PASSED] - Delayed 2 second(s)

2019-06-06 18:26:56 - [MESSAGE][PASSED] - Object: 'Object Repository/GreenCleaningPolicy/Option2_CertifiedCleanService/AddFile_UploadCleaningContract_Option2/p_Upload the Cleaning Contract' is hovered

2019-06-06 18:26:56 - [MESSAGE][PASSED] - Object: '' is clicked on

2019-06-06 18:26:56 - [MESSAGE][PASSED] - Text of object '' is: 'ZZ.pdf'

2019-06-06 18:27:06 - [MESSAGE][PASSED] - Delayed 10 second(s)

2019-06-06 18:27:16 - [MESSAGE][PASSED] - Delayed 10 second(s)

2019-06-06 18:27:26 - [MESSAGE][PASSED] - Delayed 10 second(s)

2019-06-06 18:27:26 - [MESSAGE][PASSED] - Object: 'Object Repository/GreenCleaningPolicy/Option2_CertifiedCleanService/AddFile_UploadCleaningContract_Option2/p_Upload the Cleaning Contract' is hovered

2019-06-06 18:27:28 - [MESSAGE][PASSED] - Delayed 2 second(s)

2019-06-06 18:27:30 - [MESSAGE][PASSED] - Delayed 2 second(s)

2019-06-06 18:27:31 - [MESSAGE][PASSED] - Object: 'Object Repository/GreenCleaningPolicy/Option2_CertifiedCleanService/AddFile_UploadCleaningContract_Option2/p_Upload the Cleaning Contract' is hovered

2019-06-06 18:27:31 - [MESSAGE][PASSED] - Object: '' is clicked on

2019-06-06 18:27:31 - [MESSAGE][PASSED] - Text of object '' is: 'SamplePPTFile_1000kb.ppt'

2019-06-06 18:27:41 - [MESSAGE][PASSED] - Delayed 10 second(s)

2019-06-06 18:27:51 - [MESSAGE][PASSED] - Delayed 10 second(s)

2019-06-06 18:28:01 - [MESSAGE][PASSED] - Delayed 10 second(s)

2019-06-06 18:28:11 - [MESSAGE][PASSED] - Delayed 10 second(s)

2019-06-06 18:28:21 - [MESSAGE][PASSED] - Delayed 10 second(s)

2019-06-06 18:28:31 - [MESSAGE][PASSED] - Delayed 10 second(s)

2019-06-06 18:28:41 - [MESSAGE][PASSED] - Delayed 10 second(s)

2019-06-06 18:28:51 - [MESSAGE][PASSED] - Delayed 10 second(s)

2019-06-06 18:29:01 - [MESSAGE][PASSED] - Delayed 10 second(s)

2019-06-06 18:29:11 - [MESSAGE][PASSED] - Delayed 10 second(s)

2019-06-06 18:29:11 - [MESSAGE][PASSED] - Object: 'Object Repository/GreenCleaningPolicy/Option2_CertifiedCleanService/AddFile_UploadCleaningContract_Option2/p_Upload the Cleaning Contract' is hovered

2019-06-06 18:29:13 - [MESSAGE][PASSED] - Delayed 2 second(s)

2019-06-06 18:29:15 - [MESSAGE][PASSED] - Delayed 2 second(s)

2019-06-06 18:29:15 - [MESSAGE][PASSED] - Object: 'Object Repository/GreenCleaningPolicy/Option2_CertifiedCleanService/AddFile_UploadCleaningContract_Option2/p_Upload the Cleaning Contract' is hovered

2019-06-06 18:29:15 - [MESSAGE][PASSED] - Object: '' is clicked on

2019-06-06 18:29:15 - [MESSAGE][PASSED] - Text of object '' is: 'SampleGIFImage_350kbmb.gif'

2019-06-06 18:29:25 - [MESSAGE][PASSED] - Delayed 10 second(s)

2019-06-06 18:29:35 - [MESSAGE][PASSED] - Delayed 10 second(s)

2019-06-06 18:29:45 - [MESSAGE][PASSED] - Delayed 10 second(s)

2019-06-06 18:29:45 - [MESSAGE][PASSED] - Object: 'Object Repository/GreenCleaningPolicy/Option2_CertifiedCleanService/AddFile_UploadCleaningContract_Option2/p_Upload the Cleaning Contract' is hovered

2019-06-06 18:29:47 - [MESSAGE][PASSED] - Delayed 2 second(s)

2019-06-06 18:29:50 - [MESSAGE][PASSED] - Delayed 3 second(s)

2019-06-06 18:29:52 - [MESSAGE][PASSED] - Delayed 2 second(s)

2019-06-06 18:29:53 - [MESSAGE][PASSED] - Delayed 1 second(s)

2019-06-06 18:29:53 - [MESSAGE][PASSED] - SampleGIFImage_350kbmb.gif exist in H:/Git Projects/Usgbc_LeedOnline_ScoreCard/Usgbc_LeedOnline_ScoreCard/Include/TestData/DownloadedFiles and was deleted

2019-06-06 18:29:53 - [MESSAGE][PASSED] - 

2019-06-06 18:29:53 - [MESSAGE][PASSED] - Actual text 'SampleGIFImage_350kbmb.gif' and expected text 'SampleGIFImage_350kbmb.gif' are matched 

2019-06-06 18:29:55 - [MESSAGE][PASSED] - Delayed 2 second(s)

2019-06-06 18:29:56 - [MESSAGE][PASSED] - Delayed 1 second(s)

2019-06-06 18:29:56 - [MESSAGE][PASSED] - SamplePPTFile_1000kb.ppt exist in H:/Git Projects/Usgbc_LeedOnline_ScoreCard/Usgbc_LeedOnline_ScoreCard/Include/TestData/DownloadedFiles and was deleted

2019-06-06 18:29:56 - [MESSAGE][PASSED] - 

2019-06-06 18:29:56 - [MESSAGE][PASSED] - Actual text 'SamplePPTFile_1000kb.ppt' and expected text 'SamplePPTFile_1000kb.ppt' are matched 

2019-06-06 18:29:58 - [MESSAGE][PASSED] - Delayed 2 second(s)

2019-06-06 18:29:59 - [MESSAGE][PASSED] - Delayed 1 second(s)

2019-06-06 18:29:59 - [MESSAGE][PASSED] - ZZ.pdf exist in H:/Git Projects/Usgbc_LeedOnline_ScoreCard/Usgbc_LeedOnline_ScoreCard/Include/TestData/DownloadedFiles and was deleted

2019-06-06 18:29:59 - [MESSAGE][PASSED] - 

2019-06-06 18:29:59 - [MESSAGE][PASSED] - Actual text 'ZZ.pdf' and expected text 'ZZ.pdf' are matched 

2019-06-06 18:29:59 - [MESSAGE][PASSED] - Scroll to object 'Object Repository/GreenCleaningPolicy/Option2_CertifiedCleanService/Table_UploadInfoShowingContract' successfully

2019-06-06 18:29:59 - [MESSAGE][PASSED] - Object 'Object Repository/GreenCleaningPolicy/Option2_CertifiedCleanService/Table_UploadInfoShowingContract' is present

2019-06-06 18:30:00 - [MESSAGE][PASSED] - Scroll to object 'Object Repository/GreenCleaningPolicy/Option2_CertifiedCleanService/AddFile_UploadInfoShowingContract_Option2/p_Upload the information showing the contractors' successfully

2019-06-06 18:30:02 - [MESSAGE][PASSED] - Delayed 2 second(s)

2019-06-06 18:30:02 - [MESSAGE][PASSED] - Object: 'Object Repository/GreenCleaningPolicy/Option2_CertifiedCleanService/AddFile_UploadInfoShowingContract_Option2/p_Upload the information showing the contractors' is hovered

2019-06-06 18:30:02 - [MESSAGE][PASSED] - Object: '' is clicked on

2019-06-06 18:30:02 - [MESSAGE][PASSED] - Text of object '' is: 'ZZ.pdf'

2019-06-06 18:30:12 - [MESSAGE][PASSED] - Delayed 10 second(s)

2019-06-06 18:30:12 - [MESSAGE][PASSED] - Object: 'Object Repository/GreenCleaningPolicy/Option2_CertifiedCleanService/AddFile_UploadInfoShowingContract_Option2/p_Upload the information showing the contractors' is hovered

2019-06-06 18:30:14 - [MESSAGE][PASSED] - Delayed 2 second(s)

2019-06-06 18:30:16 - [MESSAGE][PASSED] - Delayed 2 second(s)

2019-06-06 18:30:16 - [MESSAGE][PASSED] - Object: 'Object Repository/GreenCleaningPolicy/Option2_CertifiedCleanService/AddFile_UploadInfoShowingContract_Option2/p_Upload the information showing the contractors' is hovered

2019-06-06 18:30:16 - [MESSAGE][PASSED] - Object: '' is clicked on

2019-06-06 18:30:16 - [MESSAGE][PASSED] - Text of object '' is: 'SamplePPTFile_1000kb.ppt'

2019-06-06 18:30:26 - [MESSAGE][PASSED] - Delayed 10 second(s)

2019-06-06 18:30:26 - [MESSAGE][PASSED] - Object: 'Object Repository/GreenCleaningPolicy/Option2_CertifiedCleanService/AddFile_UploadInfoShowingContract_Option2/p_Upload the information showing the contractors' is hovered

2019-06-06 18:30:28 - [MESSAGE][PASSED] - Delayed 2 second(s)

2019-06-06 18:30:30 - [MESSAGE][PASSED] - Delayed 2 second(s)

2019-06-06 18:30:31 - [MESSAGE][PASSED] - Object: 'Object Repository/GreenCleaningPolicy/Option2_CertifiedCleanService/AddFile_UploadInfoShowingContract_Option2/p_Upload the information showing the contractors' is hovered

2019-06-06 18:30:31 - [MESSAGE][PASSED] - Object: '' is clicked on

2019-06-06 18:30:31 - [MESSAGE][PASSED] - Text of object '' is: 'SampleGIFImage_350kbmb.gif'

2019-06-06 18:30:41 - [MESSAGE][PASSED] - Delayed 10 second(s)

2019-06-06 18:30:41 - [MESSAGE][PASSED] - Object: 'Object Repository/GreenCleaningPolicy/Option2_CertifiedCleanService/AddFile_UploadInfoShowingContract_Option2/p_Upload the information showing the contractors' is hovered

2019-06-06 18:30:43 - [MESSAGE][PASSED] - Delayed 2 second(s)

2019-06-06 18:30:46 - [MESSAGE][PASSED] - Delayed 3 second(s)

2019-06-06 18:30:48 - [MESSAGE][PASSED] - Delayed 2 second(s)

2019-06-06 18:30:49 - [MESSAGE][PASSED] - Delayed 1 second(s)

2019-06-06 18:30:49 - [MESSAGE][PASSED] - SampleGIFImage_350kbmb.gif exist in H:/Git Projects/Usgbc_LeedOnline_ScoreCard/Usgbc_LeedOnline_ScoreCard/Include/TestData/DownloadedFiles and was deleted

2019-06-06 18:30:49 - [MESSAGE][PASSED] - 

2019-06-06 18:30:49 - [MESSAGE][PASSED] - Actual text 'SampleGIFImage_350kbmb.gif' and expected text 'SampleGIFImage_350kbmb.gif' are matched 

2019-06-06 18:30:51 - [MESSAGE][PASSED] - Delayed 2 second(s)

2019-06-06 18:30:52 - [MESSAGE][PASSED] - Delayed 1 second(s)

2019-06-06 18:30:52 - [MESSAGE][PASSED] - SamplePPTFile_1000kb.ppt exist in H:/Git Projects/Usgbc_LeedOnline_ScoreCard/Usgbc_LeedOnline_ScoreCard/Include/TestData/DownloadedFiles and was deleted

2019-06-06 18:30:52 - [MESSAGE][PASSED] - 

2019-06-06 18:30:52 - [MESSAGE][PASSED] - Actual text 'SamplePPTFile_1000kb.ppt' and expected text 'SamplePPTFile_1000kb.ppt' are matched 

2019-06-06 18:30:54 - [MESSAGE][PASSED] - Delayed 2 second(s)

2019-06-06 18:30:55 - [MESSAGE][PASSED] - Delayed 1 second(s)

2019-06-06 18:30:55 - [MESSAGE][PASSED] - ZZ.pdf exist in H:/Git Projects/Usgbc_LeedOnline_ScoreCard/Usgbc_LeedOnline_ScoreCard/Include/TestData/DownloadedFiles and was deleted

2019-06-06 18:30:55 - [MESSAGE][PASSED] - 

2019-06-06 18:30:55 - [MESSAGE][PASSED] - Actual text 'ZZ.pdf' and expected text 'ZZ.pdf' are matched 

2019-06-06 18:30:55 - [MESSAGE][PASSED] - Run with 'greenCleaningPolicyForm.Runner_DownloadFiles_option2' was passed]]></system-out>
         <system-err><![CDATA[]]></system-err>
      </testcase>
      <testcase name="Test Cases/GreenCleaningPolicy/TC_GCP_DeleteUploadedFiles_option2" classname="Test Cases/GreenCleaningPolicy/TC_GCP_DeleteUploadedFiles_option2" status="FAILED">
         <failure type="FAILED" message="Test Cases/GreenCleaningPolicy/TC_GCP_DeleteUploadedFiles_option2 FAILED.
Reason:
com.kms.katalon.core.exception.StepFailedException: These following reason:
 [Unable to scroll to object 'Object Repository/GreenCleaningPolicy/Option2_CertifiedCleanService/Table_CleaningContract']
	at com.kms.katalon.core.keyword.internal.KeywordMain.stepFailed(KeywordMain.groovy:48)
	at com.kms.katalon.core.keyword.internal.KeywordMain.stepFailed(KeywordMain.groovy)
	at com.kms.katalon.core.keyword.internal.KeywordMain.stepFailed(KeywordMain.groovy:21)
	at com.kms.katalon.core.keyword.internal.KeywordMain$stepFailed$0.call(Unknown Source)
	at com.kms.katalon.core.cucumber.keyword.CucumberBuiltinKeywords$_runWithCucumberRunner_closure3.doCall(CucumberBuiltinKeywords.groovy:272)
	at com.kms.katalon.core.cucumber.keyword.CucumberBuiltinKeywords$_runWithCucumberRunner_closure3.doCall(CucumberBuiltinKeywords.groovy)
	at com.kms.katalon.core.keyword.internal.KeywordMain.runKeyword(KeywordMain.groovy:66)
	at com.kms.katalon.core.keyword.internal.KeywordMain$runKeyword.call(Unknown Source)
	at com.kms.katalon.core.cucumber.keyword.CucumberBuiltinKeywords.runWithCucumberRunner(CucumberBuiltinKeywords.groovy:257)
	at com.kms.katalon.core.cucumber.keyword.CucumberBuiltinKeywords$runWithCucumberRunner$0.callStatic(Unknown Source)
	at com.kms.katalon.core.cucumber.keyword.CucumberBuiltinKeywords.runWithCucumberRunner(CucumberBuiltinKeywords.groovy:357)
	at com.kms.katalon.core.cucumber.keyword.CucumberBuiltinKeywords$runWithCucumberRunner.call(Unknown Source)
	at TC_GCP_DeleteUploadedFiles_option2.run(TC_GCP_DeleteUploadedFiles_option2:18)
	at com.kms.katalon.core.main.ScriptEngine.run(ScriptEngine.java:194)
	at com.kms.katalon.core.main.ScriptEngine.runScriptAsRawText(ScriptEngine.java:119)
	at com.kms.katalon.core.main.TestCaseExecutor.runScript(TestCaseExecutor.java:336)
	at com.kms.katalon.core.main.TestCaseExecutor.doExecute(TestCaseExecutor.java:327)
	at com.kms.katalon.core.main.TestCaseExecutor.processExecutionPhase(TestCaseExecutor.java:306)
	at com.kms.katalon.core.main.TestCaseExecutor.accessMainPhase(TestCaseExecutor.java:298)
	at com.kms.katalon.core.main.TestCaseExecutor.execute(TestCaseExecutor.java:232)
	at com.kms.katalon.core.main.TestSuiteExecutor.accessTestCaseMainPhase(TestSuiteExecutor.java:129)
	at com.kms.katalon.core.main.TestSuiteExecutor.accessTestSuiteMainPhase(TestSuiteExecutor.java:112)
	at com.kms.katalon.core.main.TestSuiteExecutor.execute(TestSuiteExecutor.java:81)
	at com.kms.katalon.core.main.TestCaseMain.startTestSuite(TestCaseMain.java:157)
	at com.kms.katalon.core.main.TestCaseMain$startTestSuite$0.call(Unknown Source)
	at TempTestSuite1559824711522.run(TempTestSuite1559824711522.groovy:35)
"/>
         <system-out><![CDATA[2019-06-06 18:30:55 - [TEST_CASE][FAILED] - Test Cases/GreenCleaningPolicy/TC_GCP_DeleteUploadedFiles_option2: Test Cases/GreenCleaningPolicy/TC_GCP_DeleteUploadedFiles_option2 FAILED.
Reason:
com.kms.katalon.core.exception.StepFailedException: These following reason:
 [Unable to scroll to object 'Object Repository/GreenCleaningPolicy/Option2_CertifiedCleanService/Table_CleaningContract']
	at com.kms.katalon.core.keyword.internal.KeywordMain.stepFailed(KeywordMain.groovy:48)
	at com.kms.katalon.core.keyword.internal.KeywordMain.stepFailed(KeywordMain.groovy)
	at com.kms.katalon.core.keyword.internal.KeywordMain.stepFailed(KeywordMain.groovy:21)
	at com.kms.katalon.core.keyword.internal.KeywordMain$stepFailed$0.call(Unknown Source)
	at com.kms.katalon.core.cucumber.keyword.CucumberBuiltinKeywords$_runWithCucumberRunner_closure3.doCall(CucumberBuiltinKeywords.groovy:272)
	at com.kms.katalon.core.cucumber.keyword.CucumberBuiltinKeywords$_runWithCucumberRunner_closure3.doCall(CucumberBuiltinKeywords.groovy)
	at com.kms.katalon.core.keyword.internal.KeywordMain.runKeyword(KeywordMain.groovy:66)
	at com.kms.katalon.core.keyword.internal.KeywordMain$runKeyword.call(Unknown Source)
	at com.kms.katalon.core.cucumber.keyword.CucumberBuiltinKeywords.runWithCucumberRunner(CucumberBuiltinKeywords.groovy:257)
	at com.kms.katalon.core.cucumber.keyword.CucumberBuiltinKeywords$runWithCucumberRunner$0.callStatic(Unknown Source)
	at com.kms.katalon.core.cucumber.keyword.CucumberBuiltinKeywords.runWithCucumberRunner(CucumberBuiltinKeywords.groovy:357)
	at com.kms.katalon.core.cucumber.keyword.CucumberBuiltinKeywords$runWithCucumberRunner.call(Unknown Source)
	at TC_GCP_DeleteUploadedFiles_option2.run(TC_GCP_DeleteUploadedFiles_option2:18)
	at com.kms.katalon.core.main.ScriptEngine.run(ScriptEngine.java:194)
	at com.kms.katalon.core.main.ScriptEngine.runScriptAsRawText(ScriptEngine.java:119)
	at com.kms.katalon.core.main.TestCaseExecutor.runScript(TestCaseExecutor.java:336)
	at com.kms.katalon.core.main.TestCaseExecutor.doExecute(TestCaseExecutor.java:327)
	at com.kms.katalon.core.main.TestCaseExecutor.processExecutionPhase(TestCaseExecutor.java:306)
	at com.kms.katalon.core.main.TestCaseExecutor.accessMainPhase(TestCaseExecutor.java:298)
	at com.kms.katalon.core.main.TestCaseExecutor.execute(TestCaseExecutor.java:232)
	at com.kms.katalon.core.main.TestSuiteExecutor.accessTestCaseMainPhase(TestSuiteExecutor.java:129)
	at com.kms.katalon.core.main.TestSuiteExecutor.accessTestSuiteMainPhase(TestSuiteExecutor.java:112)
	at com.kms.katalon.core.main.TestSuiteExecutor.execute(TestSuiteExecutor.java:81)
	at com.kms.katalon.core.main.TestCaseMain.startTestSuite(TestCaseMain.java:157)
	at com.kms.katalon.core.main.TestCaseMain$startTestSuite$0.call(Unknown Source)
	at TempTestSuite1559824711522.run(TempTestSuite1559824711522.groovy:35)


2019-06-06 18:30:55 - [TEST_STEP][FAILED] - runWithCucumberRunner(greenCleaningPolicyForm.Runner_DeleteUploadedFiles_option2): Keyword runWithCucumberRunner was failed (Root cause: com.kms.katalon.core.exception.StepFailedException: These following reason:
 [Unable to scroll to object 'Object Repository/GreenCleaningPolicy/Option2_CertifiedCleanService/Table_CleaningContract']
	at com.kms.katalon.core.keyword.internal.KeywordMain.stepFailed(KeywordMain.groovy:48)
	at com.kms.katalon.core.keyword.internal.KeywordMain.stepFailed(KeywordMain.groovy)
	at com.kms.katalon.core.keyword.internal.KeywordMain.stepFailed(KeywordMain.groovy:21)
	at com.kms.katalon.core.keyword.internal.KeywordMain$stepFailed$0.call(Unknown Source)
	at com.kms.katalon.core.cucumber.keyword.CucumberBuiltinKeywords$_runWithCucumberRunner_closure3.doCall(CucumberBuiltinKeywords.groovy:272)
	at com.kms.katalon.core.cucumber.keyword.CucumberBuiltinKeywords$_runWithCucumberRunner_closure3.doCall(CucumberBuiltinKeywords.groovy)
	at com.kms.katalon.core.keyword.internal.KeywordMain.runKeyword(KeywordMain.groovy:66)
	at com.kms.katalon.core.keyword.internal.KeywordMain$runKeyword.call(Unknown Source)
	at com.kms.katalon.core.cucumber.keyword.CucumberBuiltinKeywords.runWithCucumberRunner(CucumberBuiltinKeywords.groovy:257)
	at com.kms.katalon.core.cucumber.keyword.CucumberBuiltinKeywords$runWithCucumberRunner$0.callStatic(Unknown Source)
	at com.kms.katalon.core.cucumber.keyword.CucumberBuiltinKeywords.runWithCucumberRunner(CucumberBuiltinKeywords.groovy:357)
	at com.kms.katalon.core.cucumber.keyword.CucumberBuiltinKeywords$runWithCucumberRunner.call(Unknown Source)
	at TC_GCP_DeleteUploadedFiles_option2.run(TC_GCP_DeleteUploadedFiles_option2:18)
	at com.kms.katalon.core.main.ScriptEngine.run(ScriptEngine.java:194)
	at com.kms.katalon.core.main.ScriptEngine.runScriptAsRawText(ScriptEngine.java:119)
	at com.kms.katalon.core.main.TestCaseExecutor.runScript(TestCaseExecutor.java:336)
	at com.kms.katalon.core.main.TestCaseExecutor.doExecute(TestCaseExecutor.java:327)
	at com.kms.katalon.core.main.TestCaseExecutor.processExecutionPhase(TestCaseExecutor.java:306)
	at com.kms.katalon.core.main.TestCaseExecutor.accessMainPhase(TestCaseExecutor.java:298)
	at com.kms.katalon.core.main.TestCaseExecutor.execute(TestCaseExecutor.java:232)
	at com.kms.katalon.core.main.TestSuiteExecutor.accessTestCaseMainPhase(TestSuiteExecutor.java:129)
	at com.kms.katalon.core.main.TestSuiteExecutor.accessTestSuiteMainPhase(TestSuiteExecutor.java:112)
	at com.kms.katalon.core.main.TestSuiteExecutor.execute(TestSuiteExecutor.java:81)
	at com.kms.katalon.core.main.TestCaseMain.startTestSuite(TestCaseMain.java:157)
	at com.kms.katalon.core.main.TestCaseMain$startTestSuite$0.call(Unknown Source)
	at TempTestSuite1559824711522.run(TempTestSuite1559824711522.groovy:35)
)

2019-06-06 18:30:55 - [TEST_CASE][PASSED] - Test Cases/GreenCleaningPolicy/TC_NavigateToGCP: Test Cases/GreenCleaningPolicy/TC_NavigateToGCP

2019-06-06 18:30:55 - [TEST_STEP][PASSED] - runWithCucumberRunner(greenCleaningPolicyForm.Runner_NavigateToGCP): Run with 'greenCleaningPolicyForm.Runner_NavigateToGCP' was passed

2019-06-06 18:30:55 - [TEST_CASE][PASSED] - Test Cases/Login/TC_Login: Test Cases/Login/TC_Login

2019-06-06 18:30:55 - [TEST_STEP][PASSED] - runWithCucumberRunner(common.Runner_Login): Run with 'common.Runner_Login' was passed

2019-06-06 18:30:56 - [MESSAGE][WARNING] - A browser is already opened. Closing browser and opening a new one

2019-06-06 18:30:56 - [MESSAGE][INFO] - Starting 'Chrome' driver

2019-06-06 18:30:56 - [MESSAGE][INFO] - User set preference: ['args', '[--window-size=1920,1080]']

2019-06-06 18:30:59 - [MESSAGE][PASSED] - Browser is opened with url: ''

2019-06-06 18:31:01 - [MESSAGE][PASSED] - Navigate to 'https://leedonline-stg.usgbc.org' successfully

2019-06-06 18:31:03 - [MESSAGE][PASSED] - Delayed 2 second(s)

2019-06-06 18:31:06 - [MESSAGE][PASSED] - Text 'jaypeejay@hotmail.com' is set on object 'Object Repository/Login/input_username'

2019-06-06 18:31:06 - [MESSAGE][PASSED] - Text 'initpass' is set on object 'Object Repository/Login/input_password'

2019-06-06 18:31:09 - [MESSAGE][PASSED] - Delayed 3 second(s)

2019-06-06 18:31:09 - [MESSAGE][PASSED] - Scroll to object 'Object Repository/Login/span_End User License Agreement' successfully

2019-06-06 18:31:09 - [MESSAGE][PASSED] - Object 'Object Repository/Login/span_End User License Agreement' is visible

2019-06-06 18:31:09 - [MESSAGE][PASSED] - Object 'Object Repository/Login/span_End User License Agreement' is checked

2019-06-06 18:31:10 - [MESSAGE][PASSED] - Delayed 1 second(s)

2019-06-06 18:31:11 - [MESSAGE][PASSED] - Object: 'Object Repository/Login/button_Log In' is clicked on

2019-06-06 18:31:16 - [MESSAGE][PASSED] - Object: '' is clicked on

2019-06-06 18:31:18 - [MESSAGE][PASSED] - Object: 'Object Repository/Login/a_Credits' is clicked on

2019-06-06 18:31:18 - [MESSAGE][PASSED] - Run with 'common.Runner_Login' was passed

2019-06-06 18:31:18 - [MESSAGE][PASSED] - Call Test Case 'Test Cases/Login/TC_Login' successfully

2019-06-06 18:31:18 - [MESSAGE][PASSED] - Scroll to object 'Object Repository/GreenCleaningPolicy/div_Green Cleaning Policy' successfully

2019-06-06 18:31:18 - [MESSAGE][PASSED] - Object 'Object Repository/GreenCleaningPolicy/div_Green Cleaning Policy' is present

2019-06-06 18:31:18 - [MESSAGE][PASSED] - Text of object 'Object Repository/GreenCleaningPolicy/h3_Status' is: 'ATTEMPTED'

2019-06-06 18:31:18 - [MESSAGE][PASSED] - Text of object 'Object Repository/GreenCleaningPolicy/divval' is: 'ATTEMPTED'

2019-06-06 18:31:18 - [MESSAGE][PASSED] - Text of object 'Object Repository/GreenCleaningPolicy/h3_Status' is: 'ATTEMPTED'

2019-06-06 18:31:18 - [MESSAGE][PASSED] - Object: 'Object Repository/GreenCleaningPolicy/div_Green Cleaning Policy' is clicked on

2019-06-06 18:31:22 - [MESSAGE][PASSED] - Object: 'Object Repository/GreenCleaningPolicy/a_Form (V01)' is clicked on

2019-06-06 18:31:22 - [MESSAGE][PASSED] - Object 'Object Repository/GreenCleaningPolicy/div_Green Cleaning Policy_Credit library' is present

2019-06-06 18:31:22 - [MESSAGE][PASSED] - Run with 'greenCleaningPolicyForm.Runner_NavigateToGCP' was passed

2019-06-06 18:31:22 - [MESSAGE][PASSED] - Call Test Case 'Test Cases/GreenCleaningPolicy/TC_NavigateToGCP' successfully

2019-06-06 18:31:22 - [MESSAGE][PASSED] - Object: 'Object Repository/GreenCleaningPolicy/Option2_CertifiedCleanService/input_Option 2_RadioBtn' is clicked on

2019-06-06 18:31:24 - [MESSAGE][PASSED] - Delayed 2 second(s)

2019-06-06 18:31:56 - [MESSAGE][INFO] - Unable to find the element located by 'By.xpath: //*[@id="greenCleaningPolicyDocs_files"]/table'. Please recheck the objects properties to make sure the desired element is located. 

2019-06-06 18:31:56 - [MESSAGE][FAILED] - Unable to scroll to object 'Object Repository/GreenCleaningPolicy/Option2_CertifiedCleanService/Table_CleaningContract' (Root cause: com.kms.katalon.core.exception.StepFailedException: Unable to scroll to object 'Object Repository/GreenCleaningPolicy/Option2_CertifiedCleanService/Table_CleaningContract'
	at com.kms.katalon.core.webui.keyword.internal.WebUIKeywordMain.stepFailed(WebUIKeywordMain.groovy:64)
	at com.kms.katalon.core.webui.keyword.internal.WebUIKeywordMain.runKeyword(WebUIKeywordMain.groovy:26)
	at com.kms.katalon.core.webui.keyword.builtin.ScrollToElementKeyword.scrollToElement(ScrollToElementKeyword.groovy:88)
	at com.kms.katalon.core.webui.keyword.builtin.ScrollToElementKeyword.execute(ScrollToElementKeyword.groovy:68)
	at com.kms.katalon.core.keyword.internal.KeywordExecutor.executeKeywordForPlatform(KeywordExecutor.groovy:56)
	at com.kms.katalon.core.webui.keyword.WebUiBuiltInKeywords.scrollToElement(WebUiBuiltInKeywords.groovy:2975)
	at com.kms.katalon.core.webui.keyword.WebUiBuiltInKeywords$scrollToElement$2.call(Unknown Source)
	at greenCleaningPolicyForm.VerifyGreenCleaningPolicy.user_has_to_see_the_table_of_uploaded_files_on_Cleaning_Contract(VerifyGreenCleaningPolicy.groovy:148)
	at cucumber.runtime.Utils$1.call(Utils.java:26)
	at cucumber.runtime.Timeout.timeout(Timeout.java:16)
	at cucumber.runtime.Utils.invoke(Utils.java:20)
	at cucumber.runtime.java.JavaStepDefinition.execute(JavaStepDefinition.java:48)
	at cucumber.runtime.PickleStepDefinitionMatch.runStep(PickleStepDefinitionMatch.java:50)
	at cucumber.runner.TestStep.executeStep(TestStep.java:55)
	at cucumber.runner.TestStep.run(TestStep.java:42)
	at cucumber.runner.PickleStepTestStep.run(PickleStepTestStep.java:53)
	at cucumber.runner.TestCase.run(TestCase.java:47)
	at cucumber.runner.Runner.runPickle(Runner.java:44)
	at cucumber.runtime.junit.PickleRunners$NoStepDescriptions.run(PickleRunners.java:140)
	at cucumber.runtime.junit.FeatureRunner.runChild(FeatureRunner.java:68)
	at cucumber.runtime.junit.FeatureRunner.runChild(FeatureRunner.java:23)
	at org.junit.runners.ParentRunner$3.run(ParentRunner.java:290)
	at org.junit.runners.ParentRunner$1.schedule(ParentRunner.java:71)
	at org.junit.runners.ParentRunner.runChildren(ParentRunner.java:288)
	at org.junit.runners.ParentRunner.access$000(ParentRunner.java:58)
	at org.junit.runners.ParentRunner$2.evaluate(ParentRunner.java:268)
	at org.junit.runners.ParentRunner.run(ParentRunner.java:363)
	at cucumber.runtime.junit.FeatureRunner.run(FeatureRunner.java:73)
	at cucumber.api.junit.Cucumber.runChild(Cucumber.java:98)
	at cucumber.api.junit.Cucumber.runChild(Cucumber.java:55)
	at org.junit.runners.ParentRunner$3.run(ParentRunner.java:290)
	at org.junit.runners.ParentRunner$1.schedule(ParentRunner.java:71)
	at org.junit.runners.ParentRunner.runChildren(ParentRunner.java:288)
	at org.junit.runners.ParentRunner.access$000(ParentRunner.java:58)
	at org.junit.runners.ParentRunner$2.evaluate(ParentRunner.java:268)
	at cucumber.api.junit.Cucumber$1.evaluate(Cucumber.java:107)
	at org.junit.runners.ParentRunner.run(ParentRunner.java:363)
	at org.junit.runners.Suite.runChild(Suite.java:128)
	at org.junit.runners.Suite.runChild(Suite.java:27)
	at org.junit.runners.ParentRunner$3.run(ParentRunner.java:290)
	at org.junit.runners.ParentRunner$1.schedule(ParentRunner.java:71)
	at org.junit.runners.ParentRunner.runChildren(ParentRunner.java:288)
	at org.junit.runners.ParentRunner.access$000(ParentRunner.java:58)
	at org.junit.runners.ParentRunner$2.evaluate(ParentRunner.java:268)
	at org.junit.runners.ParentRunner.run(ParentRunner.java:363)
	at org.junit.runner.JUnitCore.run(JUnitCore.java:137)
	at org.junit.runner.JUnitCore.run(JUnitCore.java:115)
	at org.junit.runner.JUnitCore.run(JUnitCore.java:105)
	at com.kms.katalon.core.cucumber.keyword.CucumberBuiltinKeywords$_runWithCucumberRunner_closure3.doCall(CucumberBuiltinKeywords.groovy:260)
	at com.kms.katalon.core.cucumber.keyword.CucumberBuiltinKeywords$_runWithCucumberRunner_closure3.doCall(CucumberBuiltinKeywords.groovy)
	at com.kms.katalon.core.keyword.internal.KeywordMain.runKeyword(KeywordMain.groovy:66)
	at com.kms.katalon.core.keyword.internal.KeywordMain$runKeyword.call(Unknown Source)
	at com.kms.katalon.core.cucumber.keyword.CucumberBuiltinKeywords.runWithCucumberRunner(CucumberBuiltinKeywords.groovy:257)
	at com.kms.katalon.core.cucumber.keyword.CucumberBuiltinKeywords$runWithCucumberRunner$0.callStatic(Unknown Source)
	at com.kms.katalon.core.cucumber.keyword.CucumberBuiltinKeywords.runWithCucumberRunner(CucumberBuiltinKeywords.groovy:357)
	at com.kms.katalon.core.cucumber.keyword.CucumberBuiltinKeywords$runWithCucumberRunner.call(Unknown Source)
	at TC_GCP_DeleteUploadedFiles_option2.run(TC_GCP_DeleteUploadedFiles_option2:18)
	at com.kms.katalon.core.main.ScriptEngine.run(ScriptEngine.java:194)
	at com.kms.katalon.core.main.ScriptEngine.runScriptAsRawText(ScriptEngine.java:119)
	at com.kms.katalon.core.main.TestCaseExecutor.runScript(TestCaseExecutor.java:336)
	at com.kms.katalon.core.main.TestCaseExecutor.doExecute(TestCaseExecutor.java:327)
	at com.kms.katalon.core.main.TestCaseExecutor.processExecutionPhase(TestCaseExecutor.java:306)
	at com.kms.katalon.core.main.TestCaseExecutor.accessMainPhase(TestCaseExecutor.java:298)
	at com.kms.katalon.core.main.TestCaseExecutor.execute(TestCaseExecutor.java:232)
	at com.kms.katalon.core.main.TestSuiteExecutor.accessTestCaseMainPhase(TestSuiteExecutor.java:129)
	at com.kms.katalon.core.main.TestSuiteExecutor.accessTestSuiteMainPhase(TestSuiteExecutor.java:112)
	at com.kms.katalon.core.main.TestSuiteExecutor.execute(TestSuiteExecutor.java:81)
	at com.kms.katalon.core.main.TestCaseMain.startTestSuite(TestCaseMain.java:157)
	at com.kms.katalon.core.main.TestCaseMain$startTestSuite$0.call(Unknown Source)
	at TempTestSuite1559824711522.run(TempTestSuite1559824711522.groovy:35)
Caused by: com.kms.katalon.core.webui.exception.WebElementNotFoundException: Web element with id: 'Object Repository/GreenCleaningPolicy/Option2_CertifiedCleanService/Table_CleaningContract' located by 'By.xpath: //*[@id="greenCleaningPolicyDocs_files"]/table' not found
	at com.kms.katalon.core.webui.common.WebUiCommonHelper.findWebElement(WebUiCommonHelper.java:1097)
	at com.kms.katalon.core.webui.keyword.internal.WebUIAbstractKeyword.findWebElement(WebUIAbstractKeyword.groovy:27)
	at com.kms.katalon.core.webui.keyword.internal.WebUIAbstractKeyword.findWebElement(WebUIAbstractKeyword.groovy:26)
	at com.kms.katalon.core.webui.keyword.builtin.ScrollToElementKeyword$_scrollToElement_closure1.doCall(ScrollToElementKeyword.groovy:79)
	at com.kms.katalon.core.webui.keyword.builtin.ScrollToElementKeyword$_scrollToElement_closure1.call(ScrollToElementKeyword.groovy)
	at com.kms.katalon.core.webui.keyword.internal.WebUIKeywordMain.runKeyword(WebUIKeywordMain.groovy:20)
	at com.kms.katalon.core.webui.keyword.builtin.ScrollToElementKeyword.scrollToElement(ScrollToElementKeyword.groovy:88)
	at com.kms.katalon.core.webui.keyword.builtin.ScrollToElementKeyword.execute(ScrollToElementKeyword.groovy:68)
	at com.kms.katalon.core.keyword.internal.KeywordExecutor.executeKeywordForPlatform(KeywordExecutor.groovy:56)
	at com.kms.katalon.core.webui.keyword.WebUiBuiltInKeywords.scrollToElement(WebUiBuiltInKeywords.groovy:2975)
	at com.kms.katalon.core.webui.keyword.WebUiBuiltInKeywords$scrollToElement$2.call(Unknown Source)
	at greenCleaningPolicyForm.VerifyGreenCleaningPolicy.user_has_to_see_the_table_of_uploaded_files_on_Cleaning_Contract(VerifyGreenCleaningPolicy.groovy:148)
	at cucumber.runtime.Utils$1.call(Utils.java:26)
	at cucumber.runtime.Timeout.timeout(Timeout.java:16)
	at cucumber.runtime.Utils.invoke(Utils.java:20)
	at cucumber.runtime.java.JavaStepDefinition.execute(JavaStepDefinition.java:48)
	at cucumber.runtime.PickleStepDefinitionMatch.runStep(PickleStepDefinitionMatch.java:50)
	at cucumber.runner.TestStep.executeStep(TestStep.java:55)
	at cucumber.runner.TestStep.run(TestStep.java:42)
	at cucumber.runner.PickleStepTestStep.run(PickleStepTestStep.java:53)
	at cucumber.runner.TestCase.run(TestCase.java:47)
	at cucumber.runner.Runner.runPickle(Runner.java:44)
	at cucumber.runtime.junit.PickleRunners$NoStepDescriptions.run(PickleRunners.java:140)
	at cucumber.runtime.junit.FeatureRunner.runChild(FeatureRunner.java:68)
	at cucumber.runtime.junit.FeatureRunner.runChild(FeatureRunner.java:23)
	at org.junit.runners.ParentRunner$3.run(ParentRunner.java:290)
	at org.junit.runners.ParentRunner$1.schedule(ParentRunner.java:71)
	at org.junit.runners.ParentRunner.runChildren(ParentRunner.java:288)
	at org.junit.runners.ParentRunner.access$000(ParentRunner.java:58)
	at org.junit.runners.ParentRunner$2.evaluate(ParentRunner.java:268)
	at org.junit.runners.ParentRunner.run(ParentRunner.java:363)
	at cucumber.runtime.junit.FeatureRunner.run(FeatureRunner.java:73)
	at cucumber.api.junit.Cucumber.runChild(Cucumber.java:98)
	at cucumber.api.junit.Cucumber.runChild(Cucumber.java:55)
	at org.junit.runners.ParentRunner$3.run(ParentRunner.java:290)
	at org.junit.runners.ParentRunner$1.schedule(ParentRunner.java:71)
	at org.junit.runners.ParentRunner.runChildren(ParentRunner.java:288)
	at org.junit.runners.ParentRunner.access$000(ParentRunner.java:58)
	at org.junit.runners.ParentRunner$2.evaluate(ParentRunner.java:268)
	at cucumber.api.junit.Cucumber$1.evaluate(Cucumber.java:107)
	at org.junit.runners.ParentRunner.run(ParentRunner.java:363)
	at org.junit.runners.Suite.runChild(Suite.java:128)
	at org.junit.runners.Suite.runChild(Suite.java:27)
	at org.junit.runners.ParentRunner$3.run(ParentRunner.java:290)
	at org.junit.runners.ParentRunner$1.schedule(ParentRunner.java:71)
	at org.junit.runners.ParentRunner.runChildren(ParentRunner.java:288)
	at org.junit.runners.ParentRunner.access$000(ParentRunner.java:58)
	at org.junit.runners.ParentRunner$2.evaluate(ParentRunner.java:268)
	at org.junit.runners.ParentRunner.run(ParentRunner.java:363)
	at org.junit.runner.JUnitCore.run(JUnitCore.java:137)
	at org.junit.runner.JUnitCore.run(JUnitCore.java:115)
	at org.junit.runner.JUnitCore.run(JUnitCore.java:105)
	at com.kms.katalon.core.cucumber.keyword.CucumberBuiltinKeywords$_runWithCucumberRunner_closure3.doCall(CucumberBuiltinKeywords.groovy:260)
	at com.kms.katalon.core.cucumber.keyword.CucumberBuiltinKeywords$_runWithCucumberRunner_closure3.doCall(CucumberBuiltinKeywords.groovy)
	at com.kms.katalon.core.keyword.internal.KeywordMain.runKeyword(KeywordMain.groovy:66)
	at com.kms.katalon.core.keyword.internal.KeywordMain$runKeyword.call(Unknown Source)
	at com.kms.katalon.core.cucumber.keyword.CucumberBuiltinKeywords.runWithCucumberRunner(CucumberBuiltinKeywords.groovy:257)
	at com.kms.katalon.core.cucumber.keyword.CucumberBuiltinKeywords$runWithCucumberRunner$0.callStatic(Unknown Source)
	at com.kms.katalon.core.cucumber.keyword.CucumberBuiltinKeywords.runWithCucumberRunner(CucumberBuiltinKeywords.groovy:357)
	at com.kms.katalon.core.cucumber.keyword.CucumberBuiltinKeywords$runWithCucumberRunner.call(Unknown Source)
	at Script1559800558963.run(Script1559800558963.groovy:18)
	... 13 more
)
[[ATTACHMENT|H:\\Git Projects\\Usgbc_LeedOnline_ScoreCard\\Usgbc_LeedOnline_ScoreCard\\Reports\\GCP_SmokeTest\\20190606_180831\\1559826116122.png]]

2019-06-06 18:31:56 - [MESSAGE][PASSED] - Scroll to object 'Object Repository/GreenCleaningPolicy/Option2_CertifiedCleanService/Table_UploadInfoShowingContract' successfully

2019-06-06 18:31:56 - [MESSAGE][PASSED] - Object 'Object Repository/GreenCleaningPolicy/Option2_CertifiedCleanService/Table_UploadInfoShowingContract' is present

2019-06-06 18:31:56 - [MESSAGE][PASSED] - Scroll to object 'Object Repository/GreenCleaningPolicy/Option2_CertifiedCleanService/AddFile_UploadInfoShowingContract_Option2/p_Upload the information showing the contractors' successfully

2019-06-06 18:31:57 - [MESSAGE][PASSED] - Delayed 1 second(s)

2019-06-06 18:31:57 - [MESSAGE][PASSED] - Object: '' is clicked on

2019-06-06 18:31:59 - [MESSAGE][PASSED] - Delayed 2 second(s)

2019-06-06 18:32:00 - [MESSAGE][PASSED] - Object: 'Object Repository/LightPollutionReduction/FixtureShielding/button_Yes' is clicked on

2019-06-06 18:32:01 - [MESSAGE][PASSED] - Delayed 1 second(s)

2019-06-06 18:32:01 - [MESSAGE][PASSED] - Object: '' is clicked on

2019-06-06 18:32:03 - [MESSAGE][PASSED] - Delayed 2 second(s)

2019-06-06 18:32:03 - [MESSAGE][PASSED] - Object: 'Object Repository/LightPollutionReduction/FixtureShielding/button_Yes' is clicked on

2019-06-06 18:32:04 - [MESSAGE][PASSED] - Delayed 1 second(s)

2019-06-06 18:32:04 - [MESSAGE][PASSED] - Object: '' is clicked on

2019-06-06 18:32:06 - [MESSAGE][PASSED] - Delayed 2 second(s)

2019-06-06 18:32:07 - [MESSAGE][PASSED] - Object: 'Object Repository/LightPollutionReduction/FixtureShielding/button_Yes' is clicked on

2019-06-06 18:32:09 - [MESSAGE][PASSED] - Delayed 2 second(s)

2019-06-06 18:32:09 - [MESSAGE][PASSED] - Web element with id: 'Object Repository/GreenCleaningPolicy/Option2_CertifiedCleanService/Table_UploadInfoShowingContract' located by 'By.xpath: //*[@id="contractorCertDocs_files"]/table' is not present after '30' second(s)

2019-06-06 18:32:09 - [MESSAGE][FAILED] - These following reason:
 [Unable to scroll to object 'Object Repository/GreenCleaningPolicy/Option2_CertifiedCleanService/Table_CleaningContract']

2019-06-06 18:32:09 - [MESSAGE][FAILED] - Keyword runWithCucumberRunner was failed (Root cause: com.kms.katalon.core.exception.StepFailedException: These following reason:
 [Unable to scroll to object 'Object Repository/GreenCleaningPolicy/Option2_CertifiedCleanService/Table_CleaningContract']
	at com.kms.katalon.core.keyword.internal.KeywordMain.stepFailed(KeywordMain.groovy:48)
	at com.kms.katalon.core.keyword.internal.KeywordMain.stepFailed(KeywordMain.groovy)
	at com.kms.katalon.core.keyword.internal.KeywordMain.stepFailed(KeywordMain.groovy:21)
	at com.kms.katalon.core.keyword.internal.KeywordMain$stepFailed$0.call(Unknown Source)
	at com.kms.katalon.core.cucumber.keyword.CucumberBuiltinKeywords$_runWithCucumberRunner_closure3.doCall(CucumberBuiltinKeywords.groovy:272)
	at com.kms.katalon.core.cucumber.keyword.CucumberBuiltinKeywords$_runWithCucumberRunner_closure3.doCall(CucumberBuiltinKeywords.groovy)
	at com.kms.katalon.core.keyword.internal.KeywordMain.runKeyword(KeywordMain.groovy:66)
	at com.kms.katalon.core.keyword.internal.KeywordMain$runKeyword.call(Unknown Source)
	at com.kms.katalon.core.cucumber.keyword.CucumberBuiltinKeywords.runWithCucumberRunner(CucumberBuiltinKeywords.groovy:257)
	at com.kms.katalon.core.cucumber.keyword.CucumberBuiltinKeywords$runWithCucumberRunner$0.callStatic(Unknown Source)
	at com.kms.katalon.core.cucumber.keyword.CucumberBuiltinKeywords.runWithCucumberRunner(CucumberBuiltinKeywords.groovy:357)
	at com.kms.katalon.core.cucumber.keyword.CucumberBuiltinKeywords$runWithCucumberRunner.call(Unknown Source)
	at TC_GCP_DeleteUploadedFiles_option2.run(TC_GCP_DeleteUploadedFiles_option2:18)
	at com.kms.katalon.core.main.ScriptEngine.run(ScriptEngine.java:194)
	at com.kms.katalon.core.main.ScriptEngine.runScriptAsRawText(ScriptEngine.java:119)
	at com.kms.katalon.core.main.TestCaseExecutor.runScript(TestCaseExecutor.java:336)
	at com.kms.katalon.core.main.TestCaseExecutor.doExecute(TestCaseExecutor.java:327)
	at com.kms.katalon.core.main.TestCaseExecutor.processExecutionPhase(TestCaseExecutor.java:306)
	at com.kms.katalon.core.main.TestCaseExecutor.accessMainPhase(TestCaseExecutor.java:298)
	at com.kms.katalon.core.main.TestCaseExecutor.execute(TestCaseExecutor.java:232)
	at com.kms.katalon.core.main.TestSuiteExecutor.accessTestCaseMainPhase(TestSuiteExecutor.java:129)
	at com.kms.katalon.core.main.TestSuiteExecutor.accessTestSuiteMainPhase(TestSuiteExecutor.java:112)
	at com.kms.katalon.core.main.TestSuiteExecutor.execute(TestSuiteExecutor.java:81)
	at com.kms.katalon.core.main.TestCaseMain.startTestSuite(TestCaseMain.java:157)
	at com.kms.katalon.core.main.TestCaseMain$startTestSuite$0.call(Unknown Source)
	at TempTestSuite1559824711522.run(TempTestSuite1559824711522.groovy:35)
)]]></system-out>
         <system-err><![CDATA[2019-06-06 18:30:55 - [TEST_CASE][FAILED] - Test Cases/GreenCleaningPolicy/TC_GCP_DeleteUploadedFiles_option2: Test Cases/GreenCleaningPolicy/TC_GCP_DeleteUploadedFiles_option2 FAILED.
Reason:
com.kms.katalon.core.exception.StepFailedException: These following reason:
 [Unable to scroll to object 'Object Repository/GreenCleaningPolicy/Option2_CertifiedCleanService/Table_CleaningContract']
	at com.kms.katalon.core.keyword.internal.KeywordMain.stepFailed(KeywordMain.groovy:48)
	at com.kms.katalon.core.keyword.internal.KeywordMain.stepFailed(KeywordMain.groovy)
	at com.kms.katalon.core.keyword.internal.KeywordMain.stepFailed(KeywordMain.groovy:21)
	at com.kms.katalon.core.keyword.internal.KeywordMain$stepFailed$0.call(Unknown Source)
	at com.kms.katalon.core.cucumber.keyword.CucumberBuiltinKeywords$_runWithCucumberRunner_closure3.doCall(CucumberBuiltinKeywords.groovy:272)
	at com.kms.katalon.core.cucumber.keyword.CucumberBuiltinKeywords$_runWithCucumberRunner_closure3.doCall(CucumberBuiltinKeywords.groovy)
	at com.kms.katalon.core.keyword.internal.KeywordMain.runKeyword(KeywordMain.groovy:66)
	at com.kms.katalon.core.keyword.internal.KeywordMain$runKeyword.call(Unknown Source)
	at com.kms.katalon.core.cucumber.keyword.CucumberBuiltinKeywords.runWithCucumberRunner(CucumberBuiltinKeywords.groovy:257)
	at com.kms.katalon.core.cucumber.keyword.CucumberBuiltinKeywords$runWithCucumberRunner$0.callStatic(Unknown Source)
	at com.kms.katalon.core.cucumber.keyword.CucumberBuiltinKeywords.runWithCucumberRunner(CucumberBuiltinKeywords.groovy:357)
	at com.kms.katalon.core.cucumber.keyword.CucumberBuiltinKeywords$runWithCucumberRunner.call(Unknown Source)
	at TC_GCP_DeleteUploadedFiles_option2.run(TC_GCP_DeleteUploadedFiles_option2:18)
	at com.kms.katalon.core.main.ScriptEngine.run(ScriptEngine.java:194)
	at com.kms.katalon.core.main.ScriptEngine.runScriptAsRawText(ScriptEngine.java:119)
	at com.kms.katalon.core.main.TestCaseExecutor.runScript(TestCaseExecutor.java:336)
	at com.kms.katalon.core.main.TestCaseExecutor.doExecute(TestCaseExecutor.java:327)
	at com.kms.katalon.core.main.TestCaseExecutor.processExecutionPhase(TestCaseExecutor.java:306)
	at com.kms.katalon.core.main.TestCaseExecutor.accessMainPhase(TestCaseExecutor.java:298)
	at com.kms.katalon.core.main.TestCaseExecutor.execute(TestCaseExecutor.java:232)
	at com.kms.katalon.core.main.TestSuiteExecutor.accessTestCaseMainPhase(TestSuiteExecutor.java:129)
	at com.kms.katalon.core.main.TestSuiteExecutor.accessTestSuiteMainPhase(TestSuiteExecutor.java:112)
	at com.kms.katalon.core.main.TestSuiteExecutor.execute(TestSuiteExecutor.java:81)
	at com.kms.katalon.core.main.TestCaseMain.startTestSuite(TestCaseMain.java:157)
	at com.kms.katalon.core.main.TestCaseMain$startTestSuite$0.call(Unknown Source)
	at TempTestSuite1559824711522.run(TempTestSuite1559824711522.groovy:35)]]></system-err>
      </testcase>
      <testcase name="Test Cases/GreenCleaningPolicy/TC_GCP_NegativeCases_option1" classname="Test Cases/GreenCleaningPolicy/TC_GCP_NegativeCases_option1" status="PASSED">
         <system-out><![CDATA[2019-06-06 18:32:09 - [TEST_CASE][PASSED] - Test Cases/GreenCleaningPolicy/TC_GCP_NegativeCases_option1: Test Cases/GreenCleaningPolicy/TC_GCP_NegativeCases_option1

2019-06-06 18:32:09 - [TEST_STEP][PASSED] - runWithCucumberRunner(greenCleaningPolicyForm.Runner_NegativeCases_option1): Run with 'greenCleaningPolicyForm.Runner_NegativeCases_option1' was passed

2019-06-06 18:32:09 - [TEST_CASE][PASSED] - Test Cases/GreenCleaningPolicy/TC_NavigateToGCP: Test Cases/GreenCleaningPolicy/TC_NavigateToGCP

2019-06-06 18:32:09 - [TEST_STEP][PASSED] - runWithCucumberRunner(greenCleaningPolicyForm.Runner_NavigateToGCP): Run with 'greenCleaningPolicyForm.Runner_NavigateToGCP' was passed

2019-06-06 18:32:09 - [TEST_CASE][PASSED] - Test Cases/Login/TC_Login: Test Cases/Login/TC_Login

2019-06-06 18:32:10 - [TEST_STEP][PASSED] - runWithCucumberRunner(common.Runner_Login): Run with 'common.Runner_Login' was passed

2019-06-06 18:32:10 - [MESSAGE][WARNING] - A browser is already opened. Closing browser and opening a new one

2019-06-06 18:32:10 - [MESSAGE][INFO] - Starting 'Chrome' driver

2019-06-06 18:32:10 - [MESSAGE][INFO] - User set preference: ['args', '[--window-size=1920,1080]']

2019-06-06 18:32:13 - [MESSAGE][PASSED] - Browser is opened with url: ''

2019-06-06 18:32:16 - [MESSAGE][PASSED] - Navigate to 'https://leedonline-stg.usgbc.org' successfully

2019-06-06 18:32:18 - [MESSAGE][PASSED] - Delayed 2 second(s)

2019-06-06 18:32:18 - [MESSAGE][PASSED] - Text 'jaypeejay@hotmail.com' is set on object 'Object Repository/Login/input_username'

2019-06-06 18:32:18 - [MESSAGE][PASSED] - Text 'initpass' is set on object 'Object Repository/Login/input_password'

2019-06-06 18:32:21 - [MESSAGE][PASSED] - Delayed 3 second(s)

2019-06-06 18:32:21 - [MESSAGE][PASSED] - Scroll to object 'Object Repository/Login/span_End User License Agreement' successfully

2019-06-06 18:32:21 - [MESSAGE][PASSED] - Object 'Object Repository/Login/span_End User License Agreement' is visible

2019-06-06 18:32:21 - [MESSAGE][PASSED] - Object 'Object Repository/Login/span_End User License Agreement' is checked

2019-06-06 18:32:22 - [MESSAGE][PASSED] - Delayed 1 second(s)

2019-06-06 18:32:22 - [MESSAGE][PASSED] - Object: 'Object Repository/Login/button_Log In' is clicked on

2019-06-06 18:32:28 - [MESSAGE][PASSED] - Object: '' is clicked on

2019-06-06 18:32:29 - [MESSAGE][PASSED] - Object: 'Object Repository/Login/a_Credits' is clicked on

2019-06-06 18:32:29 - [MESSAGE][PASSED] - Run with 'common.Runner_Login' was passed

2019-06-06 18:32:29 - [MESSAGE][PASSED] - Call Test Case 'Test Cases/Login/TC_Login' successfully

2019-06-06 18:32:30 - [MESSAGE][PASSED] - Scroll to object 'Object Repository/GreenCleaningPolicy/div_Green Cleaning Policy' successfully

2019-06-06 18:32:30 - [MESSAGE][PASSED] - Object 'Object Repository/GreenCleaningPolicy/div_Green Cleaning Policy' is present

2019-06-06 18:32:30 - [MESSAGE][PASSED] - Text of object 'Object Repository/GreenCleaningPolicy/h3_Status' is: 'ATTEMPTED'

2019-06-06 18:32:30 - [MESSAGE][PASSED] - Text of object 'Object Repository/GreenCleaningPolicy/divval' is: 'ATTEMPTED'

2019-06-06 18:32:30 - [MESSAGE][PASSED] - Text of object 'Object Repository/GreenCleaningPolicy/h3_Status' is: 'ATTEMPTED'

2019-06-06 18:32:30 - [MESSAGE][PASSED] - Object: 'Object Repository/GreenCleaningPolicy/div_Green Cleaning Policy' is clicked on

2019-06-06 18:32:33 - [MESSAGE][PASSED] - Object: 'Object Repository/GreenCleaningPolicy/a_Form (V01)' is clicked on

2019-06-06 18:32:33 - [MESSAGE][PASSED] - Object 'Object Repository/GreenCleaningPolicy/div_Green Cleaning Policy_Credit library' is present

2019-06-06 18:32:33 - [MESSAGE][PASSED] - Run with 'greenCleaningPolicyForm.Runner_NavigateToGCP' was passed

2019-06-06 18:32:33 - [MESSAGE][PASSED] - Call Test Case 'Test Cases/GreenCleaningPolicy/TC_NavigateToGCP' successfully

2019-06-06 18:32:34 - [MESSAGE][PASSED] - Object: 'Object Repository/GreenCleaningPolicy/Option1_GreenCleanPlcy/input_Option1_Radiobtn' is clicked on

2019-06-06 18:32:36 - [MESSAGE][PASSED] - Delayed 2 second(s)

2019-06-06 18:32:38 - [MESSAGE][PASSED] - Delayed 2 second(s)

2019-06-06 18:32:44 - [MESSAGE][PASSED] - Object: 'Object Repository/GreenCleaningPolicy/button_Save' is clicked on

2019-06-06 18:32:46 - [MESSAGE][PASSED] - Delayed 2 second(s)

2019-06-06 18:32:46 - [MESSAGE][PASSED] - Text 'Please fix the highlighted errors.' is present on page 

2019-06-06 18:32:48 - [MESSAGE][PASSED] - Delayed 2 second(s)

2019-06-06 18:32:48 - [MESSAGE][PASSED] - Object 'Object Repository/GreenCleaningPolicy/Option1_GreenCleanPlcy/AddFile_UploadGreenCleaningPlcy_Option1/p_Upload the Green Cleaning Policy' is present

2019-06-06 18:32:48 - [MESSAGE][PASSED] - Scroll to object 'Object Repository/GreenCleaningPolicy/Option1_GreenCleanPlcy/AddFile_UploadGreenCleaningPlcy_Option1/p_Upload the Green Cleaning Policy' successfully

2019-06-06 18:32:48 - [MESSAGE][PASSED] - Scroll to object 'Object Repository/GreenCleaningPolicy/Option1_GreenCleanPlcy/AddFile_UploadGreenCleaningPlcy_Option1/p_Upload the Green Cleaning Policy' successfully

2019-06-06 18:32:48 - [MESSAGE][PASSED] - File 'H:/Git Projects/Usgbc_LeedOnline_ScoreCard/Usgbc_LeedOnline_ScoreCard/Include/TestData/NegativeTestFiles/102MBfile.pdf' sent to object: 'Object Repository/GreenCleaningPolicy/Option1_GreenCleanPlcy/AddFile_UploadGreenCleaningPlcy_Option1/input_UploadGreenCleaningPlcy'

2019-06-06 18:32:50 - [MESSAGE][PASSED] - Delayed 2 second(s)

2019-06-06 18:32:50 - [MESSAGE][PASSED] - Text 'Maximum allowed file size is 100 MB only.' is present on page 

2019-06-06 18:32:51 - [MESSAGE][PASSED] - Object 'Object Repository/GreenCleaningPolicy/Option1_GreenCleanPlcy/AddFile_UploadGreenCleaningPlcy_Option1/p_Upload the Green Cleaning Policy' is present

2019-06-06 18:32:51 - [MESSAGE][PASSED] - Scroll to object 'Object Repository/GreenCleaningPolicy/Option1_GreenCleanPlcy/AddFile_UploadGreenCleaningPlcy_Option1/p_Upload the Green Cleaning Policy' successfully

2019-06-06 18:32:51 - [MESSAGE][PASSED] - Scroll to object 'Object Repository/GreenCleaningPolicy/Option1_GreenCleanPlcy/AddFile_UploadGreenCleaningPlcy_Option1/p_Upload the Green Cleaning Policy' successfully

2019-06-06 18:32:51 - [MESSAGE][PASSED] - File 'H:/Git Projects/Usgbc_LeedOnline_ScoreCard/Usgbc_LeedOnline_ScoreCard/Include/TestData/NegativeTestFiles/24MBfile.doc' sent to object: 'Object Repository/GreenCleaningPolicy/Option1_GreenCleanPlcy/AddFile_UploadGreenCleaningPlcy_Option1/input_UploadGreenCleaningPlcy'

2019-06-06 18:32:51 - [MESSAGE][PASSED] - Scroll to object 'Object Repository/LightPollutionReduction/FixtureShielding/Saveform/btn_Save' successfully

2019-06-06 18:32:51 - [MESSAGE][PASSED] - Object: 'Object Repository/LightPollutionReduction/FixtureShielding/Saveform/btn_Save' is clicked on

2019-06-06 18:32:53 - [MESSAGE][PASSED] - Delayed 2 second(s)

2019-06-06 18:32:53 - [MESSAGE][PASSED] - Text 'Please wait running actions to complete.' is present on page 

2019-06-06 18:32:55 - [MESSAGE][PASSED] - Delayed 2 second(s)

2019-06-06 18:32:55 - [MESSAGE][PASSED] - Object 'Object Repository/GreenCleaningPolicy/SpecialCircumstances/AddFile_UploadAddtionalDoc_SC/p_Upload any additional documentation that supports' is present

2019-06-06 18:32:55 - [MESSAGE][PASSED] - Scroll to object 'Object Repository/GreenCleaningPolicy/SpecialCircumstances/AddFile_UploadAddtionalDoc_SC/p_Upload any additional documentation that supports' successfully

2019-06-06 18:32:56 - [MESSAGE][PASSED] - Scroll to object 'Object Repository/GreenCleaningPolicy/SpecialCircumstances/AddFile_UploadAddtionalDoc_SC/p_Upload any additional documentation that supports' successfully

2019-06-06 18:32:56 - [MESSAGE][PASSED] - File 'H:/Git Projects/Usgbc_LeedOnline_ScoreCard/Usgbc_LeedOnline_ScoreCard/Include/TestData/NegativeTestFiles/102MBfile.pdf' sent to object: 'Object Repository/GreenCleaningPolicy/SpecialCircumstances/AddFile_UploadAddtionalDoc_SC/input_UploadAdditionalDoc_SC'

2019-06-06 18:32:58 - [MESSAGE][PASSED] - Delayed 2 second(s)

2019-06-06 18:32:58 - [MESSAGE][PASSED] - Text 'Maximum allowed file size is 100 MB only.' is present on page 

2019-06-06 18:32:58 - [MESSAGE][PASSED] - Object 'Object Repository/GreenCleaningPolicy/SpecialCircumstances/AddFile_UploadAddtionalDoc_SC/p_Upload any additional documentation that supports' is present

2019-06-06 18:32:58 - [MESSAGE][PASSED] - Scroll to object 'Object Repository/GreenCleaningPolicy/SpecialCircumstances/AddFile_UploadAddtionalDoc_SC/p_Upload any additional documentation that supports' successfully

2019-06-06 18:32:58 - [MESSAGE][PASSED] - Scroll to object 'Object Repository/GreenCleaningPolicy/SpecialCircumstances/AddFile_UploadAddtionalDoc_SC/p_Upload any additional documentation that supports' successfully

2019-06-06 18:32:58 - [MESSAGE][PASSED] - File 'H:/Git Projects/Usgbc_LeedOnline_ScoreCard/Usgbc_LeedOnline_ScoreCard/Include/TestData/NegativeTestFiles/24MBfile.doc' sent to object: 'Object Repository/GreenCleaningPolicy/SpecialCircumstances/AddFile_UploadAddtionalDoc_SC/input_UploadAdditionalDoc_SC'

2019-06-06 18:32:58 - [MESSAGE][PASSED] - Scroll to object 'Object Repository/LightPollutionReduction/FixtureShielding/Saveform/btn_Save' successfully

2019-06-06 18:32:58 - [MESSAGE][PASSED] - Object: 'Object Repository/LightPollutionReduction/FixtureShielding/Saveform/btn_Save' is clicked on

2019-06-06 18:33:00 - [MESSAGE][PASSED] - Delayed 2 second(s)

2019-06-06 18:33:01 - [MESSAGE][PASSED] - Text 'Please wait running actions to complete.' is present on page 

2019-06-06 18:33:03 - [MESSAGE][PASSED] - Delayed 2 second(s)

2019-06-06 18:33:04 - [MESSAGE][PASSED] - Delayed 1 second(s)

2019-06-06 18:33:04 - [MESSAGE][PASSED] - Object: 'Object Repository/GreenCleaningPolicy/a_Clear draft' is clicked on

2019-06-06 18:33:04 - [MESSAGE][PASSED] - Object: 'Object Repository/GreenCleaningPolicy/button_Yes' is clicked on

2019-06-06 18:33:06 - [MESSAGE][PASSED] - Delayed 2 second(s)

2019-06-06 18:33:06 - [MESSAGE][PASSED] - Run with 'greenCleaningPolicyForm.Runner_NegativeCases_option1' was passed]]></system-out>
         <system-err><![CDATA[]]></system-err>
      </testcase>
      <testcase name="Test Cases/GreenCleaningPolicy/TC_GCP_NegativeCases_option2" classname="Test Cases/GreenCleaningPolicy/TC_GCP_NegativeCases_option2" status="FAILED">
         <failure type="FAILED" message="Test Cases/GreenCleaningPolicy/TC_GCP_NegativeCases_option2 FAILED.
Reason:
com.kms.katalon.core.exception.StepFailedException: These following reason:
 [Unable to upload file 'H:/Git Projects/Usgbc_LeedOnline_ScoreCard/Usgbc_LeedOnline_ScoreCard/Include/TestData/MultipleFileDiffExt/ZZ.pdf' to object 'Object Repository/GreenCleaningPolicy/Option2_CertifiedCleanService/AddFile_UploadCleaningContract_Option2/input_UploadCleaningContract', Unable to click on object 'Object Repository/LightPollutionReduction/FixtureShielding/Saveform/btn_Save']
	at com.kms.katalon.core.keyword.internal.KeywordMain.stepFailed(KeywordMain.groovy:48)
	at com.kms.katalon.core.keyword.internal.KeywordMain.stepFailed(KeywordMain.groovy)
	at com.kms.katalon.core.keyword.internal.KeywordMain.stepFailed(KeywordMain.groovy:21)
	at com.kms.katalon.core.keyword.internal.KeywordMain$stepFailed$0.call(Unknown Source)
	at com.kms.katalon.core.cucumber.keyword.CucumberBuiltinKeywords$_runWithCucumberRunner_closure3.doCall(CucumberBuiltinKeywords.groovy:272)
	at com.kms.katalon.core.cucumber.keyword.CucumberBuiltinKeywords$_runWithCucumberRunner_closure3.doCall(CucumberBuiltinKeywords.groovy)
	at com.kms.katalon.core.keyword.internal.KeywordMain.runKeyword(KeywordMain.groovy:66)
	at com.kms.katalon.core.keyword.internal.KeywordMain$runKeyword.call(Unknown Source)
	at com.kms.katalon.core.cucumber.keyword.CucumberBuiltinKeywords.runWithCucumberRunner(CucumberBuiltinKeywords.groovy:257)
	at com.kms.katalon.core.cucumber.keyword.CucumberBuiltinKeywords$runWithCucumberRunner$0.callStatic(Unknown Source)
	at com.kms.katalon.core.cucumber.keyword.CucumberBuiltinKeywords.runWithCucumberRunner(CucumberBuiltinKeywords.groovy:357)
	at com.kms.katalon.core.cucumber.keyword.CucumberBuiltinKeywords$runWithCucumberRunner.call(Unknown Source)
	at TC_GCP_NegativeCases_option2.run(TC_GCP_NegativeCases_option2:18)
	at com.kms.katalon.core.main.ScriptEngine.run(ScriptEngine.java:194)
	at com.kms.katalon.core.main.ScriptEngine.runScriptAsRawText(ScriptEngine.java:119)
	at com.kms.katalon.core.main.TestCaseExecutor.runScript(TestCaseExecutor.java:336)
	at com.kms.katalon.core.main.TestCaseExecutor.doExecute(TestCaseExecutor.java:327)
	at com.kms.katalon.core.main.TestCaseExecutor.processExecutionPhase(TestCaseExecutor.java:306)
	at com.kms.katalon.core.main.TestCaseExecutor.accessMainPhase(TestCaseExecutor.java:298)
	at com.kms.katalon.core.main.TestCaseExecutor.execute(TestCaseExecutor.java:232)
	at com.kms.katalon.core.main.TestSuiteExecutor.accessTestCaseMainPhase(TestSuiteExecutor.java:129)
	at com.kms.katalon.core.main.TestSuiteExecutor.accessTestSuiteMainPhase(TestSuiteExecutor.java:112)
	at com.kms.katalon.core.main.TestSuiteExecutor.execute(TestSuiteExecutor.java:81)
	at com.kms.katalon.core.main.TestCaseMain.startTestSuite(TestCaseMain.java:157)
	at com.kms.katalon.core.main.TestCaseMain$startTestSuite$0.call(Unknown Source)
	at TempTestSuite1559824711522.run(TempTestSuite1559824711522.groovy:35)
"/>
         <system-out><![CDATA[2019-06-06 18:33:06 - [TEST_CASE][FAILED] - Test Cases/GreenCleaningPolicy/TC_GCP_NegativeCases_option2: Test Cases/GreenCleaningPolicy/TC_GCP_NegativeCases_option2 FAILED.
Reason:
com.kms.katalon.core.exception.StepFailedException: These following reason:
 [Unable to upload file 'H:/Git Projects/Usgbc_LeedOnline_ScoreCard/Usgbc_LeedOnline_ScoreCard/Include/TestData/MultipleFileDiffExt/ZZ.pdf' to object 'Object Repository/GreenCleaningPolicy/Option2_CertifiedCleanService/AddFile_UploadCleaningContract_Option2/input_UploadCleaningContract', Unable to click on object 'Object Repository/LightPollutionReduction/FixtureShielding/Saveform/btn_Save']
	at com.kms.katalon.core.keyword.internal.KeywordMain.stepFailed(KeywordMain.groovy:48)
	at com.kms.katalon.core.keyword.internal.KeywordMain.stepFailed(KeywordMain.groovy)
	at com.kms.katalon.core.keyword.internal.KeywordMain.stepFailed(KeywordMain.groovy:21)
	at com.kms.katalon.core.keyword.internal.KeywordMain$stepFailed$0.call(Unknown Source)
	at com.kms.katalon.core.cucumber.keyword.CucumberBuiltinKeywords$_runWithCucumberRunner_closure3.doCall(CucumberBuiltinKeywords.groovy:272)
	at com.kms.katalon.core.cucumber.keyword.CucumberBuiltinKeywords$_runWithCucumberRunner_closure3.doCall(CucumberBuiltinKeywords.groovy)
	at com.kms.katalon.core.keyword.internal.KeywordMain.runKeyword(KeywordMain.groovy:66)
	at com.kms.katalon.core.keyword.internal.KeywordMain$runKeyword.call(Unknown Source)
	at com.kms.katalon.core.cucumber.keyword.CucumberBuiltinKeywords.runWithCucumberRunner(CucumberBuiltinKeywords.groovy:257)
	at com.kms.katalon.core.cucumber.keyword.CucumberBuiltinKeywords$runWithCucumberRunner$0.callStatic(Unknown Source)
	at com.kms.katalon.core.cucumber.keyword.CucumberBuiltinKeywords.runWithCucumberRunner(CucumberBuiltinKeywords.groovy:357)
	at com.kms.katalon.core.cucumber.keyword.CucumberBuiltinKeywords$runWithCucumberRunner.call(Unknown Source)
	at TC_GCP_NegativeCases_option2.run(TC_GCP_NegativeCases_option2:18)
	at com.kms.katalon.core.main.ScriptEngine.run(ScriptEngine.java:194)
	at com.kms.katalon.core.main.ScriptEngine.runScriptAsRawText(ScriptEngine.java:119)
	at com.kms.katalon.core.main.TestCaseExecutor.runScript(TestCaseExecutor.java:336)
	at com.kms.katalon.core.main.TestCaseExecutor.doExecute(TestCaseExecutor.java:327)
	at com.kms.katalon.core.main.TestCaseExecutor.processExecutionPhase(TestCaseExecutor.java:306)
	at com.kms.katalon.core.main.TestCaseExecutor.accessMainPhase(TestCaseExecutor.java:298)
	at com.kms.katalon.core.main.TestCaseExecutor.execute(TestCaseExecutor.java:232)
	at com.kms.katalon.core.main.TestSuiteExecutor.accessTestCaseMainPhase(TestSuiteExecutor.java:129)
	at com.kms.katalon.core.main.TestSuiteExecutor.accessTestSuiteMainPhase(TestSuiteExecutor.java:112)
	at com.kms.katalon.core.main.TestSuiteExecutor.execute(TestSuiteExecutor.java:81)
	at com.kms.katalon.core.main.TestCaseMain.startTestSuite(TestCaseMain.java:157)
	at com.kms.katalon.core.main.TestCaseMain$startTestSuite$0.call(Unknown Source)
	at TempTestSuite1559824711522.run(TempTestSuite1559824711522.groovy:35)


2019-06-06 18:33:06 - [TEST_STEP][FAILED] - runWithCucumberRunner(greenCleaningPolicyForm.Runner_NegativeCases_option2): Keyword runWithCucumberRunner was failed (Root cause: com.kms.katalon.core.exception.StepFailedException: These following reason:
 [Unable to upload file 'H:/Git Projects/Usgbc_LeedOnline_ScoreCard/Usgbc_LeedOnline_ScoreCard/Include/TestData/MultipleFileDiffExt/ZZ.pdf' to object 'Object Repository/GreenCleaningPolicy/Option2_CertifiedCleanService/AddFile_UploadCleaningContract_Option2/input_UploadCleaningContract', Unable to click on object 'Object Repository/LightPollutionReduction/FixtureShielding/Saveform/btn_Save']
	at com.kms.katalon.core.keyword.internal.KeywordMain.stepFailed(KeywordMain.groovy:48)
	at com.kms.katalon.core.keyword.internal.KeywordMain.stepFailed(KeywordMain.groovy)
	at com.kms.katalon.core.keyword.internal.KeywordMain.stepFailed(KeywordMain.groovy:21)
	at com.kms.katalon.core.keyword.internal.KeywordMain$stepFailed$0.call(Unknown Source)
	at com.kms.katalon.core.cucumber.keyword.CucumberBuiltinKeywords$_runWithCucumberRunner_closure3.doCall(CucumberBuiltinKeywords.groovy:272)
	at com.kms.katalon.core.cucumber.keyword.CucumberBuiltinKeywords$_runWithCucumberRunner_closure3.doCall(CucumberBuiltinKeywords.groovy)
	at com.kms.katalon.core.keyword.internal.KeywordMain.runKeyword(KeywordMain.groovy:66)
	at com.kms.katalon.core.keyword.internal.KeywordMain$runKeyword.call(Unknown Source)
	at com.kms.katalon.core.cucumber.keyword.CucumberBuiltinKeywords.runWithCucumberRunner(CucumberBuiltinKeywords.groovy:257)
	at com.kms.katalon.core.cucumber.keyword.CucumberBuiltinKeywords$runWithCucumberRunner$0.callStatic(Unknown Source)
	at com.kms.katalon.core.cucumber.keyword.CucumberBuiltinKeywords.runWithCucumberRunner(CucumberBuiltinKeywords.groovy:357)
	at com.kms.katalon.core.cucumber.keyword.CucumberBuiltinKeywords$runWithCucumberRunner.call(Unknown Source)
	at TC_GCP_NegativeCases_option2.run(TC_GCP_NegativeCases_option2:18)
	at com.kms.katalon.core.main.ScriptEngine.run(ScriptEngine.java:194)
	at com.kms.katalon.core.main.ScriptEngine.runScriptAsRawText(ScriptEngine.java:119)
	at com.kms.katalon.core.main.TestCaseExecutor.runScript(TestCaseExecutor.java:336)
	at com.kms.katalon.core.main.TestCaseExecutor.doExecute(TestCaseExecutor.java:327)
	at com.kms.katalon.core.main.TestCaseExecutor.processExecutionPhase(TestCaseExecutor.java:306)
	at com.kms.katalon.core.main.TestCaseExecutor.accessMainPhase(TestCaseExecutor.java:298)
	at com.kms.katalon.core.main.TestCaseExecutor.execute(TestCaseExecutor.java:232)
	at com.kms.katalon.core.main.TestSuiteExecutor.accessTestCaseMainPhase(TestSuiteExecutor.java:129)
	at com.kms.katalon.core.main.TestSuiteExecutor.accessTestSuiteMainPhase(TestSuiteExecutor.java:112)
	at com.kms.katalon.core.main.TestSuiteExecutor.execute(TestSuiteExecutor.java:81)
	at com.kms.katalon.core.main.TestCaseMain.startTestSuite(TestCaseMain.java:157)
	at com.kms.katalon.core.main.TestCaseMain$startTestSuite$0.call(Unknown Source)
	at TempTestSuite1559824711522.run(TempTestSuite1559824711522.groovy:35)
)

2019-06-06 18:33:07 - [TEST_CASE][PASSED] - Test Cases/GreenCleaningPolicy/TC_NavigateToGCP: Test Cases/GreenCleaningPolicy/TC_NavigateToGCP

2019-06-06 18:33:07 - [TEST_STEP][PASSED] - runWithCucumberRunner(greenCleaningPolicyForm.Runner_NavigateToGCP): Run with 'greenCleaningPolicyForm.Runner_NavigateToGCP' was passed

2019-06-06 18:33:07 - [TEST_CASE][PASSED] - Test Cases/Login/TC_Login: Test Cases/Login/TC_Login

2019-06-06 18:33:07 - [TEST_STEP][PASSED] - runWithCucumberRunner(common.Runner_Login): Run with 'common.Runner_Login' was passed

2019-06-06 18:33:07 - [MESSAGE][WARNING] - A browser is already opened. Closing browser and opening a new one

2019-06-06 18:33:08 - [MESSAGE][INFO] - Starting 'Chrome' driver

2019-06-06 18:33:08 - [MESSAGE][INFO] - User set preference: ['args', '[--window-size=1920,1080]']

2019-06-06 18:33:11 - [MESSAGE][PASSED] - Browser is opened with url: ''

2019-06-06 18:33:13 - [MESSAGE][PASSED] - Navigate to 'https://leedonline-stg.usgbc.org' successfully

2019-06-06 18:33:15 - [MESSAGE][PASSED] - Delayed 2 second(s)

2019-06-06 18:33:15 - [MESSAGE][PASSED] - Text 'jaypeejay@hotmail.com' is set on object 'Object Repository/Login/input_username'

2019-06-06 18:33:15 - [MESSAGE][PASSED] - Text 'initpass' is set on object 'Object Repository/Login/input_password'

2019-06-06 18:33:18 - [MESSAGE][PASSED] - Delayed 3 second(s)

2019-06-06 18:33:18 - [MESSAGE][PASSED] - Scroll to object 'Object Repository/Login/span_End User License Agreement' successfully

2019-06-06 18:33:18 - [MESSAGE][PASSED] - Object 'Object Repository/Login/span_End User License Agreement' is visible

2019-06-06 18:33:18 - [MESSAGE][PASSED] - Object 'Object Repository/Login/span_End User License Agreement' is checked

2019-06-06 18:33:19 - [MESSAGE][PASSED] - Delayed 1 second(s)

2019-06-06 18:33:19 - [MESSAGE][PASSED] - Object: 'Object Repository/Login/button_Log In' is clicked on

2019-06-06 18:33:24 - [MESSAGE][PASSED] - Object: '' is clicked on

2019-06-06 18:33:26 - [MESSAGE][PASSED] - Object: 'Object Repository/Login/a_Credits' is clicked on

2019-06-06 18:33:26 - [MESSAGE][PASSED] - Run with 'common.Runner_Login' was passed

2019-06-06 18:33:26 - [MESSAGE][PASSED] - Call Test Case 'Test Cases/Login/TC_Login' successfully

2019-06-06 18:33:26 - [MESSAGE][PASSED] - Scroll to object 'Object Repository/GreenCleaningPolicy/div_Green Cleaning Policy' successfully

2019-06-06 18:33:26 - [MESSAGE][PASSED] - Object 'Object Repository/GreenCleaningPolicy/div_Green Cleaning Policy' is present

2019-06-06 18:33:26 - [MESSAGE][PASSED] - Text of object 'Object Repository/GreenCleaningPolicy/h3_Status' is: 'ATTEMPTED'

2019-06-06 18:33:27 - [MESSAGE][PASSED] - Text of object 'Object Repository/GreenCleaningPolicy/divval' is: 'ATTEMPTED'

2019-06-06 18:33:27 - [MESSAGE][PASSED] - Text of object 'Object Repository/GreenCleaningPolicy/h3_Status' is: 'ATTEMPTED'

2019-06-06 18:33:27 - [MESSAGE][PASSED] - Object: 'Object Repository/GreenCleaningPolicy/div_Green Cleaning Policy' is clicked on

2019-06-06 18:33:30 - [MESSAGE][PASSED] - Object: 'Object Repository/GreenCleaningPolicy/a_Form (V01)' is clicked on

2019-06-06 18:33:30 - [MESSAGE][PASSED] - Object 'Object Repository/GreenCleaningPolicy/div_Green Cleaning Policy_Credit library' is present

2019-06-06 18:33:30 - [MESSAGE][PASSED] - Run with 'greenCleaningPolicyForm.Runner_NavigateToGCP' was passed

2019-06-06 18:33:30 - [MESSAGE][PASSED] - Call Test Case 'Test Cases/GreenCleaningPolicy/TC_NavigateToGCP' successfully

2019-06-06 18:33:30 - [MESSAGE][PASSED] - Object 'Object Repository/GreenCleaningPolicy/Option2_CertifiedCleanService/input_Option 2_RadioBtn' is present

2019-06-06 18:33:32 - [MESSAGE][PASSED] - Delayed 2 second(s)

2019-06-06 18:33:33 - [MESSAGE][PASSED] - Object: 'Object Repository/GreenCleaningPolicy/button_Save' is clicked on

2019-06-06 18:33:35 - [MESSAGE][PASSED] - Delayed 2 second(s)

2019-06-06 18:33:35 - [MESSAGE][PASSED] - Text 'Please fix the highlighted errors.' is present on page 

2019-06-06 18:33:37 - [MESSAGE][PASSED] - Delayed 2 second(s)

2019-06-06 18:33:37 - [MESSAGE][PASSED] - Object 'Object Repository/GreenCleaningPolicy/Option2_CertifiedCleanService/AddFile_UploadCleaningContract_Option2/p_Upload the Cleaning Contract' is present

2019-06-06 18:33:37 - [MESSAGE][PASSED] - Scroll to object 'Object Repository/GreenCleaningPolicy/Option2_CertifiedCleanService/AddFile_UploadCleaningContract_Option2/p_Upload the Cleaning Contract' successfully

2019-06-06 18:33:37 - [MESSAGE][PASSED] - Scroll to object 'Object Repository/GreenCleaningPolicy/Option2_CertifiedCleanService/AddFile_UploadCleaningContract_Option2/p_Upload the Cleaning Contract' successfully

2019-06-06 18:33:37 - [MESSAGE][PASSED] - File 'H:/Git Projects/Usgbc_LeedOnline_ScoreCard/Usgbc_LeedOnline_ScoreCard/Include/TestData/NegativeTestFiles/102MBfile.pdf' sent to object: 'Object Repository/GreenCleaningPolicy/Option2_CertifiedCleanService/AddFile_UploadCleaningContract_Option2/input_UploadCleaningContract'

2019-06-06 18:33:39 - [MESSAGE][PASSED] - Delayed 2 second(s)

2019-06-06 18:33:39 - [MESSAGE][PASSED] - Text 'Maximum allowed file size is 100 MB only.' is present on page 

2019-06-06 18:33:39 - [MESSAGE][PASSED] - Object 'Object Repository/GreenCleaningPolicy/Option2_CertifiedCleanService/AddFile_UploadCleaningContract_Option2/p_Upload the Cleaning Contract' is present

2019-06-06 18:33:39 - [MESSAGE][PASSED] - Scroll to object 'Object Repository/GreenCleaningPolicy/Option2_CertifiedCleanService/AddFile_UploadCleaningContract_Option2/p_Upload the Cleaning Contract' successfully

2019-06-06 18:33:39 - [MESSAGE][PASSED] - Scroll to object 'Object Repository/GreenCleaningPolicy/Option2_CertifiedCleanService/AddFile_UploadCleaningContract_Option2/p_Upload the Cleaning Contract' successfully

2019-06-06 18:33:39 - [MESSAGE][PASSED] - File 'H:/Git Projects/Usgbc_LeedOnline_ScoreCard/Usgbc_LeedOnline_ScoreCard/Include/TestData/NegativeTestFiles/24MBfile.doc' sent to object: 'Object Repository/GreenCleaningPolicy/Option2_CertifiedCleanService/AddFile_UploadCleaningContract_Option2/input_UploadCleaningContract'

2019-06-06 18:33:40 - [MESSAGE][PASSED] - Scroll to object 'Object Repository/LightPollutionReduction/FixtureShielding/Saveform/btn_Save' successfully

2019-06-06 18:33:40 - [MESSAGE][PASSED] - Object: 'Object Repository/LightPollutionReduction/FixtureShielding/Saveform/btn_Save' is clicked on

2019-06-06 18:33:42 - [MESSAGE][PASSED] - Delayed 2 second(s)

2019-06-06 18:33:42 - [MESSAGE][PASSED] - Text 'Please wait running actions to complete.' is present on page 

2019-06-06 18:33:44 - [MESSAGE][PASSED] - Delayed 2 second(s)

2019-06-06 18:33:44 - [MESSAGE][PASSED] - Object 'Object Repository/GreenCleaningPolicy/Option2_CertifiedCleanService/TextBox_Option2/input_TextBox_GreenCleaningService' is present

2019-06-06 18:33:45 - [MESSAGE][PASSED] - Text 'I am trying to capture the Error that comes after entering the characters more than 100 as it allows only 100 characters' is set on object 'Object Repository/GreenCleaningPolicy/Option2_CertifiedCleanService/TextBox_Option2/input_TextBox_GreenCleaningService'

2019-06-06 18:33:45 - [MESSAGE][PASSED] - Attribute 'value' of object 'Object Repository/GreenCleaningPolicy/Option2_CertifiedCleanService/TextBox_Option2/input_TextBox_GreenCleaningService' is: 'I am trying to capture the Error that comes after entering the characters more than 100 as it allows'

2019-06-06 18:33:45 - [MESSAGE][PASSED] - Actual text 'I am trying to capture the Error that comes after entering the characters more than 100 as it allows only 100 characters' and expected text 'I am trying to capture the Error that comes after entering the characters more than 100 as it allows' are not matched 

2019-06-06 18:33:45 - [MESSAGE][PASSED] - Object 'Object Repository/GreenCleaningPolicy/Option2_CertifiedCleanService/TextBox_Option2/input_TextBox_GreenCleaningService' is present

2019-06-06 18:33:50 - [MESSAGE][PASSED] - Delayed 5 second(s)

2019-06-06 18:34:22 - [MESSAGE][INFO] - Unable to find the element located by 'By.xpath: //*[@id="greenCleaningPolicyDocs_files" or @id="contractDocs_files"]/div/input'. Please recheck the objects properties to make sure the desired element is located. 

2019-06-06 18:34:22 - [MESSAGE][FAILED] - Unable to upload file 'H:/Git Projects/Usgbc_LeedOnline_ScoreCard/Usgbc_LeedOnline_ScoreCard/Include/TestData/MultipleFileDiffExt/ZZ.pdf' to object 'Object Repository/GreenCleaningPolicy/Option2_CertifiedCleanService/AddFile_UploadCleaningContract_Option2/input_UploadCleaningContract' (Root cause: com.kms.katalon.core.exception.StepFailedException: Unable to upload file 'H:/Git Projects/Usgbc_LeedOnline_ScoreCard/Usgbc_LeedOnline_ScoreCard/Include/TestData/MultipleFileDiffExt/ZZ.pdf' to object 'Object Repository/GreenCleaningPolicy/Option2_CertifiedCleanService/AddFile_UploadCleaningContract_Option2/input_UploadCleaningContract'
	at com.kms.katalon.core.webui.keyword.internal.WebUIKeywordMain.stepFailed(WebUIKeywordMain.groovy:64)
	at com.kms.katalon.core.webui.keyword.internal.WebUIKeywordMain.runKeyword(WebUIKeywordMain.groovy:26)
	at com.kms.katalon.core.webui.keyword.builtin.UploadFileKeyword.uploadFile(UploadFileKeyword.groovy:87)
	at com.kms.katalon.core.webui.keyword.builtin.UploadFileKeyword.execute(UploadFileKeyword.groovy:68)
	at com.kms.katalon.core.keyword.internal.KeywordExecutor.executeKeywordForPlatform(KeywordExecutor.groovy:56)
	at com.kms.katalon.core.webui.keyword.WebUiBuiltInKeywords.uploadFile(WebUiBuiltInKeywords.groovy:2945)
	at com.kms.katalon.core.webui.keyword.WebUiBuiltInKeywords$uploadFile$12.call(Unknown Source)
	at greenCleaningPolicyForm.NegativeCasesGCP.user_enters_the_data_Zero_for_green_cleaning_service_is_certified_by(NegativeCasesGCP.groovy:215)
	at cucumber.runtime.Utils$1.call(Utils.java:26)
	at cucumber.runtime.Timeout.timeout(Timeout.java:16)
	at cucumber.runtime.Utils.invoke(Utils.java:20)
	at cucumber.runtime.java.JavaStepDefinition.execute(JavaStepDefinition.java:48)
	at cucumber.runtime.PickleStepDefinitionMatch.runStep(PickleStepDefinitionMatch.java:50)
	at cucumber.runner.TestStep.executeStep(TestStep.java:55)
	at cucumber.runner.TestStep.run(TestStep.java:42)
	at cucumber.runner.PickleStepTestStep.run(PickleStepTestStep.java:53)
	at cucumber.runner.TestCase.run(TestCase.java:47)
	at cucumber.runner.Runner.runPickle(Runner.java:44)
	at cucumber.runtime.junit.PickleRunners$NoStepDescriptions.run(PickleRunners.java:140)
	at cucumber.runtime.junit.FeatureRunner.runChild(FeatureRunner.java:68)
	at cucumber.runtime.junit.FeatureRunner.runChild(FeatureRunner.java:23)
	at org.junit.runners.ParentRunner$3.run(ParentRunner.java:290)
	at org.junit.runners.ParentRunner$1.schedule(ParentRunner.java:71)
	at org.junit.runners.ParentRunner.runChildren(ParentRunner.java:288)
	at org.junit.runners.ParentRunner.access$000(ParentRunner.java:58)
	at org.junit.runners.ParentRunner$2.evaluate(ParentRunner.java:268)
	at org.junit.runners.ParentRunner.run(ParentRunner.java:363)
	at cucumber.runtime.junit.FeatureRunner.run(FeatureRunner.java:73)
	at cucumber.api.junit.Cucumber.runChild(Cucumber.java:98)
	at cucumber.api.junit.Cucumber.runChild(Cucumber.java:55)
	at org.junit.runners.ParentRunner$3.run(ParentRunner.java:290)
	at org.junit.runners.ParentRunner$1.schedule(ParentRunner.java:71)
	at org.junit.runners.ParentRunner.runChildren(ParentRunner.java:288)
	at org.junit.runners.ParentRunner.access$000(ParentRunner.java:58)
	at org.junit.runners.ParentRunner$2.evaluate(ParentRunner.java:268)
	at cucumber.api.junit.Cucumber$1.evaluate(Cucumber.java:107)
	at org.junit.runners.ParentRunner.run(ParentRunner.java:363)
	at org.junit.runners.Suite.runChild(Suite.java:128)
	at org.junit.runners.Suite.runChild(Suite.java:27)
	at org.junit.runners.ParentRunner$3.run(ParentRunner.java:290)
	at org.junit.runners.ParentRunner$1.schedule(ParentRunner.java:71)
	at org.junit.runners.ParentRunner.runChildren(ParentRunner.java:288)
	at org.junit.runners.ParentRunner.access$000(ParentRunner.java:58)
	at org.junit.runners.ParentRunner$2.evaluate(ParentRunner.java:268)
	at org.junit.runners.ParentRunner.run(ParentRunner.java:363)
	at org.junit.runner.JUnitCore.run(JUnitCore.java:137)
	at org.junit.runner.JUnitCore.run(JUnitCore.java:115)
	at org.junit.runner.JUnitCore.run(JUnitCore.java:105)
	at com.kms.katalon.core.cucumber.keyword.CucumberBuiltinKeywords$_runWithCucumberRunner_closure3.doCall(CucumberBuiltinKeywords.groovy:260)
	at com.kms.katalon.core.cucumber.keyword.CucumberBuiltinKeywords$_runWithCucumberRunner_closure3.doCall(CucumberBuiltinKeywords.groovy)
	at com.kms.katalon.core.keyword.internal.KeywordMain.runKeyword(KeywordMain.groovy:66)
	at com.kms.katalon.core.keyword.internal.KeywordMain$runKeyword.call(Unknown Source)
	at com.kms.katalon.core.cucumber.keyword.CucumberBuiltinKeywords.runWithCucumberRunner(CucumberBuiltinKeywords.groovy:257)
	at com.kms.katalon.core.cucumber.keyword.CucumberBuiltinKeywords$runWithCucumberRunner$0.callStatic(Unknown Source)
	at com.kms.katalon.core.cucumber.keyword.CucumberBuiltinKeywords.runWithCucumberRunner(CucumberBuiltinKeywords.groovy:357)
	at com.kms.katalon.core.cucumber.keyword.CucumberBuiltinKeywords$runWithCucumberRunner.call(Unknown Source)
	at TC_GCP_NegativeCases_option2.run(TC_GCP_NegativeCases_option2:18)
	at com.kms.katalon.core.main.ScriptEngine.run(ScriptEngine.java:194)
	at com.kms.katalon.core.main.ScriptEngine.runScriptAsRawText(ScriptEngine.java:119)
	at com.kms.katalon.core.main.TestCaseExecutor.runScript(TestCaseExecutor.java:336)
	at com.kms.katalon.core.main.TestCaseExecutor.doExecute(TestCaseExecutor.java:327)
	at com.kms.katalon.core.main.TestCaseExecutor.processExecutionPhase(TestCaseExecutor.java:306)
	at com.kms.katalon.core.main.TestCaseExecutor.accessMainPhase(TestCaseExecutor.java:298)
	at com.kms.katalon.core.main.TestCaseExecutor.execute(TestCaseExecutor.java:232)
	at com.kms.katalon.core.main.TestSuiteExecutor.accessTestCaseMainPhase(TestSuiteExecutor.java:129)
	at com.kms.katalon.core.main.TestSuiteExecutor.accessTestSuiteMainPhase(TestSuiteExecutor.java:112)
	at com.kms.katalon.core.main.TestSuiteExecutor.execute(TestSuiteExecutor.java:81)
	at com.kms.katalon.core.main.TestCaseMain.startTestSuite(TestCaseMain.java:157)
	at com.kms.katalon.core.main.TestCaseMain$startTestSuite$0.call(Unknown Source)
	at TempTestSuite1559824711522.run(TempTestSuite1559824711522.groovy:35)
Caused by: com.kms.katalon.core.webui.exception.WebElementNotFoundException: Web element with id: 'Object Repository/GreenCleaningPolicy/Option2_CertifiedCleanService/AddFile_UploadCleaningContract_Option2/input_UploadCleaningContract' located by 'By.xpath: //*[@id="greenCleaningPolicyDocs_files" or @id="contractDocs_files"]/div/input' not found
	at com.kms.katalon.core.webui.common.WebUiCommonHelper.findWebElement(WebUiCommonHelper.java:1097)
	at com.kms.katalon.core.webui.keyword.internal.WebUIAbstractKeyword.findWebElement(WebUIAbstractKeyword.groovy:27)
	at com.kms.katalon.core.webui.keyword.internal.WebUIAbstractKeyword.findWebElement(WebUIAbstractKeyword.groovy:26)
	at com.kms.katalon.core.webui.keyword.builtin.UploadFileKeyword$_uploadFile_closure1.doCall(UploadFileKeyword.groovy:79)
	at com.kms.katalon.core.webui.keyword.builtin.UploadFileKeyword$_uploadFile_closure1.call(UploadFileKeyword.groovy)
	at com.kms.katalon.core.webui.keyword.internal.WebUIKeywordMain.runKeyword(WebUIKeywordMain.groovy:20)
	at com.kms.katalon.core.webui.keyword.builtin.UploadFileKeyword.uploadFile(UploadFileKeyword.groovy:87)
	at com.kms.katalon.core.webui.keyword.builtin.UploadFileKeyword.execute(UploadFileKeyword.groovy:68)
	at com.kms.katalon.core.keyword.internal.KeywordExecutor.executeKeywordForPlatform(KeywordExecutor.groovy:56)
	at com.kms.katalon.core.webui.keyword.WebUiBuiltInKeywords.uploadFile(WebUiBuiltInKeywords.groovy:2945)
	at com.kms.katalon.core.webui.keyword.WebUiBuiltInKeywords$uploadFile$12.call(Unknown Source)
	at greenCleaningPolicyForm.NegativeCasesGCP.user_enters_the_data_Zero_for_green_cleaning_service_is_certified_by(NegativeCasesGCP.groovy:215)
	at cucumber.runtime.Utils$1.call(Utils.java:26)
	at cucumber.runtime.Timeout.timeout(Timeout.java:16)
	at cucumber.runtime.Utils.invoke(Utils.java:20)
	at cucumber.runtime.java.JavaStepDefinition.execute(JavaStepDefinition.java:48)
	at cucumber.runtime.PickleStepDefinitionMatch.runStep(PickleStepDefinitionMatch.java:50)
	at cucumber.runner.TestStep.executeStep(TestStep.java:55)
	at cucumber.runner.TestStep.run(TestStep.java:42)
	at cucumber.runner.PickleStepTestStep.run(PickleStepTestStep.java:53)
	at cucumber.runner.TestCase.run(TestCase.java:47)
	at cucumber.runner.Runner.runPickle(Runner.java:44)
	at cucumber.runtime.junit.PickleRunners$NoStepDescriptions.run(PickleRunners.java:140)
	at cucumber.runtime.junit.FeatureRunner.runChild(FeatureRunner.java:68)
	at cucumber.runtime.junit.FeatureRunner.runChild(FeatureRunner.java:23)
	at org.junit.runners.ParentRunner$3.run(ParentRunner.java:290)
	at org.junit.runners.ParentRunner$1.schedule(ParentRunner.java:71)
	at org.junit.runners.ParentRunner.runChildren(ParentRunner.java:288)
	at org.junit.runners.ParentRunner.access$000(ParentRunner.java:58)
	at org.junit.runners.ParentRunner$2.evaluate(ParentRunner.java:268)
	at org.junit.runners.ParentRunner.run(ParentRunner.java:363)
	at cucumber.runtime.junit.FeatureRunner.run(FeatureRunner.java:73)
	at cucumber.api.junit.Cucumber.runChild(Cucumber.java:98)
	at cucumber.api.junit.Cucumber.runChild(Cucumber.java:55)
	at org.junit.runners.ParentRunner$3.run(ParentRunner.java:290)
	at org.junit.runners.ParentRunner$1.schedule(ParentRunner.java:71)
	at org.junit.runners.ParentRunner.runChildren(ParentRunner.java:288)
	at org.junit.runners.ParentRunner.access$000(ParentRunner.java:58)
	at org.junit.runners.ParentRunner$2.evaluate(ParentRunner.java:268)
	at cucumber.api.junit.Cucumber$1.evaluate(Cucumber.java:107)
	at org.junit.runners.ParentRunner.run(ParentRunner.java:363)
	at org.junit.runners.Suite.runChild(Suite.java:128)
	at org.junit.runners.Suite.runChild(Suite.java:27)
	at org.junit.runners.ParentRunner$3.run(ParentRunner.java:290)
	at org.junit.runners.ParentRunner$1.schedule(ParentRunner.java:71)
	at org.junit.runners.ParentRunner.runChildren(ParentRunner.java:288)
	at org.junit.runners.ParentRunner.access$000(ParentRunner.java:58)
	at org.junit.runners.ParentRunner$2.evaluate(ParentRunner.java:268)
	at org.junit.runners.ParentRunner.run(ParentRunner.java:363)
	at org.junit.runner.JUnitCore.run(JUnitCore.java:137)
	at org.junit.runner.JUnitCore.run(JUnitCore.java:115)
	at org.junit.runner.JUnitCore.run(JUnitCore.java:105)
	at com.kms.katalon.core.cucumber.keyword.CucumberBuiltinKeywords$_runWithCucumberRunner_closure3.doCall(CucumberBuiltinKeywords.groovy:260)
	at com.kms.katalon.core.cucumber.keyword.CucumberBuiltinKeywords$_runWithCucumberRunner_closure3.doCall(CucumberBuiltinKeywords.groovy)
	at com.kms.katalon.core.keyword.internal.KeywordMain.runKeyword(KeywordMain.groovy:66)
	at com.kms.katalon.core.keyword.internal.KeywordMain$runKeyword.call(Unknown Source)
	at com.kms.katalon.core.cucumber.keyword.CucumberBuiltinKeywords.runWithCucumberRunner(CucumberBuiltinKeywords.groovy:257)
	at com.kms.katalon.core.cucumber.keyword.CucumberBuiltinKeywords$runWithCucumberRunner$0.callStatic(Unknown Source)
	at com.kms.katalon.core.cucumber.keyword.CucumberBuiltinKeywords.runWithCucumberRunner(CucumberBuiltinKeywords.groovy:357)
	at com.kms.katalon.core.cucumber.keyword.CucumberBuiltinKeywords$runWithCucumberRunner.call(Unknown Source)
	at Script1559800643392.run(Script1559800643392.groovy:18)
	... 13 more
)
[[ATTACHMENT|H:\\Git Projects\\Usgbc_LeedOnline_ScoreCard\\Usgbc_LeedOnline_ScoreCard\\Reports\\GCP_SmokeTest\\20190606_180831\\1559826262421.png]]

2019-06-06 18:34:22 - [MESSAGE][PASSED] - Object 'Object Repository/GreenCleaningPolicy/Option2_CertifiedCleanService/AddFile_UploadInfoShowingContract_Option2/p_Upload the information showing the contractors' is present

2019-06-06 18:34:22 - [MESSAGE][PASSED] - Scroll to object 'Object Repository/GreenCleaningPolicy/Option2_CertifiedCleanService/AddFile_UploadInfoShowingContract_Option2/p_Upload the information showing the contractors' successfully

2019-06-06 18:34:23 - [MESSAGE][PASSED] - Scroll to object 'Object Repository/GreenCleaningPolicy/Option2_CertifiedCleanService/AddFile_UploadInfoShowingContract_Option2/p_Upload the information showing the contractors' successfully

2019-06-06 18:34:23 - [MESSAGE][PASSED] - File 'H:/Git Projects/Usgbc_LeedOnline_ScoreCard/Usgbc_LeedOnline_ScoreCard/Include/TestData/NegativeTestFiles/102MBfile.pdf' sent to object: 'Object Repository/GreenCleaningPolicy/Option2_CertifiedCleanService/AddFile_UploadInfoShowingContract_Option2/input_UploadInfoShowingContract'

2019-06-06 18:34:25 - [MESSAGE][PASSED] - Delayed 2 second(s)

2019-06-06 18:34:25 - [MESSAGE][PASSED] - Text 'Maximum allowed file size is 100 MB only.' is present on page 

2019-06-06 18:34:25 - [MESSAGE][PASSED] - Object 'Object Repository/GreenCleaningPolicy/Option2_CertifiedCleanService/AddFile_UploadInfoShowingContract_Option2/p_Upload the information showing the contractors' is present

2019-06-06 18:34:25 - [MESSAGE][PASSED] - Scroll to object 'Object Repository/GreenCleaningPolicy/Option2_CertifiedCleanService/AddFile_UploadInfoShowingContract_Option2/p_Upload the information showing the contractors' successfully

2019-06-06 18:34:25 - [MESSAGE][PASSED] - Scroll to object 'Object Repository/GreenCleaningPolicy/Option2_CertifiedCleanService/AddFile_UploadInfoShowingContract_Option2/p_Upload the information showing the contractors' successfully

2019-06-06 18:34:25 - [MESSAGE][PASSED] - File 'H:/Git Projects/Usgbc_LeedOnline_ScoreCard/Usgbc_LeedOnline_ScoreCard/Include/TestData/NegativeTestFiles/24MBfile.doc' sent to object: 'Object Repository/GreenCleaningPolicy/Option2_CertifiedCleanService/AddFile_UploadInfoShowingContract_Option2/input_UploadInfoShowingContract'

2019-06-06 18:34:25 - [MESSAGE][PASSED] - Scroll to object 'Object Repository/LightPollutionReduction/FixtureShielding/Saveform/btn_Save' successfully

2019-06-06 18:34:26 - [MESSAGE][FAILED] - Unable to click on object 'Object Repository/LightPollutionReduction/FixtureShielding/Saveform/btn_Save' (Root cause: com.kms.katalon.core.exception.StepFailedException: Unable to click on object 'Object Repository/LightPollutionReduction/FixtureShielding/Saveform/btn_Save'
	at com.kms.katalon.core.webui.keyword.internal.WebUIKeywordMain.stepFailed(WebUIKeywordMain.groovy:64)
	at com.kms.katalon.core.webui.keyword.internal.WebUIKeywordMain.runKeyword(WebUIKeywordMain.groovy:26)
	at com.kms.katalon.core.webui.keyword.builtin.ClickKeyword.click(ClickKeyword.groovy:86)
	at com.kms.katalon.core.webui.keyword.builtin.ClickKeyword.execute(ClickKeyword.groovy:67)
	at com.kms.katalon.core.keyword.internal.KeywordExecutor.executeKeywordForPlatform(KeywordExecutor.groovy:56)
	at com.kms.katalon.core.webui.keyword.WebUiBuiltInKeywords.click(WebUiBuiltInKeywords.groovy:616)
	at com.kms.katalon.core.webui.keyword.WebUiBuiltInKeywords$click$5.call(Unknown Source)
	at greenCleaningPolicyForm.NegativeCasesGCP.user_clicks_on_save_while_the_file_is_uploading_in_GCP(NegativeCasesGCP.groovy:101)
	at cucumber.runtime.Utils$1.call(Utils.java:26)
	at cucumber.runtime.Timeout.timeout(Timeout.java:16)
	at cucumber.runtime.Utils.invoke(Utils.java:20)
	at cucumber.runtime.java.JavaStepDefinition.execute(JavaStepDefinition.java:48)
	at cucumber.runtime.PickleStepDefinitionMatch.runStep(PickleStepDefinitionMatch.java:50)
	at cucumber.runner.TestStep.executeStep(TestStep.java:55)
	at cucumber.runner.TestStep.run(TestStep.java:42)
	at cucumber.runner.PickleStepTestStep.run(PickleStepTestStep.java:53)
	at cucumber.runner.TestCase.run(TestCase.java:47)
	at cucumber.runner.Runner.runPickle(Runner.java:44)
	at cucumber.runtime.junit.PickleRunners$NoStepDescriptions.run(PickleRunners.java:140)
	at cucumber.runtime.junit.FeatureRunner.runChild(FeatureRunner.java:68)
	at cucumber.runtime.junit.FeatureRunner.runChild(FeatureRunner.java:23)
	at org.junit.runners.ParentRunner$3.run(ParentRunner.java:290)
	at org.junit.runners.ParentRunner$1.schedule(ParentRunner.java:71)
	at org.junit.runners.ParentRunner.runChildren(ParentRunner.java:288)
	at org.junit.runners.ParentRunner.access$000(ParentRunner.java:58)
	at org.junit.runners.ParentRunner$2.evaluate(ParentRunner.java:268)
	at org.junit.runners.ParentRunner.run(ParentRunner.java:363)
	at cucumber.runtime.junit.FeatureRunner.run(FeatureRunner.java:73)
	at cucumber.api.junit.Cucumber.runChild(Cucumber.java:98)
	at cucumber.api.junit.Cucumber.runChild(Cucumber.java:55)
	at org.junit.runners.ParentRunner$3.run(ParentRunner.java:290)
	at org.junit.runners.ParentRunner$1.schedule(ParentRunner.java:71)
	at org.junit.runners.ParentRunner.runChildren(ParentRunner.java:288)
	at org.junit.runners.ParentRunner.access$000(ParentRunner.java:58)
	at org.junit.runners.ParentRunner$2.evaluate(ParentRunner.java:268)
	at cucumber.api.junit.Cucumber$1.evaluate(Cucumber.java:107)
	at org.junit.runners.ParentRunner.run(ParentRunner.java:363)
	at org.junit.runners.Suite.runChild(Suite.java:128)
	at org.junit.runners.Suite.runChild(Suite.java:27)
	at org.junit.runners.ParentRunner$3.run(ParentRunner.java:290)
	at org.junit.runners.ParentRunner$1.schedule(ParentRunner.java:71)
	at org.junit.runners.ParentRunner.runChildren(ParentRunner.java:288)
	at org.junit.runners.ParentRunner.access$000(ParentRunner.java:58)
	at org.junit.runners.ParentRunner$2.evaluate(ParentRunner.java:268)
	at org.junit.runners.ParentRunner.run(ParentRunner.java:363)
	at org.junit.runner.JUnitCore.run(JUnitCore.java:137)
	at org.junit.runner.JUnitCore.run(JUnitCore.java:115)
	at org.junit.runner.JUnitCore.run(JUnitCore.java:105)
	at com.kms.katalon.core.cucumber.keyword.CucumberBuiltinKeywords$_runWithCucumberRunner_closure3.doCall(CucumberBuiltinKeywords.groovy:260)
	at com.kms.katalon.core.cucumber.keyword.CucumberBuiltinKeywords$_runWithCucumberRunner_closure3.doCall(CucumberBuiltinKeywords.groovy)
	at com.kms.katalon.core.keyword.internal.KeywordMain.runKeyword(KeywordMain.groovy:66)
	at com.kms.katalon.core.keyword.internal.KeywordMain$runKeyword.call(Unknown Source)
	at com.kms.katalon.core.cucumber.keyword.CucumberBuiltinKeywords.runWithCucumberRunner(CucumberBuiltinKeywords.groovy:257)
	at com.kms.katalon.core.cucumber.keyword.CucumberBuiltinKeywords$runWithCucumberRunner$0.callStatic(Unknown Source)
	at com.kms.katalon.core.cucumber.keyword.CucumberBuiltinKeywords.runWithCucumberRunner(CucumberBuiltinKeywords.groovy:357)
	at com.kms.katalon.core.cucumber.keyword.CucumberBuiltinKeywords$runWithCucumberRunner.call(Unknown Source)
	at TC_GCP_NegativeCases_option2.run(TC_GCP_NegativeCases_option2:18)
	at com.kms.katalon.core.main.ScriptEngine.run(ScriptEngine.java:194)
	at com.kms.katalon.core.main.ScriptEngine.runScriptAsRawText(ScriptEngine.java:119)
	at com.kms.katalon.core.main.TestCaseExecutor.runScript(TestCaseExecutor.java:336)
	at com.kms.katalon.core.main.TestCaseExecutor.doExecute(TestCaseExecutor.java:327)
	at com.kms.katalon.core.main.TestCaseExecutor.processExecutionPhase(TestCaseExecutor.java:306)
	at com.kms.katalon.core.main.TestCaseExecutor.accessMainPhase(TestCaseExecutor.java:298)
	at com.kms.katalon.core.main.TestCaseExecutor.execute(TestCaseExecutor.java:232)
	at com.kms.katalon.core.main.TestSuiteExecutor.accessTestCaseMainPhase(TestSuiteExecutor.java:129)
	at com.kms.katalon.core.main.TestSuiteExecutor.accessTestSuiteMainPhase(TestSuiteExecutor.java:112)
	at com.kms.katalon.core.main.TestSuiteExecutor.execute(TestSuiteExecutor.java:81)
	at com.kms.katalon.core.main.TestCaseMain.startTestSuite(TestCaseMain.java:157)
	at com.kms.katalon.core.main.TestCaseMain$startTestSuite$0.call(Unknown Source)
	at TempTestSuite1559824711522.run(TempTestSuite1559824711522.groovy:35)
Caused by: org.openqa.selenium.ElementClickInterceptedException: element click intercepted: Element <button class="ui primary button">...</button> is not clickable at point (834, 1252). Other element would receive the click: <div class="leed-form-save">...</div>
  (Session info: chrome=74.0.3729.169)
  (Driver info: chromedriver=74.0.3729.6 (255758eccf3d244491b8a1317aa76e1ce10d57e9-refs/branch-heads/3729@{#29}),platform=Windows NT 10.0.17134 x86_64) (WARNING: The server did not provide any stacktrace information)
Command duration or timeout: 0 milliseconds
Build info: version: '3.7.1', revision: '8a0099a', time: '2017-11-06T21:07:36.161Z'
System info: host: 'G10PROLT025', ip: '192.168.232.1', os.name: 'Windows 10', os.arch: 'amd64', os.version: '10.0', java.version: '1.8.0_181'
Driver info: com.kms.katalon.selenium.driver.CChromeDriver
Capabilities {acceptInsecureCerts: false, acceptSslCerts: false, applicationCacheEnabled: false, browserConnectionEnabled: false, browserName: chrome, chrome: {chromedriverVersion: 74.0.3729.6 (255758eccf3d24..., userDataDir: C:\Users\PROMAN~1\AppData\L...}, cssSelectorsEnabled: true, databaseEnabled: false, goog:chromeOptions: {debuggerAddress: localhost:59276}, handlesAlerts: true, hasTouchScreen: false, javascriptEnabled: true, locationContextEnabled: true, mobileEmulationEnabled: false, nativeEvents: true, networkConnectionEnabled: false, pageLoadStrategy: normal, platform: XP, platformName: XP, proxy: Proxy(direct), rotatable: false, setWindowRect: true, strictFileInteractability: false, takesHeapSnapshot: true, takesScreenshot: true, timeouts: {implicit: 0, pageLoad: 300000, script: 30000}, unexpectedAlertBehaviour: ignore, unhandledPromptBehavior: ignore, version: 74.0.3729.169, webStorageEnabled: true}
Session ID: c0fcbeb8bcd505a77e8455939bf3d253
	at org.openqa.selenium.remote.ErrorHandler.createThrowable(ErrorHandler.java:214)
	at org.openqa.selenium.remote.ErrorHandler.throwIfResponseFailed(ErrorHandler.java:166)
	at org.openqa.selenium.remote.http.JsonHttpResponseCodec.reconstructValue(JsonHttpResponseCodec.java:40)
	at org.openqa.selenium.remote.http.AbstractHttpResponseCodec.decode(AbstractHttpResponseCodec.java:80)
	at org.openqa.selenium.remote.http.AbstractHttpResponseCodec.decode(AbstractHttpResponseCodec.java:44)
	at org.openqa.selenium.remote.HttpCommandExecutor.execute(HttpCommandExecutor.java:164)
	at org.openqa.selenium.remote.service.DriverCommandExecutor.execute(DriverCommandExecutor.java:83)
	at org.openqa.selenium.remote.RemoteWebDriver.execute(RemoteWebDriver.java:600)
	at com.kms.katalon.selenium.driver.CChromeDriver.execute(CChromeDriver.java:20)
	at org.openqa.selenium.remote.RemoteWebElement.execute(RemoteWebElement.java:279)
	at org.openqa.selenium.remote.RemoteWebElement.click(RemoteWebElement.java:83)
	at com.kms.katalon.core.webui.keyword.builtin.ClickKeyword$_click_closure1.doCall(ClickKeyword.groovy:79)
	at com.kms.katalon.core.webui.keyword.builtin.ClickKeyword$_click_closure1.call(ClickKeyword.groovy)
	at com.kms.katalon.core.webui.keyword.internal.WebUIKeywordMain.runKeyword(WebUIKeywordMain.groovy:20)
	at com.kms.katalon.core.webui.keyword.builtin.ClickKeyword.click(ClickKeyword.groovy:86)
	at com.kms.katalon.core.webui.keyword.builtin.ClickKeyword.execute(ClickKeyword.groovy:67)
	at com.kms.katalon.core.keyword.internal.KeywordExecutor.executeKeywordForPlatform(KeywordExecutor.groovy:56)
	at com.kms.katalon.core.webui.keyword.WebUiBuiltInKeywords.click(WebUiBuiltInKeywords.groovy:616)
	at com.kms.katalon.core.webui.keyword.WebUiBuiltInKeywords$click$5.call(Unknown Source)
	at greenCleaningPolicyForm.NegativeCasesGCP.user_clicks_on_save_while_the_file_is_uploading_in_GCP(NegativeCasesGCP.groovy:101)
	at cucumber.runtime.Utils$1.call(Utils.java:26)
	at cucumber.runtime.Timeout.timeout(Timeout.java:16)
	at cucumber.runtime.Utils.invoke(Utils.java:20)
	at cucumber.runtime.java.JavaStepDefinition.execute(JavaStepDefinition.java:48)
	at cucumber.runtime.PickleStepDefinitionMatch.runStep(PickleStepDefinitionMatch.java:50)
	at cucumber.runner.TestStep.executeStep(TestStep.java:55)
	at cucumber.runner.TestStep.run(TestStep.java:42)
	at cucumber.runner.PickleStepTestStep.run(PickleStepTestStep.java:53)
	at cucumber.runner.TestCase.run(TestCase.java:47)
	at cucumber.runner.Runner.runPickle(Runner.java:44)
	at cucumber.runtime.junit.PickleRunners$NoStepDescriptions.run(PickleRunners.java:140)
	at cucumber.runtime.junit.FeatureRunner.runChild(FeatureRunner.java:68)
	at cucumber.runtime.junit.FeatureRunner.runChild(FeatureRunner.java:23)
	at org.junit.runners.ParentRunner$3.run(ParentRunner.java:290)
	at org.junit.runners.ParentRunner$1.schedule(ParentRunner.java:71)
	at org.junit.runners.ParentRunner.runChildren(ParentRunner.java:288)
	at org.junit.runners.ParentRunner.access$000(ParentRunner.java:58)
	at org.junit.runners.ParentRunner$2.evaluate(ParentRunner.java:268)
	at org.junit.runners.ParentRunner.run(ParentRunner.java:363)
	at cucumber.runtime.junit.FeatureRunner.run(FeatureRunner.java:73)
	at cucumber.api.junit.Cucumber.runChild(Cucumber.java:98)
	at cucumber.api.junit.Cucumber.runChild(Cucumber.java:55)
	at org.junit.runners.ParentRunner$3.run(ParentRunner.java:290)
	at org.junit.runners.ParentRunner$1.schedule(ParentRunner.java:71)
	at org.junit.runners.ParentRunner.runChildren(ParentRunner.java:288)
	at org.junit.runners.ParentRunner.access$000(ParentRunner.java:58)
	at org.junit.runners.ParentRunner$2.evaluate(ParentRunner.java:268)
	at cucumber.api.junit.Cucumber$1.evaluate(Cucumber.java:107)
	at org.junit.runners.ParentRunner.run(ParentRunner.java:363)
	at org.junit.runners.Suite.runChild(Suite.java:128)
	at org.junit.runners.Suite.runChild(Suite.java:27)
	at org.junit.runners.ParentRunner$3.run(ParentRunner.java:290)
	at org.junit.runners.ParentRunner$1.schedule(ParentRunner.java:71)
	at org.junit.runners.ParentRunner.runChildren(ParentRunner.java:288)
	at org.junit.runners.ParentRunner.access$000(ParentRunner.java:58)
	at org.junit.runners.ParentRunner$2.evaluate(ParentRunner.java:268)
	at org.junit.runners.ParentRunner.run(ParentRunner.java:363)
	at org.junit.runner.JUnitCore.run(JUnitCore.java:137)
	at org.junit.runner.JUnitCore.run(JUnitCore.java:115)
	at org.junit.runner.JUnitCore.run(JUnitCore.java:105)
	at com.kms.katalon.core.cucumber.keyword.CucumberBuiltinKeywords$_runWithCucumberRunner_closure3.doCall(CucumberBuiltinKeywords.groovy:260)
	at com.kms.katalon.core.cucumber.keyword.CucumberBuiltinKeywords$_runWithCucumberRunner_closure3.doCall(CucumberBuiltinKeywords.groovy)
	at com.kms.katalon.core.keyword.internal.KeywordMain.runKeyword(KeywordMain.groovy:66)
	at com.kms.katalon.core.keyword.internal.KeywordMain$runKeyword.call(Unknown Source)
	at com.kms.katalon.core.cucumber.keyword.CucumberBuiltinKeywords.runWithCucumberRunner(CucumberBuiltinKeywords.groovy:257)
	at com.kms.katalon.core.cucumber.keyword.CucumberBuiltinKeywords$runWithCucumberRunner$0.callStatic(Unknown Source)
	at com.kms.katalon.core.cucumber.keyword.CucumberBuiltinKeywords.runWithCucumberRunner(CucumberBuiltinKeywords.groovy:357)
	at com.kms.katalon.core.cucumber.keyword.CucumberBuiltinKeywords$runWithCucumberRunner.call(Unknown Source)
	at Script1559800643392.run(Script1559800643392.groovy:18)
	... 13 more
)
[[ATTACHMENT|H:\\Git Projects\\Usgbc_LeedOnline_ScoreCard\\Usgbc_LeedOnline_ScoreCard\\Reports\\GCP_SmokeTest\\20190606_180831\\1559826265811.png]]

2019-06-06 18:34:26 - [MESSAGE][FAILED] - These following reason:
 [Unable to upload file 'H:/Git Projects/Usgbc_LeedOnline_ScoreCard/Usgbc_LeedOnline_ScoreCard/Include/TestData/MultipleFileDiffExt/ZZ.pdf' to object 'Object Repository/GreenCleaningPolicy/Option2_CertifiedCleanService/AddFile_UploadCleaningContract_Option2/input_UploadCleaningContract', Unable to click on object 'Object Repository/LightPollutionReduction/FixtureShielding/Saveform/btn_Save']

2019-06-06 18:34:26 - [MESSAGE][FAILED] - Keyword runWithCucumberRunner was failed (Root cause: com.kms.katalon.core.exception.StepFailedException: These following reason:
 [Unable to upload file 'H:/Git Projects/Usgbc_LeedOnline_ScoreCard/Usgbc_LeedOnline_ScoreCard/Include/TestData/MultipleFileDiffExt/ZZ.pdf' to object 'Object Repository/GreenCleaningPolicy/Option2_CertifiedCleanService/AddFile_UploadCleaningContract_Option2/input_UploadCleaningContract', Unable to click on object 'Object Repository/LightPollutionReduction/FixtureShielding/Saveform/btn_Save']
	at com.kms.katalon.core.keyword.internal.KeywordMain.stepFailed(KeywordMain.groovy:48)
	at com.kms.katalon.core.keyword.internal.KeywordMain.stepFailed(KeywordMain.groovy)
	at com.kms.katalon.core.keyword.internal.KeywordMain.stepFailed(KeywordMain.groovy:21)
	at com.kms.katalon.core.keyword.internal.KeywordMain$stepFailed$0.call(Unknown Source)
	at com.kms.katalon.core.cucumber.keyword.CucumberBuiltinKeywords$_runWithCucumberRunner_closure3.doCall(CucumberBuiltinKeywords.groovy:272)
	at com.kms.katalon.core.cucumber.keyword.CucumberBuiltinKeywords$_runWithCucumberRunner_closure3.doCall(CucumberBuiltinKeywords.groovy)
	at com.kms.katalon.core.keyword.internal.KeywordMain.runKeyword(KeywordMain.groovy:66)
	at com.kms.katalon.core.keyword.internal.KeywordMain$runKeyword.call(Unknown Source)
	at com.kms.katalon.core.cucumber.keyword.CucumberBuiltinKeywords.runWithCucumberRunner(CucumberBuiltinKeywords.groovy:257)
	at com.kms.katalon.core.cucumber.keyword.CucumberBuiltinKeywords$runWithCucumberRunner$0.callStatic(Unknown Source)
	at com.kms.katalon.core.cucumber.keyword.CucumberBuiltinKeywords.runWithCucumberRunner(CucumberBuiltinKeywords.groovy:357)
	at com.kms.katalon.core.cucumber.keyword.CucumberBuiltinKeywords$runWithCucumberRunner.call(Unknown Source)
	at TC_GCP_NegativeCases_option2.run(TC_GCP_NegativeCases_option2:18)
	at com.kms.katalon.core.main.ScriptEngine.run(ScriptEngine.java:194)
	at com.kms.katalon.core.main.ScriptEngine.runScriptAsRawText(ScriptEngine.java:119)
	at com.kms.katalon.core.main.TestCaseExecutor.runScript(TestCaseExecutor.java:336)
	at com.kms.katalon.core.main.TestCaseExecutor.doExecute(TestCaseExecutor.java:327)
	at com.kms.katalon.core.main.TestCaseExecutor.processExecutionPhase(TestCaseExecutor.java:306)
	at com.kms.katalon.core.main.TestCaseExecutor.accessMainPhase(TestCaseExecutor.java:298)
	at com.kms.katalon.core.main.TestCaseExecutor.execute(TestCaseExecutor.java:232)
	at com.kms.katalon.core.main.TestSuiteExecutor.accessTestCaseMainPhase(TestSuiteExecutor.java:129)
	at com.kms.katalon.core.main.TestSuiteExecutor.accessTestSuiteMainPhase(TestSuiteExecutor.java:112)
	at com.kms.katalon.core.main.TestSuiteExecutor.execute(TestSuiteExecutor.java:81)
	at com.kms.katalon.core.main.TestCaseMain.startTestSuite(TestCaseMain.java:157)
	at com.kms.katalon.core.main.TestCaseMain$startTestSuite$0.call(Unknown Source)
	at TempTestSuite1559824711522.run(TempTestSuite1559824711522.groovy:35)
)]]></system-out>
         <system-err><![CDATA[2019-06-06 18:33:06 - [TEST_CASE][FAILED] - Test Cases/GreenCleaningPolicy/TC_GCP_NegativeCases_option2: Test Cases/GreenCleaningPolicy/TC_GCP_NegativeCases_option2 FAILED.
Reason:
com.kms.katalon.core.exception.StepFailedException: These following reason:
 [Unable to upload file 'H:/Git Projects/Usgbc_LeedOnline_ScoreCard/Usgbc_LeedOnline_ScoreCard/Include/TestData/MultipleFileDiffExt/ZZ.pdf' to object 'Object Repository/GreenCleaningPolicy/Option2_CertifiedCleanService/AddFile_UploadCleaningContract_Option2/input_UploadCleaningContract', Unable to click on object 'Object Repository/LightPollutionReduction/FixtureShielding/Saveform/btn_Save']
	at com.kms.katalon.core.keyword.internal.KeywordMain.stepFailed(KeywordMain.groovy:48)
	at com.kms.katalon.core.keyword.internal.KeywordMain.stepFailed(KeywordMain.groovy)
	at com.kms.katalon.core.keyword.internal.KeywordMain.stepFailed(KeywordMain.groovy:21)
	at com.kms.katalon.core.keyword.internal.KeywordMain$stepFailed$0.call(Unknown Source)
	at com.kms.katalon.core.cucumber.keyword.CucumberBuiltinKeywords$_runWithCucumberRunner_closure3.doCall(CucumberBuiltinKeywords.groovy:272)
	at com.kms.katalon.core.cucumber.keyword.CucumberBuiltinKeywords$_runWithCucumberRunner_closure3.doCall(CucumberBuiltinKeywords.groovy)
	at com.kms.katalon.core.keyword.internal.KeywordMain.runKeyword(KeywordMain.groovy:66)
	at com.kms.katalon.core.keyword.internal.KeywordMain$runKeyword.call(Unknown Source)
	at com.kms.katalon.core.cucumber.keyword.CucumberBuiltinKeywords.runWithCucumberRunner(CucumberBuiltinKeywords.groovy:257)
	at com.kms.katalon.core.cucumber.keyword.CucumberBuiltinKeywords$runWithCucumberRunner$0.callStatic(Unknown Source)
	at com.kms.katalon.core.cucumber.keyword.CucumberBuiltinKeywords.runWithCucumberRunner(CucumberBuiltinKeywords.groovy:357)
	at com.kms.katalon.core.cucumber.keyword.CucumberBuiltinKeywords$runWithCucumberRunner.call(Unknown Source)
	at TC_GCP_NegativeCases_option2.run(TC_GCP_NegativeCases_option2:18)
	at com.kms.katalon.core.main.ScriptEngine.run(ScriptEngine.java:194)
	at com.kms.katalon.core.main.ScriptEngine.runScriptAsRawText(ScriptEngine.java:119)
	at com.kms.katalon.core.main.TestCaseExecutor.runScript(TestCaseExecutor.java:336)
	at com.kms.katalon.core.main.TestCaseExecutor.doExecute(TestCaseExecutor.java:327)
	at com.kms.katalon.core.main.TestCaseExecutor.processExecutionPhase(TestCaseExecutor.java:306)
	at com.kms.katalon.core.main.TestCaseExecutor.accessMainPhase(TestCaseExecutor.java:298)
	at com.kms.katalon.core.main.TestCaseExecutor.execute(TestCaseExecutor.java:232)
	at com.kms.katalon.core.main.TestSuiteExecutor.accessTestCaseMainPhase(TestSuiteExecutor.java:129)
	at com.kms.katalon.core.main.TestSuiteExecutor.accessTestSuiteMainPhase(TestSuiteExecutor.java:112)
	at com.kms.katalon.core.main.TestSuiteExecutor.execute(TestSuiteExecutor.java:81)
	at com.kms.katalon.core.main.TestCaseMain.startTestSuite(TestCaseMain.java:157)
	at com.kms.katalon.core.main.TestCaseMain$startTestSuite$0.call(Unknown Source)
	at TempTestSuite1559824711522.run(TempTestSuite1559824711522.groovy:35)]]></system-err>
      </testcase>
      <testcase name="Test Cases/GreenCleaningPolicy/TC_GCP_AutoSaveAsDraft" classname="Test Cases/GreenCleaningPolicy/TC_GCP_AutoSaveAsDraft" status="PASSED">
         <system-out><![CDATA[2019-06-06 18:34:26 - [TEST_CASE][PASSED] - Test Cases/GreenCleaningPolicy/TC_GCP_AutoSaveAsDraft: Test Cases/GreenCleaningPolicy/TC_GCP_AutoSaveAsDraft

2019-06-06 18:34:26 - [TEST_STEP][PASSED] - runWithCucumberRunner(greenCleaningPolicyForm.Runner_AutoSaveAsDraftGCP): Run with 'greenCleaningPolicyForm.Runner_AutoSaveAsDraftGCP' was passed

2019-06-06 18:34:26 - [TEST_CASE][PASSED] - Test Cases/GreenCleaningPolicy/TC_NavigateToGCP: Test Cases/GreenCleaningPolicy/TC_NavigateToGCP

2019-06-06 18:34:26 - [TEST_STEP][PASSED] - runWithCucumberRunner(greenCleaningPolicyForm.Runner_NavigateToGCP): Run with 'greenCleaningPolicyForm.Runner_NavigateToGCP' was passed

2019-06-06 18:34:27 - [TEST_CASE][PASSED] - Test Cases/Login/TC_Login: Test Cases/Login/TC_Login

2019-06-06 18:34:27 - [TEST_STEP][PASSED] - runWithCucumberRunner(common.Runner_Login): Run with 'common.Runner_Login' was passed

2019-06-06 18:34:27 - [MESSAGE][WARNING] - A browser is already opened. Closing browser and opening a new one

2019-06-06 18:34:28 - [MESSAGE][INFO] - Starting 'Chrome' driver

2019-06-06 18:34:28 - [MESSAGE][INFO] - User set preference: ['args', '[--window-size=1920,1080]']

2019-06-06 18:34:31 - [MESSAGE][PASSED] - Browser is opened with url: ''

2019-06-06 18:34:33 - [MESSAGE][PASSED] - Navigate to 'https://leedonline-stg.usgbc.org' successfully

2019-06-06 18:34:35 - [MESSAGE][PASSED] - Delayed 2 second(s)

2019-06-06 18:34:35 - [MESSAGE][PASSED] - Text 'jaypeejay@hotmail.com' is set on object 'Object Repository/Login/input_username'

2019-06-06 18:34:35 - [MESSAGE][PASSED] - Text 'initpass' is set on object 'Object Repository/Login/input_password'

2019-06-06 18:34:38 - [MESSAGE][PASSED] - Delayed 3 second(s)

2019-06-06 18:34:38 - [MESSAGE][PASSED] - Scroll to object 'Object Repository/Login/span_End User License Agreement' successfully

2019-06-06 18:34:38 - [MESSAGE][PASSED] - Object 'Object Repository/Login/span_End User License Agreement' is visible

2019-06-06 18:34:38 - [MESSAGE][PASSED] - Object 'Object Repository/Login/span_End User License Agreement' is checked

2019-06-06 18:34:39 - [MESSAGE][PASSED] - Delayed 1 second(s)

2019-06-06 18:34:39 - [MESSAGE][PASSED] - Object: 'Object Repository/Login/button_Log In' is clicked on

2019-06-06 18:34:45 - [MESSAGE][PASSED] - Object: '' is clicked on

2019-06-06 18:34:46 - [MESSAGE][PASSED] - Object: 'Object Repository/Login/a_Credits' is clicked on

2019-06-06 18:34:46 - [MESSAGE][PASSED] - Run with 'common.Runner_Login' was passed

2019-06-06 18:34:46 - [MESSAGE][PASSED] - Call Test Case 'Test Cases/Login/TC_Login' successfully

2019-06-06 18:34:46 - [MESSAGE][PASSED] - Scroll to object 'Object Repository/GreenCleaningPolicy/div_Green Cleaning Policy' successfully

2019-06-06 18:34:46 - [MESSAGE][PASSED] - Object 'Object Repository/GreenCleaningPolicy/div_Green Cleaning Policy' is present

2019-06-06 18:34:46 - [MESSAGE][PASSED] - Text of object 'Object Repository/GreenCleaningPolicy/h3_Status' is: 'ATTEMPTED'

2019-06-06 18:34:46 - [MESSAGE][PASSED] - Text of object 'Object Repository/GreenCleaningPolicy/divval' is: 'ATTEMPTED'

2019-06-06 18:34:47 - [MESSAGE][PASSED] - Text of object 'Object Repository/GreenCleaningPolicy/h3_Status' is: 'ATTEMPTED'

2019-06-06 18:34:47 - [MESSAGE][PASSED] - Object: 'Object Repository/GreenCleaningPolicy/div_Green Cleaning Policy' is clicked on

2019-06-06 18:34:50 - [MESSAGE][PASSED] - Object: 'Object Repository/GreenCleaningPolicy/a_Form (V01)' is clicked on

2019-06-06 18:34:50 - [MESSAGE][PASSED] - Object 'Object Repository/GreenCleaningPolicy/div_Green Cleaning Policy_Credit library' is present

2019-06-06 18:34:50 - [MESSAGE][PASSED] - Run with 'greenCleaningPolicyForm.Runner_NavigateToGCP' was passed

2019-06-06 18:34:50 - [MESSAGE][PASSED] - Call Test Case 'Test Cases/GreenCleaningPolicy/TC_NavigateToGCP' successfully

2019-06-06 18:35:00 - [MESSAGE][PASSED] - Delayed 10 second(s)

2019-06-06 18:35:00 - [MESSAGE][PASSED] - Web element with id: 'Object Repository/GreenCleaningPolicy/span_Last draft saved on' located by 'By.xpath: //*[@id="credit-form"]/div[5]/div/span/span' is not present after '2' second(s)

2019-06-06 18:35:00 - [MESSAGE][PASSED] - Object: 'Object Repository/LightPollutionReduction/FixtureShielding/input_Select one of the following_selectedOption' is clicked on

2019-06-06 18:35:10 - [MESSAGE][PASSED] - Delayed 10 second(s)

2019-06-06 18:35:10 - [MESSAGE][PASSED] - Text of object 'Object Repository/LightPollutionReduction/Autosave/span_Last draft saved on' is: 'Last draft saved on: 06 Jun 2019 06:35:08 PM  Clear draft'

2019-06-06 18:35:10 - [MESSAGE][PASSED] - File 'H:/Git Projects/Usgbc_LeedOnline_ScoreCard/Usgbc_LeedOnline_ScoreCard/Include/TestData/MultipleFileDiffExt/ZZ.pdf' sent to object: 'Object Repository/GreenCleaningPolicy/Option1_GreenCleanPlcy/AddFile_UploadGreenCleaningPlcy_Option1/input_UploadGreenCleaningPlcy'

2019-06-06 18:35:10 - [MESSAGE][PASSED] - File 'H:/Git Projects/Usgbc_LeedOnline_ScoreCard/Usgbc_LeedOnline_ScoreCard/Include/TestData/MultipleFileDiffExt/ZZ.pdf' sent to object: 'Object Repository/GreenCleaningPolicy/SpecialCircumstances/AddFile_UploadAddtionalDoc_SC/input_UploadAdditionalDoc_SC'

2019-06-06 18:35:25 - [MESSAGE][PASSED] - Delayed 15 second(s)

2019-06-06 18:35:25 - [MESSAGE][PASSED] - Object 'Object Repository/GreenCleaningPolicy/span_Last draft saved on' is present

2019-06-06 18:35:26 - [MESSAGE][PASSED] - Text of object 'Object Repository/GreenCleaningPolicy/span_Last draft saved on' is: 'Last draft saved on: 06 Jun 2019 06:35:08 PM  Clear draft'

2019-06-06 18:35:26 - [MESSAGE][PASSED] - Actual text 'Last draft saved on: 06 Jun 2019 06:35:08 PM  Clear draft' and expected text 'Last draft saved on: 06 Jun 2019 06:35:08 PM  Clear draft' are matched 

2019-06-06 18:35:26 - [MESSAGE][PASSED] - Object 'Object Repository/GreenCleaningPolicy/CleaningService_EditorBox/p_CleaningService' is present

2019-06-06 18:35:26 - [MESSAGE][PASSED] - Text 'Test Data for Narrative' is set on object 'Object Repository/GreenCleaningPolicy/CleaningService_EditorBox/body_CS_EditorBox'

2019-06-06 18:35:36 - [MESSAGE][PASSED] - Delayed 10 second(s)

2019-06-06 18:35:36 - [MESSAGE][PASSED] - Object 'Object Repository/GreenCleaningPolicy/span_Last draft saved on' is present

2019-06-06 18:35:36 - [MESSAGE][PASSED] - Text of object 'Object Repository/GreenCleaningPolicy/span_Last draft saved on' is: 'Last draft saved on: 06 Jun 2019 06:35:28 PM  Clear draft'

2019-06-06 18:35:36 - [MESSAGE][PASSED] - Actual text 'Last draft saved on: 06 Jun 2019 06:35:08 PM  Clear draft' and expected text 'Last draft saved on: 06 Jun 2019 06:35:28 PM  Clear draft' are not matched 

2019-06-06 18:35:36 - [MESSAGE][PASSED] - Object 'Object Repository/GreenCleaningPolicy/SpecialCircumstances/AddFile_UploadAddtionalDoc_SC/p_Upload any additional documentation that supports' is present

2019-06-06 18:35:37 - [MESSAGE][PASSED] - Text 'Test Data for Narrative' is set on object 'Object Repository/GreenCleaningPolicy/SpecialCircumstances/SC_EditorBox/body_SC_EditorBox'

2019-06-06 18:35:47 - [MESSAGE][PASSED] - Delayed 10 second(s)

2019-06-06 18:35:47 - [MESSAGE][PASSED] - Object 'Object Repository/GreenCleaningPolicy/span_Last draft saved on' is present

2019-06-06 18:35:47 - [MESSAGE][PASSED] - Text of object 'Object Repository/GreenCleaningPolicy/span_Last draft saved on' is: 'Last draft saved on: 06 Jun 2019 06:35:38 PM  Clear draft'

2019-06-06 18:35:47 - [MESSAGE][PASSED] - Actual text 'Last draft saved on: 06 Jun 2019 06:35:38 PM  Clear draft' and expected text 'Last draft saved on: 06 Jun 2019 06:35:28 PM  Clear draft' are not matched 

2019-06-06 18:35:47 - [MESSAGE][PASSED] - Run with 'greenCleaningPolicyForm.Runner_AutoSaveAsDraftGCP' was passed]]></system-out>
         <system-err><![CDATA[]]></system-err>
      </testcase>
      <system-out><![CDATA[2019-06-06 18:08:39 - [TEST_SUITE][FAILED] - GCP_SmokeTest: Test Cases/GreenCleaningPolicy/TC_GCP_In-house FAILED.
Reason:
com.kms.katalon.core.exception.StepFailedException: These following reason:
 [no such element: Unable to locate element: {"method":"xpath","selector":"//*[@id="greenCleaningPolicyDocs_files"]/table[@class="ui collapsing celled table unstackable"]/tbody"}
  (Session info: chrome=74.0.3729.169)
  (Driver info: chromedriver=74.0.3729.6 (255758eccf3d244491b8a1317aa76e1ce10d57e9-refs/branch-heads/3729@{#29}),platform=Windows NT 10.0.17134 x86_64) (WARNING: The server did not provide any stacktrace information)
Command duration or timeout: 0 milliseconds
For documentation on this error, please visit: http://seleniumhq.org/exceptions/no_such_element.html
Build info: version: '3.7.1', revision: '8a0099a', time: '2017-11-06T21:07:36.161Z'
System info: host: 'G10PROLT025', ip: '192.168.232.1', os.name: 'Windows 10', os.arch: 'amd64', os.version: '10.0', java.version: '1.8.0_181'
Driver info: com.kms.katalon.selenium.driver.CChromeDriver
Capabilities {acceptInsecureCerts: false, acceptSslCerts: false, applicationCacheEnabled: false, browserConnectionEnabled: false, browserName: chrome, chrome: {chromedriverVersion: 74.0.3729.6 (255758eccf3d24..., userDataDir: C:\Users\PROMAN~1\AppData\L...}, cssSelectorsEnabled: true, databaseEnabled: false, goog:chromeOptions: {debuggerAddress: localhost:55516}, handlesAlerts: true, hasTouchScreen: false, javascriptEnabled: true, locationContextEnabled: true, mobileEmulationEnabled: false, nativeEvents: true, networkConnectionEnabled: false, pageLoadStrategy: normal, platform: XP, platformName: XP, proxy: Proxy(direct), rotatable: false, setWindowRect: true, strictFileInteractability: false, takesHeapSnapshot: true, takesScreenshot: true, timeouts: {implicit: 0, pageLoad: 300000, script: 30000}, unexpectedAlertBehaviour: ignore, unhandledPromptBehavior: ignore, version: 74.0.3729.169, webStorageEnabled: true}
Session ID: 95ba9aa4fda9b62a5c9585877c2ea18b
*** Element info: {Using=xpath, value=//*[@id="greenCleaningPolicyDocs_files"]/table[@class="ui collapsing celled table unstackable"]/tbody}]
	at com.kms.katalon.core.keyword.internal.KeywordMain.stepFailed(KeywordMain.groovy:48)
	at com.kms.katalon.core.keyword.internal.KeywordMain.stepFailed(KeywordMain.groovy)
	at com.kms.katalon.core.keyword.internal.KeywordMain.stepFailed(KeywordMain.groovy:21)
	at com.kms.katalon.core.keyword.internal.KeywordMain$stepFailed$0.call(Unknown Source)
	at com.kms.katalon.core.cucumber.keyword.CucumberBuiltinKeywords$_runWithCucumberRunner_closure3.doCall(CucumberBuiltinKeywords.groovy:272)
	at com.kms.katalon.core.cucumber.keyword.CucumberBuiltinKeywords$_runWithCucumberRunner_closure3.doCall(CucumberBuiltinKeywords.groovy)
	at com.kms.katalon.core.keyword.internal.KeywordMain.runKeyword(KeywordMain.groovy:66)
	at com.kms.katalon.core.keyword.internal.KeywordMain$runKeyword.call(Unknown Source)
	at com.kms.katalon.core.cucumber.keyword.CucumberBuiltinKeywords.runWithCucumberRunner(CucumberBuiltinKeywords.groovy:257)
	at com.kms.katalon.core.cucumber.keyword.CucumberBuiltinKeywords$runWithCucumberRunner$0.callStatic(Unknown Source)
	at com.kms.katalon.core.cucumber.keyword.CucumberBuiltinKeywords.runWithCucumberRunner(CucumberBuiltinKeywords.groovy:357)
	at com.kms.katalon.core.cucumber.keyword.CucumberBuiltinKeywords$runWithCucumberRunner.call(Unknown Source)
	at TC_GCP_In-house.run(TC_GCP_In-house:18)
	at com.kms.katalon.core.main.ScriptEngine.run(ScriptEngine.java:194)
	at com.kms.katalon.core.main.ScriptEngine.runScriptAsRawText(ScriptEngine.java:119)
	at com.kms.katalon.core.main.TestCaseExecutor.runScript(TestCaseExecutor.java:336)
	at com.kms.katalon.core.main.TestCaseExecutor.doExecute(TestCaseExecutor.java:327)
	at com.kms.katalon.core.main.TestCaseExecutor.processExecutionPhase(TestCaseExecutor.java:306)
	at com.kms.katalon.core.main.TestCaseExecutor.accessMainPhase(TestCaseExecutor.java:298)
	at com.kms.katalon.core.main.TestCaseExecutor.execute(TestCaseExecutor.java:232)
	at com.kms.katalon.core.main.TestSuiteExecutor.accessTestCaseMainPhase(TestSuiteExecutor.java:129)
	at com.kms.katalon.core.main.TestSuiteExecutor.accessTestSuiteMainPhase(TestSuiteExecutor.java:112)
	at com.kms.katalon.core.main.TestSuiteExecutor.execute(TestSuiteExecutor.java:81)
	at com.kms.katalon.core.main.TestCaseMain.startTestSuite(TestCaseMain.java:157)
	at com.kms.katalon.core.main.TestCaseMain$startTestSuite$0.call(Unknown Source)
	at TempTestSuite1559824711522.run(TempTestSuite1559824711522.groovy:35)]]></system-out>
      <system-err><![CDATA[2019-06-06 18:08:39 - [TEST_SUITE][FAILED] - GCP_SmokeTest: Test Cases/GreenCleaningPolicy/TC_GCP_In-house FAILED.
Reason:
com.kms.katalon.core.exception.StepFailedException: These following reason:
 [no such element: Unable to locate element: {"method":"xpath","selector":"//*[@id="greenCleaningPolicyDocs_files"]/table[@class="ui collapsing celled table unstackable"]/tbody"}
  (Session info: chrome=74.0.3729.169)
  (Driver info: chromedriver=74.0.3729.6 (255758eccf3d244491b8a1317aa76e1ce10d57e9-refs/branch-heads/3729@{#29}),platform=Windows NT 10.0.17134 x86_64) (WARNING: The server did not provide any stacktrace information)
Command duration or timeout: 0 milliseconds
For documentation on this error, please visit: http://seleniumhq.org/exceptions/no_such_element.html
Build info: version: '3.7.1', revision: '8a0099a', time: '2017-11-06T21:07:36.161Z'
System info: host: 'G10PROLT025', ip: '192.168.232.1', os.name: 'Windows 10', os.arch: 'amd64', os.version: '10.0', java.version: '1.8.0_181'
Driver info: com.kms.katalon.selenium.driver.CChromeDriver
Capabilities {acceptInsecureCerts: false, acceptSslCerts: false, applicationCacheEnabled: false, browserConnectionEnabled: false, browserName: chrome, chrome: {chromedriverVersion: 74.0.3729.6 (255758eccf3d24..., userDataDir: C:\Users\PROMAN~1\AppData\L...}, cssSelectorsEnabled: true, databaseEnabled: false, goog:chromeOptions: {debuggerAddress: localhost:55516}, handlesAlerts: true, hasTouchScreen: false, javascriptEnabled: true, locationContextEnabled: true, mobileEmulationEnabled: false, nativeEvents: true, networkConnectionEnabled: false, pageLoadStrategy: normal, platform: XP, platformName: XP, proxy: Proxy(direct), rotatable: false, setWindowRect: true, strictFileInteractability: false, takesHeapSnapshot: true, takesScreenshot: true, timeouts: {implicit: 0, pageLoad: 300000, script: 30000}, unexpectedAlertBehaviour: ignore, unhandledPromptBehavior: ignore, version: 74.0.3729.169, webStorageEnabled: true}
Session ID: 95ba9aa4fda9b62a5c9585877c2ea18b
*** Element info: {Using=xpath, value=//*[@id="greenCleaningPolicyDocs_files"]/table[@class="ui collapsing celled table unstackable"]/tbody}]
	at com.kms.katalon.core.keyword.internal.KeywordMain.stepFailed(KeywordMain.groovy:48)
	at com.kms.katalon.core.keyword.internal.KeywordMain.stepFailed(KeywordMain.groovy)
	at com.kms.katalon.core.keyword.internal.KeywordMain.stepFailed(KeywordMain.groovy:21)
	at com.kms.katalon.core.keyword.internal.KeywordMain$stepFailed$0.call(Unknown Source)
	at com.kms.katalon.core.cucumber.keyword.CucumberBuiltinKeywords$_runWithCucumberRunner_closure3.doCall(CucumberBuiltinKeywords.groovy:272)
	at com.kms.katalon.core.cucumber.keyword.CucumberBuiltinKeywords$_runWithCucumberRunner_closure3.doCall(CucumberBuiltinKeywords.groovy)
	at com.kms.katalon.core.keyword.internal.KeywordMain.runKeyword(KeywordMain.groovy:66)
	at com.kms.katalon.core.keyword.internal.KeywordMain$runKeyword.call(Unknown Source)
	at com.kms.katalon.core.cucumber.keyword.CucumberBuiltinKeywords.runWithCucumberRunner(CucumberBuiltinKeywords.groovy:257)
	at com.kms.katalon.core.cucumber.keyword.CucumberBuiltinKeywords$runWithCucumberRunner$0.callStatic(Unknown Source)
	at com.kms.katalon.core.cucumber.keyword.CucumberBuiltinKeywords.runWithCucumberRunner(CucumberBuiltinKeywords.groovy:357)
	at com.kms.katalon.core.cucumber.keyword.CucumberBuiltinKeywords$runWithCucumberRunner.call(Unknown Source)
	at TC_GCP_In-house.run(TC_GCP_In-house:18)
	at com.kms.katalon.core.main.ScriptEngine.run(ScriptEngine.java:194)
	at com.kms.katalon.core.main.ScriptEngine.runScriptAsRawText(ScriptEngine.java:119)
	at com.kms.katalon.core.main.TestCaseExecutor.runScript(TestCaseExecutor.java:336)
	at com.kms.katalon.core.main.TestCaseExecutor.doExecute(TestCaseExecutor.java:327)
	at com.kms.katalon.core.main.TestCaseExecutor.processExecutionPhase(TestCaseExecutor.java:306)
	at com.kms.katalon.core.main.TestCaseExecutor.accessMainPhase(TestCaseExecutor.java:298)
	at com.kms.katalon.core.main.TestCaseExecutor.execute(TestCaseExecutor.java:232)
	at com.kms.katalon.core.main.TestSuiteExecutor.accessTestCaseMainPhase(TestSuiteExecutor.java:129)
	at com.kms.katalon.core.main.TestSuiteExecutor.accessTestSuiteMainPhase(TestSuiteExecutor.java:112)
	at com.kms.katalon.core.main.TestSuiteExecutor.execute(TestSuiteExecutor.java:81)
	at com.kms.katalon.core.main.TestCaseMain.startTestSuite(TestCaseMain.java:157)
	at com.kms.katalon.core.main.TestCaseMain$startTestSuite$0.call(Unknown Source)
	at TempTestSuite1559824711522.run(TempTestSuite1559824711522.groovy:35)]]></system-err>
   </testsuite>
</testsuites>
